    PEMS07
Trainset:	x-(16921, 12, 883, 1)	y-(16921, 12, 883, 1)
Valset:  	x-(5640, 12, 883, 1)  	y-(5640, 12, 883, 1)
Testset:	x-(5640, 12, 883, 1)	y-(5640, 12, 883, 1)

--------- STGCN ---------
{
    "num_nodes": 883,
    "in_steps": 12,
    "out_steps": 12,
    "lr": 0.001,
    "weight_decay": 0.0001,
    "milestones": [
        30,
        50
    ],
    "clip_grad": 5,
    "batch_size": 64,
    "max_epochs": 200,
    "early_stop": 20,
    "model_args": {
        "n_vertex": 883,
        "adj_path": "../data/PEMS07/adj_PEMS07.pkl",
        "Kt": 3,
        "Ks": 3,
        "blocks": [
            [
                1
            ],
            [
                64,
                16,
                64
            ],
            [
                64,
                16,
                64
            ],
            [
                128,
                128
            ],
            [
                12
            ]
        ],
        "T": 12,
        "act_func": "glu",
        "graph_conv_type": "cheb_graph_conv",
        "bias": true,
        "droprate": 0.5
    }
}
==========================================================================================
Layer (type:depth-idx)                   Output Shape              Param #
==========================================================================================
STGCN                                    [64, 12, 883, 1]          --
├─Sequential: 1-1                        [64, 64, 4, 883]          --
│    └─STConvBlock: 2-1                  [64, 64, 8, 883]          --
│    │    └─TemporalConvLayer: 3-1       [64, 64, 10, 883]         640
│    │    └─GraphConvLayer: 3-2          [64, 16, 10, 883]         1,824
│    │    └─ReLU: 3-3                    [64, 16, 10, 883]         --
│    │    └─TemporalConvLayer: 3-4       [64, 64, 8, 883]          7,360
│    │    └─LayerNorm: 3-5               [64, 8, 883, 64]          113,024
│    │    └─Dropout: 3-6                 [64, 64, 8, 883]          --
│    └─STConvBlock: 2-2                  [64, 64, 4, 883]          --
│    │    └─TemporalConvLayer: 3-7       [64, 64, 6, 883]          28,864
│    │    └─GraphConvLayer: 3-8          [64, 16, 6, 883]          1,824
│    │    └─ReLU: 3-9                    [64, 16, 6, 883]          --
│    │    └─TemporalConvLayer: 3-10      [64, 64, 4, 883]          7,360
│    │    └─LayerNorm: 3-11              [64, 4, 883, 64]          113,024
│    │    └─Dropout: 3-12                [64, 64, 4, 883]          --
├─OutputBlock: 1-2                       [64, 12, 1, 883]          --
│    └─TemporalConvLayer: 2-3            [64, 128, 1, 883]         --
│    │    └─Align: 3-13                  [64, 128, 4, 883]         8,320
│    │    └─CausalConv2d: 3-14           [64, 256, 1, 883]         65,792
│    │    └─Sigmoid: 3-15                [64, 128, 1, 883]         --
│    └─LayerNorm: 2-4                    [64, 1, 883, 128]         226,048
│    └─Linear: 2-5                       [64, 1, 883, 128]         16,512
│    └─ReLU: 2-6                         [64, 1, 883, 128]         --
│    └─Linear: 2-7                       [64, 1, 883, 12]          1,548
==========================================================================================
Total params: 592,140
Trainable params: 592,140
Non-trainable params: 0
Total mult-adds (G): 19.03
==========================================================================================
Input size (MB): 2.71
Forward/backward pass size (MB): 2435.89
Params size (MB): 2.31
Estimated Total Size (MB): 2440.92
==========================================================================================

Loss: HuberLoss

2023-09-24 10:43:49.503786 Epoch 1  	Train Loss = 40.08544 Val Loss = 29.63991
2023-09-24 10:46:15.526323 Epoch 2  	Train Loss = 30.95412 Val Loss = 29.48898
2023-09-24 10:48:36.845651 Epoch 3  	Train Loss = 29.51713 Val Loss = 29.53976
2023-09-24 10:51:01.189592 Epoch 4  	Train Loss = 28.34701 Val Loss = 26.48541
2023-09-24 10:53:22.102388 Epoch 5  	Train Loss = 27.72509 Val Loss = 27.70688
2023-09-24 10:55:45.548075 Epoch 6  	Train Loss = 27.47284 Val Loss = 25.55561
2023-09-24 10:58:07.711211 Epoch 7  	Train Loss = 26.70656 Val Loss = 28.31131
2023-09-24 11:00:29.734177 Epoch 8  	Train Loss = 26.46105 Val Loss = 25.40942
2023-09-24 11:02:52.178873 Epoch 9  	Train Loss = 25.52214 Val Loss = 25.83733
2023-09-24 11:05:11.728589 Epoch 10  	Train Loss = 25.09775 Val Loss = 26.41337
2023-09-24 11:07:29.909825 Epoch 11  	Train Loss = 24.88710 Val Loss = 25.70276
2023-09-24 11:09:34.928894 Epoch 12  	Train Loss = 24.33974 Val Loss = 26.18303
2023-09-24 11:11:39.824818 Epoch 13  	Train Loss = 24.19916 Val Loss = 24.56234
2023-09-24 11:13:44.368113 Epoch 14  	Train Loss = 23.80576 Val Loss = 23.68739
2023-09-24 11:15:49.380763 Epoch 15  	Train Loss = 23.66043 Val Loss = 24.57165
2023-09-24 11:17:54.253385 Epoch 16  	Train Loss = 23.54892 Val Loss = 24.99929
2023-09-24 11:19:59.564722 Epoch 17  	Train Loss = 23.42923 Val Loss = 24.01648
2023-09-24 11:22:03.801219 Epoch 18  	Train Loss = 23.46147 Val Loss = 24.04437
2023-09-24 11:24:09.762829 Epoch 19  	Train Loss = 23.11605 Val Loss = 24.02567
2023-09-24 11:26:15.394817 Epoch 20  	Train Loss = 22.96967 Val Loss = 23.58645
2023-09-24 11:28:20.029484 Epoch 21  	Train Loss = 22.69398 Val Loss = 24.43098
2023-09-24 11:30:24.735487 Epoch 22  	Train Loss = 22.75268 Val Loss = 23.04433
2023-09-24 11:32:28.757227 Epoch 23  	Train Loss = 22.49751 Val Loss = 23.73603
2023-09-24 11:34:33.086275 Epoch 24  	Train Loss = 22.45033 Val Loss = 23.00678
2023-09-24 11:36:38.356766 Epoch 25  	Train Loss = 22.46405 Val Loss = 23.78755
2023-09-24 11:38:43.434337 Epoch 26  	Train Loss = 22.25758 Val Loss = 23.03730
2023-09-24 11:40:50.106326 Epoch 27  	Train Loss = 22.18552 Val Loss = 22.40732
2023-09-24 11:42:57.104310 Epoch 28  	Train Loss = 22.25626 Val Loss = 23.04174
2023-09-24 11:45:02.157767 Epoch 29  	Train Loss = 22.04932 Val Loss = 22.80330
2023-09-24 11:47:08.465199 Epoch 30  	Train Loss = 21.99170 Val Loss = 22.61131
2023-09-24 11:49:14.586401 Epoch 31  	Train Loss = 21.34612 Val Loss = 22.23973
2023-09-24 11:51:20.173644 Epoch 32  	Train Loss = 21.26582 Val Loss = 22.36986
2023-09-24 11:53:27.411559 Epoch 33  	Train Loss = 21.22041 Val Loss = 22.37347
