PEMS04
Trainset:	x-(10181, 12, 307, 2)	y-(10181, 12, 307, 1)
Valset:  	x-(3394, 12, 307, 2)  	y-(3394, 12, 307, 1)
Testset:	x-(3394, 12, 307, 2)	y-(3394, 12, 307, 1)

--------- DCRNN ---------
{
    "num_nodes": 307,
    "in_steps": 12,
    "out_steps": 12,
    "time_of_day": true,
    "runner": "dcrnn",
    "lr": 0.003,
    "eps": 0.001,
    "milestones": [
        80
    ],
    "lr_decay_rate": 0.3,
    "clip_grad": 5,
    "batch_size": 64,
    "max_epochs": 200,
    "early_stop": 20,
    "pass_device": true,
    "model_args": {
        "num_nodes": 307,
        "adj_path": "../data/PEMS04/adj_PEMS04.pkl",
        "input_dim": 2,
        "output_dim": 1,
        "seq_len": 12,
        "horizon": 12,
        "rnn_units": 64,
        "num_rnn_layers": 2,
        "max_diffusion_step": 2,
        "filter_type": "dual_random_walk",
        "tf_decay_steps": 2000,
        "use_teacher_forcing": true,
        "device": "cuda:0"
    }
}
==========================================================================================
Layer (type:depth-idx)                   Output Shape              Param #
==========================================================================================
DCRNN                                    [64, 12, 307, 1]          --
├─EncoderModel: 1-1                      [64, 19648]               --
│    └─ModuleList: 2-12                  --                        (recursive)
│    │    └─DCGRUCell: 3-1               [64, 19648]               --
│    │    └─DCGRUCell: 3-2               [64, 19648]               --
├─EncoderModel: 1-2                      [64, 19648]               (recursive)
│    └─ModuleList: 2-12                  --                        (recursive)
│    │    └─DCGRUCell: 3-3               [64, 19648]               (recursive)
│    │    └─DCGRUCell: 3-4               [64, 19648]               (recursive)
├─EncoderModel: 1-3                      [64, 19648]               (recursive)
│    └─ModuleList: 2-12                  --                        (recursive)
│    │    └─DCGRUCell: 3-5               [64, 19648]               (recursive)
│    │    └─DCGRUCell: 3-6               [64, 19648]               (recursive)
├─EncoderModel: 1-4                      [64, 19648]               (recursive)
│    └─ModuleList: 2-12                  --                        (recursive)
│    │    └─DCGRUCell: 3-7               [64, 19648]               (recursive)
│    │    └─DCGRUCell: 3-8               [64, 19648]               (recursive)
├─EncoderModel: 1-5                      [64, 19648]               (recursive)
│    └─ModuleList: 2-12                  --                        (recursive)
│    │    └─DCGRUCell: 3-9               [64, 19648]               (recursive)
│    │    └─DCGRUCell: 3-10              [64, 19648]               (recursive)
├─EncoderModel: 1-6                      [64, 19648]               (recursive)
│    └─ModuleList: 2-12                  --                        (recursive)
│    │    └─DCGRUCell: 3-11              [64, 19648]               (recursive)
│    │    └─DCGRUCell: 3-12              [64, 19648]               (recursive)
├─EncoderModel: 1-7                      [64, 19648]               (recursive)
│    └─ModuleList: 2-12                  --                        (recursive)
│    │    └─DCGRUCell: 3-13              [64, 19648]               (recursive)
│    │    └─DCGRUCell: 3-14              [64, 19648]               (recursive)
├─EncoderModel: 1-8                      [64, 19648]               (recursive)
│    └─ModuleList: 2-12                  --                        (recursive)
│    │    └─DCGRUCell: 3-15              [64, 19648]               (recursive)
│    │    └─DCGRUCell: 3-16              [64, 19648]               (recursive)
├─EncoderModel: 1-9                      [64, 19648]               (recursive)
│    └─ModuleList: 2-12                  --                        (recursive)
│    │    └─DCGRUCell: 3-17              [64, 19648]               (recursive)
│    │    └─DCGRUCell: 3-18              [64, 19648]               (recursive)
├─EncoderModel: 1-10                     [64, 19648]               (recursive)
│    └─ModuleList: 2-12                  --                        (recursive)
│    │    └─DCGRUCell: 3-19              [64, 19648]               (recursive)
│    │    └─DCGRUCell: 3-20              [64, 19648]               (recursive)
├─EncoderModel: 1-11                     [64, 19648]               (recursive)
│    └─ModuleList: 2-12                  --                        (recursive)
│    │    └─DCGRUCell: 3-21              [64, 19648]               (recursive)
│    │    └─DCGRUCell: 3-22              [64, 19648]               (recursive)
├─EncoderModel: 1-12                     [64, 19648]               (recursive)
│    └─ModuleList: 2-12                  --                        (recursive)
│    │    └─DCGRUCell: 3-23              [64, 19648]               (recursive)
│    │    └─DCGRUCell: 3-24              [64, 19648]               (recursive)
├─DecoderModel: 1-13                     [64, 307]                 --
│    └─ModuleList: 2-35                  --                        (recursive)
│    │    └─DCGRUCell: 3-25              [64, 19648]               --
│    │    └─DCGRUCell: 3-26              [64, 19648]               --
│    └─Linear: 2-14                      [19648, 1]                65
├─DecoderModel: 1-14                     [64, 307]                 (recursive)
│    └─ModuleList: 2-35                  --                        (recursive)
│    │    └─DCGRUCell: 3-27              [64, 19648]               (recursive)
│    │    └─DCGRUCell: 3-28              [64, 19648]               (recursive)
│    └─Linear: 2-16                      [19648, 1]                (recursive)
├─DecoderModel: 1-15                     [64, 307]                 (recursive)
│    └─ModuleList: 2-35                  --                        (recursive)
│    │    └─DCGRUCell: 3-29              [64, 19648]               (recursive)
│    │    └─DCGRUCell: 3-30              [64, 19648]               (recursive)
│    └─Linear: 2-18                      [19648, 1]                (recursive)
├─DecoderModel: 1-16                     [64, 307]                 (recursive)
│    └─ModuleList: 2-35                  --                        (recursive)
│    │    └─DCGRUCell: 3-31              [64, 19648]               (recursive)
│    │    └─DCGRUCell: 3-32              [64, 19648]               (recursive)
│    └─Linear: 2-20                      [19648, 1]                (recursive)
├─DecoderModel: 1-17                     [64, 307]                 (recursive)
│    └─ModuleList: 2-35                  --                        (recursive)
│    │    └─DCGRUCell: 3-33              [64, 19648]               (recursive)
│    │    └─DCGRUCell: 3-34              [64, 19648]               (recursive)
│    └─Linear: 2-22                      [19648, 1]                (recursive)
├─DecoderModel: 1-18                     [64, 307]                 (recursive)
│    └─ModuleList: 2-35                  --                        (recursive)
│    │    └─DCGRUCell: 3-35              [64, 19648]               (recursive)
│    │    └─DCGRUCell: 3-36              [64, 19648]               (recursive)
│    └─Linear: 2-24                      [19648, 1]                (recursive)
├─DecoderModel: 1-19                     [64, 307]                 (recursive)
│    └─ModuleList: 2-35                  --                        (recursive)
│    │    └─DCGRUCell: 3-37              [64, 19648]               (recursive)
│    │    └─DCGRUCell: 3-38              [64, 19648]               (recursive)
│    └─Linear: 2-26                      [19648, 1]                (recursive)
├─DecoderModel: 1-20                     [64, 307]                 (recursive)
│    └─ModuleList: 2-35                  --                        (recursive)
│    │    └─DCGRUCell: 3-39              [64, 19648]               (recursive)
│    │    └─DCGRUCell: 3-40              [64, 19648]               (recursive)
│    └─Linear: 2-28                      [19648, 1]                (recursive)
├─DecoderModel: 1-21                     [64, 307]                 (recursive)
│    └─ModuleList: 2-35                  --                        (recursive)
│    │    └─DCGRUCell: 3-41              [64, 19648]               (recursive)
│    │    └─DCGRUCell: 3-42              [64, 19648]               (recursive)
│    └─Linear: 2-30                      [19648, 1]                (recursive)
├─DecoderModel: 1-22                     [64, 307]                 (recursive)
│    └─ModuleList: 2-35                  --                        (recursive)
│    │    └─DCGRUCell: 3-43              [64, 19648]               (recursive)
│    │    └─DCGRUCell: 3-44              [64, 19648]               (recursive)
│    └─Linear: 2-32                      [19648, 1]                (recursive)
├─DecoderModel: 1-23                     [64, 307]                 (recursive)
│    └─ModuleList: 2-35                  --                        (recursive)
│    │    └─DCGRUCell: 3-45              [64, 19648]               (recursive)
│    │    └─DCGRUCell: 3-46              [64, 19648]               (recursive)
│    └─Linear: 2-34                      [19648, 1]                (recursive)
├─DecoderModel: 1-24                     [64, 307]                 (recursive)
│    └─ModuleList: 2-35                  --                        (recursive)
│    │    └─DCGRUCell: 3-47              [64, 19648]               (recursive)
│    │    └─DCGRUCell: 3-48              [64, 19648]               (recursive)
│    └─Linear: 2-36                      [19648, 1]                (recursive)
==========================================================================================
Total params: 65
Trainable params: 65
Non-trainable params: 0
Total mult-adds (T): 5.62
==========================================================================================
Input size (MB): 1.89
Forward/backward pass size (MB): 444.52
Params size (MB): 0.00
Estimated Total Size (MB): 446.40
==========================================================================================

Loss: HuberLoss

2024-03-21 09:40:27.474212 Epoch 1  	Train Loss = 23.92442 Val Loss = 28.46436
2024-03-21 09:42:06.424437 Epoch 2  	Train Loss = 18.86348 Val Loss = 34.48030
2024-03-21 09:43:45.124656 Epoch 3  	Train Loss = 18.02069 Val Loss = 27.02286
2024-03-21 09:45:23.631496 Epoch 4  	Train Loss = 17.52950 Val Loss = 33.12273
2024-03-21 09:47:01.727949 Epoch 5  	Train Loss = 17.83129 Val Loss = 26.77966
2024-03-21 09:48:41.107124 Epoch 6  	Train Loss = 17.41656 Val Loss = 25.55174
2024-03-21 09:50:18.826500 Epoch 7  	Train Loss = 17.51575 Val Loss = 28.26531
2024-03-21 09:51:55.944222 Epoch 8  	Train Loss = 17.25285 Val Loss = 26.85512
2024-03-21 09:53:32.616044 Epoch 9  	Train Loss = 17.33675 Val Loss = 29.71607
2024-03-21 09:55:10.620050 Epoch 10  	Train Loss = 17.49779 Val Loss = 25.53432
2024-03-21 09:56:48.879243 Epoch 11  	Train Loss = 17.15209 Val Loss = 31.11409
2024-03-21 09:58:26.562180 Epoch 12  	Train Loss = 17.16995 Val Loss = 24.82165
2024-03-21 10:00:06.557025 Epoch 13  	Train Loss = 17.19659 Val Loss = 27.22589
2024-03-21 10:01:42.828469 Epoch 14  	Train Loss = 17.18912 Val Loss = 26.07659
2024-03-21 10:03:20.561812 Epoch 15  	Train Loss = 17.08021 Val Loss = 25.42219
2024-03-21 10:04:57.231357 Epoch 16  	Train Loss = 17.06104 Val Loss = 25.14824
2024-03-21 10:06:34.668624 Epoch 17  	Train Loss = 17.01731 Val Loss = 25.99318
2024-03-21 10:08:11.188518 Epoch 18  	Train Loss = 17.13138 Val Loss = 27.69647
2024-03-21 10:09:49.354672 Epoch 19  	Train Loss = 16.96782 Val Loss = 25.42116
2024-03-21 10:11:26.425353 Epoch 20  	Train Loss = 16.87173 Val Loss = 24.02970
2024-03-21 10:13:02.370652 Epoch 21  	Train Loss = 16.83707 Val Loss = 24.69653
2024-03-21 10:14:40.239033 Epoch 22  	Train Loss = 16.76983 Val Loss = 24.97874
2024-03-21 10:16:18.157388 Epoch 23  	Train Loss = 16.86237 Val Loss = 23.76905
2024-03-21 10:17:55.570705 Epoch 24  	Train Loss = 16.72579 Val Loss = 23.50182
2024-03-21 10:19:33.052778 Epoch 25  	Train Loss = 16.69322 Val Loss = 24.28018
2024-03-21 10:21:10.914642 Epoch 26  	Train Loss = 16.56745 Val Loss = 26.46694
2024-03-21 10:22:48.229299 Epoch 27  	Train Loss = 16.57900 Val Loss = 23.63542
2024-03-21 10:24:26.137368 Epoch 28  	Train Loss = 16.48468 Val Loss = 22.51523
2024-03-21 10:26:03.750923 Epoch 29  	Train Loss = 16.38845 Val Loss = 22.22599
2024-03-21 10:27:41.152358 Epoch 30  	Train Loss = 16.44346 Val Loss = 22.11878
2024-03-21 10:29:18.324297 Epoch 31  	Train Loss = 16.49502 Val Loss = 23.51652
2024-03-21 10:30:56.070214 Epoch 32  	Train Loss = 16.34259 Val Loss = 21.87110
2024-03-21 10:32:31.785681 Epoch 33  	Train Loss = 16.32979 Val Loss = 26.82617
2024-03-21 10:34:08.423774 Epoch 34  	Train Loss = 16.24996 Val Loss = 26.36491
2024-03-21 10:35:45.946387 Epoch 35  	Train Loss = 16.28436 Val Loss = 21.92884
2024-03-21 10:37:22.389595 Epoch 36  	Train Loss = 16.20026 Val Loss = 21.53662
2024-03-21 10:38:59.770521 Epoch 37  	Train Loss = 16.22423 Val Loss = 23.55510
2024-03-21 10:40:37.625790 Epoch 38  	Train Loss = 16.18697 Val Loss = 22.97624
2024-03-21 10:42:15.424797 Epoch 39  	Train Loss = 16.10955 Val Loss = 22.02782
2024-03-21 10:43:53.131235 Epoch 40  	Train Loss = 16.22754 Val Loss = 21.62264
2024-03-21 10:45:30.432081 Epoch 41  	Train Loss = 16.07655 Val Loss = 22.86661
2024-03-21 10:47:07.837899 Epoch 42  	Train Loss = 16.06475 Val Loss = 22.47213
2024-03-21 10:48:45.489792 Epoch 43  	Train Loss = 16.04873 Val Loss = 21.66723
2024-03-21 10:50:22.789096 Epoch 44  	Train Loss = 16.00091 Val Loss = 21.91167
2024-03-21 10:51:58.588878 Epoch 45  	Train Loss = 15.95657 Val Loss = 21.32584
2024-03-21 10:53:36.304854 Epoch 46  	Train Loss = 15.90694 Val Loss = 22.20452
2024-03-21 10:55:12.743508 Epoch 47  	Train Loss = 15.84778 Val Loss = 21.08059
2024-03-21 10:56:49.238647 Epoch 48  	Train Loss = 15.95845 Val Loss = 22.08068
2024-03-21 10:58:25.403815 Epoch 49  	Train Loss = 15.89348 Val Loss = 21.34207
2024-03-21 11:00:02.203933 Epoch 50  	Train Loss = 15.81214 Val Loss = 20.58234
2024-03-21 11:01:38.852202 Epoch 51  	Train Loss = 15.77251 Val Loss = 20.73883
2024-03-21 11:03:15.212200 Epoch 52  	Train Loss = 15.86786 Val Loss = 20.57717
2024-03-21 11:04:52.157409 Epoch 53  	Train Loss = 15.85067 Val Loss = 21.25769
2024-03-21 11:06:29.502846 Epoch 54  	Train Loss = 15.77318 Val Loss = 20.30517
2024-03-21 11:08:07.788520 Epoch 55  	Train Loss = 15.90653 Val Loss = 21.41966
2024-03-21 11:09:46.580560 Epoch 56  	Train Loss = 15.78547 Val Loss = 21.55880
2024-03-21 11:11:24.084882 Epoch 57  	Train Loss = 15.75698 Val Loss = 20.13141
2024-03-21 11:13:02.650635 Epoch 58  	Train Loss = 15.73573 Val Loss = 20.60163
2024-03-21 11:14:40.050083 Epoch 59  	Train Loss = 15.82456 Val Loss = 22.97548
2024-03-21 11:16:17.285236 Epoch 60  	Train Loss = 15.72528 Val Loss = 20.44755
2024-03-21 11:17:55.388348 Epoch 61  	Train Loss = 15.66126 Val Loss = 20.48061
2024-03-21 11:19:33.471717 Epoch 62  	Train Loss = 15.68381 Val Loss = 20.71592
2024-03-21 11:21:10.468015 Epoch 63  	Train Loss = 15.76545 Val Loss = 21.08261
2024-03-21 11:22:46.642564 Epoch 64  	Train Loss = 15.64451 Val Loss = 20.94912
2024-03-21 11:24:22.989019 Epoch 65  	Train Loss = 15.65731 Val Loss = 20.93294
2024-03-21 11:26:02.056416 Epoch 66  	Train Loss = 15.61158 Val Loss = 20.35343
2024-03-21 11:27:40.865479 Epoch 67  	Train Loss = 15.66122 Val Loss = 20.31537
2024-03-21 11:29:19.500220 Epoch 68  	Train Loss = 15.64839 Val Loss = 21.19323
2024-03-21 11:30:57.774498 Epoch 69  	Train Loss = 15.63849 Val Loss = 20.65354
2024-03-21 11:32:35.530588 Epoch 70  	Train Loss = 15.60174 Val Loss = 20.68190
2024-03-21 11:34:12.938815 Epoch 71  	Train Loss = 15.63334 Val Loss = 20.75071
2024-03-21 11:35:51.404173 Epoch 72  	Train Loss = 15.62029 Val Loss = 21.05048
2024-03-21 11:37:29.364414 Epoch 73  	Train Loss = 15.66297 Val Loss = 20.03144
2024-03-21 11:39:06.575436 Epoch 74  	Train Loss = 15.65190 Val Loss = 20.93694
2024-03-21 11:40:43.515721 Epoch 75  	Train Loss = 15.68149 Val Loss = 20.79022
2024-03-21 11:42:19.737091 Epoch 76  	Train Loss = 15.69676 Val Loss = 20.17738
2024-03-21 11:43:58.738335 Epoch 77  	Train Loss = 15.62467 Val Loss = 20.00959
2024-03-21 11:45:36.114989 Epoch 78  	Train Loss = 15.65213 Val Loss = 20.05957
2024-03-21 11:47:13.492063 Epoch 79  	Train Loss = 15.66959 Val Loss = 20.63192
2024-03-21 11:48:51.138871 Epoch 80  	Train Loss = 15.70634 Val Loss = 21.02945
2024-03-21 11:50:30.236599 Epoch 81  	Train Loss = 15.50657 Val Loss = 19.48234
2024-03-21 11:52:08.963863 Epoch 82  	Train Loss = 15.55281 Val Loss = 19.66200
2024-03-21 11:53:46.625722 Epoch 83  	Train Loss = 15.61073 Val Loss = 19.38687
2024-03-21 11:55:24.911577 Epoch 84  	Train Loss = 15.61697 Val Loss = 19.33552
2024-03-21 11:57:03.682037 Epoch 85  	Train Loss = 15.58534 Val Loss = 19.33893
2024-03-21 11:58:41.794052 Epoch 86  	Train Loss = 15.64926 Val Loss = 19.42513
2024-03-21 12:00:18.552655 Epoch 87  	Train Loss = 15.59003 Val Loss = 19.72439
2024-03-21 12:01:58.234293 Epoch 88  	Train Loss = 15.69677 Val Loss = 19.19113
2024-03-21 12:03:37.083708 Epoch 89  	Train Loss = 15.68575 Val Loss = 19.18326
2024-03-21 12:05:15.589221 Epoch 90  	Train Loss = 15.70207 Val Loss = 19.28334
2024-03-21 12:06:53.798293 Epoch 91  	Train Loss = 15.72643 Val Loss = 19.33284
2024-03-21 12:08:32.628476 Epoch 92  	Train Loss = 15.76705 Val Loss = 19.60525
2024-03-21 12:10:10.863747 Epoch 93  	Train Loss = 15.72257 Val Loss = 19.30654
2024-03-21 12:11:48.877936 Epoch 94  	Train Loss = 15.81166 Val Loss = 19.15350
2024-03-21 12:13:27.030887 Epoch 95  	Train Loss = 15.90238 Val Loss = 19.20095
2024-03-21 12:15:04.001566 Epoch 96  	Train Loss = 15.89684 Val Loss = 19.32071
2024-03-21 12:16:40.190189 Epoch 97  	Train Loss = 15.91329 Val Loss = 19.21617
2024-03-21 12:18:17.812596 Epoch 98  	Train Loss = 15.92642 Val Loss = 19.47310
2024-03-21 12:19:55.913224 Epoch 99  	Train Loss = 16.03480 Val Loss = 19.47398
2024-03-21 12:21:32.169721 Epoch 100  	Train Loss = 16.05827 Val Loss = 19.12410
2024-03-21 12:23:10.308659 Epoch 101  	Train Loss = 16.10062 Val Loss = 19.39408
2024-03-21 12:24:47.531496 Epoch 102  	Train Loss = 16.14054 Val Loss = 19.28149
2024-03-21 12:26:25.126805 Epoch 103  	Train Loss = 16.26307 Val Loss = 19.14082
2024-03-21 12:28:01.959614 Epoch 104  	Train Loss = 16.22735 Val Loss = 19.27248
2024-03-21 12:29:38.409372 Epoch 105  	Train Loss = 16.28959 Val Loss = 19.11092
2024-03-21 12:31:15.465349 Epoch 106  	Train Loss = 16.31832 Val Loss = 19.15332
2024-03-21 12:32:51.423780 Epoch 107  	Train Loss = 16.28026 Val Loss = 19.48336
2024-03-21 12:34:29.077429 Epoch 108  	Train Loss = 16.37851 Val Loss = 19.12642
2024-03-21 12:36:06.009342 Epoch 109  	Train Loss = 16.40561 Val Loss = 19.40369
2024-03-21 12:37:42.355739 Epoch 110  	Train Loss = 16.43195 Val Loss = 19.04381
2024-03-21 12:39:19.121245 Epoch 111  	Train Loss = 16.51622 Val Loss = 19.07720
2024-03-21 12:40:55.756190 Epoch 112  	Train Loss = 16.44785 Val Loss = 19.29693
2024-03-21 12:42:33.035583 Epoch 113  	Train Loss = 16.50363 Val Loss = 19.06857
2024-03-21 12:44:10.280319 Epoch 114  	Train Loss = 16.59002 Val Loss = 18.95391
2024-03-21 12:45:46.929812 Epoch 115  	Train Loss = 16.61415 Val Loss = 19.26686
2024-03-21 12:47:23.254814 Epoch 116  	Train Loss = 16.57976 Val Loss = 19.08277
2024-03-21 12:49:00.704196 Epoch 117  	Train Loss = 16.70828 Val Loss = 19.13627
2024-03-21 12:50:37.615793 Epoch 118  	Train Loss = 16.69477 Val Loss = 18.98972
2024-03-21 12:52:15.568153 Epoch 119  	Train Loss = 16.71247 Val Loss = 19.07412
2024-03-21 12:53:53.602086 Epoch 120  	Train Loss = 16.71442 Val Loss = 19.22038
2024-03-21 12:55:31.571954 Epoch 121  	Train Loss = 16.72421 Val Loss = 19.03823
2024-03-21 12:57:07.874266 Epoch 122  	Train Loss = 16.80928 Val Loss = 18.91033
2024-03-21 12:58:44.657303 Epoch 123  	Train Loss = 16.84236 Val Loss = 18.97827
2024-03-21 13:00:22.369456 Epoch 124  	Train Loss = 16.80781 Val Loss = 19.02979
2024-03-21 13:01:59.958724 Epoch 125  	Train Loss = 16.85261 Val Loss = 19.12708
2024-03-21 13:03:36.869222 Epoch 126  	Train Loss = 16.80924 Val Loss = 19.05487
2024-03-21 13:05:15.410816 Epoch 127  	Train Loss = 16.80942 Val Loss = 18.98484
2024-03-21 13:06:52.713442 Epoch 128  	Train Loss = 16.82799 Val Loss = 18.97056
2024-03-21 13:08:30.575174 Epoch 129  	Train Loss = 16.88154 Val Loss = 18.84396
2024-03-21 13:10:07.977838 Epoch 130  	Train Loss = 16.82213 Val Loss = 19.05692
2024-03-21 13:11:45.393408 Epoch 131  	Train Loss = 16.87101 Val Loss = 18.90841
2024-03-21 13:13:21.412708 Epoch 132  	Train Loss = 16.94161 Val Loss = 19.22396
2024-03-21 13:14:58.757725 Epoch 133  	Train Loss = 16.76391 Val Loss = 19.10240
2024-03-21 13:16:36.055475 Epoch 134  	Train Loss = 16.84612 Val Loss = 18.98198
2024-03-21 13:18:14.078618 Epoch 135  	Train Loss = 16.86780 Val Loss = 19.02841
2024-03-21 13:19:51.919578 Epoch 136  	Train Loss = 16.88537 Val Loss = 18.90161
2024-03-21 13:21:28.236667 Epoch 137  	Train Loss = 16.83002 Val Loss = 18.88621
2024-03-21 13:23:06.416115 Epoch 138  	Train Loss = 16.87767 Val Loss = 19.06291
2024-03-21 13:24:42.818885 Epoch 139  	Train Loss = 16.86721 Val Loss = 18.97184
2024-03-21 13:26:21.125537 Epoch 140  	Train Loss = 16.83038 Val Loss = 19.00752
2024-03-21 13:27:57.866762 Epoch 141  	Train Loss = 16.81765 Val Loss = 19.15478
2024-03-21 13:29:34.918799 Epoch 142  	Train Loss = 16.86248 Val Loss = 19.07736
2024-03-21 13:31:12.416440 Epoch 143  	Train Loss = 16.82407 Val Loss = 19.14411
2024-03-21 13:32:48.572653 Epoch 144  	Train Loss = 16.86163 Val Loss = 18.98261
2024-03-21 13:34:25.519088 Epoch 145  	Train Loss = 16.85454 Val Loss = 19.05218
2024-03-21 13:36:01.753018 Epoch 146  	Train Loss = 16.87394 Val Loss = 19.03609
2024-03-21 13:37:39.162460 Epoch 147  	Train Loss = 16.88037 Val Loss = 19.00000
2024-03-21 13:39:17.329294 Epoch 148  	Train Loss = 16.81504 Val Loss = 19.01572
2024-03-21 13:40:54.035240 Epoch 149  	Train Loss = 16.81012 Val Loss = 19.01275
Early stopping at epoch: 149
Best at epoch 129:
Train Loss = 16.88154
Train RMSE = 28.61144, MAE = 17.69459, MAPE = 13.05459
Val Loss = 18.84396
Val RMSE = 31.65380, MAE = 19.67124, MAPE = 12.90170
--------- Test ---------
All Steps RMSE = 31.37218, MAE = 19.70082, MAPE = 13.07134
Step 1 RMSE = 27.37935, MAE = 17.15691, MAPE = 11.50866
Step 2 RMSE = 28.56936, MAE = 17.89356, MAPE = 11.99127
Step 3 RMSE = 29.49541, MAE = 18.48911, MAPE = 12.34978
Step 4 RMSE = 30.17403, MAE = 18.92079, MAPE = 12.61684
Step 5 RMSE = 30.77253, MAE = 19.30129, MAPE = 12.80997
Step 6 RMSE = 31.33082, MAE = 19.67043, MAPE = 13.01315
Step 7 RMSE = 31.86994, MAE = 20.03690, MAPE = 13.23031
Step 8 RMSE = 32.33846, MAE = 20.36269, MAPE = 13.40732
Step 9 RMSE = 32.78624, MAE = 20.66076, MAPE = 13.59803
Step 10 RMSE = 33.19152, MAE = 20.94350, MAPE = 13.81697
Step 11 RMSE = 33.63303, MAE = 21.28183, MAPE = 14.08987
Step 12 RMSE = 34.15274, MAE = 21.69162, MAPE = 14.42350
Inference time: 13.63 s
