ETTH1
Trainset:	x-(8007, 336, 7, 1)	y-(8007, 720, 7, 1)
Valset:  	x-(2669, 336, 7, 1)  	y-(2669, 720, 7, 1)
Testset:	x-(2669, 336, 7, 1)	y-(2669, 720, 7, 1)
INFO: Using scaled X and Y, only for LTSF!

Random seed = 233
--------- PatchTST ---------
{
    "num_nodes": 7,
    "in_steps": 336,
    "out_steps": 720,
    "lr": 0.0001,
    "weight_decay": 0,
    "milestones": [
        10
    ],
    "lr_decay_rate": 0.1,
    "clip_grad": 0,
    "batch_size": 64,
    "max_epochs": 200,
    "dataloader": "ltsf",
    "runner": "ltsf",
    "loss": "mse",
    "model_args": {
        "enc_in": 7,
        "seq_len": 336,
        "pred_len": 720,
        "e_layers": 3,
        "n_heads": 4,
        "d_model": 16,
        "d_ff": 128,
        "dropout": 0.3,
        "fc_dropout": 0.3,
        "head_dropout": 0,
        "patch_len": 16,
        "stride": 8,
        "individual": 0,
        "padding_patch": "end",
        "revin": 1,
        "affine": 0,
        "subtract_last": 0,
        "decomposition": 0,
        "kernel_size": 25
    }
}
========================================================================================================================
Layer (type:depth-idx)                                                 Output Shape              Param #
========================================================================================================================
PatchTST                                                               [64, 720, 7, 1]           --
├─PatchTST_backbone: 1-1                                               [64, 7, 720]              --
│    └─RevIN: 2-1                                                      [64, 336, 7]              --
│    └─ReplicationPad1d: 2-2                                           [64, 7, 344]              --
│    └─TSTiEncoder: 2-3                                                [64, 7, 16, 42]           672
│    │    └─Linear: 3-1                                                [64, 7, 42, 16]           272
│    │    └─Dropout: 3-2                                               [448, 42, 16]             --
│    │    └─TSTEncoder: 3-3                                            [448, 42, 16]             16,179
│    └─Flatten_Head: 2-4                                               [64, 7, 720]              --
│    │    └─Flatten: 3-4                                               [64, 7, 672]              --
│    │    └─Linear: 3-5                                                [64, 7, 720]              484,560
│    │    └─Dropout: 3-6                                               [64, 7, 720]              --
│    └─RevIN: 2-5                                                      [64, 720, 7]              --
========================================================================================================================
Total params: 501,683
Trainable params: 501,680
Non-trainable params: 3
Total mult-adds (M): 38.28
========================================================================================================================
Input size (MB): 0.60
Forward/backward pass size (MB): 113.37
Params size (MB): 2.00
Estimated Total Size (MB): 115.98
========================================================================================================================

Loss: MSELoss

2024-04-04 16:35:24.705531 Epoch 1  	Train Loss = 0.76453 Val Loss = 1.41767
2024-04-04 16:35:27.430069 Epoch 2  	Train Loss = 0.66658 Val Loss = 1.37856
2024-04-04 16:35:30.529118 Epoch 3  	Train Loss = 0.64051 Val Loss = 1.37335
2024-04-04 16:35:33.481073 Epoch 4  	Train Loss = 0.62965 Val Loss = 1.38248
2024-04-04 16:35:36.280712 Epoch 5  	Train Loss = 0.62280 Val Loss = 1.40043
2024-04-04 16:35:39.138141 Epoch 6  	Train Loss = 0.61203 Val Loss = 1.41346
2024-04-04 16:35:42.072619 Epoch 7  	Train Loss = 0.60610 Val Loss = 1.43124
2024-04-04 16:35:44.998121 Epoch 8  	Train Loss = 0.59569 Val Loss = 1.46042
2024-04-04 16:35:47.950587 Epoch 9  	Train Loss = 0.58890 Val Loss = 1.47857
2024-04-04 16:35:50.956734 Epoch 10  	Train Loss = 0.58257 Val Loss = 1.48599
2024-04-04 16:35:53.691348 Epoch 11  	Train Loss = 0.57937 Val Loss = 1.48744
2024-04-04 16:35:56.597098 Epoch 12  	Train Loss = 0.57688 Val Loss = 1.48770
2024-04-04 16:35:59.399629 Epoch 13  	Train Loss = 0.57762 Val Loss = 1.49190
Early stopping at epoch: 13
Best at epoch 3:
Train Loss = 0.64051
Train MSE = 0.61215, MAE = 0.55130
Val Loss = 1.37335
Val MSE = 1.37376, MAE = 0.80986
Model checkpoint saved to: ../saved_models/PatchTST/PatchTST-ETTH1-2024-04-04-16-35-20.pt
--------- Test ---------
All Steps (1-720) MSE = 0.49548, MAE = 0.48786
Inference time: 0.28 s
