ETTH2
Trainset:	x-(7585, 336, 7, 1)	y-(7585, 720, 7, 1)
Valset:  	x-(2161, 336, 7, 1)  	y-(2161, 720, 7, 1)
Testset:	x-(2161, 336, 7, 1)	y-(2161, 720, 7, 1)
INFO: Using scaled X and Y, only for LTSF!

Random seed = 233
--------- PatchTST ---------
{
    "num_nodes": 7,
    "in_steps": 336,
    "out_steps": 720,
    "lr": 0.0001,
    "weight_decay": 0,
    "milestones": [
        10
    ],
    "lr_decay_rate": 0.1,
    "clip_grad": 0,
    "batch_size": 64,
    "max_epochs": 200,
    "dataloader": "ltsf",
    "runner": "ltsf",
    "loss": "mse",
    "model_args": {
        "enc_in": 7,
        "seq_len": 336,
        "pred_len": 720,
        "e_layers": 3,
        "n_heads": 4,
        "d_model": 16,
        "d_ff": 128,
        "dropout": 0.3,
        "fc_dropout": 0.3,
        "head_dropout": 0,
        "patch_len": 16,
        "stride": 8,
        "individual": 0,
        "padding_patch": "end",
        "revin": 1,
        "affine": 0,
        "subtract_last": 0,
        "decomposition": 0,
        "kernel_size": 25
    }
}
========================================================================================================================
Layer (type:depth-idx)                                                 Output Shape              Param #
========================================================================================================================
PatchTST                                                               [64, 720, 7, 1]           --
├─PatchTST_backbone: 1-1                                               [64, 7, 720]              --
│    └─RevIN: 2-1                                                      [64, 336, 7]              --
│    └─ReplicationPad1d: 2-2                                           [64, 7, 344]              --
│    └─TSTiEncoder: 2-3                                                [64, 7, 16, 42]           672
│    │    └─Linear: 3-1                                                [64, 7, 42, 16]           272
│    │    └─Dropout: 3-2                                               [448, 42, 16]             --
│    │    └─TSTEncoder: 3-3                                            [448, 42, 16]             16,179
│    └─Flatten_Head: 2-4                                               [64, 7, 720]              --
│    │    └─Flatten: 3-4                                               [64, 7, 672]              --
│    │    └─Linear: 3-5                                                [64, 7, 720]              484,560
│    │    └─Dropout: 3-6                                               [64, 7, 720]              --
│    └─RevIN: 2-5                                                      [64, 720, 7]              --
========================================================================================================================
Total params: 501,683
Trainable params: 501,680
Non-trainable params: 3
Total mult-adds (M): 38.28
========================================================================================================================
Input size (MB): 0.60
Forward/backward pass size (MB): 113.37
Params size (MB): 2.00
Estimated Total Size (MB): 115.98
========================================================================================================================

Loss: MSELoss

2024-04-18 04:24:13.653369 Epoch 1  	Train Loss = 0.93743 Val Loss = 0.72763
2024-04-18 04:24:16.110883 Epoch 2  	Train Loss = 0.87593 Val Loss = 0.70556
2024-04-18 04:24:18.609288 Epoch 3  	Train Loss = 0.85314 Val Loss = 0.68921
2024-04-18 04:24:21.245370 Epoch 4  	Train Loss = 0.84223 Val Loss = 0.68574
2024-04-18 04:24:23.824289 Epoch 5  	Train Loss = 0.83552 Val Loss = 0.67843
2024-04-18 04:24:26.352885 Epoch 6  	Train Loss = 0.83121 Val Loss = 0.67820
2024-04-18 04:24:28.962252 Epoch 7  	Train Loss = 0.82624 Val Loss = 0.68126
2024-04-18 04:24:31.507568 Epoch 8  	Train Loss = 0.82103 Val Loss = 0.68303
2024-04-18 04:24:34.088847 Epoch 9  	Train Loss = 0.81284 Val Loss = 0.69137
2024-04-18 04:24:36.490021 Epoch 10  	Train Loss = 0.81010 Val Loss = 0.68789
2024-04-18 04:24:39.156730 Epoch 11  	Train Loss = 0.80648 Val Loss = 0.68569
2024-04-18 04:24:41.595137 Epoch 12  	Train Loss = 0.80768 Val Loss = 0.68770
2024-04-18 04:24:43.999009 Epoch 13  	Train Loss = 0.80401 Val Loss = 0.68772
2024-04-18 04:24:46.486360 Epoch 14  	Train Loss = 0.80715 Val Loss = 0.68750
2024-04-18 04:24:48.954674 Epoch 15  	Train Loss = 0.80436 Val Loss = 0.68662
2024-04-18 04:24:51.541555 Epoch 16  	Train Loss = 0.80656 Val Loss = 0.68772
Early stopping at epoch: 16
Best at epoch 6:
Train Loss = 0.83121
Train MSE = 0.81589, MAE = 0.55191
Val Loss = 0.67820
Val MSE = 0.68087, MAE = 0.57641
Model checkpoint saved to: ../saved_models/PatchTST/PatchTST-ETTH2-2024-04-18-04-24-09.pt
--------- Test ---------
All Steps (1-720) MSE = 0.43910, MAE = 0.44972
Inference time: 0.23 s
