EXCHANGE
Trainset:	x-(5010, 336, 8, 1)	y-(5010, 96, 8, 1)
Valset:  	x-(716, 336, 8, 1)  	y-(716, 96, 8, 1)
Testset:	x-(1431, 336, 8, 1)	y-(1431, 96, 8, 1)
INFO: Using scaled X and Y, only for LTSF!

Random seed = 233
--------- PatchTST ---------
{
    "num_nodes": 8,
    "in_steps": 336,
    "out_steps": 96,
    "lr": 0.0001,
    "weight_decay": 0,
    "milestones": [
        10
    ],
    "lr_decay_rate": 0.1,
    "clip_grad": 0,
    "batch_size": 64,
    "max_epochs": 200,
    "dataloader": "ltsf",
    "runner": "ltsf",
    "loss": "mse",
    "model_args": {
        "enc_in": 8,
        "seq_len": 336,
        "pred_len": 96,
        "e_layers": 3,
        "n_heads": 16,
        "d_model": 128,
        "d_ff": 256,
        "dropout": 0.2,
        "fc_dropout": 0.2,
        "head_dropout": 0,
        "patch_len": 16,
        "stride": 8,
        "individual": 0,
        "padding_patch": "end",
        "revin": 1,
        "affine": 0,
        "subtract_last": 0,
        "decomposition": 0,
        "kernel_size": 25
    }
}
========================================================================================================================
Layer (type:depth-idx)                                                 Output Shape              Param #
========================================================================================================================
PatchTST                                                               [64, 96, 8, 1]            --
├─PatchTST_backbone: 1-1                                               [64, 8, 96]               --
│    └─RevIN: 2-1                                                      [64, 336, 8]              --
│    └─ReplicationPad1d: 2-2                                           [64, 8, 344]              --
│    └─TSTiEncoder: 2-3                                                [64, 8, 128, 42]          5,376
│    │    └─Linear: 3-1                                                [64, 8, 42, 128]          2,176
│    │    └─Dropout: 3-2                                               [512, 42, 128]            --
│    │    └─TSTEncoder: 3-3                                            [512, 42, 128]            397,443
│    └─Flatten_Head: 2-4                                               [64, 8, 96]               --
│    │    └─Flatten: 3-4                                               [64, 8, 5376]             --
│    │    └─Linear: 3-5                                                [64, 8, 96]               516,192
│    │    └─Dropout: 3-6                                               [64, 8, 96]               --
│    └─RevIN: 2-5                                                      [64, 96, 8]               --
========================================================================================================================
Total params: 921,187
Trainable params: 921,184
Non-trainable params: 3
Total mult-adds (M): 236.66
========================================================================================================================
Input size (MB): 0.69
Forward/backward pass size (MB): 616.96
Params size (MB): 3.66
Estimated Total Size (MB): 621.31
========================================================================================================================

Loss: MSELoss

2024-04-03 19:17:37.475434 Epoch 1  	Train Loss = 0.16927 Val Loss = 0.11990
2024-04-03 19:17:39.738529 Epoch 2  	Train Loss = 0.12517 Val Loss = 0.12012
2024-04-03 19:17:42.022767 Epoch 3  	Train Loss = 0.12113 Val Loss = 0.12301
2024-04-03 19:17:44.346529 Epoch 4  	Train Loss = 0.11974 Val Loss = 0.12772
2024-04-03 19:17:46.675162 Epoch 5  	Train Loss = 0.11592 Val Loss = 0.12986
2024-04-03 19:17:49.006218 Epoch 6  	Train Loss = 0.11519 Val Loss = 0.13764
2024-04-03 19:17:51.339791 Epoch 7  	Train Loss = 0.11361 Val Loss = 0.14575
2024-04-03 19:17:53.672065 Epoch 8  	Train Loss = 0.11191 Val Loss = 0.15029
2024-04-03 19:17:55.993545 Epoch 9  	Train Loss = 0.11107 Val Loss = 0.14634
2024-04-03 19:17:58.321680 Epoch 10  	Train Loss = 0.10907 Val Loss = 0.15275
2024-04-03 19:18:00.646523 Epoch 11  	Train Loss = 0.10624 Val Loss = 0.14334
Early stopping at epoch: 11
Best at epoch 1:
Train Loss = 0.16927
Train MSE = 0.12397, MAE = 0.22528
Val Loss = 0.11990
Val MSE = 0.12285, MAE = 0.24003
Model checkpoint saved to: ../saved_models/PatchTST/PatchTST-EXCHANGE-2024-04-03-19-17-34.pt
--------- Test ---------
All Steps (1-96) MSE = 0.08909, MAE = 0.21089
Inference time: 0.22 s
