ETTM1
Trainset:	x-(33505, 336, 7, 1)	y-(33505, 720, 7, 1)
Valset:  	x-(10801, 336, 7, 1)  	y-(10801, 720, 7, 1)
Testset:	x-(10801, 336, 7, 1)	y-(10801, 720, 7, 1)
INFO: Using scaled X and Y, only for LTSF!

Random seed = 233
--------- PatchTST ---------
{
    "num_nodes": 7,
    "in_steps": 336,
    "out_steps": 720,
    "lr": 0.0001,
    "weight_decay": 0,
    "milestones": [
        10
    ],
    "lr_decay_rate": 0.1,
    "clip_grad": 0,
    "batch_size": 64,
    "max_epochs": 200,
    "dataloader": "ltsf",
    "runner": "ltsf",
    "loss": "mse",
    "model_args": {
        "enc_in": 7,
        "seq_len": 336,
        "pred_len": 720,
        "e_layers": 3,
        "n_heads": 16,
        "d_model": 128,
        "d_ff": 256,
        "dropout": 0.2,
        "fc_dropout": 0.2,
        "head_dropout": 0,
        "patch_len": 16,
        "stride": 8,
        "individual": 0,
        "padding_patch": "end",
        "revin": 1,
        "affine": 0,
        "subtract_last": 0,
        "decomposition": 0,
        "kernel_size": 25
    }
}
========================================================================================================================
Layer (type:depth-idx)                                                 Output Shape              Param #
========================================================================================================================
PatchTST                                                               [64, 720, 7, 1]           --
├─PatchTST_backbone: 1-1                                               [64, 7, 720]              --
│    └─RevIN: 2-1                                                      [64, 336, 7]              --
│    └─ReplicationPad1d: 2-2                                           [64, 7, 344]              --
│    └─TSTiEncoder: 2-3                                                [64, 7, 128, 42]          5,376
│    │    └─Linear: 3-1                                                [64, 7, 42, 128]          2,176
│    │    └─Dropout: 3-2                                               [448, 42, 128]            --
│    │    └─TSTEncoder: 3-3                                            [448, 42, 128]            397,443
│    └─Flatten_Head: 2-4                                               [64, 7, 720]              --
│    │    └─Flatten: 3-4                                               [64, 7, 5376]             --
│    │    └─Linear: 3-5                                                [64, 7, 720]              3,871,440
│    │    └─Dropout: 3-6                                               [64, 7, 720]              --
│    └─RevIN: 2-5                                                      [64, 720, 7]              --
========================================================================================================================
Total params: 4,276,435
Trainable params: 4,276,432
Non-trainable params: 3
Total mult-adds (M): 425.96
========================================================================================================================
Input size (MB): 0.60
Forward/backward pass size (MB): 542.07
Params size (MB): 17.08
Estimated Total Size (MB): 559.76
========================================================================================================================

Loss: MSELoss

2024-04-18 04:35:46.141639 Epoch 1  	Train Loss = 0.43453 Val Loss = 0.96833
2024-04-18 04:36:00.819342 Epoch 2  	Train Loss = 0.40751 Val Loss = 0.96930
2024-04-18 04:36:15.698001 Epoch 3  	Train Loss = 0.39566 Val Loss = 0.97692
2024-04-18 04:36:30.843118 Epoch 4  	Train Loss = 0.38474 Val Loss = 0.98767
2024-04-18 04:36:46.091323 Epoch 5  	Train Loss = 0.37478 Val Loss = 1.00668
2024-04-18 04:37:01.525302 Epoch 6  	Train Loss = 0.36607 Val Loss = 1.00841
2024-04-18 04:37:16.672004 Epoch 7  	Train Loss = 0.35810 Val Loss = 1.01054
2024-04-18 04:37:31.813836 Epoch 8  	Train Loss = 0.35071 Val Loss = 1.01168
2024-04-18 04:37:47.004544 Epoch 9  	Train Loss = 0.34396 Val Loss = 1.03237
2024-04-18 04:38:02.305344 Epoch 10  	Train Loss = 0.33792 Val Loss = 1.03980
2024-04-18 04:38:17.428268 Epoch 11  	Train Loss = 0.32967 Val Loss = 1.03439
Early stopping at epoch: 11
Best at epoch 1:
Train Loss = 0.43453
Train MSE = 0.40681, MAE = 0.44203
Val Loss = 0.96833
Val MSE = 0.96920, MAE = 0.64951
Model checkpoint saved to: ../saved_models/PatchTST/PatchTST-ETTM1-2024-04-18-04-35-28.pt
--------- Test ---------
All Steps (1-720) MSE = 0.41992, MAE = 0.42367
Inference time: 1.48 s
