ETTM1
Trainset:	x-(34033, 336, 7, 1)	y-(34033, 192, 7, 1)
Valset:  	x-(11329, 336, 7, 1)  	y-(11329, 192, 7, 1)
Testset:	x-(11329, 336, 7, 1)	y-(11329, 192, 7, 1)
INFO: Using scaled X and Y, only for LTSF!

Random seed = 233
--------- PatchTST ---------
{
    "num_nodes": 7,
    "in_steps": 336,
    "out_steps": 192,
    "lr": 0.0001,
    "weight_decay": 0,
    "milestones": [
        10
    ],
    "lr_decay_rate": 0.1,
    "clip_grad": 0,
    "batch_size": 64,
    "max_epochs": 200,
    "dataloader": "ltsf",
    "runner": "ltsf",
    "loss": "mse",
    "model_args": {
        "enc_in": 7,
        "seq_len": 336,
        "pred_len": 192,
        "e_layers": 3,
        "n_heads": 16,
        "d_model": 128,
        "d_ff": 256,
        "dropout": 0.2,
        "fc_dropout": 0.2,
        "head_dropout": 0,
        "patch_len": 16,
        "stride": 8,
        "individual": 0,
        "padding_patch": "end",
        "revin": 1,
        "affine": 0,
        "subtract_last": 0,
        "decomposition": 0,
        "kernel_size": 25
    }
}
========================================================================================================================
Layer (type:depth-idx)                                                 Output Shape              Param #
========================================================================================================================
PatchTST                                                               [64, 192, 7, 1]           --
├─PatchTST_backbone: 1-1                                               [64, 7, 192]              --
│    └─RevIN: 2-1                                                      [64, 336, 7]              --
│    └─ReplicationPad1d: 2-2                                           [64, 7, 344]              --
│    └─TSTiEncoder: 2-3                                                [64, 7, 128, 42]          5,376
│    │    └─Linear: 3-1                                                [64, 7, 42, 128]          2,176
│    │    └─Dropout: 3-2                                               [448, 42, 128]            --
│    │    └─TSTEncoder: 3-3                                            [448, 42, 128]            397,443
│    └─Flatten_Head: 2-4                                               [64, 7, 192]              --
│    │    └─Flatten: 3-4                                               [64, 7, 5376]             --
│    │    └─Linear: 3-5                                                [64, 7, 192]              1,032,384
│    │    └─Dropout: 3-6                                               [64, 7, 192]              --
│    └─RevIN: 2-5                                                      [64, 192, 7]              --
========================================================================================================================
Total params: 1,437,379
Trainable params: 1,437,376
Non-trainable params: 3
Total mult-adds (M): 244.26
========================================================================================================================
Input size (MB): 0.60
Forward/backward pass size (MB): 540.18
Params size (MB): 5.73
Estimated Total Size (MB): 546.51
========================================================================================================================

Loss: MSELoss

2024-04-18 04:28:43.800637 Epoch 1  	Train Loss = 0.32100 Val Loss = 0.50095
2024-04-18 04:28:58.944962 Epoch 2  	Train Loss = 0.29469 Val Loss = 0.49350
2024-04-18 04:29:14.034178 Epoch 3  	Train Loss = 0.28595 Val Loss = 0.49622
2024-04-18 04:29:29.083461 Epoch 4  	Train Loss = 0.27957 Val Loss = 0.48958
2024-04-18 04:29:44.241016 Epoch 5  	Train Loss = 0.27383 Val Loss = 0.50478
2024-04-18 04:29:59.282855 Epoch 6  	Train Loss = 0.26836 Val Loss = 0.50335
2024-04-18 04:30:14.467579 Epoch 7  	Train Loss = 0.26410 Val Loss = 0.50842
2024-04-18 04:30:29.528152 Epoch 8  	Train Loss = 0.25914 Val Loss = 0.51525
2024-04-18 04:30:44.581343 Epoch 9  	Train Loss = 0.25452 Val Loss = 0.51362
2024-04-18 04:30:59.516276 Epoch 10  	Train Loss = 0.25028 Val Loss = 0.52255
2024-04-18 04:31:14.463549 Epoch 11  	Train Loss = 0.24389 Val Loss = 0.51927
2024-04-18 04:31:29.483398 Epoch 12  	Train Loss = 0.24276 Val Loss = 0.51838
2024-04-18 04:31:44.450874 Epoch 13  	Train Loss = 0.24219 Val Loss = 0.51964
2024-04-18 04:31:59.360944 Epoch 14  	Train Loss = 0.24141 Val Loss = 0.51843
Early stopping at epoch: 14
Best at epoch 4:
Train Loss = 0.27957
Train MSE = 0.26737, MAE = 0.35694
Val Loss = 0.48958
Val MSE = 0.49113, MAE = 0.47064
Model checkpoint saved to: ../saved_models/PatchTST/PatchTST-ETTM1-2024-04-18-04-28-27.pt
--------- Test ---------
All Steps (1-192) MSE = 0.33450, MAE = 0.37126
Inference time: 1.45 s
