WEATHER
Trainset:	x-(36418, 336, 21, 1)	y-(36418, 336, 21, 1)
Valset:  	x-(5202, 336, 21, 1)  	y-(5202, 336, 21, 1)
Testset:	x-(10405, 336, 21, 1)	y-(10405, 336, 21, 1)
INFO: Using scaled X and Y, only for LTSF!

Random seed = 233
--------- PatchTST ---------
{
    "num_nodes": 21,
    "in_steps": 336,
    "out_steps": 336,
    "lr": 0.0001,
    "weight_decay": 0,
    "milestones": [
        10
    ],
    "lr_decay_rate": 0.1,
    "clip_grad": 0,
    "batch_size": 64,
    "max_epochs": 200,
    "dataloader": "ltsf",
    "runner": "ltsf",
    "loss": "mse",
    "model_args": {
        "enc_in": 21,
        "seq_len": 336,
        "pred_len": 336,
        "e_layers": 3,
        "n_heads": 16,
        "d_model": 128,
        "d_ff": 256,
        "dropout": 0.2,
        "fc_dropout": 0.2,
        "head_dropout": 0,
        "patch_len": 16,
        "stride": 8,
        "individual": 0,
        "padding_patch": "end",
        "revin": 1,
        "affine": 0,
        "subtract_last": 0,
        "decomposition": 0,
        "kernel_size": 25
    }
}
========================================================================================================================
Layer (type:depth-idx)                                                 Output Shape              Param #
========================================================================================================================
PatchTST                                                               [64, 336, 21, 1]          --
├─PatchTST_backbone: 1-1                                               [64, 21, 336]             --
│    └─RevIN: 2-1                                                      [64, 336, 21]             --
│    └─ReplicationPad1d: 2-2                                           [64, 21, 344]             --
│    └─TSTiEncoder: 2-3                                                [64, 21, 128, 42]         5,376
│    │    └─Linear: 3-1                                                [64, 21, 42, 128]         2,176
│    │    └─Dropout: 3-2                                               [1344, 42, 128]           --
│    │    └─TSTEncoder: 3-3                                            [1344, 42, 128]           397,443
│    └─Flatten_Head: 2-4                                               [64, 21, 336]             --
│    │    └─Flatten: 3-4                                               [64, 21, 5376]            --
│    │    └─Linear: 3-5                                                [64, 21, 336]             1,806,672
│    │    └─Dropout: 3-6                                               [64, 21, 336]             --
│    └─RevIN: 2-5                                                      [64, 336, 21]             --
========================================================================================================================
Total params: 2,211,667
Trainable params: 2,211,664
Non-trainable params: 3
Total mult-adds (M): 649.93
========================================================================================================================
Input size (MB): 1.81
Forward/backward pass size (MB): 1622.09
Params size (MB): 8.83
Estimated Total Size (MB): 1632.72
========================================================================================================================

Loss: MSELoss

2024-04-02 21:01:27.664396 Epoch 1  	Train Loss = 0.56866 Val Loss = 0.54426
2024-04-02 21:02:08.688636 Epoch 2  	Train Loss = 0.54204 Val Loss = 0.53767
2024-04-02 21:02:49.923705 Epoch 3  	Train Loss = 0.53359 Val Loss = 0.53126
2024-04-02 21:03:31.354719 Epoch 4  	Train Loss = 0.52689 Val Loss = 0.53793
2024-04-02 21:04:12.953135 Epoch 5  	Train Loss = 0.52185 Val Loss = 0.53680
2024-04-02 21:04:54.450071 Epoch 6  	Train Loss = 0.51787 Val Loss = 0.54477
2024-04-02 21:05:35.887226 Epoch 7  	Train Loss = 0.51410 Val Loss = 0.54619
2024-04-02 21:06:17.303105 Epoch 8  	Train Loss = 0.51093 Val Loss = 0.53201
2024-04-02 21:06:58.734839 Epoch 9  	Train Loss = 0.50833 Val Loss = 0.53705
2024-04-02 21:07:40.198802 Epoch 10  	Train Loss = 0.50511 Val Loss = 0.53356
2024-04-02 21:08:21.750082 Epoch 11  	Train Loss = 0.50074 Val Loss = 0.53124
2024-04-02 21:09:03.164483 Epoch 12  	Train Loss = 0.49999 Val Loss = 0.53150
2024-04-02 21:09:44.535912 Epoch 13  	Train Loss = 0.50074 Val Loss = 0.53020
2024-04-02 21:10:25.953508 Epoch 14  	Train Loss = 0.49899 Val Loss = 0.53043
2024-04-02 21:11:07.498646 Epoch 15  	Train Loss = 0.49854 Val Loss = 0.53110
2024-04-02 21:11:48.985391 Epoch 16  	Train Loss = 0.49848 Val Loss = 0.53097
2024-04-02 21:12:30.357788 Epoch 17  	Train Loss = 0.49886 Val Loss = 0.53069
2024-04-02 21:13:11.813443 Epoch 18  	Train Loss = 0.49766 Val Loss = 0.52839
2024-04-02 21:13:53.233873 Epoch 19  	Train Loss = 0.49779 Val Loss = 0.52881
2024-04-02 21:14:34.603668 Epoch 20  	Train Loss = 0.49691 Val Loss = 0.53033
2024-04-02 21:15:15.981028 Epoch 21  	Train Loss = 0.49745 Val Loss = 0.53200
2024-04-02 21:15:57.343468 Epoch 22  	Train Loss = 0.49730 Val Loss = 0.53039
2024-04-02 21:16:38.687560 Epoch 23  	Train Loss = 0.49601 Val Loss = 0.52904
2024-04-02 21:17:20.010774 Epoch 24  	Train Loss = 0.49640 Val Loss = 0.53085
2024-04-02 21:18:01.343767 Epoch 25  	Train Loss = 0.49581 Val Loss = 0.52909
2024-04-02 21:18:42.689101 Epoch 26  	Train Loss = 0.49621 Val Loss = 0.52926
2024-04-02 21:19:24.047842 Epoch 27  	Train Loss = 0.49460 Val Loss = 0.53018
2024-04-02 21:20:05.433601 Epoch 28  	Train Loss = 0.49477 Val Loss = 0.52975
Early stopping at epoch: 28
Best at epoch 18:
Train Loss = 0.49766
Train MSE = 0.48908, MAE = 0.36283
Val Loss = 0.52839
Val MSE = 0.53136, MAE = 0.37707
Model checkpoint saved to: ../saved_models/PatchTST/PatchTST-WEATHER-2024-04-02-21-00-42.pt
--------- Test ---------
All Steps (1-336) MSE = 0.25176, MAE = 0.28527
Inference time: 3.92 s
