WEATHER
Trainset:	x-(36586, 336, 21, 1)	y-(36586, 96, 21, 1)
Valset:  	x-(5226, 336, 21, 1)  	y-(5226, 96, 21, 1)
Testset:	x-(10453, 336, 21, 1)	y-(10453, 96, 21, 1)
INFO: Using scaled X and Y, only for LTSF!

Random seed = 233
--------- PatchTST ---------
{
    "num_nodes": 321,
    "in_steps": 336,
    "out_steps": 96,
    "lr": 0.0001,
    "weight_decay": 0.0,
    "milestones": [
        10
    ],
    "lr_decay_rate": 0.1,
    "clip_grad": 0,
    "batch_size": 64,
    "max_epochs": 200,
    "dataloader": "ltsf",
    "runner": "ltsf",
    "loss": "mse",
    "model_args": {
        "enc_in": 321,
        "seq_len": 336,
        "pred_len": 96,
        "e_layers": 3,
        "n_heads": 16,
        "d_model": 128,
        "d_ff": 256,
        "dropout": 0.2,
        "fc_dropout": 0.2,
        "head_dropout": 0,
        "patch_len": 16,
        "stride": 8,
        "individual": 0,
        "padding_patch": "end",
        "revin": 1,
        "affine": 0,
        "subtract_last": 0,
        "decomposition": 0,
        "kernel_size": 25
    }
}
========================================================================================================================
Layer (type:depth-idx)                                                 Output Shape              Param #
========================================================================================================================
PatchTST                                                               [64, 96, 21, 1]           --
├─PatchTST_backbone: 1-1                                               [64, 21, 96]              --
│    └─RevIN: 2-1                                                      [64, 336, 21]             --
│    └─ReplicationPad1d: 2-2                                           [64, 21, 344]             --
│    └─TSTiEncoder: 2-3                                                [64, 21, 128, 42]         5,376
│    │    └─Linear: 3-1                                                [64, 21, 42, 128]         2,176
│    │    └─Dropout: 3-2                                               [1344, 42, 128]           --
│    │    └─TSTEncoder: 3-3                                            [1344, 42, 128]           397,443
│    └─Flatten_Head: 2-4                                               [64, 21, 96]              --
│    │    └─Flatten: 3-4                                               [64, 21, 5376]            --
│    │    └─Linear: 3-5                                                [64, 21, 96]              516,192
│    │    └─Dropout: 3-6                                               [64, 21, 96]              --
│    └─RevIN: 2-5                                                      [64, 96, 21]              --
========================================================================================================================
Total params: 921,187
Trainable params: 921,184
Non-trainable params: 3
Total mult-adds (M): 567.33
========================================================================================================================
Input size (MB): 1.81
Forward/backward pass size (MB): 1619.51
Params size (MB): 3.66
Estimated Total Size (MB): 1624.98
========================================================================================================================

Loss: MSELoss

2024-04-02 10:52:10.042721 Epoch 1  	Train Loss = 0.46820 Val Loss = 0.40029
2024-04-02 10:52:50.957706 Epoch 2  	Train Loss = 0.43394 Val Loss = 0.39370
2024-04-02 10:53:31.979653 Epoch 3  	Train Loss = 0.42516 Val Loss = 0.39531
2024-04-02 10:54:13.013726 Epoch 4  	Train Loss = 0.41948 Val Loss = 0.39415
2024-04-02 10:54:54.053452 Epoch 5  	Train Loss = 0.41451 Val Loss = 0.39282
2024-04-02 10:55:35.115694 Epoch 6  	Train Loss = 0.41199 Val Loss = 0.38983
2024-04-02 10:56:16.144497 Epoch 7  	Train Loss = 0.40848 Val Loss = 0.39077
2024-04-02 10:56:57.184589 Epoch 8  	Train Loss = 0.40669 Val Loss = 0.39359
2024-04-02 10:57:38.228899 Epoch 9  	Train Loss = 0.40425 Val Loss = 0.39157
2024-04-02 10:58:19.254656 Epoch 10  	Train Loss = 0.40276 Val Loss = 0.39160
2024-04-02 10:59:00.305188 Epoch 11  	Train Loss = 0.39792 Val Loss = 0.38634
2024-04-02 10:59:41.371212 Epoch 12  	Train Loss = 0.39788 Val Loss = 0.38637
2024-04-02 11:00:22.369282 Epoch 13  	Train Loss = 0.39723 Val Loss = 0.38727
2024-04-02 11:01:03.404738 Epoch 14  	Train Loss = 0.39697 Val Loss = 0.38656
2024-04-02 11:01:44.399865 Epoch 15  	Train Loss = 0.39692 Val Loss = 0.38747
2024-04-02 11:02:25.422339 Epoch 16  	Train Loss = 0.39669 Val Loss = 0.38720
2024-04-02 11:03:06.450735 Epoch 17  	Train Loss = 0.39659 Val Loss = 0.38730
2024-04-02 11:03:47.448141 Epoch 18  	Train Loss = 0.39604 Val Loss = 0.38742
2024-04-02 11:04:28.443420 Epoch 19  	Train Loss = 0.39595 Val Loss = 0.38783
2024-04-02 11:05:09.418159 Epoch 20  	Train Loss = 0.39641 Val Loss = 0.38857
2024-04-02 11:05:50.433070 Epoch 21  	Train Loss = 0.39560 Val Loss = 0.38830
Early stopping at epoch: 21
Best at epoch 11:
Train Loss = 0.39792
Train MSE = 0.39073, MAE = 0.28271
Val Loss = 0.38634
Val MSE = 0.38743, MAE = 0.27453
Model checkpoint saved to: ../saved_models/PatchTST/PatchTST-WEATHER-2024-04-02-10-51-26.pt
--------- Test ---------
All Steps (1-96) MSE = 0.15060, MAE = 0.19853
Inference time: 3.70 s
