EXCHANGE
Trainset:	x-(4256, 336, 8, 1)	y-(4256, 720, 8, 1)
Valset:  	x-(41, 336, 8, 1)  	y-(41, 720, 8, 1)
Testset:	x-(798, 336, 8, 1)	y-(798, 720, 8, 1)
INFO: Using scaled X and Y, only for LTSF!

Random seed = 233
--------- PatchTST ---------
{
    "num_nodes": 8,
    "in_steps": 336,
    "out_steps": 720,
    "lr": 0.0001,
    "weight_decay": 0,
    "milestones": [
        10
    ],
    "lr_decay_rate": 0.1,
    "clip_grad": 0,
    "batch_size": 64,
    "max_epochs": 200,
    "dataloader": "ltsf",
    "runner": "ltsf",
    "loss": "mse",
    "model_args": {
        "enc_in": 8,
        "seq_len": 336,
        "pred_len": 720,
        "e_layers": 3,
        "n_heads": 16,
        "d_model": 128,
        "d_ff": 256,
        "dropout": 0.2,
        "fc_dropout": 0.2,
        "head_dropout": 0,
        "patch_len": 16,
        "stride": 8,
        "individual": 0,
        "padding_patch": "end",
        "revin": 1,
        "affine": 0,
        "subtract_last": 0,
        "decomposition": 0,
        "kernel_size": 25
    }
}
========================================================================================================================
Layer (type:depth-idx)                                                 Output Shape              Param #
========================================================================================================================
PatchTST                                                               [64, 720, 8, 1]           --
├─PatchTST_backbone: 1-1                                               [64, 8, 720]              --
│    └─RevIN: 2-1                                                      [64, 336, 8]              --
│    └─ReplicationPad1d: 2-2                                           [64, 8, 344]              --
│    └─TSTiEncoder: 2-3                                                [64, 8, 128, 42]          5,376
│    │    └─Linear: 3-1                                                [64, 8, 42, 128]          2,176
│    │    └─Dropout: 3-2                                               [512, 42, 128]            --
│    │    └─TSTEncoder: 3-3                                            [512, 42, 128]            397,443
│    └─Flatten_Head: 2-4                                               [64, 8, 720]              --
│    │    └─Flatten: 3-4                                               [64, 8, 5376]             --
│    │    └─Linear: 3-5                                                [64, 8, 720]              3,871,440
│    │    └─Dropout: 3-6                                               [64, 8, 720]              --
│    └─RevIN: 2-5                                                      [64, 720, 8]              --
========================================================================================================================
Total params: 4,276,435
Trainable params: 4,276,432
Non-trainable params: 3
Total mult-adds (M): 451.40
========================================================================================================================
Input size (MB): 0.69
Forward/backward pass size (MB): 619.51
Params size (MB): 17.08
Estimated Total Size (MB): 637.28
========================================================================================================================

Loss: MSELoss

2024-04-18 03:14:02.115694 Epoch 1  	Train Loss = 1.05425 Val Loss = 2.05056
2024-04-18 03:14:04.077520 Epoch 2  	Train Loss = 1.00292 Val Loss = 1.80624
2024-04-18 03:14:06.034589 Epoch 3  	Train Loss = 0.96042 Val Loss = 1.87348
2024-04-18 03:14:07.983809 Epoch 4  	Train Loss = 0.91302 Val Loss = 2.02633
2024-04-18 03:14:09.936408 Epoch 5  	Train Loss = 0.87010 Val Loss = 2.49672
2024-04-18 03:14:11.890927 Epoch 6  	Train Loss = 0.84144 Val Loss = 2.64986
2024-04-18 03:14:13.847126 Epoch 7  	Train Loss = 0.81647 Val Loss = 2.51307
2024-04-18 03:14:15.796766 Epoch 8  	Train Loss = 0.79367 Val Loss = 2.49989
2024-04-18 03:14:17.751968 Epoch 9  	Train Loss = 0.76830 Val Loss = 2.50777
2024-04-18 03:14:19.713408 Epoch 10  	Train Loss = 0.74818 Val Loss = 2.70137
2024-04-18 03:14:21.663545 Epoch 11  	Train Loss = 0.73049 Val Loss = 2.60838
2024-04-18 03:14:23.627831 Epoch 12  	Train Loss = 0.72873 Val Loss = 2.55087
Early stopping at epoch: 12
Best at epoch 2:
Train Loss = 1.00292
Train MSE = 0.97830, MAE = 0.71454
Val Loss = 1.80624
Val MSE = 1.80624, MAE = 1.07585
Model checkpoint saved to: ../saved_models/PatchTST/PatchTST-EXCHANGE-2024-04-18-03-13-59.pt
--------- Test ---------
All Steps (1-720) MSE = 1.12044, MAE = 0.78570
Inference time: 0.15 s
