WEATHER
Trainset:	x-(36149, 336, 21, 1)	y-(36149, 720, 21, 1)
Valset:  	x-(5164, 336, 21, 1)  	y-(5164, 720, 21, 1)
Testset:	x-(10328, 336, 21, 1)	y-(10328, 720, 21, 1)
INFO: Using scaled X and Y, only for LTSF!

Random seed = 233
--------- PatchTST ---------
{
    "num_nodes": 21,
    "in_steps": 336,
    "out_steps": 720,
    "lr": 0.0001,
    "weight_decay": 0,
    "milestones": [
        10
    ],
    "lr_decay_rate": 0.1,
    "clip_grad": 0,
    "batch_size": 64,
    "max_epochs": 200,
    "dataloader": "ltsf",
    "runner": "ltsf",
    "loss": "mse",
    "model_args": {
        "enc_in": 21,
        "seq_len": 336,
        "pred_len": 720,
        "e_layers": 3,
        "n_heads": 16,
        "d_model": 128,
        "d_ff": 256,
        "dropout": 0.2,
        "fc_dropout": 0.2,
        "head_dropout": 0,
        "patch_len": 16,
        "stride": 8,
        "individual": 0,
        "padding_patch": "end",
        "revin": 1,
        "affine": 0,
        "subtract_last": 0,
        "decomposition": 0,
        "kernel_size": 25
    }
}
========================================================================================================================
Layer (type:depth-idx)                                                 Output Shape              Param #
========================================================================================================================
PatchTST                                                               [64, 720, 21, 1]          --
├─PatchTST_backbone: 1-1                                               [64, 21, 720]             --
│    └─RevIN: 2-1                                                      [64, 336, 21]             --
│    └─ReplicationPad1d: 2-2                                           [64, 21, 344]             --
│    └─TSTiEncoder: 2-3                                                [64, 21, 128, 42]         5,376
│    │    └─Linear: 3-1                                                [64, 21, 42, 128]         2,176
│    │    └─Dropout: 3-2                                               [1344, 42, 128]           --
│    │    └─TSTEncoder: 3-3                                            [1344, 42, 128]           397,443
│    └─Flatten_Head: 2-4                                               [64, 21, 720]             --
│    │    └─Flatten: 3-4                                               [64, 21, 5376]            --
│    │    └─Linear: 3-5                                                [64, 21, 720]             3,871,440
│    │    └─Dropout: 3-6                                               [64, 21, 720]             --
│    └─RevIN: 2-5                                                      [64, 720, 21]             --
========================================================================================================================
Total params: 4,276,435
Trainable params: 4,276,432
Non-trainable params: 3
Total mult-adds (M): 782.07
========================================================================================================================
Input size (MB): 1.81
Forward/backward pass size (MB): 1626.22
Params size (MB): 17.08
Estimated Total Size (MB): 1645.11
========================================================================================================================

Loss: MSELoss

2024-04-02 21:12:08.927433 Epoch 1  	Train Loss = 0.63528 Val Loss = 0.61989
2024-04-02 21:12:50.883037 Epoch 2  	Train Loss = 0.60835 Val Loss = 0.61496
2024-04-02 21:13:33.137987 Epoch 3  	Train Loss = 0.60069 Val Loss = 0.62151
2024-04-02 21:14:15.210967 Epoch 4  	Train Loss = 0.59533 Val Loss = 0.61640
2024-04-02 21:14:57.345015 Epoch 5  	Train Loss = 0.59077 Val Loss = 0.61682
2024-04-02 21:15:39.445574 Epoch 6  	Train Loss = 0.58686 Val Loss = 0.63998
2024-04-02 21:16:21.593950 Epoch 7  	Train Loss = 0.58335 Val Loss = 0.62212
2024-04-02 21:17:03.741259 Epoch 8  	Train Loss = 0.58019 Val Loss = 0.62055
2024-04-02 21:17:45.834705 Epoch 9  	Train Loss = 0.57700 Val Loss = 0.61283
2024-04-02 21:18:27.943826 Epoch 10  	Train Loss = 0.57370 Val Loss = 0.61376
2024-04-02 21:19:10.079066 Epoch 11  	Train Loss = 0.56928 Val Loss = 0.60931
2024-04-02 21:19:52.251566 Epoch 12  	Train Loss = 0.56807 Val Loss = 0.60936
2024-04-02 21:20:34.488012 Epoch 13  	Train Loss = 0.56756 Val Loss = 0.60952
2024-04-02 21:21:16.596846 Epoch 14  	Train Loss = 0.56718 Val Loss = 0.60944
2024-04-02 21:21:58.704794 Epoch 15  	Train Loss = 0.56666 Val Loss = 0.60937
2024-04-02 21:22:40.756531 Epoch 16  	Train Loss = 0.56633 Val Loss = 0.61191
2024-04-02 21:23:22.794311 Epoch 17  	Train Loss = 0.56598 Val Loss = 0.61086
2024-04-02 21:24:04.794189 Epoch 18  	Train Loss = 0.56551 Val Loss = 0.61105
2024-04-02 21:24:46.831837 Epoch 19  	Train Loss = 0.56527 Val Loss = 0.61094
2024-04-02 21:25:29.236365 Epoch 20  	Train Loss = 0.56483 Val Loss = 0.61319
2024-04-02 21:26:11.456270 Epoch 21  	Train Loss = 0.56435 Val Loss = 0.61350
Early stopping at epoch: 21
Best at epoch 11:
Train Loss = 0.56928
Train MSE = 0.55991, MAE = 0.40920
Val Loss = 0.60931
Val MSE = 0.60982, MAE = 0.43222
Model checkpoint saved to: ../saved_models/PatchTST/PatchTST-WEATHER-2024-04-02-21-11-19.pt
--------- Test ---------
All Steps (1-720) MSE = 0.33015, MAE = 0.34077
Inference time: 3.93 s
