ILI
Trainset:	x-(568, 96, 7, 1)	y-(568, 60, 7, 1)
Valset:  	x-(81, 96, 7, 1)  	y-(81, 60, 7, 1)
Testset:	x-(162, 96, 7, 1)	y-(162, 60, 7, 1)
INFO: Using scaled X and Y, only for LTSF!

Random seed = 233
--------- PatchTST ---------
{
    "num_nodes": 7,
    "in_steps": 96,
    "out_steps": 60,
    "lr": 0.01,
    "weight_decay": 0,
    "milestones": [
        10
    ],
    "lr_decay_rate": 0.1,
    "clip_grad": 0,
    "batch_size": 64,
    "max_epochs": 200,
    "dataloader": "ltsf",
    "runner": "ltsf",
    "loss": "mse",
    "model_args": {
        "enc_in": 7,
        "seq_len": 96,
        "pred_len": 60,
        "e_layers": 3,
        "n_heads": 4,
        "d_model": 16,
        "d_ff": 128,
        "dropout": 0.3,
        "fc_dropout": 0.3,
        "head_dropout": 0,
        "patch_len": 16,
        "stride": 8,
        "individual": 0,
        "padding_patch": "end",
        "revin": 1,
        "affine": 0,
        "subtract_last": 0,
        "decomposition": 0,
        "kernel_size": 25
    }
}
========================================================================================================================
Layer (type:depth-idx)                                                 Output Shape              Param #
========================================================================================================================
PatchTST                                                               [64, 60, 7, 1]            --
├─PatchTST_backbone: 1-1                                               [64, 7, 60]               --
│    └─RevIN: 2-1                                                      [64, 96, 7]               --
│    └─ReplicationPad1d: 2-2                                           [64, 7, 104]              --
│    └─TSTiEncoder: 2-3                                                [64, 7, 16, 12]           192
│    │    └─Linear: 3-1                                                [64, 7, 12, 16]           272
│    │    └─Dropout: 3-2                                               [448, 12, 16]             --
│    │    └─TSTEncoder: 3-3                                            [448, 12, 16]             16,179
│    └─Flatten_Head: 2-4                                               [64, 7, 60]               --
│    │    └─Flatten: 3-4                                               [64, 7, 192]              --
│    │    └─Linear: 3-5                                                [64, 7, 60]               11,580
│    │    └─Dropout: 3-6                                               [64, 7, 60]               --
│    └─RevIN: 2-5                                                      [64, 60, 7]               --
========================================================================================================================
Total params: 28,223
Trainable params: 28,220
Non-trainable params: 3
Total mult-adds (M): 8.01
========================================================================================================================
Input size (MB): 0.17
Forward/backward pass size (MB): 31.87
Params size (MB): 0.11
Estimated Total Size (MB): 32.15
========================================================================================================================

Loss: MSELoss

2024-04-04 17:42:58.531000 Epoch 1  	Train Loss = 0.71770 Val Loss = 2.44108
2024-04-04 17:42:58.684686 Epoch 2  	Train Loss = 0.55514 Val Loss = 0.54458
2024-04-04 17:42:58.849369 Epoch 3  	Train Loss = 0.49718 Val Loss = 0.48706
2024-04-04 17:42:59.002519 Epoch 4  	Train Loss = 0.45829 Val Loss = 0.55551
2024-04-04 17:42:59.150845 Epoch 5  	Train Loss = 0.43559 Val Loss = 0.56399
2024-04-04 17:42:59.306398 Epoch 6  	Train Loss = 0.42075 Val Loss = 0.47852
2024-04-04 17:42:59.480969 Epoch 7  	Train Loss = 0.40977 Val Loss = 0.46274
2024-04-04 17:42:59.636863 Epoch 8  	Train Loss = 0.39636 Val Loss = 0.39947
2024-04-04 17:42:59.788641 Epoch 9  	Train Loss = 0.39119 Val Loss = 0.44871
2024-04-04 17:42:59.957519 Epoch 10  	Train Loss = 0.39332 Val Loss = 0.40452
2024-04-04 17:43:00.118679 Epoch 11  	Train Loss = 0.37891 Val Loss = 0.42767
2024-04-04 17:43:00.299074 Epoch 12  	Train Loss = 0.36486 Val Loss = 0.42060
2024-04-04 17:43:00.486178 Epoch 13  	Train Loss = 0.35840 Val Loss = 0.42578
2024-04-04 17:43:00.654065 Epoch 14  	Train Loss = 0.35821 Val Loss = 0.41235
2024-04-04 17:43:00.828952 Epoch 15  	Train Loss = 0.35446 Val Loss = 0.41878
2024-04-04 17:43:01.013640 Epoch 16  	Train Loss = 0.35039 Val Loss = 0.42634
2024-04-04 17:43:01.177544 Epoch 17  	Train Loss = 0.35215 Val Loss = 0.42212
2024-04-04 17:43:01.344233 Epoch 18  	Train Loss = 0.34450 Val Loss = 0.42183
Early stopping at epoch: 18
Best at epoch 8:
Train Loss = 0.39636
Train MSE = 0.37349, MAE = 0.35816
Val Loss = 0.39947
Val MSE = 0.28787, MAE = 0.31716
Model checkpoint saved to: ../saved_models/PatchTST/PatchTST-ILI-2024-04-04-17-42-56.pt
--------- Test ---------
All Steps (1-60) MSE = 1.64995, MAE = 0.81757
Inference time: 0.01 s
