ETTH1
Trainset:	x-(10049, 336, 7, 1)	y-(10049, 336, 7, 1)
Valset:  	x-(3350, 336, 7, 1)  	y-(3350, 336, 7, 1)
Testset:	x-(3350, 336, 7, 1)	y-(3350, 336, 7, 1)
INFO: Using scaled X and Y, only for LTSF!

Random seed = 233
--------- DLinear ---------
{
    "num_nodes": 7,
    "in_steps": 336,
    "out_steps": 336,
    "lr": 0.001,
    "weight_decay": 0,
    "milestones": [
        5
    ],
    "lr_decay_rate": 0.1,
    "clip_grad": 0,
    "batch_size": 64,
    "max_epochs": 10,
    "dataloader": "ltsf",
    "runner": "ltsf",
    "loss": "mse",
    "model_args": {
        "enc_in": 7,
        "seq_len": 336,
        "pred_len": 336,
        "individual": false
    }
}
==========================================================================================
Layer (type:depth-idx)                   Output Shape              Param #
==========================================================================================
DLinear                                  [64, 336, 7, 1]           --
├─series_decomp: 1-1                     [64, 336, 7]              --
│    └─moving_avg: 2-1                   [64, 336, 7]              --
│    │    └─AvgPool1d: 3-1               [64, 7, 336]              --
├─Linear: 1-2                            [64, 7, 336]              113,232
├─Linear: 1-3                            [64, 7, 336]              113,232
==========================================================================================
Total params: 226,464
Trainable params: 226,464
Non-trainable params: 0
Total mult-adds (M): 14.49
==========================================================================================
Input size (MB): 0.60
Forward/backward pass size (MB): 2.41
Params size (MB): 0.91
Estimated Total Size (MB): 3.92
==========================================================================================

Loss: MSELoss

2024-04-03 20:29:28.803704 Epoch 1  	Train Loss = 0.53613 Val Loss = 0.44447
2024-04-03 20:29:29.161572 Epoch 2  	Train Loss = 0.49283 Val Loss = 0.44180
2024-04-03 20:29:29.518574 Epoch 3  	Train Loss = 0.48796 Val Loss = 0.45877
2024-04-03 20:29:29.877874 Epoch 4  	Train Loss = 0.49166 Val Loss = 0.46826
2024-04-03 20:29:30.234973 Epoch 5  	Train Loss = 0.48798 Val Loss = 0.43750
2024-04-03 20:29:30.591443 Epoch 6  	Train Loss = 0.47712 Val Loss = 0.43203
2024-04-03 20:29:30.949179 Epoch 7  	Train Loss = 0.47504 Val Loss = 0.42864
2024-04-03 20:29:31.307954 Epoch 8  	Train Loss = 0.47732 Val Loss = 0.43330
2024-04-03 20:29:31.663614 Epoch 9  	Train Loss = 0.47778 Val Loss = 0.43209
2024-04-03 20:29:32.020158 Epoch 10  	Train Loss = 0.47482 Val Loss = 0.43100
Early stopping at epoch: 10
Best at epoch 7:
Train Loss = 0.47504
Train MSE = 0.47644, MAE = 0.48088
Val Loss = 0.42864
Val MSE = 0.42827, MAE = 0.44566
Model checkpoint saved to: ../saved_models/DLinear/DLinear-ETTH1-2024-04-03-20-29-27.pt
--------- Test ---------
All Steps (1-336) MSE = 0.52104, MAE = 0.51018
Inference time: 0.07 s
