EXCHANGE
Trainset:	x-(4573, 336, 8, 1)	y-(4573, 720, 8, 1)
Valset:  	x-(653, 336, 8, 1)  	y-(653, 720, 8, 1)
Testset:	x-(1307, 336, 8, 1)	y-(1307, 720, 8, 1)
INFO: Using scaled X and Y, only for LTSF!

Random seed = 233
--------- DLinear ---------
{
    "num_nodes": 8,
    "in_steps": 336,
    "out_steps": 720,
    "lr": 0.001,
    "weight_decay": 0,
    "milestones": [
        5
    ],
    "lr_decay_rate": 0.1,
    "clip_grad": 0,
    "batch_size": 64,
    "max_epochs": 10,
    "dataloader": "ltsf",
    "runner": "ltsf",
    "loss": "mse",
    "model_args": {
        "enc_in": 8,
        "seq_len": 336,
        "pred_len": 720,
        "individual": false
    }
}
==========================================================================================
Layer (type:depth-idx)                   Output Shape              Param #
==========================================================================================
DLinear                                  [64, 720, 8, 1]           --
├─series_decomp: 1-1                     [64, 336, 8]              --
│    └─moving_avg: 2-1                   [64, 336, 8]              --
│    │    └─AvgPool1d: 3-1               [64, 8, 336]              --
├─Linear: 1-2                            [64, 8, 720]              242,640
├─Linear: 1-3                            [64, 8, 720]              242,640
==========================================================================================
Total params: 485,280
Trainable params: 485,280
Non-trainable params: 0
Total mult-adds (M): 31.06
==========================================================================================
Input size (MB): 0.69
Forward/backward pass size (MB): 5.90
Params size (MB): 1.94
Estimated Total Size (MB): 8.53
==========================================================================================

Loss: MSELoss

2024-04-03 19:10:39.201433 Epoch 1  	Train Loss = 0.78503 Val Loss = 3.31874
2024-04-03 19:10:39.376343 Epoch 2  	Train Loss = 0.72306 Val Loss = 2.99089
2024-04-03 19:10:39.548698 Epoch 3  	Train Loss = 0.72185 Val Loss = 2.58742
2024-04-03 19:10:39.721572 Epoch 4  	Train Loss = 0.71129 Val Loss = 2.88761
2024-04-03 19:10:39.894030 Epoch 5  	Train Loss = 0.71175 Val Loss = 2.42944
2024-04-03 19:10:40.065593 Epoch 6  	Train Loss = 0.70654 Val Loss = 2.80722
2024-04-03 19:10:40.235567 Epoch 7  	Train Loss = 0.70570 Val Loss = 2.87444
2024-04-03 19:10:40.406869 Epoch 8  	Train Loss = 0.70479 Val Loss = 2.80754
2024-04-03 19:10:40.576361 Epoch 9  	Train Loss = 0.70440 Val Loss = 2.95152
2024-04-03 19:10:40.748535 Epoch 10  	Train Loss = 0.70384 Val Loss = 2.57985
Early stopping at epoch: 10
Best at epoch 5:
Train Loss = 0.71175
Train MSE = 0.71420, MAE = 0.64163
Val Loss = 2.42944
Val MSE = 2.49593, MAE = 1.25751
Model checkpoint saved to: ../saved_models/DLinear/DLinear-EXCHANGE-2024-04-03-19-10-38.pt
--------- Test ---------
All Steps (1-720) MSE = 0.86054, MAE = 0.73571
Inference time: 0.04 s
