ETTH2
Trainset:	x-(8209, 336, 7, 1)	y-(8209, 96, 7, 1)
Valset:  	x-(2785, 336, 7, 1)  	y-(2785, 96, 7, 1)
Testset:	x-(2785, 336, 7, 1)	y-(2785, 96, 7, 1)
INFO: Using scaled X and Y, only for LTSF!

Random seed = 233
--------- DLinear ---------
{
    "num_nodes": 7,
    "in_steps": 336,
    "out_steps": 96,
    "lr": 0.01,
    "weight_decay": 0,
    "milestones": [
        5
    ],
    "lr_decay_rate": 0.1,
    "clip_grad": 0,
    "batch_size": 64,
    "max_epochs": 10,
    "dataloader": "ltsf",
    "runner": "ltsf",
    "loss": "mse",
    "model_args": {
        "enc_in": 7,
        "seq_len": 336,
        "pred_len": 96,
        "individual": false
    }
}
==========================================================================================
Layer (type:depth-idx)                   Output Shape              Param #
==========================================================================================
DLinear                                  [64, 96, 7, 1]            --
├─series_decomp: 1-1                     [64, 336, 7]              --
│    └─moving_avg: 2-1                   [64, 336, 7]              --
│    │    └─AvgPool1d: 3-1               [64, 7, 336]              --
├─Linear: 1-2                            [64, 7, 96]               32,352
├─Linear: 1-3                            [64, 7, 96]               32,352
==========================================================================================
Total params: 64,704
Trainable params: 64,704
Non-trainable params: 0
Total mult-adds (M): 4.14
==========================================================================================
Input size (MB): 0.60
Forward/backward pass size (MB): 0.69
Params size (MB): 0.26
Estimated Total Size (MB): 1.55
==========================================================================================

Loss: MSELoss

2024-04-17 10:50:05.085637 Epoch 1  	Train Loss = 0.58299 Val Loss = 0.23944
2024-04-17 10:50:05.339277 Epoch 2  	Train Loss = 0.43788 Val Loss = 0.25993
2024-04-17 10:50:05.588715 Epoch 3  	Train Loss = 0.44274 Val Loss = 0.23877
2024-04-17 10:50:05.839621 Epoch 4  	Train Loss = 0.44904 Val Loss = 0.25399
2024-04-17 10:50:06.088861 Epoch 5  	Train Loss = 0.45889 Val Loss = 0.33709
2024-04-17 10:50:06.335776 Epoch 6  	Train Loss = 0.39703 Val Loss = 0.22712
2024-04-17 10:50:06.585667 Epoch 7  	Train Loss = 0.39301 Val Loss = 0.22667
2024-04-17 10:50:06.833484 Epoch 8  	Train Loss = 0.38656 Val Loss = 0.22007
2024-04-17 10:50:07.086414 Epoch 9  	Train Loss = 0.38869 Val Loss = 0.21937
2024-04-17 10:50:07.335171 Epoch 10  	Train Loss = 0.38605 Val Loss = 0.22838
Early stopping at epoch: 10
Best at epoch 9:
Train Loss = 0.38869
Train MSE = 0.38158, MAE = 0.35140
Val Loss = 0.21937
Val MSE = 0.21859, MAE = 0.32646
Model checkpoint saved to: ../saved_models/DLinear/DLinear-ETTH2-2024-04-17-10-50-03.pt
--------- Test ---------
All Steps (1-96) MSE = 0.29726, MAE = 0.35899
Inference time: 0.04 s
