ETTM2
Trainset:	x-(34244, 336, 7, 1)	y-(34244, 192, 7, 1)
Valset:  	x-(11415, 336, 7, 1)  	y-(11415, 192, 7, 1)
Testset:	x-(11414, 336, 7, 1)	y-(11414, 192, 7, 1)
INFO: Using scaled X and Y, only for LTSF!

Random seed = 233
--------- DLinear ---------
{
    "num_nodes": 7,
    "in_steps": 336,
    "out_steps": 192,
    "lr": 0.01,
    "weight_decay": 0,
    "milestones": [
        5
    ],
    "lr_decay_rate": 0.1,
    "clip_grad": 0,
    "batch_size": 64,
    "max_epochs": 10,
    "dataloader": "ltsf",
    "runner": "ltsf",
    "loss": "mse",
    "model_args": {
        "enc_in": 7,
        "seq_len": 336,
        "pred_len": 192,
        "individual": false
    }
}
==========================================================================================
Layer (type:depth-idx)                   Output Shape              Param #
==========================================================================================
DLinear                                  [64, 192, 7, 1]           --
├─series_decomp: 1-1                     [64, 336, 7]              --
│    └─moving_avg: 2-1                   [64, 336, 7]              --
│    │    └─AvgPool1d: 3-1               [64, 7, 336]              --
├─Linear: 1-2                            [64, 7, 192]              64,704
├─Linear: 1-3                            [64, 7, 192]              64,704
==========================================================================================
Total params: 129,408
Trainable params: 129,408
Non-trainable params: 0
Total mult-adds (M): 8.28
==========================================================================================
Input size (MB): 0.60
Forward/backward pass size (MB): 1.38
Params size (MB): 0.52
Estimated Total Size (MB): 2.50
==========================================================================================

Loss: MSELoss

2024-04-04 11:19:40.298918 Epoch 1  	Train Loss = 0.38825 Val Loss = 0.24520
2024-04-04 11:19:41.419431 Epoch 2  	Train Loss = 0.36598 Val Loss = 0.24668
2024-04-04 11:19:42.515896 Epoch 3  	Train Loss = 0.38658 Val Loss = 0.40074
2024-04-04 11:19:43.614904 Epoch 4  	Train Loss = 0.37138 Val Loss = 0.31730
2024-04-04 11:19:44.711788 Epoch 5  	Train Loss = 0.39128 Val Loss = 0.25133
2024-04-04 11:19:45.890816 Epoch 6  	Train Loss = 0.29794 Val Loss = 0.19598
2024-04-04 11:19:46.982797 Epoch 7  	Train Loss = 0.29394 Val Loss = 0.16027
2024-04-04 11:19:48.076621 Epoch 8  	Train Loss = 0.29457 Val Loss = 0.16533
2024-04-04 11:19:49.164242 Epoch 9  	Train Loss = 0.29537 Val Loss = 0.19913
2024-04-04 11:19:50.493278 Epoch 10  	Train Loss = 0.29659 Val Loss = 0.18496
Early stopping at epoch: 10
Best at epoch 7:
Train Loss = 0.29394
Train MSE = 0.29336, MAE = 0.30641
Val Loss = 0.16027
Val MSE = 0.16048, MAE = 0.27790
Model checkpoint saved to: ../saved_models/DLinear/DLinear-ETTM2-2024-04-04-11-19-37.pt
--------- Test ---------
All Steps (1-192) MSE = 0.23015, MAE = 0.30725
Inference time: 0.20 s
