ETTH2
Trainset:	x-(8007, 336, 7, 1)	y-(8007, 720, 7, 1)
Valset:  	x-(2669, 336, 7, 1)  	y-(2669, 720, 7, 1)
Testset:	x-(2669, 336, 7, 1)	y-(2669, 720, 7, 1)
INFO: Using scaled X and Y, only for LTSF!

Random seed = 233
--------- DLinear ---------
{
    "num_nodes": 7,
    "in_steps": 336,
    "out_steps": 720,
    "lr": 0.01,
    "weight_decay": 0,
    "milestones": [
        5
    ],
    "lr_decay_rate": 0.1,
    "clip_grad": 0,
    "batch_size": 64,
    "max_epochs": 10,
    "dataloader": "ltsf",
    "runner": "ltsf",
    "loss": "mse",
    "model_args": {
        "enc_in": 7,
        "seq_len": 336,
        "pred_len": 720,
        "individual": false
    }
}
==========================================================================================
Layer (type:depth-idx)                   Output Shape              Param #
==========================================================================================
DLinear                                  [64, 720, 7, 1]           --
├─series_decomp: 1-1                     [64, 336, 7]              --
│    └─moving_avg: 2-1                   [64, 336, 7]              --
│    │    └─AvgPool1d: 3-1               [64, 7, 336]              --
├─Linear: 1-2                            [64, 7, 720]              242,640
├─Linear: 1-3                            [64, 7, 720]              242,640
==========================================================================================
Total params: 485,280
Trainable params: 485,280
Non-trainable params: 0
Total mult-adds (M): 31.06
==========================================================================================
Input size (MB): 0.60
Forward/backward pass size (MB): 5.16
Params size (MB): 1.94
Estimated Total Size (MB): 7.70
==========================================================================================

Loss: MSELoss

2024-04-04 11:17:47.196761 Epoch 1  	Train Loss = 0.87709 Val Loss = 0.69962
2024-04-04 11:17:47.525056 Epoch 2  	Train Loss = 0.74961 Val Loss = 0.83579
2024-04-04 11:17:47.852391 Epoch 3  	Train Loss = 0.76805 Val Loss = 0.79718
2024-04-04 11:17:48.178909 Epoch 4  	Train Loss = 0.76430 Val Loss = 0.71712
2024-04-04 11:17:48.506255 Epoch 5  	Train Loss = 0.76362 Val Loss = 0.65583
2024-04-04 11:17:48.831563 Epoch 6  	Train Loss = 0.70358 Val Loss = 0.65047
2024-04-04 11:17:49.158612 Epoch 7  	Train Loss = 0.69295 Val Loss = 0.69149
2024-04-04 11:17:49.483901 Epoch 8  	Train Loss = 0.69016 Val Loss = 0.64579
2024-04-04 11:17:49.812235 Epoch 9  	Train Loss = 0.69243 Val Loss = 0.67508
2024-04-04 11:17:50.137223 Epoch 10  	Train Loss = 0.69022 Val Loss = 0.65733
Early stopping at epoch: 10
Best at epoch 8:
Train Loss = 0.69016
Train MSE = 0.68683, MAE = 0.52994
Val Loss = 0.64579
Val MSE = 0.64555, MAE = 0.56664
Model checkpoint saved to: ../saved_models/DLinear/DLinear-ETTH2-2024-04-04-11-17-45.pt
--------- Test ---------
All Steps (1-720) MSE = 0.69004, MAE = 0.59985
Inference time: 0.15 s
