ETTM2
Trainset:	x-(41549, 336, 7, 1)	y-(41549, 96, 7, 1)
Valset:  	x-(13850, 336, 7, 1)  	y-(13850, 96, 7, 1)
Testset:	x-(13850, 336, 7, 1)	y-(13850, 96, 7, 1)
INFO: Using scaled X and Y, only for LTSF!

Random seed = 233
--------- DLinear ---------
{
    "num_nodes": 7,
    "in_steps": 336,
    "out_steps": 96,
    "lr": 0.01,
    "weight_decay": 0,
    "milestones": [
        5
    ],
    "lr_decay_rate": 0.1,
    "clip_grad": 0,
    "batch_size": 64,
    "max_epochs": 10,
    "dataloader": "ltsf",
    "runner": "ltsf",
    "loss": "mse",
    "model_args": {
        "enc_in": 7,
        "seq_len": 336,
        "pred_len": 96,
        "individual": false
    }
}
==========================================================================================
Layer (type:depth-idx)                   Output Shape              Param #
==========================================================================================
DLinear                                  [64, 96, 7, 1]            --
├─series_decomp: 1-1                     [64, 336, 7]              --
│    └─moving_avg: 2-1                   [64, 336, 7]              --
│    │    └─AvgPool1d: 3-1               [64, 7, 336]              --
├─Linear: 1-2                            [64, 7, 96]               32,352
├─Linear: 1-3                            [64, 7, 96]               32,352
==========================================================================================
Total params: 64,704
Trainable params: 64,704
Non-trainable params: 0
Total mult-adds (M): 4.14
==========================================================================================
Input size (MB): 0.60
Forward/backward pass size (MB): 0.69
Params size (MB): 0.26
Estimated Total Size (MB): 1.55
==========================================================================================

Loss: MSELoss

2024-04-03 20:41:54.269542 Epoch 1  	Train Loss = 0.28812 Val Loss = 0.30860
2024-04-03 20:41:55.520381 Epoch 2  	Train Loss = 0.27324 Val Loss = 0.33398
2024-04-03 20:41:56.775726 Epoch 3  	Train Loss = 0.27764 Val Loss = 0.57630
2024-04-03 20:41:58.029068 Epoch 4  	Train Loss = 0.27708 Val Loss = 0.28728
2024-04-03 20:41:59.304862 Epoch 5  	Train Loss = 0.27593 Val Loss = 0.40581
2024-04-03 20:42:00.587809 Epoch 6  	Train Loss = 0.21441 Val Loss = 0.15215
2024-04-03 20:42:01.853914 Epoch 7  	Train Loss = 0.21082 Val Loss = 0.15054
2024-04-03 20:42:03.139600 Epoch 8  	Train Loss = 0.21242 Val Loss = 0.24598
2024-04-03 20:42:04.414914 Epoch 9  	Train Loss = 0.21390 Val Loss = 0.16693
2024-04-03 20:42:05.690994 Epoch 10  	Train Loss = 0.21335 Val Loss = 0.16419
Early stopping at epoch: 10
Best at epoch 7:
Train Loss = 0.21082
Train MSE = 0.21094, MAE = 0.26560
Val Loss = 0.15054
Val MSE = 0.15056, MAE = 0.25010
Model checkpoint saved to: ../saved_models/DLinear/DLinear-ETTM2-2024-04-03-20-41-51.pt
--------- Test ---------
All Steps (1-96) MSE = 0.15270, MAE = 0.25837
Inference time: 0.20 s
