ELECTRICITY
Trainset:	x-(18111, 336, 321, 1)	y-(18111, 96, 321, 1)
Valset:  	x-(2587, 336, 321, 1)  	y-(2587, 96, 321, 1)
Testset:	x-(5175, 336, 321, 1)	y-(5175, 96, 321, 1)
INFO: Using scaled X and Y, only for LTSF!

--------- DLinear ---------
{
    "num_nodes": 321,
    "in_steps": 336,
    "out_steps": 96,
    "lr": 0.001,
    "weight_decay": 0,
    "milestones": [
        5
    ],
    "lr_decay_rate": 0.1,
    "clip_grad": 0,
    "batch_size": 64,
    "max_epochs": 10,
    "dataloader": "ltsf",
    "runner": "ltsf",
    "loss": "mse",
    "model_args": {
        "enc_in": 321,
        "seq_len": 336,
        "pred_len": 96,
        "individual": false
    }
}
==========================================================================================
Layer (type:depth-idx)                   Output Shape              Param #
==========================================================================================
DLinear                                  [64, 96, 321, 1]          --
├─series_decomp: 1-1                     [64, 336, 321]            --
│    └─moving_avg: 2-1                   [64, 336, 321]            --
│    │    └─AvgPool1d: 3-1               [64, 321, 336]            --
├─Linear: 1-2                            [64, 321, 96]             32,352
├─Linear: 1-3                            [64, 321, 96]             32,352
==========================================================================================
Total params: 64,704
Trainable params: 64,704
Non-trainable params: 0
Total mult-adds (M): 4.14
==========================================================================================
Input size (MB): 27.61
Forward/backward pass size (MB): 31.56
Params size (MB): 0.26
Estimated Total Size (MB): 59.43
==========================================================================================

Loss: MSELoss

2024-04-01 16:50:30.103572 Epoch 1  	Train Loss = 0.19950 Val Loss = 0.13154
2024-04-01 16:50:33.439385 Epoch 2  	Train Loss = 0.14909 Val Loss = 0.12442
2024-04-01 16:50:36.752440 Epoch 3  	Train Loss = 0.14516 Val Loss = 0.12168
2024-04-01 16:50:40.099912 Epoch 4  	Train Loss = 0.14355 Val Loss = 0.12139
2024-04-01 16:50:43.604768 Epoch 5  	Train Loss = 0.14302 Val Loss = 0.12023
2024-04-01 16:50:47.220402 Epoch 6  	Train Loss = 0.14099 Val Loss = 0.11899
2024-04-01 16:50:50.642116 Epoch 7  	Train Loss = 0.14091 Val Loss = 0.11909
2024-04-01 16:50:54.267817 Epoch 8  	Train Loss = 0.14088 Val Loss = 0.11878
2024-04-01 16:50:57.754749 Epoch 9  	Train Loss = 0.14087 Val Loss = 0.11900
2024-04-01 16:51:01.503574 Epoch 10  	Train Loss = 0.14081 Val Loss = 0.11888
Early stopping at epoch: 10
Best at epoch 8:
Train Loss = 0.14088
Train MSE = 0.14085, MAE = 0.23893
Val Loss = 0.11878
Val MSE = 0.11930, MAE = 0.21440
--------- Test ---------
All Steps (1-96) MSE = 0.14044, MAE = 0.23779
Inference time: 0.95 s
