ETTM1
Trainset:	x-(34157, 336, 7, 1)	y-(34157, 336, 7, 1)
Valset:  	x-(11386, 336, 7, 1)  	y-(11386, 336, 7, 1)
Testset:	x-(11386, 336, 7, 1)	y-(11386, 336, 7, 1)
INFO: Using scaled X and Y, only for LTSF!

Random seed = 233
--------- DLinear ---------
{
    "num_nodes": 7,
    "in_steps": 336,
    "out_steps": 336,
    "lr": 0.001,
    "weight_decay": 0,
    "milestones": [
        5
    ],
    "lr_decay_rate": 0.1,
    "clip_grad": 0,
    "batch_size": 64,
    "max_epochs": 10,
    "dataloader": "ltsf",
    "runner": "ltsf",
    "loss": "mse",
    "model_args": {
        "enc_in": 7,
        "seq_len": 336,
        "pred_len": 336,
        "individual": false
    }
}
==========================================================================================
Layer (type:depth-idx)                   Output Shape              Param #
==========================================================================================
DLinear                                  [64, 336, 7, 1]           --
├─series_decomp: 1-1                     [64, 336, 7]              --
│    └─moving_avg: 2-1                   [64, 336, 7]              --
│    │    └─AvgPool1d: 3-1               [64, 7, 336]              --
├─Linear: 1-2                            [64, 7, 336]              113,232
├─Linear: 1-3                            [64, 7, 336]              113,232
==========================================================================================
Total params: 226,464
Trainable params: 226,464
Non-trainable params: 0
Total mult-adds (M): 14.49
==========================================================================================
Input size (MB): 0.60
Forward/backward pass size (MB): 2.41
Params size (MB): 0.91
Estimated Total Size (MB): 3.92
==========================================================================================

Loss: MSELoss

2024-04-04 11:18:32.849260 Epoch 1  	Train Loss = 0.36296 Val Loss = 0.61732
2024-04-04 11:18:34.205165 Epoch 2  	Train Loss = 0.34799 Val Loss = 0.61794
2024-04-04 11:18:35.392588 Epoch 3  	Train Loss = 0.34748 Val Loss = 0.62196
2024-04-04 11:18:36.633149 Epoch 4  	Train Loss = 0.34750 Val Loss = 0.62530
2024-04-04 11:18:37.815258 Epoch 5  	Train Loss = 0.34774 Val Loss = 0.61918
2024-04-04 11:18:39.002290 Epoch 6  	Train Loss = 0.34186 Val Loss = 0.61116
2024-04-04 11:18:40.195248 Epoch 7  	Train Loss = 0.34140 Val Loss = 0.60915
2024-04-04 11:18:41.458095 Epoch 8  	Train Loss = 0.34147 Val Loss = 0.60936
2024-04-04 11:18:42.645408 Epoch 9  	Train Loss = 0.34150 Val Loss = 0.60902
2024-04-04 11:18:43.836796 Epoch 10  	Train Loss = 0.34146 Val Loss = 0.61433
Early stopping at epoch: 10
Best at epoch 9:
Train Loss = 0.34150
Train MSE = 0.34110, MAE = 0.40118
Val Loss = 0.60902
Val MSE = 0.60916, MAE = 0.51544
Model checkpoint saved to: ../saved_models/DLinear/DLinear-ETTM1-2024-04-04-11-18-29.pt
--------- Test ---------
All Steps (1-336) MSE = 0.36873, MAE = 0.38644
Inference time: 0.25 s
