EXCHANGE
Trainset:	x-(4943, 336, 8, 1)	y-(4943, 192, 8, 1)
Valset:  	x-(706, 336, 8, 1)  	y-(706, 192, 8, 1)
Testset:	x-(1412, 336, 8, 1)	y-(1412, 192, 8, 1)
INFO: Using scaled X and Y, only for LTSF!

Random seed = 233
--------- DLinear ---------
{
    "num_nodes": 8,
    "in_steps": 336,
    "out_steps": 192,
    "lr": 0.001,
    "weight_decay": 0,
    "milestones": [
        5
    ],
    "lr_decay_rate": 0.1,
    "clip_grad": 0,
    "batch_size": 64,
    "max_epochs": 10,
    "dataloader": "ltsf",
    "runner": "ltsf",
    "loss": "mse",
    "model_args": {
        "enc_in": 8,
        "seq_len": 336,
        "pred_len": 192,
        "individual": false
    }
}
==========================================================================================
Layer (type:depth-idx)                   Output Shape              Param #
==========================================================================================
DLinear                                  [64, 192, 8, 1]           --
├─series_decomp: 1-1                     [64, 336, 8]              --
│    └─moving_avg: 2-1                   [64, 336, 8]              --
│    │    └─AvgPool1d: 3-1               [64, 8, 336]              --
├─Linear: 1-2                            [64, 8, 192]              64,704
├─Linear: 1-3                            [64, 8, 192]              64,704
==========================================================================================
Total params: 129,408
Trainable params: 129,408
Non-trainable params: 0
Total mult-adds (M): 8.28
==========================================================================================
Input size (MB): 0.69
Forward/backward pass size (MB): 1.57
Params size (MB): 0.52
Estimated Total Size (MB): 2.78
==========================================================================================

Loss: MSELoss

2024-04-03 19:00:18.598460 Epoch 1  	Train Loss = 0.34777 Val Loss = 0.46250
2024-04-03 19:00:18.749856 Epoch 2  	Train Loss = 0.24991 Val Loss = 0.35586
2024-04-03 19:00:18.900540 Epoch 3  	Train Loss = 0.24043 Val Loss = 0.29599
2024-04-03 19:00:19.052541 Epoch 4  	Train Loss = 0.23741 Val Loss = 0.27727
2024-04-03 19:00:19.204121 Epoch 5  	Train Loss = 0.23408 Val Loss = 0.58563
2024-04-03 19:00:19.354694 Epoch 6  	Train Loss = 0.22926 Val Loss = 0.44144
2024-04-03 19:00:19.505430 Epoch 7  	Train Loss = 0.23033 Val Loss = 0.34053
2024-04-03 19:00:19.655295 Epoch 8  	Train Loss = 0.22889 Val Loss = 0.34494
2024-04-03 19:00:19.806301 Epoch 9  	Train Loss = 0.22773 Val Loss = 0.41332
2024-04-03 19:00:19.957203 Epoch 10  	Train Loss = 0.22879 Val Loss = 0.38542
Early stopping at epoch: 10
Best at epoch 4:
Train Loss = 0.23741
Train MSE = 0.23717, MAE = 0.32374
Val Loss = 0.27727
Val MSE = 0.28312, MAE = 0.38503
Model checkpoint saved to: ../saved_models/DLinear/DLinear-EXCHANGE-2024-04-03-19-00-17.pt
--------- Test ---------
All Steps (1-192) MSE = 0.16643, MAE = 0.29751
Inference time: 0.03 s
