ETTM2
Trainset:	x-(34157, 336, 7, 1)	y-(34157, 336, 7, 1)
Valset:  	x-(11386, 336, 7, 1)  	y-(11386, 336, 7, 1)
Testset:	x-(11386, 336, 7, 1)	y-(11386, 336, 7, 1)
INFO: Using scaled X and Y, only for LTSF!

Random seed = 233
--------- DLinear ---------
{
    "num_nodes": 7,
    "in_steps": 336,
    "out_steps": 336,
    "lr": 0.01,
    "weight_decay": 0,
    "milestones": [
        5
    ],
    "lr_decay_rate": 0.1,
    "clip_grad": 0,
    "batch_size": 64,
    "max_epochs": 10,
    "dataloader": "ltsf",
    "runner": "ltsf",
    "loss": "mse",
    "model_args": {
        "enc_in": 7,
        "seq_len": 336,
        "pred_len": 336,
        "individual": false
    }
}
==========================================================================================
Layer (type:depth-idx)                   Output Shape              Param #
==========================================================================================
DLinear                                  [64, 336, 7, 1]           --
├─series_decomp: 1-1                     [64, 336, 7]              --
│    └─moving_avg: 2-1                   [64, 336, 7]              --
│    │    └─AvgPool1d: 3-1               [64, 7, 336]              --
├─Linear: 1-2                            [64, 7, 336]              113,232
├─Linear: 1-3                            [64, 7, 336]              113,232
==========================================================================================
Total params: 226,464
Trainable params: 226,464
Non-trainable params: 0
Total mult-adds (M): 14.49
==========================================================================================
Input size (MB): 0.60
Forward/backward pass size (MB): 2.41
Params size (MB): 0.91
Estimated Total Size (MB): 3.92
==========================================================================================

Loss: MSELoss

2024-04-04 11:19:59.873623 Epoch 1  	Train Loss = 0.47784 Val Loss = 0.37311
2024-04-04 11:20:01.093839 Epoch 2  	Train Loss = 0.46799 Val Loss = 0.32120
2024-04-04 11:20:02.273407 Epoch 3  	Train Loss = 0.46612 Val Loss = 0.27059
2024-04-04 11:20:03.455994 Epoch 4  	Train Loss = 0.46059 Val Loss = 0.28599
2024-04-04 11:20:04.633971 Epoch 5  	Train Loss = 0.46129 Val Loss = 0.54769
2024-04-04 11:20:05.817705 Epoch 6  	Train Loss = 0.38427 Val Loss = 0.23623
2024-04-04 11:20:07.827168 Epoch 7  	Train Loss = 0.37913 Val Loss = 0.23475
2024-04-04 11:20:09.770130 Epoch 8  	Train Loss = 0.38069 Val Loss = 0.22262
2024-04-04 11:20:11.456003 Epoch 9  	Train Loss = 0.38151 Val Loss = 0.33858
2024-04-04 11:20:13.063520 Epoch 10  	Train Loss = 0.38144 Val Loss = 0.23547
Early stopping at epoch: 10
Best at epoch 8:
Train Loss = 0.38069
Train MSE = 0.37549, MAE = 0.35392
Val Loss = 0.22262
Val MSE = 0.22266, MAE = 0.33440
Model checkpoint saved to: ../saved_models/DLinear/DLinear-ETTM2-2024-04-04-11-19-56.pt
--------- Test ---------
All Steps (1-336) MSE = 0.31843, MAE = 0.38290
Inference time: 0.25 s
