ETTH1
Trainset:	x-(8209, 336, 7, 1)	y-(8209, 96, 7, 1)
Valset:  	x-(2785, 336, 7, 1)  	y-(2785, 96, 7, 1)
Testset:	x-(2785, 336, 7, 1)	y-(2785, 96, 7, 1)
INFO: Using scaled X and Y, only for LTSF!

Random seed = 233
--------- DLinear ---------
{
    "num_nodes": 7,
    "in_steps": 336,
    "out_steps": 96,
    "lr": 0.001,
    "weight_decay": 0,
    "milestones": [
        5
    ],
    "lr_decay_rate": 0.1,
    "clip_grad": 0,
    "batch_size": 64,
    "max_epochs": 10,
    "dataloader": "ltsf",
    "runner": "ltsf",
    "loss": "mse",
    "model_args": {
        "enc_in": 7,
        "seq_len": 336,
        "pred_len": 96,
        "individual": false
    }
}
==========================================================================================
Layer (type:depth-idx)                   Output Shape              Param #
==========================================================================================
DLinear                                  [64, 96, 7, 1]            --
├─series_decomp: 1-1                     [64, 336, 7]              --
│    └─moving_avg: 2-1                   [64, 336, 7]              --
│    │    └─AvgPool1d: 3-1               [64, 7, 336]              --
├─Linear: 1-2                            [64, 7, 96]               32,352
├─Linear: 1-3                            [64, 7, 96]               32,352
==========================================================================================
Total params: 64,704
Trainable params: 64,704
Non-trainable params: 0
Total mult-adds (M): 4.14
==========================================================================================
Input size (MB): 0.60
Forward/backward pass size (MB): 0.69
Params size (MB): 0.26
Estimated Total Size (MB): 1.55
==========================================================================================

Loss: MSELoss

2024-04-17 10:49:32.790556 Epoch 1  	Train Loss = 0.41648 Val Loss = 0.68443
2024-04-17 10:49:33.040193 Epoch 2  	Train Loss = 0.34886 Val Loss = 0.65348
2024-04-17 10:49:33.287349 Epoch 3  	Train Loss = 0.34538 Val Loss = 0.64415
2024-04-17 10:49:33.533619 Epoch 4  	Train Loss = 0.34333 Val Loss = 0.67044
2024-04-17 10:49:33.785306 Epoch 5  	Train Loss = 0.34118 Val Loss = 0.67122
2024-04-17 10:49:34.033693 Epoch 6  	Train Loss = 0.33496 Val Loss = 0.64855
2024-04-17 10:49:34.280854 Epoch 7  	Train Loss = 0.33404 Val Loss = 0.65219
2024-04-17 10:49:34.598811 Epoch 8  	Train Loss = 0.33365 Val Loss = 0.64899
2024-04-17 10:49:34.980572 Epoch 9  	Train Loss = 0.33463 Val Loss = 0.65473
2024-04-17 10:49:35.370221 Epoch 10  	Train Loss = 0.33392 Val Loss = 0.65168
Early stopping at epoch: 10
Best at epoch 3:
Train Loss = 0.34538
Train MSE = 0.34665, MAE = 0.41436
Val Loss = 0.64415
Val MSE = 0.64737, MAE = 0.54475
Model checkpoint saved to: ../saved_models/DLinear/DLinear-ETTH1-2024-04-17-10-49-31.pt
--------- Test ---------
All Steps (1-96) MSE = 0.38993, MAE = 0.41506
Inference time: 0.06 s
