ELECTRICITY
Trainset:	x-(17741, 336, 321, 1)	y-(17741, 336, 321, 1)
Valset:  	x-(2297, 336, 321, 1)  	y-(2297, 336, 321, 1)
Testset:	x-(4925, 336, 321, 1)	y-(4925, 336, 321, 1)
INFO: Using scaled X and Y, only for LTSF!

Random seed = 233
--------- DLinear ---------
{
    "num_nodes": 321,
    "in_steps": 336,
    "out_steps": 336,
    "lr": 0.001,
    "weight_decay": 0,
    "milestones": [
        5
    ],
    "lr_decay_rate": 0.1,
    "clip_grad": 0,
    "batch_size": 64,
    "max_epochs": 10,
    "dataloader": "ltsf",
    "runner": "ltsf",
    "loss": "mse",
    "model_args": {
        "enc_in": 321,
        "seq_len": 336,
        "pred_len": 336,
        "individual": false
    }
}
==========================================================================================
Layer (type:depth-idx)                   Output Shape              Param #
==========================================================================================
DLinear                                  [64, 336, 321, 1]         --
├─series_decomp: 1-1                     [64, 336, 321]            --
│    └─moving_avg: 2-1                   [64, 336, 321]            --
│    │    └─AvgPool1d: 3-1               [64, 321, 336]            --
├─Linear: 1-2                            [64, 321, 336]            113,232
├─Linear: 1-3                            [64, 321, 336]            113,232
==========================================================================================
Total params: 226,464
Trainable params: 226,464
Non-trainable params: 0
Total mult-adds (M): 14.49
==========================================================================================
Input size (MB): 27.61
Forward/backward pass size (MB): 110.44
Params size (MB): 0.91
Estimated Total Size (MB): 138.96
==========================================================================================

Loss: MSELoss

2024-04-17 10:38:16.112307 Epoch 1  	Train Loss = 0.23260 Val Loss = 0.15983
2024-04-17 10:38:21.074650 Epoch 2  	Train Loss = 0.18504 Val Loss = 0.15215
2024-04-17 10:38:26.004991 Epoch 3  	Train Loss = 0.18132 Val Loss = 0.15170
2024-04-17 10:38:31.066132 Epoch 4  	Train Loss = 0.17976 Val Loss = 0.14914
2024-04-17 10:38:36.285866 Epoch 5  	Train Loss = 0.17892 Val Loss = 0.14860
2024-04-17 10:38:41.415793 Epoch 6  	Train Loss = 0.17676 Val Loss = 0.14626
2024-04-17 10:38:46.429729 Epoch 7  	Train Loss = 0.17661 Val Loss = 0.14625
2024-04-17 10:38:51.601541 Epoch 8  	Train Loss = 0.17675 Val Loss = 0.14653
2024-04-17 10:38:56.499940 Epoch 9  	Train Loss = 0.17655 Val Loss = 0.14661
2024-04-17 10:39:01.490846 Epoch 10  	Train Loss = 0.17661 Val Loss = 0.14650
Early stopping at epoch: 10
Best at epoch 7:
Train Loss = 0.17661
Train MSE = 0.17659, MAE = 0.27001
Val Loss = 0.14625
Val MSE = 0.14627, MAE = 0.24235
Model checkpoint saved to: ../saved_models/DLinear/DLinear-ELECTRICITY-2024-04-17-10-37-44.pt
--------- Test ---------
All Steps (1-336) MSE = 0.17053, MAE = 0.26877
Inference time: 2.79 s
