EXCHANGE
Trainset:	x-(5010, 336, 8, 1)	y-(5010, 96, 8, 1)
Valset:  	x-(716, 336, 8, 1)  	y-(716, 96, 8, 1)
Testset:	x-(1431, 336, 8, 1)	y-(1431, 96, 8, 1)
INFO: Using scaled X and Y, only for LTSF!

Random seed = 233
--------- DLinear ---------
{
    "num_nodes": 8,
    "in_steps": 336,
    "out_steps": 96,
    "lr": 0.001,
    "weight_decay": 0,
    "milestones": [
        5
    ],
    "lr_decay_rate": 0.1,
    "clip_grad": 0,
    "batch_size": 64,
    "max_epochs": 10,
    "dataloader": "ltsf",
    "runner": "ltsf",
    "loss": "mse",
    "model_args": {
        "enc_in": 8,
        "seq_len": 336,
        "pred_len": 96,
        "individual": false
    }
}
==========================================================================================
Layer (type:depth-idx)                   Output Shape              Param #
==========================================================================================
DLinear                                  [64, 96, 8, 1]            --
├─series_decomp: 1-1                     [64, 336, 8]              --
│    └─moving_avg: 2-1                   [64, 336, 8]              --
│    │    └─AvgPool1d: 3-1               [64, 8, 336]              --
├─Linear: 1-2                            [64, 8, 96]               32,352
├─Linear: 1-3                            [64, 8, 96]               32,352
==========================================================================================
Total params: 64,704
Trainable params: 64,704
Non-trainable params: 0
Total mult-adds (M): 4.14
==========================================================================================
Input size (MB): 0.69
Forward/backward pass size (MB): 0.79
Params size (MB): 0.26
Estimated Total Size (MB): 1.73
==========================================================================================

Loss: MSELoss

2024-04-03 18:51:55.636790 Epoch 1  	Train Loss = 0.23554 Val Loss = 0.17842
2024-04-03 18:51:55.778816 Epoch 2  	Train Loss = 0.14019 Val Loss = 0.18309
2024-04-03 18:51:55.919595 Epoch 3  	Train Loss = 0.12869 Val Loss = 0.19445
2024-04-03 18:51:56.060528 Epoch 4  	Train Loss = 0.12486 Val Loss = 0.15190
2024-04-03 18:51:56.201753 Epoch 5  	Train Loss = 0.12172 Val Loss = 0.15571
2024-04-03 18:51:56.342844 Epoch 6  	Train Loss = 0.11822 Val Loss = 0.13878
2024-04-03 18:51:56.484750 Epoch 7  	Train Loss = 0.11803 Val Loss = 0.14262
2024-04-03 18:51:56.626777 Epoch 8  	Train Loss = 0.11793 Val Loss = 0.15948
2024-04-03 18:51:56.768664 Epoch 9  	Train Loss = 0.11818 Val Loss = 0.17476
2024-04-03 18:51:56.912974 Epoch 10  	Train Loss = 0.11748 Val Loss = 0.13833
Early stopping at epoch: 10
Best at epoch 10:
Train Loss = 0.11748
Train MSE = 0.11733, MAE = 0.22212
Val Loss = 0.13833
Val MSE = 0.14289, MAE = 0.27477
Model checkpoint saved to: ../saved_models/DLinear/DLinear-EXCHANGE-2024-04-03-18-51-53.pt
--------- Test ---------
All Steps (1-96) MSE = 0.07891, MAE = 0.20207
Inference time: 0.02 s
