ETTM1
Trainset:	x-(41405, 336, 7, 1)	y-(41405, 336, 7, 1)
Valset:  	x-(13802, 336, 7, 1)  	y-(13802, 336, 7, 1)
Testset:	x-(13802, 336, 7, 1)	y-(13802, 336, 7, 1)
INFO: Using scaled X and Y, only for LTSF!

Random seed = 233
--------- DLinear ---------
{
    "num_nodes": 7,
    "in_steps": 336,
    "out_steps": 336,
    "lr": 0.001,
    "weight_decay": 0,
    "milestones": [
        5
    ],
    "lr_decay_rate": 0.1,
    "clip_grad": 0,
    "batch_size": 64,
    "max_epochs": 10,
    "dataloader": "ltsf",
    "runner": "ltsf",
    "loss": "mse",
    "model_args": {
        "enc_in": 7,
        "seq_len": 336,
        "pred_len": 336,
        "individual": false
    }
}
==========================================================================================
Layer (type:depth-idx)                   Output Shape              Param #
==========================================================================================
DLinear                                  [64, 336, 7, 1]           --
├─series_decomp: 1-1                     [64, 336, 7]              --
│    └─moving_avg: 2-1                   [64, 336, 7]              --
│    │    └─AvgPool1d: 3-1               [64, 7, 336]              --
├─Linear: 1-2                            [64, 7, 336]              113,232
├─Linear: 1-3                            [64, 7, 336]              113,232
==========================================================================================
Total params: 226,464
Trainable params: 226,464
Non-trainable params: 0
Total mult-adds (M): 14.49
==========================================================================================
Input size (MB): 0.60
Forward/backward pass size (MB): 2.41
Params size (MB): 0.91
Estimated Total Size (MB): 3.92
==========================================================================================

Loss: MSELoss

2024-04-03 20:40:28.647210 Epoch 1  	Train Loss = 0.36381 Val Loss = 0.34866
2024-04-03 20:40:30.108312 Epoch 2  	Train Loss = 0.35121 Val Loss = 0.34762
2024-04-03 20:40:31.571038 Epoch 3  	Train Loss = 0.35128 Val Loss = 0.35200
2024-04-03 20:40:33.042196 Epoch 4  	Train Loss = 0.35144 Val Loss = 0.35407
2024-04-03 20:40:34.653218 Epoch 5  	Train Loss = 0.35165 Val Loss = 0.35187
2024-04-03 20:40:37.176183 Epoch 6  	Train Loss = 0.34557 Val Loss = 0.34479
2024-04-03 20:40:39.081494 Epoch 7  	Train Loss = 0.34526 Val Loss = 0.34454
2024-04-03 20:40:40.547894 Epoch 8  	Train Loss = 0.34525 Val Loss = 0.34500
2024-04-03 20:40:42.032034 Epoch 9  	Train Loss = 0.34533 Val Loss = 0.34436
2024-04-03 20:40:43.525171 Epoch 10  	Train Loss = 0.34521 Val Loss = 0.34428
Early stopping at epoch: 10
Best at epoch 10:
Train Loss = 0.34521
Train MSE = 0.34527, MAE = 0.40128
Val Loss = 0.34428
Val MSE = 0.34398, MAE = 0.38054
Model checkpoint saved to: ../saved_models/DLinear/DLinear-ETTM1-2024-04-03-20-40-24.pt
--------- Test ---------
All Steps (1-336) MSE = 0.43819, MAE = 0.43410
Inference time: 0.31 s
