ETTM2
Trainset:	x-(41405, 336, 7, 1)	y-(41405, 336, 7, 1)
Valset:  	x-(13802, 336, 7, 1)  	y-(13802, 336, 7, 1)
Testset:	x-(13802, 336, 7, 1)	y-(13802, 336, 7, 1)
INFO: Using scaled X and Y, only for LTSF!

Random seed = 233
--------- DLinear ---------
{
    "num_nodes": 7,
    "in_steps": 336,
    "out_steps": 336,
    "lr": 0.01,
    "weight_decay": 0,
    "milestones": [
        5
    ],
    "lr_decay_rate": 0.1,
    "clip_grad": 0,
    "batch_size": 64,
    "max_epochs": 10,
    "dataloader": "ltsf",
    "runner": "ltsf",
    "loss": "mse",
    "model_args": {
        "enc_in": 7,
        "seq_len": 336,
        "pred_len": 336,
        "individual": false
    }
}
==========================================================================================
Layer (type:depth-idx)                   Output Shape              Param #
==========================================================================================
DLinear                                  [64, 336, 7, 1]           --
├─series_decomp: 1-1                     [64, 336, 7]              --
│    └─moving_avg: 2-1                   [64, 336, 7]              --
│    │    └─AvgPool1d: 3-1               [64, 7, 336]              --
├─Linear: 1-2                            [64, 7, 336]              113,232
├─Linear: 1-3                            [64, 7, 336]              113,232
==========================================================================================
Total params: 226,464
Trainable params: 226,464
Non-trainable params: 0
Total mult-adds (M): 14.49
==========================================================================================
Input size (MB): 0.60
Forward/backward pass size (MB): 2.41
Params size (MB): 0.91
Estimated Total Size (MB): 3.92
==========================================================================================

Loss: MSELoss

2024-04-03 20:42:49.787936 Epoch 1  	Train Loss = 0.46176 Val Loss = 0.33865
2024-04-03 20:42:51.632197 Epoch 2  	Train Loss = 0.45469 Val Loss = 0.38559
2024-04-03 20:42:53.098111 Epoch 3  	Train Loss = 0.45892 Val Loss = 0.34110
2024-04-03 20:42:54.563819 Epoch 4  	Train Loss = 0.45663 Val Loss = 0.39493
2024-04-03 20:42:56.024510 Epoch 5  	Train Loss = 0.45191 Val Loss = 0.77303
2024-04-03 20:42:57.494978 Epoch 6  	Train Loss = 0.37431 Val Loss = 0.29561
2024-04-03 20:42:58.961545 Epoch 7  	Train Loss = 0.36998 Val Loss = 0.27462
2024-04-03 20:43:00.427510 Epoch 8  	Train Loss = 0.37259 Val Loss = 0.28966
2024-04-03 20:43:01.923407 Epoch 9  	Train Loss = 0.37210 Val Loss = 0.27446
2024-04-03 20:43:03.417897 Epoch 10  	Train Loss = 0.37223 Val Loss = 0.30695
Early stopping at epoch: 10
Best at epoch 9:
Train Loss = 0.37210
Train MSE = 0.36846, MAE = 0.35323
Val Loss = 0.27446
Val MSE = 0.27465, MAE = 0.34744
Model checkpoint saved to: ../saved_models/DLinear/DLinear-ETTM2-2024-04-03-20-42-46.pt
--------- Test ---------
All Steps (1-336) MSE = 0.22962, MAE = 0.32356
Inference time: 0.31 s
