TRAFFIC
Trainset:	x-(11542, 336, 862, 1)	y-(11542, 720, 862, 1)
Valset:  	x-(1649, 336, 862, 1)  	y-(1649, 720, 862, 1)
Testset:	x-(3298, 336, 862, 1)	y-(3298, 720, 862, 1)
INFO: Using scaled X and Y, only for LTSF!

Random seed = 233
--------- DLinear ---------
{
    "num_nodes": 862,
    "in_steps": 336,
    "out_steps": 720,
    "lr": 0.001,
    "weight_decay": 0,
    "milestones": [
        5
    ],
    "lr_decay_rate": 0.1,
    "clip_grad": 0,
    "batch_size": 64,
    "max_epochs": 10,
    "dataloader": "ltsf",
    "runner": "ltsf",
    "loss": "mse",
    "model_args": {
        "enc_in": 862,
        "seq_len": 336,
        "pred_len": 720,
        "individual": false
    }
}
==========================================================================================
Layer (type:depth-idx)                   Output Shape              Param #
==========================================================================================
DLinear                                  [64, 720, 862, 1]         --
├─series_decomp: 1-1                     [64, 336, 862]            --
│    └─moving_avg: 2-1                   [64, 336, 862]            --
│    │    └─AvgPool1d: 3-1               [64, 862, 336]            --
├─Linear: 1-2                            [64, 862, 720]            242,640
├─Linear: 1-3                            [64, 862, 720]            242,640
==========================================================================================
Total params: 485,280
Trainable params: 485,280
Non-trainable params: 0
Total mult-adds (M): 31.06
==========================================================================================
Input size (MB): 74.15
Forward/backward pass size (MB): 635.54
Params size (MB): 1.94
Estimated Total Size (MB): 711.62
==========================================================================================

Loss: MSELoss

2024-04-04 19:02:18.327036 Epoch 1  	Train Loss = 0.38339 Val Loss = 0.43118
2024-04-04 19:02:41.318363 Epoch 2  	Train Loss = 0.29880 Val Loss = 0.41365
2024-04-04 19:03:04.344889 Epoch 3  	Train Loss = 0.29124 Val Loss = 0.40809
2024-04-04 19:03:27.341089 Epoch 4  	Train Loss = 0.28847 Val Loss = 0.40553
2024-04-04 19:03:50.348393 Epoch 5  	Train Loss = 0.28732 Val Loss = 0.40516
2024-04-04 19:04:13.355068 Epoch 6  	Train Loss = 0.28435 Val Loss = 0.40129
2024-04-04 19:04:36.690874 Epoch 7  	Train Loss = 0.28397 Val Loss = 0.40118
2024-04-04 19:05:00.293915 Epoch 8  	Train Loss = 0.28388 Val Loss = 0.40077
2024-04-04 19:05:24.252904 Epoch 9  	Train Loss = 0.28388 Val Loss = 0.40110
2024-04-04 19:05:47.426894 Epoch 10  	Train Loss = 0.28375 Val Loss = 0.40069
Model checkpoint saved to: ../saved_models/DLinear/DLinear-TRAFFIC-2024-04-04-19-00-32.pt
--------- Test ---------
All Steps (1-720) MSE = 0.46134, MAE = 0.31008
Inference time: 18.45 s
