EXCHANGE
Trainset:	x-(4256, 336, 8, 1)	y-(4256, 720, 8, 1)
Valset:  	x-(41, 336, 8, 1)  	y-(41, 720, 8, 1)
Testset:	x-(798, 336, 8, 1)	y-(798, 720, 8, 1)
INFO: Using scaled X and Y, only for LTSF!

Random seed = 233
--------- DLinear ---------
{
    "num_nodes": 8,
    "in_steps": 336,
    "out_steps": 720,
    "lr": 0.001,
    "weight_decay": 0,
    "milestones": [
        5
    ],
    "lr_decay_rate": 0.1,
    "clip_grad": 0,
    "batch_size": 64,
    "max_epochs": 10,
    "dataloader": "ltsf",
    "runner": "ltsf",
    "loss": "mse",
    "model_args": {
        "enc_in": 8,
        "seq_len": 336,
        "pred_len": 720,
        "individual": false
    }
}
==========================================================================================
Layer (type:depth-idx)                   Output Shape              Param #
==========================================================================================
DLinear                                  [64, 720, 8, 1]           --
├─series_decomp: 1-1                     [64, 336, 8]              --
│    └─moving_avg: 2-1                   [64, 336, 8]              --
│    │    └─AvgPool1d: 3-1               [64, 8, 336]              --
├─Linear: 1-2                            [64, 8, 720]              242,640
├─Linear: 1-3                            [64, 8, 720]              242,640
==========================================================================================
Total params: 485,280
Trainable params: 485,280
Non-trainable params: 0
Total mult-adds (M): 31.06
==========================================================================================
Input size (MB): 0.69
Forward/backward pass size (MB): 5.90
Params size (MB): 1.94
Estimated Total Size (MB): 8.53
==========================================================================================

Loss: MSELoss

2024-04-17 10:47:20.131309 Epoch 1  	Train Loss = 0.78785 Val Loss = 6.03370
2024-04-17 10:47:20.283168 Epoch 2  	Train Loss = 0.71341 Val Loss = 6.48413
2024-04-17 10:47:20.433653 Epoch 3  	Train Loss = 0.70836 Val Loss = 5.38416
2024-04-17 10:47:20.584639 Epoch 4  	Train Loss = 0.70203 Val Loss = 5.20463
2024-04-17 10:47:20.735713 Epoch 5  	Train Loss = 0.70056 Val Loss = 5.40964
2024-04-17 10:47:20.882541 Epoch 6  	Train Loss = 0.69550 Val Loss = 4.99074
2024-04-17 10:47:21.030394 Epoch 7  	Train Loss = 0.69484 Val Loss = 4.79509
2024-04-17 10:47:21.177965 Epoch 8  	Train Loss = 0.69620 Val Loss = 4.72056
2024-04-17 10:47:21.328770 Epoch 9  	Train Loss = 0.69435 Val Loss = 5.12918
2024-04-17 10:47:21.476407 Epoch 10  	Train Loss = 0.69433 Val Loss = 5.00925
Early stopping at epoch: 10
Best at epoch 8:
Train Loss = 0.69620
Train MSE = 0.69659, MAE = 0.62900
Val Loss = 4.72056
Val MSE = 4.72056, MAE = 1.74516
Model checkpoint saved to: ../saved_models/DLinear/DLinear-EXCHANGE-2024-04-17-10-47-18.pt
--------- Test ---------
All Steps (1-720) MSE = 1.24437, MAE = 0.81002
Inference time: 0.03 s
