ETTM2
Trainset:	x-(33927, 336, 7, 1)	y-(33927, 720, 7, 1)
Valset:  	x-(11309, 336, 7, 1)  	y-(11309, 720, 7, 1)
Testset:	x-(11309, 336, 7, 1)	y-(11309, 720, 7, 1)
INFO: Using scaled X and Y, only for LTSF!

Random seed = 233
--------- DLinear ---------
{
    "num_nodes": 7,
    "in_steps": 336,
    "out_steps": 720,
    "lr": 0.01,
    "weight_decay": 0,
    "milestones": [
        5
    ],
    "lr_decay_rate": 0.1,
    "clip_grad": 0,
    "batch_size": 64,
    "max_epochs": 10,
    "dataloader": "ltsf",
    "runner": "ltsf",
    "loss": "mse",
    "model_args": {
        "enc_in": 7,
        "seq_len": 336,
        "pred_len": 720,
        "individual": false
    }
}
==========================================================================================
Layer (type:depth-idx)                   Output Shape              Param #
==========================================================================================
DLinear                                  [64, 720, 7, 1]           --
├─series_decomp: 1-1                     [64, 336, 7]              --
│    └─moving_avg: 2-1                   [64, 336, 7]              --
│    │    └─AvgPool1d: 3-1               [64, 7, 336]              --
├─Linear: 1-2                            [64, 7, 720]              242,640
├─Linear: 1-3                            [64, 7, 720]              242,640
==========================================================================================
Total params: 485,280
Trainable params: 485,280
Non-trainable params: 0
Total mult-adds (M): 31.06
==========================================================================================
Input size (MB): 0.60
Forward/backward pass size (MB): 5.16
Params size (MB): 1.94
Estimated Total Size (MB): 7.70
==========================================================================================

Loss: MSELoss

2024-04-04 11:20:24.808278 Epoch 1  	Train Loss = 0.59028 Val Loss = 0.54223
2024-04-04 11:20:27.121540 Epoch 2  	Train Loss = 0.56813 Val Loss = 0.32125
2024-04-04 11:20:28.516148 Epoch 3  	Train Loss = 0.57826 Val Loss = 0.37717
2024-04-04 11:20:29.897090 Epoch 4  	Train Loss = 0.56737 Val Loss = 0.45010
2024-04-04 11:20:31.266196 Epoch 5  	Train Loss = 0.58053 Val Loss = 0.55976
2024-04-04 11:20:32.614153 Epoch 6  	Train Loss = 0.49279 Val Loss = 0.35930
2024-04-04 11:20:33.963821 Epoch 7  	Train Loss = 0.48971 Val Loss = 0.36135
2024-04-04 11:20:35.319478 Epoch 8  	Train Loss = 0.48613 Val Loss = 0.33955
2024-04-04 11:20:36.669089 Epoch 9  	Train Loss = 0.48785 Val Loss = 0.35417
2024-04-04 11:20:38.026671 Epoch 10  	Train Loss = 0.48985 Val Loss = 0.36953
Early stopping at epoch: 10
Best at epoch 2:
Train Loss = 0.56813
Train MSE = 0.53931, MAE = 0.43064
Val Loss = 0.32125
Val MSE = 0.32105, MAE = 0.39681
Model checkpoint saved to: ../saved_models/DLinear/DLinear-ETTM2-2024-04-04-11-20-20.pt
--------- Test ---------
All Steps (1-720) MSE = 0.46067, MAE = 0.45788
Inference time: 0.32 s
