ILI
Trainset:	x-(584, 96, 7, 1)	y-(584, 36, 7, 1)
Valset:  	x-(84, 96, 7, 1)  	y-(84, 36, 7, 1)
Testset:	x-(167, 96, 7, 1)	y-(167, 36, 7, 1)
INFO: Using scaled X and Y, only for LTSF!

Random seed = 233
--------- DLinear ---------
{
    "num_nodes": 7,
    "in_steps": 96,
    "out_steps": 36,
    "lr": 0.01,
    "weight_decay": 0,
    "milestones": [
        5
    ],
    "lr_decay_rate": 0.1,
    "clip_grad": 0,
    "batch_size": 64,
    "max_epochs": 10,
    "dataloader": "ltsf",
    "runner": "ltsf",
    "loss": "mse",
    "model_args": {
        "enc_in": 7,
        "seq_len": 96,
        "pred_len": 36,
        "individual": false
    }
}
==========================================================================================
Layer (type:depth-idx)                   Output Shape              Param #
==========================================================================================
DLinear                                  [64, 36, 7, 1]            --
├─series_decomp: 1-1                     [64, 96, 7]               --
│    └─moving_avg: 2-1                   [64, 96, 7]               --
│    │    └─AvgPool1d: 3-1               [64, 7, 96]               --
├─Linear: 1-2                            [64, 7, 36]               3,492
├─Linear: 1-3                            [64, 7, 36]               3,492
==========================================================================================
Total params: 6,984
Trainable params: 6,984
Non-trainable params: 0
Total mult-adds (M): 0.45
==========================================================================================
Input size (MB): 0.17
Forward/backward pass size (MB): 0.26
Params size (MB): 0.03
Estimated Total Size (MB): 0.46
==========================================================================================

Loss: MSELoss

2024-04-03 20:25:08.254536 Epoch 1  	Train Loss = 0.69592 Val Loss = 0.40855
2024-04-03 20:25:08.274141 Epoch 2  	Train Loss = 0.49630 Val Loss = 0.31731
2024-04-03 20:25:08.291406 Epoch 3  	Train Loss = 0.51053 Val Loss = 0.32458
2024-04-03 20:25:08.307984 Epoch 4  	Train Loss = 0.46642 Val Loss = 0.30300
2024-04-03 20:25:08.325073 Epoch 5  	Train Loss = 0.45752 Val Loss = 0.31657
2024-04-03 20:25:08.341405 Epoch 6  	Train Loss = 0.43482 Val Loss = 0.30795
2024-04-03 20:25:08.358087 Epoch 7  	Train Loss = 0.44556 Val Loss = 0.29917
2024-04-03 20:25:08.375316 Epoch 8  	Train Loss = 0.46151 Val Loss = 0.29107
2024-04-03 20:25:08.392157 Epoch 9  	Train Loss = 0.46905 Val Loss = 0.29070
2024-04-03 20:25:08.408997 Epoch 10  	Train Loss = 0.43278 Val Loss = 0.29470
Early stopping at epoch: 10
Best at epoch 9:
Train Loss = 0.46905
Train MSE = 0.44112, MAE = 0.39672
Val Loss = 0.29070
Val MSE = 0.28632, MAE = 0.35171
Model checkpoint saved to: ../saved_models/DLinear/DLinear-ILI-2024-04-03-20-25-07.pt
--------- Test ---------
All Steps (1-36) MSE = 2.38061, MAE = 1.07609
Inference time: 0.00 s
