ELECTRICITY
Trainset:	x-(18111, 336, 321, 1)	y-(18111, 96, 321, 1)
Valset:  	x-(2587, 336, 321, 1)  	y-(2587, 96, 321, 1)
Testset:	x-(5175, 336, 321, 1)	y-(5175, 96, 321, 1)
INFO: Using scaled X and Y for LTSF!

--------- DLinear ---------
{
    "num_nodes": 207,
    "in_steps": 336,
    "out_steps": 96,
    "lr": 0.001,
    "weight_decay": 0,
    "milestones": [
        10
    ],
    "lr_decay_rate": 0.1,
    "clip_grad": 0,
    "batch_size": 64,
    "max_epochs": 200,
    "runner": "ltsf",
    "loss": "mse",
    "model_args": {
        "seq_len": 336,
        "pred_len": 96,
        "individual": false,
        "enc_in": 207
    }
}
==========================================================================================
Layer (type:depth-idx)                   Output Shape              Param #
==========================================================================================
DLinear                                  [64, 96, 321, 1]          --
├─series_decomp: 1-1                     [64, 336, 321]            --
│    └─moving_avg: 2-1                   [64, 336, 321]            --
│    │    └─AvgPool1d: 3-1               [64, 321, 336]            --
├─Linear: 1-2                            [64, 321, 96]             32,352
├─Linear: 1-3                            [64, 321, 96]             32,352
==========================================================================================
Total params: 64,704
Trainable params: 64,704
Non-trainable params: 0
Total mult-adds (M): 4.14
==========================================================================================
Input size (MB): 27.61
Forward/backward pass size (MB): 31.56
Params size (MB): 0.26
Estimated Total Size (MB): 59.43
==========================================================================================

Loss: MSELoss

2024-03-31 20:32:59.935435 Epoch 1  	Train Loss = 0.19958 Val Loss = 0.13161
2024-03-31 20:33:03.861566 Epoch 2  	Train Loss = 0.14917 Val Loss = 0.12450
2024-03-31 20:33:07.742640 Epoch 3  	Train Loss = 0.14523 Val Loss = 0.12174
2024-03-31 20:33:11.469351 Epoch 4  	Train Loss = 0.14362 Val Loss = 0.12146
2024-03-31 20:33:15.386419 Epoch 5  	Train Loss = 0.14310 Val Loss = 0.12030
2024-03-31 20:33:19.483636 Epoch 6  	Train Loss = 0.14256 Val Loss = 0.12053
2024-03-31 20:33:23.316717 Epoch 7  	Train Loss = 0.14259 Val Loss = 0.11992
2024-03-31 20:33:27.208321 Epoch 8  	Train Loss = 0.14246 Val Loss = 0.11974
2024-03-31 20:33:31.223884 Epoch 9  	Train Loss = 0.14227 Val Loss = 0.11992
2024-03-31 20:33:35.201214 Epoch 10  	Train Loss = 0.14215 Val Loss = 0.12030
2024-03-31 20:33:39.140960 Epoch 11  	Train Loss = 0.14036 Val Loss = 0.11831
2024-03-31 20:33:43.121712 Epoch 12  	Train Loss = 0.14028 Val Loss = 0.11833
2024-03-31 20:33:47.157649 Epoch 13  	Train Loss = 0.14028 Val Loss = 0.11853
2024-03-31 20:33:51.231490 Epoch 14  	Train Loss = 0.14032 Val Loss = 0.11839
2024-03-31 20:33:55.435193 Epoch 15  	Train Loss = 0.14032 Val Loss = 0.11840
2024-03-31 20:33:59.535532 Epoch 16  	Train Loss = 0.14032 Val Loss = 0.11832
2024-03-31 20:34:03.486416 Epoch 17  	Train Loss = 0.14033 Val Loss = 0.11829
2024-03-31 20:34:07.410794 Epoch 18  	Train Loss = 0.14033 Val Loss = 0.11836
2024-03-31 20:34:11.366170 Epoch 19  	Train Loss = 0.14032 Val Loss = 0.11846
2024-03-31 20:34:15.294355 Epoch 20  	Train Loss = 0.14033 Val Loss = 0.11834
2024-03-31 20:34:19.159212 Epoch 21  	Train Loss = 0.14035 Val Loss = 0.11823
2024-03-31 20:34:22.908637 Epoch 22  	Train Loss = 0.14031 Val Loss = 0.11817
2024-03-31 20:34:26.768131 Epoch 23  	Train Loss = 0.14030 Val Loss = 0.11824
2024-03-31 20:34:30.706933 Epoch 24  	Train Loss = 0.14032 Val Loss = 0.11843
2024-03-31 20:34:34.645295 Epoch 25  	Train Loss = 0.14032 Val Loss = 0.11832
2024-03-31 20:34:38.479159 Epoch 26  	Train Loss = 0.14031 Val Loss = 0.11833
2024-03-31 20:34:42.431668 Epoch 27  	Train Loss = 0.14031 Val Loss = 0.11813
2024-03-31 20:34:46.557405 Epoch 28  	Train Loss = 0.14030 Val Loss = 0.11836
2024-03-31 20:34:50.711558 Epoch 29  	Train Loss = 0.14028 Val Loss = 0.11835
2024-03-31 20:34:54.800935 Epoch 30  	Train Loss = 0.14032 Val Loss = 0.11811
2024-03-31 20:34:58.928958 Epoch 31  	Train Loss = 0.14033 Val Loss = 0.11837
2024-03-31 20:35:02.859664 Epoch 32  	Train Loss = 0.14031 Val Loss = 0.11823
2024-03-31 20:35:06.902978 Epoch 33  	Train Loss = 0.14031 Val Loss = 0.11831
2024-03-31 20:35:10.828830 Epoch 34  	Train Loss = 0.14028 Val Loss = 0.11853
2024-03-31 20:35:14.957501 Epoch 35  	Train Loss = 0.14030 Val Loss = 0.11824
2024-03-31 20:35:19.131245 Epoch 36  	Train Loss = 0.14030 Val Loss = 0.11840
2024-03-31 20:35:23.213777 Epoch 37  	Train Loss = 0.14032 Val Loss = 0.11838
2024-03-31 20:35:27.231099 Epoch 38  	Train Loss = 0.14028 Val Loss = 0.11830
2024-03-31 20:35:31.238190 Epoch 39  	Train Loss = 0.14030 Val Loss = 0.11855
2024-03-31 20:35:35.012400 Epoch 40  	Train Loss = 0.14031 Val Loss = 0.11821
Early stopping at epoch: 40
Best at epoch 30:
Train Loss = 0.14032
Train MAE = 0.23803, MSE = 0.14024
Val Loss = 0.11811
Val MAE = 0.21343, MSE = 0.11864
--------- Test ---------
All Steps (1-96) MAE = 0.23693, MSE = 0.13989
Inference time: 1.22 s
