ETTH2
Trainset:	x-(7969, 336, 7, 1)	y-(7969, 336, 7, 1)
Valset:  	x-(2545, 336, 7, 1)  	y-(2545, 336, 7, 1)
Testset:	x-(2545, 336, 7, 1)	y-(2545, 336, 7, 1)
INFO: Using scaled X and Y, only for LTSF!

Random seed = 233
--------- DLinear ---------
{
    "num_nodes": 7,
    "in_steps": 336,
    "out_steps": 336,
    "lr": 0.01,
    "weight_decay": 0,
    "milestones": [
        5
    ],
    "lr_decay_rate": 0.1,
    "clip_grad": 0,
    "batch_size": 64,
    "max_epochs": 10,
    "dataloader": "ltsf",
    "runner": "ltsf",
    "loss": "mse",
    "model_args": {
        "enc_in": 7,
        "seq_len": 336,
        "pred_len": 336,
        "individual": false
    }
}
==========================================================================================
Layer (type:depth-idx)                   Output Shape              Param #
==========================================================================================
DLinear                                  [64, 336, 7, 1]           --
├─series_decomp: 1-1                     [64, 336, 7]              --
│    └─moving_avg: 2-1                   [64, 336, 7]              --
│    │    └─AvgPool1d: 3-1               [64, 7, 336]              --
├─Linear: 1-2                            [64, 7, 336]              113,232
├─Linear: 1-3                            [64, 7, 336]              113,232
==========================================================================================
Total params: 226,464
Trainable params: 226,464
Non-trainable params: 0
Total mult-adds (M): 14.49
==========================================================================================
Input size (MB): 0.60
Forward/backward pass size (MB): 2.41
Params size (MB): 0.91
Estimated Total Size (MB): 3.92
==========================================================================================

Loss: MSELoss

2024-04-17 10:50:19.284944 Epoch 1  	Train Loss = 0.77197 Val Loss = 0.54209
2024-04-17 10:50:19.563222 Epoch 2  	Train Loss = 0.62897 Val Loss = 0.48080
2024-04-17 10:50:19.842920 Epoch 3  	Train Loss = 0.64064 Val Loss = 0.52250
2024-04-17 10:50:20.121837 Epoch 4  	Train Loss = 0.64657 Val Loss = 0.43765
2024-04-17 10:50:20.403203 Epoch 5  	Train Loss = 0.64949 Val Loss = 0.44450
2024-04-17 10:50:20.682748 Epoch 6  	Train Loss = 0.58443 Val Loss = 0.39650
2024-04-17 10:50:20.965680 Epoch 7  	Train Loss = 0.57235 Val Loss = 0.42006
2024-04-17 10:50:21.246599 Epoch 8  	Train Loss = 0.57110 Val Loss = 0.43400
2024-04-17 10:50:21.523596 Epoch 9  	Train Loss = 0.57225 Val Loss = 0.42382
2024-04-17 10:50:21.803821 Epoch 10  	Train Loss = 0.57208 Val Loss = 0.42960
Early stopping at epoch: 10
Best at epoch 6:
Train Loss = 0.58443
Train MSE = 0.57006, MAE = 0.44971
Val Loss = 0.39650
Val MSE = 0.39607, MAE = 0.43760
Model checkpoint saved to: ../saved_models/DLinear/DLinear-ETTH2-2024-04-17-10-50-17.pt
--------- Test ---------
All Steps (1-336) MSE = 0.43260, MAE = 0.45063
Inference time: 0.06 s
