WEATHER
Trainset:	x-(36418, 336, 21, 1)	y-(36418, 336, 21, 1)
Valset:  	x-(5202, 336, 21, 1)  	y-(5202, 336, 21, 1)
Testset:	x-(10405, 336, 21, 1)	y-(10405, 336, 21, 1)
INFO: Using scaled X and Y, only for LTSF!

--------- DLinear ---------
{
    "num_nodes": 21,
    "in_steps": 336,
    "out_steps": 336,
    "lr": 0.001,
    "weight_decay": 0,
    "milestones": [
        5
    ],
    "lr_decay_rate": 0.1,
    "clip_grad": 0,
    "batch_size": 64,
    "max_epochs": 10,
    "dataloader": "ltsf",
    "runner": "ltsf",
    "loss": "mse",
    "model_args": {
        "enc_in": 21,
        "seq_len": 336,
        "pred_len": 336,
        "individual": false
    }
}
==========================================================================================
Layer (type:depth-idx)                   Output Shape              Param #
==========================================================================================
DLinear                                  [64, 336, 21, 1]          --
├─series_decomp: 1-1                     [64, 336, 21]             --
│    └─moving_avg: 2-1                   [64, 336, 21]             --
│    │    └─AvgPool1d: 3-1               [64, 21, 336]             --
├─Linear: 1-2                            [64, 21, 336]             113,232
├─Linear: 1-3                            [64, 21, 336]             113,232
==========================================================================================
Total params: 226,464
Trainable params: 226,464
Non-trainable params: 0
Total mult-adds (M): 14.49
==========================================================================================
Input size (MB): 1.81
Forward/backward pass size (MB): 7.23
Params size (MB): 0.91
Estimated Total Size (MB): 9.94
==========================================================================================

Loss: MSELoss

2024-04-01 17:00:30.047173 Epoch 1  	Train Loss = 0.56381 Val Loss = 0.52646
2024-04-01 17:00:31.838390 Epoch 2  	Train Loss = 0.54933 Val Loss = 0.53087
2024-04-01 17:00:33.635552 Epoch 3  	Train Loss = 0.54960 Val Loss = 0.52834
2024-04-01 17:00:35.362874 Epoch 4  	Train Loss = 0.54923 Val Loss = 0.54181
2024-04-01 17:00:37.212083 Epoch 5  	Train Loss = 0.54940 Val Loss = 0.53976
2024-04-01 17:00:38.742982 Epoch 6  	Train Loss = 0.54381 Val Loss = 0.52598
2024-04-01 17:00:40.305980 Epoch 7  	Train Loss = 0.54234 Val Loss = 0.52540
2024-04-01 17:00:41.830875 Epoch 8  	Train Loss = 0.54187 Val Loss = 0.52449
2024-04-01 17:00:43.641905 Epoch 9  	Train Loss = 0.54238 Val Loss = 0.52669
2024-04-01 17:00:45.297953 Epoch 10  	Train Loss = 0.54194 Val Loss = 0.52754
Early stopping at epoch: 10
Best at epoch 8:
Train Loss = 0.54187
Train MSE = 0.54174, MAE = 0.40095
Val Loss = 0.52449
Val MSE = 0.52757, MAE = 0.38902
--------- Test ---------
All Steps (1-336) MSE = 0.26030, MAE = 0.31244
Inference time: 0.44 s
