ETTH2
Trainset:	x-(10193, 336, 7, 1)	y-(10193, 96, 7, 1)
Valset:  	x-(3398, 336, 7, 1)  	y-(3398, 96, 7, 1)
Testset:	x-(3398, 336, 7, 1)	y-(3398, 96, 7, 1)
INFO: Using scaled X and Y, only for LTSF!

Random seed = 233
--------- DLinear ---------
{
    "num_nodes": 7,
    "in_steps": 336,
    "out_steps": 96,
    "lr": 0.01,
    "weight_decay": 0,
    "milestones": [
        5
    ],
    "lr_decay_rate": 0.1,
    "clip_grad": 0,
    "batch_size": 64,
    "max_epochs": 10,
    "dataloader": "ltsf",
    "runner": "ltsf",
    "loss": "mse",
    "model_args": {
        "enc_in": 7,
        "seq_len": 336,
        "pred_len": 96,
        "individual": false
    }
}
==========================================================================================
Layer (type:depth-idx)                   Output Shape              Param #
==========================================================================================
DLinear                                  [64, 96, 7, 1]            --
├─series_decomp: 1-1                     [64, 336, 7]              --
│    └─moving_avg: 2-1                   [64, 336, 7]              --
│    │    └─AvgPool1d: 3-1               [64, 7, 336]              --
├─Linear: 1-2                            [64, 7, 96]               32,352
├─Linear: 1-3                            [64, 7, 96]               32,352
==========================================================================================
Total params: 64,704
Trainable params: 64,704
Non-trainable params: 0
Total mult-adds (M): 4.14
==========================================================================================
Input size (MB): 0.60
Forward/backward pass size (MB): 0.69
Params size (MB): 0.26
Estimated Total Size (MB): 1.55
==========================================================================================

Loss: MSELoss

2024-04-03 20:34:32.750163 Epoch 1  	Train Loss = 0.54417 Val Loss = 0.29477
2024-04-03 20:34:33.057453 Epoch 2  	Train Loss = 0.42989 Val Loss = 0.35064
2024-04-03 20:34:33.362442 Epoch 3  	Train Loss = 0.43942 Val Loss = 0.58570
2024-04-03 20:34:33.671619 Epoch 4  	Train Loss = 0.45102 Val Loss = 0.31895
2024-04-03 20:34:33.976795 Epoch 5  	Train Loss = 0.45320 Val Loss = 0.41607
2024-04-03 20:34:34.283549 Epoch 6  	Train Loss = 0.38558 Val Loss = 0.25939
2024-04-03 20:34:34.589157 Epoch 7  	Train Loss = 0.38127 Val Loss = 0.32274
2024-04-03 20:34:34.896183 Epoch 8  	Train Loss = 0.38165 Val Loss = 0.27421
2024-04-03 20:34:35.205099 Epoch 9  	Train Loss = 0.37786 Val Loss = 0.31578
2024-04-03 20:34:35.513678 Epoch 10  	Train Loss = 0.37853 Val Loss = 0.30889
Early stopping at epoch: 10
Best at epoch 6:
Train Loss = 0.38558
Train MSE = 0.37792, MAE = 0.35559
Val Loss = 0.25939
Val MSE = 0.26080, MAE = 0.33463
Model checkpoint saved to: ../saved_models/DLinear/DLinear-ETTH2-2024-04-03-20-34-31.pt
--------- Test ---------
All Steps (1-96) MSE = 0.21769, MAE = 0.31539
Inference time: 0.05 s
