TRAFFIC
Trainset:	x-(11912, 336, 862, 1)	y-(11912, 192, 862, 1)
Valset:  	x-(1702, 336, 862, 1)  	y-(1702, 192, 862, 1)
Testset:	x-(3403, 336, 862, 1)	y-(3403, 192, 862, 1)
INFO: Using scaled X and Y, only for LTSF!

Random seed = 233
--------- DLinear ---------
{
    "num_nodes": 862,
    "in_steps": 336,
    "out_steps": 192,
    "lr": 0.001,
    "weight_decay": 0,
    "milestones": [
        5
    ],
    "lr_decay_rate": 0.1,
    "clip_grad": 0,
    "batch_size": 64,
    "max_epochs": 10,
    "dataloader": "ltsf",
    "runner": "ltsf",
    "loss": "mse",
    "model_args": {
        "enc_in": 862,
        "seq_len": 336,
        "pred_len": 192,
        "individual": false
    }
}
==========================================================================================
Layer (type:depth-idx)                   Output Shape              Param #
==========================================================================================
DLinear                                  [64, 192, 862, 1]         --
├─series_decomp: 1-1                     [64, 336, 862]            --
│    └─moving_avg: 2-1                   [64, 336, 862]            --
│    │    └─AvgPool1d: 3-1               [64, 862, 336]            --
├─Linear: 1-2                            [64, 862, 192]            64,704
├─Linear: 1-3                            [64, 862, 192]            64,704
==========================================================================================
Total params: 129,408
Trainable params: 129,408
Non-trainable params: 0
Total mult-adds (M): 8.28
==========================================================================================
Input size (MB): 74.15
Forward/backward pass size (MB): 169.48
Params size (MB): 0.52
Estimated Total Size (MB): 244.14
==========================================================================================

Loss: MSELoss

2024-04-03 18:21:17.932694 Epoch 1  	Train Loss = 0.35916 Val Loss = 0.37879
2024-04-03 18:21:32.544775 Epoch 2  	Train Loss = 0.26929 Val Loss = 0.35887
2024-04-03 18:21:46.910230 Epoch 3  	Train Loss = 0.26146 Val Loss = 0.35290
2024-04-03 18:22:01.129366 Epoch 4  	Train Loss = 0.25861 Val Loss = 0.35215
2024-04-03 18:22:16.813952 Epoch 5  	Train Loss = 0.25716 Val Loss = 0.35037
2024-04-03 18:22:31.545628 Epoch 6  	Train Loss = 0.25447 Val Loss = 0.34722
2024-04-03 18:22:45.765933 Epoch 7  	Train Loss = 0.25414 Val Loss = 0.34685
2024-04-03 18:22:59.651390 Epoch 8  	Train Loss = 0.25411 Val Loss = 0.34707
2024-04-03 18:23:12.710622 Epoch 9  	Train Loss = 0.25410 Val Loss = 0.34658
2024-04-03 18:23:26.090684 Epoch 10  	Train Loss = 0.25413 Val Loss = 0.34682
Early stopping at epoch: 10
Best at epoch 9:
Train Loss = 0.25410
Train MSE = 0.25385, MAE = 0.24073
Val Loss = 0.34658
Val MSE = 0.34686, MAE = 0.24892
Model checkpoint saved to: ../saved_models/DLinear/DLinear-TRAFFIC-2024-04-03-18-20-11.pt
--------- Test ---------
All Steps (1-192) MSE = 0.42340, MAE = 0.28960
Inference time: 7.77 s
