WEATHER
Trainset:	x-(36456, 336, 21, 1)	y-(36456, 96, 21, 1)
Valset:  	x-(5175, 336, 21, 1)  	y-(5175, 96, 21, 1)
Testset:	x-(10444, 336, 21, 1)	y-(10444, 96, 21, 1)
INFO: Using scaled X and Y, only for LTSF!

Random seed = 233
--------- DLinear ---------
{
    "num_nodes": 21,
    "in_steps": 336,
    "out_steps": 96,
    "lr": 0.001,
    "weight_decay": 0,
    "milestones": [
        5
    ],
    "lr_decay_rate": 0.1,
    "clip_grad": 0,
    "batch_size": 64,
    "max_epochs": 10,
    "dataloader": "ltsf",
    "runner": "ltsf",
    "loss": "mse",
    "model_args": {
        "enc_in": 21,
        "seq_len": 336,
        "pred_len": 96,
        "individual": false
    }
}
==========================================================================================
Layer (type:depth-idx)                   Output Shape              Param #
==========================================================================================
DLinear                                  [64, 96, 21, 1]           --
├─series_decomp: 1-1                     [64, 336, 21]             --
│    └─moving_avg: 2-1                   [64, 336, 21]             --
│    │    └─AvgPool1d: 3-1               [64, 21, 336]             --
├─Linear: 1-2                            [64, 21, 96]              32,352
├─Linear: 1-3                            [64, 21, 96]              32,352
==========================================================================================
Total params: 64,704
Trainable params: 64,704
Non-trainable params: 0
Total mult-adds (M): 4.14
==========================================================================================
Input size (MB): 1.81
Forward/backward pass size (MB): 2.06
Params size (MB): 0.26
Estimated Total Size (MB): 4.13
==========================================================================================

Loss: MSELoss

2024-04-17 10:47:29.411892 Epoch 1  	Train Loss = 0.47479 Val Loss = 0.42751
2024-04-17 10:47:30.620003 Epoch 2  	Train Loss = 0.45754 Val Loss = 0.42391
2024-04-17 10:47:31.824579 Epoch 3  	Train Loss = 0.45761 Val Loss = 0.43284
2024-04-17 10:47:33.025235 Epoch 4  	Train Loss = 0.45821 Val Loss = 0.42612
2024-04-17 10:47:34.217269 Epoch 5  	Train Loss = 0.45857 Val Loss = 0.43002
2024-04-17 10:47:35.416264 Epoch 6  	Train Loss = 0.45196 Val Loss = 0.42439
2024-04-17 10:47:36.625873 Epoch 7  	Train Loss = 0.45085 Val Loss = 0.42445
2024-04-17 10:47:37.829322 Epoch 8  	Train Loss = 0.45079 Val Loss = 0.42337
2024-04-17 10:47:39.030333 Epoch 9  	Train Loss = 0.45063 Val Loss = 0.42444
2024-04-17 10:47:40.223010 Epoch 10  	Train Loss = 0.45065 Val Loss = 0.42347
Early stopping at epoch: 10
Best at epoch 8:
Train Loss = 0.45079
Train MSE = 0.44994, MAE = 0.32944
Val Loss = 0.42337
Val MSE = 0.42392, MAE = 0.30403
Model checkpoint saved to: ../saved_models/DLinear/DLinear-WEATHER-2024-04-17-10-47-25.pt
--------- Test ---------
All Steps (1-96) MSE = 0.17425, MAE = 0.23469
Inference time: 0.24 s
