WEATHER
Trainset:	x-(36149, 336, 21, 1)	y-(36149, 720, 21, 1)
Valset:  	x-(5164, 336, 21, 1)  	y-(5164, 720, 21, 1)
Testset:	x-(10328, 336, 21, 1)	y-(10328, 720, 21, 1)
INFO: Using scaled X and Y, only for LTSF!

--------- DLinear ---------
{
    "num_nodes": 21,
    "in_steps": 336,
    "out_steps": 720,
    "lr": 0.001,
    "weight_decay": 0,
    "milestones": [
        5
    ],
    "lr_decay_rate": 0.1,
    "clip_grad": 0,
    "batch_size": 64,
    "max_epochs": 10,
    "dataloader": "ltsf",
    "runner": "ltsf",
    "loss": "mse",
    "model_args": {
        "enc_in": 21,
        "seq_len": 336,
        "pred_len": 720,
        "individual": false
    }
}
==========================================================================================
Layer (type:depth-idx)                   Output Shape              Param #
==========================================================================================
DLinear                                  [64, 720, 21, 1]          --
├─series_decomp: 1-1                     [64, 336, 21]             --
│    └─moving_avg: 2-1                   [64, 336, 21]             --
│    │    └─AvgPool1d: 3-1               [64, 21, 336]             --
├─Linear: 1-2                            [64, 21, 720]             242,640
├─Linear: 1-3                            [64, 21, 720]             242,640
==========================================================================================
Total params: 485,280
Trainable params: 485,280
Non-trainable params: 0
Total mult-adds (M): 31.06
==========================================================================================
Input size (MB): 1.81
Forward/backward pass size (MB): 15.48
Params size (MB): 1.94
Estimated Total Size (MB): 19.23
==========================================================================================

Loss: MSELoss

2024-04-01 17:00:39.688155 Epoch 1  	Train Loss = 0.61504 Val Loss = 0.59535
2024-04-01 17:00:41.727969 Epoch 2  	Train Loss = 0.60062 Val Loss = 0.60374
2024-04-01 17:00:44.322692 Epoch 3  	Train Loss = 0.60091 Val Loss = 0.58891
2024-04-01 17:00:46.528273 Epoch 4  	Train Loss = 0.60075 Val Loss = 0.59834
2024-04-01 17:00:49.066628 Epoch 5  	Train Loss = 0.60097 Val Loss = 0.59469
2024-04-01 17:00:51.692432 Epoch 6  	Train Loss = 0.59475 Val Loss = 0.58563
2024-04-01 17:00:54.252677 Epoch 7  	Train Loss = 0.59394 Val Loss = 0.58938
2024-04-01 17:00:56.560657 Epoch 8  	Train Loss = 0.59388 Val Loss = 0.59059
2024-04-01 17:00:58.444273 Epoch 9  	Train Loss = 0.59366 Val Loss = 0.58798
2024-04-01 17:01:00.308083 Epoch 10  	Train Loss = 0.59376 Val Loss = 0.58571
Early stopping at epoch: 10
Best at epoch 6:
Train Loss = 0.59475
Train MSE = 0.59365, MAE = 0.43636
Val Loss = 0.58563
Val MSE = 0.58633, MAE = 0.43623
--------- Test ---------
All Steps (1-720) MSE = 0.32437, MAE = 0.36554
Inference time: 0.60 s
