ETTM1
Trainset:	x-(41549, 336, 7, 1)	y-(41549, 96, 7, 1)
Valset:  	x-(13850, 336, 7, 1)  	y-(13850, 96, 7, 1)
Testset:	x-(13850, 336, 7, 1)	y-(13850, 96, 7, 1)
INFO: Using scaled X and Y, only for LTSF!

Random seed = 233
--------- DLinear ---------
{
    "num_nodes": 7,
    "in_steps": 336,
    "out_steps": 96,
    "lr": 0.001,
    "weight_decay": 0,
    "milestones": [
        5
    ],
    "lr_decay_rate": 0.1,
    "clip_grad": 0,
    "batch_size": 64,
    "max_epochs": 10,
    "dataloader": "ltsf",
    "runner": "ltsf",
    "loss": "mse",
    "model_args": {
        "enc_in": 7,
        "seq_len": 336,
        "pred_len": 96,
        "individual": false
    }
}
==========================================================================================
Layer (type:depth-idx)                   Output Shape              Param #
==========================================================================================
DLinear                                  [64, 96, 7, 1]            --
├─series_decomp: 1-1                     [64, 336, 7]              --
│    └─moving_avg: 2-1                   [64, 336, 7]              --
│    │    └─AvgPool1d: 3-1               [64, 7, 336]              --
├─Linear: 1-2                            [64, 7, 96]               32,352
├─Linear: 1-3                            [64, 7, 96]               32,352
==========================================================================================
Total params: 64,704
Trainable params: 64,704
Non-trainable params: 0
Total mult-adds (M): 4.14
==========================================================================================
Input size (MB): 0.60
Forward/backward pass size (MB): 0.69
Params size (MB): 0.26
Estimated Total Size (MB): 1.55
==========================================================================================

Loss: MSELoss

2024-04-03 20:39:00.213855 Epoch 1  	Train Loss = 0.26676 Val Loss = 0.26471
2024-04-03 20:39:01.452333 Epoch 2  	Train Loss = 0.25350 Val Loss = 0.27024
2024-04-03 20:39:02.688978 Epoch 3  	Train Loss = 0.25377 Val Loss = 0.26845
2024-04-03 20:39:03.933268 Epoch 4  	Train Loss = 0.25357 Val Loss = 0.26696
2024-04-03 20:39:05.208599 Epoch 5  	Train Loss = 0.25387 Val Loss = 0.26962
2024-04-03 20:39:06.482588 Epoch 6  	Train Loss = 0.24942 Val Loss = 0.26241
2024-04-03 20:39:07.757955 Epoch 7  	Train Loss = 0.24909 Val Loss = 0.26214
2024-04-03 20:39:09.054949 Epoch 8  	Train Loss = 0.24895 Val Loss = 0.26221
2024-04-03 20:39:10.324357 Epoch 9  	Train Loss = 0.24904 Val Loss = 0.26233
2024-04-03 20:39:11.595198 Epoch 10  	Train Loss = 0.24887 Val Loss = 0.26325
Early stopping at epoch: 10
Best at epoch 7:
Train Loss = 0.24909
Train MSE = 0.24860, MAE = 0.33736
Val Loss = 0.26214
Val MSE = 0.26177, MAE = 0.33079
Model checkpoint saved to: ../saved_models/DLinear/DLinear-ETTM1-2024-04-03-20-38-57.pt
--------- Test ---------
All Steps (1-96) MSE = 0.33681, MAE = 0.37227
Inference time: 0.20 s
