ELECTRICITY
Trainset:	x-(17943, 336, 321, 1)	y-(17943, 336, 321, 1)
Valset:  	x-(2563, 336, 321, 1)  	y-(2563, 336, 321, 1)
Testset:	x-(5127, 336, 321, 1)	y-(5127, 336, 321, 1)
INFO: Using scaled X and Y for LTSF!

--------- DLinear ---------
{
    "num_nodes": 207,
    "in_steps": 336,
    "out_steps": 336,
    "lr": 0.001,
    "weight_decay": 0,
    "milestones": [
        5
    ],
    "lr_decay_rate": 0.1,
    "clip_grad": 0,
    "batch_size": 64,
    "max_epochs": 10,
    "runner": "ltsf",
    "loss": "mse",
    "model_args": {
        "seq_len": 336,
        "pred_len": 336,
        "individual": false,
        "enc_in": 207
    }
}
==========================================================================================
Layer (type:depth-idx)                   Output Shape              Param #
==========================================================================================
DLinear                                  [64, 336, 321, 1]         --
├─series_decomp: 1-1                     [64, 336, 321]            --
│    └─moving_avg: 2-1                   [64, 336, 321]            --
│    │    └─AvgPool1d: 3-1               [64, 321, 336]            --
├─Linear: 1-2                            [64, 321, 336]            113,232
├─Linear: 1-3                            [64, 321, 336]            113,232
==========================================================================================
Total params: 226,464
Trainable params: 226,464
Non-trainable params: 0
Total mult-adds (M): 14.49
==========================================================================================
Input size (MB): 27.61
Forward/backward pass size (MB): 110.44
Params size (MB): 0.91
Estimated Total Size (MB): 138.96
==========================================================================================

Loss: MSELoss

2024-03-31 20:48:03.452374 Epoch 1  	Train Loss = 0.23172 Val Loss = 0.15743
2024-03-31 20:48:10.483785 Epoch 2  	Train Loss = 0.18383 Val Loss = 0.15028
2024-03-31 20:48:19.350542 Epoch 3  	Train Loss = 0.18008 Val Loss = 0.14891
2024-03-31 20:48:26.029384 Epoch 4  	Train Loss = 0.17863 Val Loss = 0.14774
2024-03-31 20:48:32.598988 Epoch 5  	Train Loss = 0.17785 Val Loss = 0.14699
2024-03-31 20:48:40.268181 Epoch 6  	Train Loss = 0.17567 Val Loss = 0.14533
2024-03-31 20:48:48.436067 Epoch 7  	Train Loss = 0.17560 Val Loss = 0.14527
2024-03-31 20:48:56.738257 Epoch 8  	Train Loss = 0.17550 Val Loss = 0.14523
2024-03-31 20:49:05.521073 Epoch 9  	Train Loss = 0.17547 Val Loss = 0.14523
2024-03-31 20:49:13.599181 Epoch 10  	Train Loss = 0.17551 Val Loss = 0.14496
Early stopping at epoch: 10
Best at epoch 10:
Train Loss = 0.17551
Train MAE = 0.26858, MSE = 0.17542
Val Loss = 0.14496
Val MAE = 0.24164, MSE = 0.14438
--------- Test ---------
All Steps (1-336) MAE = 0.26642, MSE = 0.16774
Inference time: 6.87 s
