TRAFFIC
Trainset:	x-(11753, 336, 862, 1)	y-(11753, 192, 862, 1)
Valset:  	x-(1565, 336, 862, 1)  	y-(1565, 192, 862, 1)
Testset:	x-(3317, 336, 862, 1)	y-(3317, 192, 862, 1)
INFO: Using scaled X and Y, only for LTSF!

Random seed = 233
--------- DLinear ---------
{
    "num_nodes": 862,
    "in_steps": 336,
    "out_steps": 192,
    "lr": 0.001,
    "weight_decay": 0,
    "milestones": [
        5
    ],
    "lr_decay_rate": 0.1,
    "clip_grad": 0,
    "batch_size": 64,
    "max_epochs": 10,
    "dataloader": "ltsf",
    "runner": "ltsf",
    "loss": "mse",
    "model_args": {
        "enc_in": 862,
        "seq_len": 336,
        "pred_len": 192,
        "individual": false
    }
}
==========================================================================================
Layer (type:depth-idx)                   Output Shape              Param #
==========================================================================================
DLinear                                  [64, 192, 862, 1]         --
├─series_decomp: 1-1                     [64, 336, 862]            --
│    └─moving_avg: 2-1                   [64, 336, 862]            --
│    │    └─AvgPool1d: 3-1               [64, 862, 336]            --
├─Linear: 1-2                            [64, 862, 192]            64,704
├─Linear: 1-3                            [64, 862, 192]            64,704
==========================================================================================
Total params: 129,408
Trainable params: 129,408
Non-trainable params: 0
Total mult-adds (M): 8.28
==========================================================================================
Input size (MB): 74.15
Forward/backward pass size (MB): 169.48
Params size (MB): 0.52
Estimated Total Size (MB): 244.14
==========================================================================================

Loss: MSELoss

2024-04-17 10:57:35.091588 Epoch 1  	Train Loss = 0.36154 Val Loss = 0.38233
2024-04-17 10:57:46.837334 Epoch 2  	Train Loss = 0.26939 Val Loss = 0.36201
2024-04-17 10:57:58.963161 Epoch 3  	Train Loss = 0.26093 Val Loss = 0.35774
2024-04-17 10:58:11.610614 Epoch 4  	Train Loss = 0.25802 Val Loss = 0.35511
2024-04-17 10:58:24.219090 Epoch 5  	Train Loss = 0.25666 Val Loss = 0.35438
2024-04-17 10:58:36.327106 Epoch 6  	Train Loss = 0.25401 Val Loss = 0.35080
2024-04-17 10:58:48.511944 Epoch 7  	Train Loss = 0.25368 Val Loss = 0.35144
2024-04-17 10:59:01.293651 Epoch 8  	Train Loss = 0.25366 Val Loss = 0.35108
2024-04-17 10:59:13.481156 Epoch 9  	Train Loss = 0.25361 Val Loss = 0.35101
2024-04-17 10:59:25.702407 Epoch 10  	Train Loss = 0.25351 Val Loss = 0.35105
Early stopping at epoch: 10
Best at epoch 6:
Train Loss = 0.25401
Train MSE = 0.25362, MAE = 0.24159
Val Loss = 0.35080
Val MSE = 0.35129, MAE = 0.25073
Model checkpoint saved to: ../saved_models/DLinear/DLinear-TRAFFIC-2024-04-17-10-56-38.pt
--------- Test ---------
All Steps (1-192) MSE = 0.42967, MAE = 0.29274
Inference time: 6.22 s
