ETTM2
Trainset:	x-(33889, 336, 7, 1)	y-(33889, 336, 7, 1)
Valset:  	x-(11185, 336, 7, 1)  	y-(11185, 336, 7, 1)
Testset:	x-(11185, 336, 7, 1)	y-(11185, 336, 7, 1)
INFO: Using scaled X and Y, only for LTSF!

Random seed = 233
--------- DLinear ---------
{
    "num_nodes": 7,
    "in_steps": 336,
    "out_steps": 336,
    "lr": 0.01,
    "weight_decay": 0,
    "milestones": [
        5
    ],
    "lr_decay_rate": 0.1,
    "clip_grad": 0,
    "batch_size": 64,
    "max_epochs": 10,
    "dataloader": "ltsf",
    "runner": "ltsf",
    "loss": "mse",
    "model_args": {
        "enc_in": 7,
        "seq_len": 336,
        "pred_len": 336,
        "individual": false
    }
}
==========================================================================================
Layer (type:depth-idx)                   Output Shape              Param #
==========================================================================================
DLinear                                  [64, 336, 7, 1]           --
├─series_decomp: 1-1                     [64, 336, 7]              --
│    └─moving_avg: 2-1                   [64, 336, 7]              --
│    │    └─AvgPool1d: 3-1               [64, 7, 336]              --
├─Linear: 1-2                            [64, 7, 336]              113,232
├─Linear: 1-3                            [64, 7, 336]              113,232
==========================================================================================
Total params: 226,464
Trainable params: 226,464
Non-trainable params: 0
Total mult-adds (M): 14.49
==========================================================================================
Input size (MB): 0.60
Forward/backward pass size (MB): 2.41
Params size (MB): 0.91
Estimated Total Size (MB): 3.92
==========================================================================================

Loss: MSELoss

2024-04-17 10:52:40.710511 Epoch 1  	Train Loss = 0.48622 Val Loss = 0.30008
2024-04-17 10:52:42.234722 Epoch 2  	Train Loss = 0.45661 Val Loss = 0.32960
2024-04-17 10:52:43.999723 Epoch 3  	Train Loss = 0.45264 Val Loss = 0.28342
2024-04-17 10:52:45.628140 Epoch 4  	Train Loss = 0.45779 Val Loss = 0.26058
2024-04-17 10:52:46.911670 Epoch 5  	Train Loss = 0.45955 Val Loss = 0.30532
2024-04-17 10:52:48.202150 Epoch 6  	Train Loss = 0.38391 Val Loss = 0.21419
2024-04-17 10:52:49.594737 Epoch 7  	Train Loss = 0.37878 Val Loss = 0.23181
2024-04-17 10:52:51.104944 Epoch 8  	Train Loss = 0.37990 Val Loss = 0.27188
2024-04-17 10:52:52.675299 Epoch 9  	Train Loss = 0.38034 Val Loss = 0.21592
2024-04-17 10:52:53.888222 Epoch 10  	Train Loss = 0.38190 Val Loss = 0.23802
Early stopping at epoch: 10
Best at epoch 6:
Train Loss = 0.38391
Train MSE = 0.37439, MAE = 0.34748
Val Loss = 0.21419
Val MSE = 0.21429, MAE = 0.32305
Model checkpoint saved to: ../saved_models/DLinear/DLinear-ETTM2-2024-04-17-10-52-37.pt
--------- Test ---------
All Steps (1-336) MSE = 0.29931, MAE = 0.36066
Inference time: 0.26 s
