METRLA
Trainset:	x-(23974, 12, 207, 3)	y-(23974, 12, 207, 1)
Valset:  	x-(3425, 12, 207, 3)  	y-(3425, 12, 207, 1)
Testset:	x-(6850, 12, 207, 3)	y-(6850, 12, 207, 1)

--------- STMetaLSTM ---------
{
    "num_nodes": 207,
    "in_steps": 12,
    "out_steps": 12,
    "time_of_day": true,
    "day_of_week": true,
    "lr": 0.001,
    "weight_decay": 0,
    "milestones": [
        10,
        40
    ],
    "clip_grad": false,
    "batch_size": 64,
    "max_epochs": 200,
    "use_cl": false,
    "pass_device": true,
    "model_args": {
        "num_nodes": 207,
        "node_emb_file": "../data/METRLA/spatial_embeddings.npz",
        "in_steps": 12,
        "out_steps": 12,
        "input_dim": 1,
        "output_dim": 1,
        "lstm_hidden_dim": 32,
        "tod_embedding_dim": 24,
        "dow_embedding_dim": 7,
        "node_embedding_dim": 64,
        "learner_hidden_dim": 96,
        "z_dim": 32,
        "num_layers": 3,
        "seq2seq": false,
        "device": "cuda:0"
    }
}
==========================================================================================
Layer (type:depth-idx)                   Output Shape              Param #
==========================================================================================
STMetaLSTM                               [64, 12, 207, 1]          13,248
├─Sequential: 1-1                        [64, 207, 32]             --
│    └─Linear: 2-1                       [64, 207, 32]             416
│    └─Tanh: 2-2                         [64, 207, 32]             --
│    └─Linear: 2-3                       [64, 207, 32]             1,056
│    └─Tanh: 2-4                         [64, 207, 32]             --
│    └─Linear: 2-5                       [64, 207, 32]             1,056
├─Sequential: 1-2                        [64, 207, 32]             --
│    └─Linear: 2-6                       [64, 207, 32]             416
│    └─Tanh: 2-7                         [64, 207, 32]             --
│    └─Linear: 2-8                       [64, 207, 32]             1,056
│    └─Tanh: 2-9                         [64, 207, 32]             --
│    └─Linear: 2-10                      [64, 207, 32]             1,056
├─ModuleList: 1-3                        --                        --
│    └─STMetaLSTMEncoder: 2-11           [64, 12, 207, 32]         --
│    │    └─Sequential: 3-1              [64, 207, 128]            24,704
│    │    └─Sequential: 3-2              [64, 207, 4096]           409,600
│    │    └─Sequential: 3-3              [64, 207, 128]            24,704
│    │    └─STMetaLSTMCell: 3-4          [64, 207, 32]             --
│    │    └─STMetaLSTMCell: 3-5          [64, 207, 32]             --
│    │    └─STMetaLSTMCell: 3-6          [64, 207, 32]             --
│    │    └─STMetaLSTMCell: 3-7          [64, 207, 32]             --
│    │    └─STMetaLSTMCell: 3-8          [64, 207, 32]             --
│    │    └─STMetaLSTMCell: 3-9          [64, 207, 32]             --
│    │    └─STMetaLSTMCell: 3-10         [64, 207, 32]             --
│    │    └─STMetaLSTMCell: 3-11         [64, 207, 32]             --
│    │    └─STMetaLSTMCell: 3-12         [64, 207, 32]             --
│    │    └─STMetaLSTMCell: 3-13         [64, 207, 32]             --
│    │    └─STMetaLSTMCell: 3-14         [64, 207, 32]             --
│    │    └─STMetaLSTMCell: 3-15         [64, 207, 32]             --
│    └─STMetaLSTMEncoder: 2-12           [64, 12, 207, 32]         --
│    │    └─Sequential: 3-16             [64, 207, 4096]           409,600
│    │    └─Sequential: 3-17             [64, 207, 4096]           409,600
│    │    └─Sequential: 3-18             [64, 207, 128]            24,704
│    │    └─STMetaLSTMCell: 3-19         [64, 207, 32]             --
│    │    └─STMetaLSTMCell: 3-20         [64, 207, 32]             --
│    │    └─STMetaLSTMCell: 3-21         [64, 207, 32]             --
│    │    └─STMetaLSTMCell: 3-22         [64, 207, 32]             --
│    │    └─STMetaLSTMCell: 3-23         [64, 207, 32]             --
│    │    └─STMetaLSTMCell: 3-24         [64, 207, 32]             --
│    │    └─STMetaLSTMCell: 3-25         [64, 207, 32]             --
│    │    └─STMetaLSTMCell: 3-26         [64, 207, 32]             --
│    │    └─STMetaLSTMCell: 3-27         [64, 207, 32]             --
│    │    └─STMetaLSTMCell: 3-28         [64, 207, 32]             --
│    │    └─STMetaLSTMCell: 3-29         [64, 207, 32]             --
│    │    └─STMetaLSTMCell: 3-30         [64, 207, 32]             --
│    └─STMetaLSTMEncoder: 2-13           [64, 12, 207, 32]         --
│    │    └─Sequential: 3-31             [64, 207, 4096]           409,600
│    │    └─Sequential: 3-32             [64, 207, 4096]           409,600
│    │    └─Sequential: 3-33             [64, 207, 128]            24,704
│    │    └─STMetaLSTMCell: 3-34         [64, 207, 32]             --
│    │    └─STMetaLSTMCell: 3-35         [64, 207, 32]             --
│    │    └─STMetaLSTMCell: 3-36         [64, 207, 32]             --
│    │    └─STMetaLSTMCell: 3-37         [64, 207, 32]             --
│    │    └─STMetaLSTMCell: 3-38         [64, 207, 32]             --
│    │    └─STMetaLSTMCell: 3-39         [64, 207, 32]             --
│    │    └─STMetaLSTMCell: 3-40         [64, 207, 32]             --
│    │    └─STMetaLSTMCell: 3-41         [64, 207, 32]             --
│    │    └─STMetaLSTMCell: 3-42         [64, 207, 32]             --
│    │    └─STMetaLSTMCell: 3-43         [64, 207, 32]             --
│    │    └─STMetaLSTMCell: 3-44         [64, 207, 32]             --
│    │    └─STMetaLSTMCell: 3-45         [64, 207, 32]             --
├─Linear: 1-4                            [64, 207, 12]             396
==========================================================================================
Total params: 2,165,516
Trainable params: 2,165,516
Non-trainable params: 0
Total mult-adds (M): 137.75
==========================================================================================
Input size (MB): 1.91
Forward/backward pass size (MB): 2338.01
Params size (MB): 8.61
Estimated Total Size (MB): 2348.52
==========================================================================================

Loss: MaskedMAELoss

2023-04-16 11:31:59.104023 Epoch 1  	Train Loss = 3.82369 Val Loss = 3.29073
2023-04-16 11:33:14.149174 Epoch 2  	Train Loss = 3.32001 Val Loss = 3.14610
2023-04-16 11:34:29.209190 Epoch 3  	Train Loss = 3.19273 Val Loss = 3.05004
2023-04-16 11:35:44.317314 Epoch 4  	Train Loss = 3.11123 Val Loss = 3.03169
2023-04-16 11:36:59.434934 Epoch 5  	Train Loss = 3.05720 Val Loss = 3.00190
2023-04-16 11:38:14.513521 Epoch 6  	Train Loss = 3.01933 Val Loss = 3.00586
2023-04-16 11:39:29.597125 Epoch 7  	Train Loss = 2.98956 Val Loss = 2.99685
2023-04-16 11:40:44.698796 Epoch 8  	Train Loss = 2.96414 Val Loss = 2.98896
2023-04-16 11:41:59.788124 Epoch 9  	Train Loss = 2.94397 Val Loss = 2.96012
2023-04-16 11:43:14.852296 Epoch 10  	Train Loss = 2.91817 Val Loss = 3.00087
2023-04-16 11:44:29.925945 Epoch 11  	Train Loss = 2.86316 Val Loss = 2.95776
2023-04-16 11:45:45.015660 Epoch 12  	Train Loss = 2.84972 Val Loss = 2.95636
2023-04-16 11:47:00.131163 Epoch 13  	Train Loss = 2.84191 Val Loss = 2.96790
2023-04-16 11:48:15.253243 Epoch 14  	Train Loss = 2.83646 Val Loss = 2.97223
2023-04-16 11:49:30.365944 Epoch 15  	Train Loss = 2.83112 Val Loss = 2.96309
2023-04-16 11:50:45.493845 Epoch 16  	Train Loss = 2.82662 Val Loss = 2.97647
2023-04-16 11:52:00.592588 Epoch 17  	Train Loss = 2.82122 Val Loss = 2.97105
2023-04-16 11:53:15.682492 Epoch 18  	Train Loss = 2.81577 Val Loss = 2.97980
2023-04-16 11:54:30.799649 Epoch 19  	Train Loss = 2.81112 Val Loss = 2.98298
2023-04-16 11:55:45.870898 Epoch 20  	Train Loss = 2.80649 Val Loss = 2.97412
2023-04-16 11:57:00.938789 Epoch 21  	Train Loss = 2.80200 Val Loss = 2.97355
2023-04-16 11:58:16.017489 Epoch 22  	Train Loss = 2.79794 Val Loss = 2.97922
Early stopping at epoch: 22
Best at epoch 12:
Train Loss = 2.84972
Train RMSE = 5.72257, MAE = 2.79744, MAPE = 7.40431
Val Loss = 2.95636
Val RMSE = 6.44421, MAE = 3.02501, MAPE = 8.57018
--------- Test ---------
All Steps RMSE = 6.75643, MAE = 3.21980, MAPE = 9.20356
Step 1 RMSE = 4.17336, MAE = 2.34733, MAPE = 5.82845
Step 2 RMSE = 5.07234, MAE = 2.64241, MAPE = 6.88186
Step 3 RMSE = 5.70971, MAE = 2.85813, MAPE = 7.73703
Step 4 RMSE = 6.21185, MAE = 3.03020, MAPE = 8.42420
Step 5 RMSE = 6.59904, MAE = 3.16894, MAPE = 8.98642
Step 6 RMSE = 6.89778, MAE = 3.28555, MAPE = 9.44338
Step 7 RMSE = 7.15156, MAE = 3.38542, MAPE = 9.85723
Step 8 RMSE = 7.36477, MAE = 3.46818, MAPE = 10.18276
Step 9 RMSE = 7.51696, MAE = 3.53359, MAPE = 10.43894
Step 10 RMSE = 7.63859, MAE = 3.59043, MAPE = 10.67393
Step 11 RMSE = 7.75625, MAE = 3.64061, MAPE = 10.90147
Step 12 RMSE = 7.87008, MAE = 3.68691, MAPE = 11.08748
Inference time: 5.19 s
