PEMS03
Trainset:	x-(15711, 12, 358, 1)	y-(15711, 12, 358, 1)
Valset:  	x-(5237, 12, 358, 1)  	y-(5237, 12, 358, 1)
Testset:	x-(5237, 12, 358, 1)	y-(5237, 12, 358, 1)

--------- AGCRN ---------
{
    "num_nodes": 358,
    "in_steps": 12,
    "out_steps": 12,
    "train_size": 0.7,
    "val_size": 0.1,
    "lr": 0.003,
    "weight_decay": 0,
    "milestones": [],
    "clip_grad": 0,
    "batch_size": 64,
    "max_epochs": 200,
    "use_cl": false,
    "cl_step_size": 2500,
    "model_args": {
        "num_nodes": 358,
        "out_steps": 12,
        "input_dim": 1,
        "output_dim": 1,
        "embed_dim": 10,
        "rnn_units": 64,
        "num_layers": 2,
        "cheb_k": 2,
        "default_graph": true
    }
}
==========================================================================================
Layer (type:depth-idx)                   Output Shape              Param #
==========================================================================================
AGCRN                                    [64, 12, 358, 1]          3,580
├─AVWDCRNN: 1-1                          [64, 12, 358, 64]         --
│    └─ModuleList: 2-1                   --                        --
│    │    └─AGCRNCell: 3-1               [64, 358, 64]             251,520
│    │    └─AGCRNCell: 3-2               [64, 358, 64]             (recursive)
│    │    └─AGCRNCell: 3-3               [64, 358, 64]             (recursive)
│    │    └─AGCRNCell: 3-4               [64, 358, 64]             (recursive)
│    │    └─AGCRNCell: 3-5               [64, 358, 64]             (recursive)
│    │    └─AGCRNCell: 3-6               [64, 358, 64]             (recursive)
│    │    └─AGCRNCell: 3-7               [64, 358, 64]             (recursive)
│    │    └─AGCRNCell: 3-8               [64, 358, 64]             (recursive)
│    │    └─AGCRNCell: 3-9               [64, 358, 64]             (recursive)
│    │    └─AGCRNCell: 3-10              [64, 358, 64]             (recursive)
│    │    └─AGCRNCell: 3-11              [64, 358, 64]             (recursive)
│    │    └─AGCRNCell: 3-12              [64, 358, 64]             (recursive)
│    │    └─AGCRNCell: 3-13              [64, 358, 64]             493,440
│    │    └─AGCRNCell: 3-14              [64, 358, 64]             (recursive)
│    │    └─AGCRNCell: 3-15              [64, 358, 64]             (recursive)
│    │    └─AGCRNCell: 3-16              [64, 358, 64]             (recursive)
│    │    └─AGCRNCell: 3-17              [64, 358, 64]             (recursive)
│    │    └─AGCRNCell: 3-18              [64, 358, 64]             (recursive)
│    │    └─AGCRNCell: 3-19              [64, 358, 64]             (recursive)
│    │    └─AGCRNCell: 3-20              [64, 358, 64]             (recursive)
│    │    └─AGCRNCell: 3-21              [64, 358, 64]             (recursive)
│    │    └─AGCRNCell: 3-22              [64, 358, 64]             (recursive)
│    │    └─AGCRNCell: 3-23              [64, 358, 64]             (recursive)
│    │    └─AGCRNCell: 3-24              [64, 358, 64]             (recursive)
├─Conv2d: 1-2                            [64, 12, 358, 1]          780
==========================================================================================
Total params: 749,320
Trainable params: 749,320
Non-trainable params: 0
Total mult-adds (G): 204.84
==========================================================================================
Input size (MB): 1.10
Forward/backward pass size (MB): 72.59
Params size (MB): 2.98
Estimated Total Size (MB): 76.67
==========================================================================================

Loss: HuberLoss

2023-05-04 20:30:00.981631 Epoch 1  	Train Loss = 25.22812 Val Loss = 18.31468
2023-05-04 20:30:31.060718 Epoch 2  	Train Loss = 17.68240 Val Loss = 17.52545
2023-05-04 20:31:00.727210 Epoch 3  	Train Loss = 16.95316 Val Loss = 16.78874
2023-05-04 20:31:30.320847 Epoch 4  	Train Loss = 16.25656 Val Loss = 16.45983
2023-05-04 20:31:59.726782 Epoch 5  	Train Loss = 15.88352 Val Loss = 16.17162
2023-05-04 20:32:29.029951 Epoch 6  	Train Loss = 15.49073 Val Loss = 15.84526
2023-05-04 20:32:58.240922 Epoch 7  	Train Loss = 15.27026 Val Loss = 15.89670
2023-05-04 20:33:27.467088 Epoch 8  	Train Loss = 15.07475 Val Loss = 15.63271
2023-05-04 20:33:56.467520 Epoch 9  	Train Loss = 14.84625 Val Loss = 15.52156
2023-05-04 20:34:26.145295 Epoch 10  	Train Loss = 14.68880 Val Loss = 15.34103
2023-05-04 20:34:56.008860 Epoch 11  	Train Loss = 14.54621 Val Loss = 15.39431
2023-05-04 20:35:25.256809 Epoch 12  	Train Loss = 14.44335 Val Loss = 15.15246
2023-05-04 20:35:54.527359 Epoch 13  	Train Loss = 14.38185 Val Loss = 15.04600
2023-05-04 20:36:23.640669 Epoch 14  	Train Loss = 14.25344 Val Loss = 14.99355
2023-05-04 20:36:53.197179 Epoch 15  	Train Loss = 14.14953 Val Loss = 14.94878
2023-05-04 20:37:23.099916 Epoch 16  	Train Loss = 14.07809 Val Loss = 14.84010
2023-05-04 20:37:52.275419 Epoch 17  	Train Loss = 14.00118 Val Loss = 14.81372
2023-05-04 20:38:21.693034 Epoch 18  	Train Loss = 13.97444 Val Loss = 14.84723
2023-05-04 20:38:51.426266 Epoch 19  	Train Loss = 13.91358 Val Loss = 14.94009
2023-05-04 20:39:20.759474 Epoch 20  	Train Loss = 13.87453 Val Loss = 14.82404
2023-05-04 20:39:49.847484 Epoch 21  	Train Loss = 13.75041 Val Loss = 14.61404
2023-05-04 20:40:19.266821 Epoch 22  	Train Loss = 13.68241 Val Loss = 14.68296
2023-05-04 20:40:48.511704 Epoch 23  	Train Loss = 13.64563 Val Loss = 14.61411
2023-05-04 20:41:18.294907 Epoch 24  	Train Loss = 13.59093 Val Loss = 14.51073
2023-05-04 20:41:47.789829 Epoch 25  	Train Loss = 13.51491 Val Loss = 14.54484
2023-05-04 20:42:17.007290 Epoch 26  	Train Loss = 13.48782 Val Loss = 14.52522
2023-05-04 20:42:46.352981 Epoch 27  	Train Loss = 13.45955 Val Loss = 14.56987
2023-05-04 20:43:15.705618 Epoch 28  	Train Loss = 13.39166 Val Loss = 14.55451
2023-05-04 20:43:44.853953 Epoch 29  	Train Loss = 13.39376 Val Loss = 14.47599
2023-05-04 20:44:14.172924 Epoch 30  	Train Loss = 13.30618 Val Loss = 14.41130
2023-05-04 20:44:43.332522 Epoch 31  	Train Loss = 13.27136 Val Loss = 14.53664
2023-05-04 20:45:12.476961 Epoch 32  	Train Loss = 13.22285 Val Loss = 14.35320
2023-05-04 20:45:41.660567 Epoch 33  	Train Loss = 13.20374 Val Loss = 14.41090
2023-05-04 20:46:10.734099 Epoch 34  	Train Loss = 13.22598 Val Loss = 14.46050
2023-05-04 20:46:40.255208 Epoch 35  	Train Loss = 13.14073 Val Loss = 14.36223
2023-05-04 20:47:09.102818 Epoch 36  	Train Loss = 13.10209 Val Loss = 14.28655
2023-05-04 20:47:38.080648 Epoch 37  	Train Loss = 13.11037 Val Loss = 14.34097
2023-05-04 20:48:06.992127 Epoch 38  	Train Loss = 13.00957 Val Loss = 14.28902
2023-05-04 20:48:35.894302 Epoch 39  	Train Loss = 13.01808 Val Loss = 14.30924
2023-05-04 20:49:04.827619 Epoch 40  	Train Loss = 13.02030 Val Loss = 14.26499
2023-05-04 20:49:33.829048 Epoch 41  	Train Loss = 12.92159 Val Loss = 14.21513
2023-05-04 20:50:02.791436 Epoch 42  	Train Loss = 12.96325 Val Loss = 14.33262
2023-05-04 20:50:31.757003 Epoch 43  	Train Loss = 12.91703 Val Loss = 14.26099
2023-05-04 20:51:00.711851 Epoch 44  	Train Loss = 12.85146 Val Loss = 14.26400
2023-05-04 20:51:29.864856 Epoch 45  	Train Loss = 12.86687 Val Loss = 14.42566
2023-05-04 20:51:58.835473 Epoch 46  	Train Loss = 12.84776 Val Loss = 14.28205
2023-05-04 20:52:27.755036 Epoch 47  	Train Loss = 12.81734 Val Loss = 14.32647
2023-05-04 20:52:56.688994 Epoch 48  	Train Loss = 12.83143 Val Loss = 14.17789
2023-05-04 20:53:25.976880 Epoch 49  	Train Loss = 12.76360 Val Loss = 14.12856
2023-05-04 20:53:55.089615 Epoch 50  	Train Loss = 12.76160 Val Loss = 14.18127
2023-05-04 20:54:24.144869 Epoch 51  	Train Loss = 12.73782 Val Loss = 14.29119
2023-05-04 20:54:53.407658 Epoch 52  	Train Loss = 12.75946 Val Loss = 14.18633
2023-05-04 20:55:22.342582 Epoch 53  	Train Loss = 12.70014 Val Loss = 14.18007
2023-05-04 20:55:51.380005 Epoch 54  	Train Loss = 12.69834 Val Loss = 14.16157
2023-05-04 20:56:20.396626 Epoch 55  	Train Loss = 12.68001 Val Loss = 14.22842
2023-05-04 20:56:49.304634 Epoch 56  	Train Loss = 12.66695 Val Loss = 14.14538
2023-05-04 20:57:18.203916 Epoch 57  	Train Loss = 12.64647 Val Loss = 14.14784
2023-05-04 20:57:47.140020 Epoch 58  	Train Loss = 12.61313 Val Loss = 14.24183
2023-05-04 20:58:16.023576 Epoch 59  	Train Loss = 12.62642 Val Loss = 14.17535
Early stopping at epoch: 59
Best at epoch 49:
Train Loss = 12.76360
Train RMSE = 21.03562, MAE = 13.08877, MAPE = 12.44064
Val Loss = 14.12856
Val RMSE = 23.28938, MAE = 14.69701, MAPE = 13.65015
--------- Test ---------
All Steps RMSE = 27.95109, MAE = 16.05797, MAPE = 15.27352
Step 1 RMSE = 24.38401, MAE = 13.97136, MAPE = 13.45429
Step 2 RMSE = 25.12492, MAE = 14.35990, MAPE = 13.93216
Step 3 RMSE = 25.97478, MAE = 14.82185, MAPE = 14.05443
Step 4 RMSE = 26.77459, MAE = 15.32069, MAPE = 15.10733
Step 5 RMSE = 27.42964, MAE = 15.71127, MAPE = 14.70162
Step 6 RMSE = 27.98163, MAE = 16.05194, MAPE = 15.05080
Step 7 RMSE = 28.49227, MAE = 16.39384, MAPE = 15.68995
Step 8 RMSE = 28.99469, MAE = 16.75246, MAPE = 15.55922
Step 9 RMSE = 29.29907, MAE = 16.95333, MAPE = 16.49629
Step 10 RMSE = 29.59805, MAE = 17.13559, MAPE = 16.18353
Step 11 RMSE = 29.95819, MAE = 17.36379, MAPE = 16.36506
Step 12 RMSE = 30.62539, MAE = 17.85935, MAPE = 16.68742
Inference time: 3.26 s
