METRLA
Trainset:	x-(23974, 12, 207, 2)	y-(23974, 12, 207, 2)
Valset:  	x-(3425, 12, 207, 2)  	y-(3425, 12, 207, 2)
Testset:	x-(6850, 12, 207, 2)	y-(6850, 12, 207, 2)

--------- GWNET ---------
{
    "num_nodes": 207,
    "in_steps": 12,
    "out_steps": 12,
    "train_size": 0.7,
    "val_size": 0.1,
    "lr": 0.001,
    "weight_decay": 0.0001,
    "milestones": [
        80
    ],
    "clip_grad": false,
    "batch_size": 64,
    "max_epochs": 200,
    "use_cl": true,
    "cl_step_size": 2500,
    "load_npz": true,
    "pass_device": true,
    "model_args": {
        "num_nodes": 207,
        "in_dim": 2,
        "out_dim": 12,
        "adj_path": "../data/METRLA/adj_mx.pkl",
        "adj_type": "doubletransition",
        "device": "cuda:0",
        "dropout": 0.3,
        "gcn_bool": true,
        "addaptadj": true,
        "aptinit": null
    }
}

Loss: MaskedMAELoss > 1e-3

CL target length = 1
2023-03-24 10:59:53.825046 Epoch 1  	Train Loss = 2.82078 Val Loss = 10.61870
2023-03-24 11:00:33.000484 Epoch 2  	Train Loss = 2.42365 Val Loss = 10.60026
2023-03-24 11:01:12.305453 Epoch 3  	Train Loss = 2.33177 Val Loss = 10.59250
2023-03-24 11:01:51.635483 Epoch 4  	Train Loss = 2.30951 Val Loss = 10.59652
2023-03-24 11:02:31.267290 Epoch 5  	Train Loss = 2.27629 Val Loss = 10.58942
2023-03-24 11:03:10.643231 Epoch 6  	Train Loss = 2.25724 Val Loss = 10.58917
CL target length = 2
2023-03-24 11:03:50.042762 Epoch 7  	Train Loss = 2.36618 Val Loss = 9.84641
2023-03-24 11:04:29.517076 Epoch 8  	Train Loss = 2.41113 Val Loss = 9.84542
2023-03-24 11:05:09.038953 Epoch 9  	Train Loss = 2.40017 Val Loss = 9.84262
2023-03-24 11:05:48.504676 Epoch 10  	Train Loss = 2.39191 Val Loss = 9.84228
2023-03-24 11:06:27.789870 Epoch 11  	Train Loss = 2.38102 Val Loss = 9.84076
2023-03-24 11:07:06.991135 Epoch 12  	Train Loss = 2.37417 Val Loss = 9.84221
2023-03-24 11:07:46.177926 Epoch 13  	Train Loss = 2.36307 Val Loss = 9.83959
CL target length = 3
2023-03-24 11:08:25.354366 Epoch 14  	Train Loss = 2.49633 Val Loss = 9.10968
2023-03-24 11:09:04.542475 Epoch 15  	Train Loss = 2.48802 Val Loss = 9.10281
2023-03-24 11:09:43.715236 Epoch 16  	Train Loss = 2.47721 Val Loss = 9.10688
2023-03-24 11:10:22.944166 Epoch 17  	Train Loss = 2.46906 Val Loss = 9.10292
2023-03-24 11:11:02.207291 Epoch 18  	Train Loss = 2.46295 Val Loss = 9.10298
2023-03-24 11:11:41.434995 Epoch 19  	Train Loss = 2.45447 Val Loss = 9.09931
CL target length = 4
2023-03-24 11:12:20.726775 Epoch 20  	Train Loss = 2.45944 Val Loss = 9.03031
2023-03-24 11:13:00.108587 Epoch 21  	Train Loss = 2.58910 Val Loss = 8.38058
2023-03-24 11:13:39.502304 Epoch 22  	Train Loss = 2.54775 Val Loss = 8.38115
2023-03-24 11:14:18.909359 Epoch 23  	Train Loss = 2.54091 Val Loss = 8.37220
2023-03-24 11:14:58.294119 Epoch 24  	Train Loss = 2.53164 Val Loss = 8.36618
2023-03-24 11:15:37.718010 Epoch 25  	Train Loss = 2.52895 Val Loss = 8.36525
2023-03-24 11:16:17.185818 Epoch 26  	Train Loss = 2.51982 Val Loss = 8.36303
CL target length = 5
2023-03-24 11:16:56.604983 Epoch 27  	Train Loss = 2.57505 Val Loss = 7.65053
2023-03-24 11:17:36.027219 Epoch 28  	Train Loss = 2.59980 Val Loss = 7.64147
2023-03-24 11:18:15.661997 Epoch 29  	Train Loss = 2.59809 Val Loss = 7.64724
2023-03-24 11:18:55.198075 Epoch 30  	Train Loss = 2.58904 Val Loss = 7.64144
2023-03-24 11:19:34.661414 Epoch 31  	Train Loss = 2.58095 Val Loss = 7.63819
2023-03-24 11:20:14.041626 Epoch 32  	Train Loss = 2.57511 Val Loss = 7.63819
2023-03-24 11:20:53.415390 Epoch 33  	Train Loss = 2.57095 Val Loss = 7.63981
CL target length = 6
2023-03-24 11:21:32.600426 Epoch 34  	Train Loss = 2.64410 Val Loss = 6.92991
2023-03-24 11:22:11.748669 Epoch 35  	Train Loss = 2.64202 Val Loss = 6.92847
2023-03-24 11:22:51.250355 Epoch 36  	Train Loss = 2.63591 Val Loss = 6.93036
2023-03-24 11:23:30.437720 Epoch 37  	Train Loss = 2.62689 Val Loss = 6.92903
2023-03-24 11:24:09.642740 Epoch 38  	Train Loss = 2.62277 Val Loss = 6.92471
2023-03-24 11:24:48.938024 Epoch 39  	Train Loss = 2.61811 Val Loss = 6.92439
CL target length = 7
2023-03-24 11:25:28.178602 Epoch 40  	Train Loss = 2.62034 Val Loss = 6.87678
2023-03-24 11:26:07.452251 Epoch 41  	Train Loss = 2.71026 Val Loss = 6.20805
2023-03-24 11:26:46.788770 Epoch 42  	Train Loss = 2.67695 Val Loss = 6.21208
2023-03-24 11:27:26.160563 Epoch 43  	Train Loss = 2.66999 Val Loss = 6.21028
2023-03-24 11:28:05.665675 Epoch 44  	Train Loss = 2.66595 Val Loss = 6.20839
2023-03-24 11:28:45.154907 Epoch 45  	Train Loss = 2.66694 Val Loss = 6.20843
2023-03-24 11:29:24.532349 Epoch 46  	Train Loss = 2.65652 Val Loss = 6.20151
CL target length = 8
2023-03-24 11:30:03.922495 Epoch 47  	Train Loss = 2.70202 Val Loss = 5.51782
2023-03-24 11:30:43.323894 Epoch 48  	Train Loss = 2.71456 Val Loss = 5.49595
2023-03-24 11:31:22.759723 Epoch 49  	Train Loss = 2.71557 Val Loss = 5.50605
2023-03-24 11:32:02.232830 Epoch 50  	Train Loss = 2.70633 Val Loss = 5.51765
2023-03-24 11:32:41.645329 Epoch 51  	Train Loss = 2.70396 Val Loss = 5.52032
2023-03-24 11:33:21.066456 Epoch 52  	Train Loss = 2.69682 Val Loss = 5.49927
2023-03-24 11:34:00.446312 Epoch 53  	Train Loss = 2.69766 Val Loss = 5.51244
CL target length = 9
2023-03-24 11:34:39.931453 Epoch 54  	Train Loss = 2.75241 Val Loss = 4.79902
2023-03-24 11:35:19.253137 Epoch 55  	Train Loss = 2.75349 Val Loss = 4.80521
2023-03-24 11:35:58.444423 Epoch 56  	Train Loss = 2.74301 Val Loss = 4.81639
2023-03-24 11:36:37.604425 Epoch 57  	Train Loss = 2.73820 Val Loss = 4.80019
2023-03-24 11:37:16.772155 Epoch 58  	Train Loss = 2.73497 Val Loss = 4.79986
2023-03-24 11:37:55.956924 Epoch 59  	Train Loss = 2.73087 Val Loss = 4.82170
CL target length = 10
2023-03-24 11:38:35.096165 Epoch 60  	Train Loss = 2.73071 Val Loss = 4.75454
2023-03-24 11:39:14.326266 Epoch 61  	Train Loss = 2.79491 Val Loss = 4.10141
2023-03-24 11:39:53.570870 Epoch 62  	Train Loss = 2.77144 Val Loss = 4.09405
2023-03-24 11:40:32.890187 Epoch 63  	Train Loss = 2.77110 Val Loss = 4.10041
2023-03-24 11:41:12.206826 Epoch 64  	Train Loss = 2.76526 Val Loss = 4.11535
2023-03-24 11:41:51.494744 Epoch 65  	Train Loss = 2.76423 Val Loss = 4.10499
2023-03-24 11:42:30.851190 Epoch 66  	Train Loss = 2.75876 Val Loss = 4.10016
CL target length = 11
2023-03-24 11:43:10.274397 Epoch 67  	Train Loss = 2.79278 Val Loss = 3.42896
2023-03-24 11:43:49.613627 Epoch 68  	Train Loss = 2.80154 Val Loss = 3.41236
2023-03-24 11:44:29.017938 Epoch 69  	Train Loss = 2.79540 Val Loss = 3.39877
2023-03-24 11:45:08.403378 Epoch 70  	Train Loss = 2.79435 Val Loss = 3.43333
2023-03-24 11:45:47.780546 Epoch 71  	Train Loss = 2.79031 Val Loss = 3.43405
2023-03-24 11:46:27.207287 Epoch 72  	Train Loss = 2.78236 Val Loss = 3.43678
2023-03-24 11:47:06.710792 Epoch 73  	Train Loss = 2.78656 Val Loss = 3.41853
CL target length = 12
2023-03-24 11:47:46.145978 Epoch 74  	Train Loss = 2.82567 Val Loss = 2.74448
2023-03-24 11:48:25.679332 Epoch 75  	Train Loss = 2.82535 Val Loss = 2.74908
2023-03-24 11:49:05.133758 Epoch 76  	Train Loss = 2.82003 Val Loss = 2.74113
2023-03-24 11:49:44.562194 Epoch 77  	Train Loss = 2.81409 Val Loss = 2.73082
2023-03-24 11:50:23.815442 Epoch 78  	Train Loss = 2.81074 Val Loss = 2.76712
2023-03-24 11:51:03.008569 Epoch 79  	Train Loss = 2.81205 Val Loss = 2.75087
2023-03-24 11:51:42.148111 Epoch 80  	Train Loss = 2.80961 Val Loss = 2.77441
2023-03-24 11:52:21.282722 Epoch 81  	Train Loss = 2.75584 Val Loss = 2.69971
2023-03-24 11:53:00.542956 Epoch 82  	Train Loss = 2.74831 Val Loss = 2.71224
2023-03-24 11:53:39.737359 Epoch 83  	Train Loss = 2.74459 Val Loss = 2.70835
2023-03-24 11:54:18.883722 Epoch 84  	Train Loss = 2.74411 Val Loss = 2.71287
2023-03-24 11:54:58.095924 Epoch 85  	Train Loss = 2.74298 Val Loss = 2.71822
2023-03-24 11:55:37.398254 Epoch 86  	Train Loss = 2.74182 Val Loss = 2.70761
2023-03-24 11:56:16.656321 Epoch 87  	Train Loss = 2.74033 Val Loss = 2.71505
2023-03-24 11:56:55.867127 Epoch 88  	Train Loss = 2.74001 Val Loss = 2.71453
2023-03-24 11:57:35.139498 Epoch 89  	Train Loss = 2.73823 Val Loss = 2.72256
2023-03-24 11:58:14.401119 Epoch 90  	Train Loss = 2.73781 Val Loss = 2.72091
2023-03-24 11:58:53.702314 Epoch 91  	Train Loss = 2.73656 Val Loss = 2.72815
Early stopping at epoch: 91
Best at epoch 81:
Train Loss = 2.75584
Train RMSE = 5.33653, MAE = 2.68142, MAPE = 6.94708
Val Loss = 2.69971
Val RMSE = 5.74758, MAE = 2.75566, MAPE = 7.53353
--------- Test ---------
All Steps RMSE = 6.05889, MAE = 2.99872, MAPE = 8.05802
Step 1 RMSE = 3.78570, MAE = 2.19505, MAPE = 5.21140
Step 2 RMSE = 4.55873, MAE = 2.47209, MAPE = 6.12413
Step 3 RMSE = 5.08018, MAE = 2.65906, MAPE = 6.79911
Step 4 RMSE = 5.48837, MAE = 2.80834, MAPE = 7.34463
Step 5 RMSE = 5.82070, MAE = 2.93251, MAPE = 7.80982
Step 6 RMSE = 6.11218, MAE = 3.04063, MAPE = 8.20308
Step 7 RMSE = 6.36059, MAE = 3.13265, MAPE = 8.53842
Step 8 RMSE = 6.56687, MAE = 3.21411, MAPE = 8.83377
Step 9 RMSE = 6.75225, MAE = 3.28806, MAPE = 9.10107
Step 10 RMSE = 6.91193, MAE = 3.35316, MAPE = 9.34321
Step 11 RMSE = 7.04905, MAE = 3.41297, MAPE = 9.57327
Step 12 RMSE = 7.18353, MAE = 3.47604, MAPE = 9.81462
