METRLA
Trainset:	x-(23974, 12, 207, 2)	y-(23974, 12, 207, 2)
Valset:  	x-(3425, 12, 207, 2)  	y-(3425, 12, 207, 2)
Testset:	x-(6850, 12, 207, 2)	y-(6850, 12, 207, 2)

--------- GWNET ---------
{
    "num_nodes": 207,
    "in_steps": 12,
    "out_steps": 12,
    "train_size": 0.7,
    "val_size": 0.1,
    "lr": 0.001,
    "weight_decay": 0.0001,
    "milestones": [
        80
    ],
    "clip_grad": false,
    "batch_size": 64,
    "max_epochs": 200,
    "use_cl": true,
    "cl_step_size": 2500,
    "load_npz": true,
    "pass_device": true,
    "model_args": {
        "num_nodes": 207,
        "in_dim": 2,
        "out_dim": 12,
        "adj_path": "../data/METRLA/adj_mx.pkl",
        "adj_type": "doubletransition",
        "device": "cuda:0",
        "dropout": 0.3,
        "gcn_bool": true,
        "addaptadj": true,
        "aptinit": null
    }
}

Loss: MaskedMAELoss_vDCRNN

CL target length = 1
2023-03-24 10:35:48.233034 Epoch 1  	Train Loss = 2.82109 Val Loss = 10.61572
2023-03-24 10:36:27.179570 Epoch 2  	Train Loss = 2.42428 Val Loss = 10.60007
2023-03-24 10:37:06.228710 Epoch 3  	Train Loss = 2.33070 Val Loss = 10.59252
2023-03-24 10:37:45.361243 Epoch 4  	Train Loss = 2.30836 Val Loss = 10.59203
2023-03-24 10:38:24.817242 Epoch 5  	Train Loss = 2.27300 Val Loss = 10.58925
2023-03-24 10:39:04.255827 Epoch 6  	Train Loss = 2.25512 Val Loss = 10.58918
CL target length = 2
2023-03-24 10:39:44.184129 Epoch 7  	Train Loss = 2.36628 Val Loss = 9.84704
2023-03-24 10:40:23.923601 Epoch 8  	Train Loss = 2.41061 Val Loss = 9.84453
2023-03-24 10:41:03.604587 Epoch 9  	Train Loss = 2.39904 Val Loss = 9.84253
2023-03-24 10:41:43.511768 Epoch 10  	Train Loss = 2.38896 Val Loss = 9.84264
2023-03-24 10:42:23.626529 Epoch 11  	Train Loss = 2.37989 Val Loss = 9.83946
2023-03-24 10:43:03.985219 Epoch 12  	Train Loss = 2.37317 Val Loss = 9.83984
2023-03-24 10:43:44.501287 Epoch 13  	Train Loss = 2.36224 Val Loss = 9.83856
CL target length = 3
2023-03-24 10:44:25.340840 Epoch 14  	Train Loss = 2.49577 Val Loss = 9.10945
2023-03-24 10:45:06.230964 Epoch 15  	Train Loss = 2.48595 Val Loss = 9.10190
2023-03-24 10:45:47.151975 Epoch 16  	Train Loss = 2.47521 Val Loss = 9.10517
2023-03-24 10:46:28.104475 Epoch 17  	Train Loss = 2.46684 Val Loss = 9.10444
2023-03-24 10:47:09.095093 Epoch 18  	Train Loss = 2.46332 Val Loss = 9.10108
2023-03-24 10:47:50.124041 Epoch 19  	Train Loss = 2.45206 Val Loss = 9.09696
CL target length = 4
2023-03-24 10:48:31.172656 Epoch 20  	Train Loss = 2.45465 Val Loss = 9.02974
2023-03-24 10:49:12.317218 Epoch 21  	Train Loss = 2.58341 Val Loss = 8.37805
2023-03-24 10:49:53.398926 Epoch 22  	Train Loss = 2.55043 Val Loss = 8.37737
2023-03-24 10:50:34.401603 Epoch 23  	Train Loss = 2.53879 Val Loss = 8.37211
2023-03-24 10:51:15.463771 Epoch 24  	Train Loss = 2.53007 Val Loss = 8.36434
2023-03-24 10:51:56.387258 Epoch 25  	Train Loss = 2.52715 Val Loss = 8.36491
2023-03-24 10:52:36.986800 Epoch 26  	Train Loss = 2.51784 Val Loss = 8.36162
CL target length = 5
2023-03-24 10:53:17.319089 Epoch 27  	Train Loss = 2.57473 Val Loss = 7.65360
2023-03-24 10:53:57.591539 Epoch 28  	Train Loss = 2.59932 Val Loss = 7.64360
2023-03-24 10:54:37.897088 Epoch 29  	Train Loss = 2.59830 Val Loss = 7.64861
2023-03-24 10:55:18.248788 Epoch 30  	Train Loss = 2.58997 Val Loss = 7.64000
2023-03-24 10:55:58.624785 Epoch 31  	Train Loss = 2.58199 Val Loss = 7.64134
2023-03-24 10:56:39.051257 Epoch 32  	Train Loss = 2.57579 Val Loss = 7.63840
2023-03-24 10:57:19.586361 Epoch 33  	Train Loss = 2.57209 Val Loss = 7.63945
CL target length = 6
2023-03-24 10:58:00.289237 Epoch 34  	Train Loss = 2.64661 Val Loss = 6.92871
2023-03-24 10:58:41.170523 Epoch 35  	Train Loss = 2.64387 Val Loss = 6.93615
2023-03-24 10:59:22.074207 Epoch 36  	Train Loss = 2.63494 Val Loss = 6.93683
2023-03-24 11:00:03.052800 Epoch 37  	Train Loss = 2.63033 Val Loss = 6.92782
2023-03-24 11:00:43.967372 Epoch 38  	Train Loss = 2.62610 Val Loss = 6.94019
2023-03-24 11:01:24.808587 Epoch 39  	Train Loss = 2.62287 Val Loss = 6.93123
CL target length = 7
2023-03-24 11:02:05.748427 Epoch 40  	Train Loss = 2.62235 Val Loss = 6.87692
2023-03-24 11:02:46.761885 Epoch 41  	Train Loss = 2.71602 Val Loss = 6.21105
2023-03-24 11:03:27.876527 Epoch 42  	Train Loss = 2.68066 Val Loss = 6.21331
2023-03-24 11:04:08.944071 Epoch 43  	Train Loss = 2.67204 Val Loss = 6.20775
2023-03-24 11:04:49.953426 Epoch 44  	Train Loss = 2.67003 Val Loss = 6.21417
2023-03-24 11:05:30.887574 Epoch 45  	Train Loss = 2.67026 Val Loss = 6.22203
2023-03-24 11:06:11.834596 Epoch 46  	Train Loss = 2.65886 Val Loss = 6.20541
CL target length = 8
2023-03-24 11:06:52.501206 Epoch 47  	Train Loss = 2.70737 Val Loss = 5.52100
2023-03-24 11:07:32.908747 Epoch 48  	Train Loss = 2.71987 Val Loss = 5.51345
2023-03-24 11:08:13.199353 Epoch 49  	Train Loss = 2.71958 Val Loss = 5.51233
2023-03-24 11:08:53.551115 Epoch 50  	Train Loss = 2.71035 Val Loss = 5.53348
2023-03-24 11:09:33.837315 Epoch 51  	Train Loss = 2.70855 Val Loss = 5.51876
2023-03-24 11:10:14.224195 Epoch 52  	Train Loss = 2.70183 Val Loss = 5.50209
2023-03-24 11:10:54.586965 Epoch 53  	Train Loss = 2.70284 Val Loss = 5.51393
CL target length = 9
2023-03-24 11:11:35.134246 Epoch 54  	Train Loss = 2.75740 Val Loss = 4.80548
2023-03-24 11:12:15.822781 Epoch 55  	Train Loss = 2.75895 Val Loss = 4.81141
2023-03-24 11:12:56.748320 Epoch 56  	Train Loss = 2.74779 Val Loss = 4.80636
2023-03-24 11:13:37.805290 Epoch 57  	Train Loss = 2.74325 Val Loss = 4.81203
2023-03-24 11:14:18.835677 Epoch 58  	Train Loss = 2.74078 Val Loss = 4.80248
2023-03-24 11:14:59.801487 Epoch 59  	Train Loss = 2.73466 Val Loss = 4.84721
CL target length = 10
2023-03-24 11:15:40.845193 Epoch 60  	Train Loss = 2.73531 Val Loss = 4.76466
2023-03-24 11:16:21.913876 Epoch 61  	Train Loss = 2.80042 Val Loss = 4.11018
2023-03-24 11:17:03.025580 Epoch 62  	Train Loss = 2.77873 Val Loss = 4.09711
2023-03-24 11:17:44.083470 Epoch 63  	Train Loss = 2.77734 Val Loss = 4.10052
2023-03-24 11:18:25.130117 Epoch 64  	Train Loss = 2.76857 Val Loss = 4.11880
2023-03-24 11:19:06.243263 Epoch 65  	Train Loss = 2.77050 Val Loss = 4.11564
2023-03-24 11:19:47.121127 Epoch 66  	Train Loss = 2.76523 Val Loss = 4.10631
CL target length = 11
2023-03-24 11:20:28.060284 Epoch 67  	Train Loss = 2.79831 Val Loss = 3.43263
2023-03-24 11:21:08.927143 Epoch 68  	Train Loss = 2.80651 Val Loss = 3.41570
2023-03-24 11:21:49.421011 Epoch 69  	Train Loss = 2.80028 Val Loss = 3.40610
2023-03-24 11:22:29.820852 Epoch 70  	Train Loss = 2.79956 Val Loss = 3.43299
2023-03-24 11:23:10.250265 Epoch 71  	Train Loss = 2.79824 Val Loss = 3.43351
2023-03-24 11:23:50.668082 Epoch 72  	Train Loss = 2.78830 Val Loss = 3.42597
2023-03-24 11:24:30.962505 Epoch 73  	Train Loss = 2.79123 Val Loss = 3.41826
CL target length = 12
2023-03-24 11:25:11.321666 Epoch 74  	Train Loss = 2.83154 Val Loss = 2.74724
2023-03-24 11:25:51.836202 Epoch 75  	Train Loss = 2.83192 Val Loss = 2.75420
2023-03-24 11:26:32.451270 Epoch 76  	Train Loss = 2.82535 Val Loss = 2.74499
2023-03-24 11:27:13.261176 Epoch 77  	Train Loss = 2.82053 Val Loss = 2.72373
2023-03-24 11:27:54.210706 Epoch 78  	Train Loss = 2.81846 Val Loss = 2.75318
2023-03-24 11:28:34.988486 Epoch 79  	Train Loss = 2.81601 Val Loss = 2.74335
2023-03-24 11:29:16.020865 Epoch 80  	Train Loss = 2.81286 Val Loss = 2.78106
2023-03-24 11:29:56.997629 Epoch 81  	Train Loss = 2.76128 Val Loss = 2.70463
2023-03-24 11:30:37.877289 Epoch 82  	Train Loss = 2.75314 Val Loss = 2.71354
2023-03-24 11:31:18.896006 Epoch 83  	Train Loss = 2.74804 Val Loss = 2.70978
2023-03-24 11:31:59.958241 Epoch 84  	Train Loss = 2.74859 Val Loss = 2.71024
2023-03-24 11:32:41.004375 Epoch 85  	Train Loss = 2.74785 Val Loss = 2.70915
2023-03-24 11:33:22.100955 Epoch 86  	Train Loss = 2.74492 Val Loss = 2.70748
2023-03-24 11:34:03.135416 Epoch 87  	Train Loss = 2.74547 Val Loss = 2.70915
2023-03-24 11:34:44.172184 Epoch 88  	Train Loss = 2.74462 Val Loss = 2.70876
2023-03-24 11:35:25.217534 Epoch 89  	Train Loss = 2.74260 Val Loss = 2.71689
2023-03-24 11:36:05.920321 Epoch 90  	Train Loss = 2.74236 Val Loss = 2.71814
2023-03-24 11:36:46.419497 Epoch 91  	Train Loss = 2.74027 Val Loss = 2.71591
Early stopping at epoch: 91
Best at epoch 81:
Train Loss = 2.76128
Train RMSE = 5.35285, MAE = 2.68130, MAPE = 6.98859
Val Loss = 2.70463
Val RMSE = 5.71351, MAE = 2.74689, MAPE = 7.52198
--------- Test ---------
All Steps RMSE = 6.04353, MAE = 2.99224, MAPE = 8.04910
Step 1 RMSE = 3.78283, MAE = 2.19226, MAPE = 5.21909
Step 2 RMSE = 4.55071, MAE = 2.46700, MAPE = 6.11942
Step 3 RMSE = 5.06687, MAE = 2.65171, MAPE = 6.80112
Step 4 RMSE = 5.47491, MAE = 2.80143, MAPE = 7.35128
Step 5 RMSE = 5.81064, MAE = 2.92426, MAPE = 7.80492
Step 6 RMSE = 6.09356, MAE = 3.03085, MAPE = 8.18936
Step 7 RMSE = 6.33824, MAE = 3.12349, MAPE = 8.52571
Step 8 RMSE = 6.54871, MAE = 3.20518, MAPE = 8.82180
Step 9 RMSE = 6.73294, MAE = 3.28065, MAPE = 9.08766
Step 10 RMSE = 6.89243, MAE = 3.34826, MAPE = 9.32381
Step 11 RMSE = 7.03138, MAE = 3.40974, MAPE = 9.55705
Step 12 RMSE = 7.16895, MAE = 3.47216, MAPE = 9.78815
