METRLA
Trainset:	x-(23974, 12, 207, 2)	y-(23974, 12, 207, 2)
Valset:  	x-(3425, 12, 207, 2)  	y-(3425, 12, 207, 2)
Testset:	x-(6850, 12, 207, 2)	y-(6850, 12, 207, 2)

--------- GWNET ---------
{'num_nodes': 207, 'in_steps': 12, 'out_steps': 12, 'lr': 0.001, 'weight_decay': 0, 'milestones': [40], 'clip_grad': False, 'batch_size': 64, 'max_epochs': 200, 'load_npz': True, 'load_adj': False, 'pass_device': True, 'model_args': {'num_nodes': 207, 'in_dim': 2, 'out_dim': 12, 'adj_path': None, 'adj_type': 'doubletransition', 'device': device(type='cuda', index=0)}}

2023-03-18 16:49:35.625388 Epoch 1 	Train Loss = 0.26189 Val Loss = 0.23842
2023-03-18 16:50:05.251201 Epoch 2 	Train Loss = 0.23464 Val Loss = 0.23218
2023-03-18 16:50:34.888753 Epoch 3 	Train Loss = 0.22976 Val Loss = 0.23151
2023-03-18 16:51:04.930332 Epoch 4 	Train Loss = 0.22484 Val Loss = 0.23126
2023-03-18 16:51:35.268882 Epoch 5 	Train Loss = 0.22143 Val Loss = 0.22558
2023-03-18 16:52:05.775930 Epoch 6 	Train Loss = 0.21865 Val Loss = 0.21990
2023-03-18 16:52:36.401546 Epoch 7 	Train Loss = 0.21693 Val Loss = 0.21817
2023-03-18 16:53:07.027497 Epoch 8 	Train Loss = 0.21527 Val Loss = 0.22148
2023-03-18 16:53:37.723561 Epoch 9 	Train Loss = 0.21417 Val Loss = 0.21776
2023-03-18 16:54:08.360533 Epoch 10 	Train Loss = 0.21248 Val Loss = 0.21874
2023-03-18 16:54:38.951516 Epoch 11 	Train Loss = 0.21135 Val Loss = 0.22105
2023-03-18 16:55:09.514738 Epoch 12 	Train Loss = 0.21044 Val Loss = 0.21533
2023-03-18 16:55:39.963057 Epoch 13 	Train Loss = 0.20990 Val Loss = 0.21340
2023-03-18 16:56:10.454637 Epoch 14 	Train Loss = 0.20847 Val Loss = 0.21619
2023-03-18 16:56:40.943378 Epoch 15 	Train Loss = 0.20752 Val Loss = 0.21223
2023-03-18 16:57:11.376937 Epoch 16 	Train Loss = 0.20734 Val Loss = 0.21304
2023-03-18 16:57:41.840047 Epoch 17 	Train Loss = 0.20609 Val Loss = 0.21197
2023-03-18 16:58:12.278582 Epoch 18 	Train Loss = 0.20498 Val Loss = 0.21216
2023-03-18 16:58:42.766240 Epoch 19 	Train Loss = 0.20424 Val Loss = 0.21495
2023-03-18 16:59:13.246818 Epoch 20 	Train Loss = 0.20432 Val Loss = 0.21237
2023-03-18 16:59:43.703210 Epoch 21 	Train Loss = 0.20371 Val Loss = 0.21102
2023-03-18 17:00:14.087068 Epoch 22 	Train Loss = 0.20256 Val Loss = 0.20994
2023-03-18 17:00:44.535734 Epoch 23 	Train Loss = 0.20154 Val Loss = 0.21398
2023-03-18 17:01:14.923255 Epoch 24 	Train Loss = 0.20202 Val Loss = 0.20937
2023-03-18 17:01:45.313308 Epoch 25 	Train Loss = 0.20109 Val Loss = 0.20897
2023-03-18 17:02:15.681948 Epoch 26 	Train Loss = 0.19958 Val Loss = 0.20874
2023-03-18 17:02:46.041126 Epoch 27 	Train Loss = 0.19918 Val Loss = 0.21078
2023-03-18 17:03:16.481230 Epoch 28 	Train Loss = 0.20003 Val Loss = 0.20974
2023-03-18 17:03:46.925568 Epoch 29 	Train Loss = 0.19833 Val Loss = 0.20908
2023-03-18 17:04:17.467062 Epoch 30 	Train Loss = 0.19828 Val Loss = 0.20786
2023-03-18 17:04:48.089934 Epoch 31 	Train Loss = 0.19760 Val Loss = 0.20825
2023-03-18 17:05:18.812870 Epoch 32 	Train Loss = 0.19744 Val Loss = 0.20883
2023-03-18 17:05:49.614966 Epoch 33 	Train Loss = 0.19646 Val Loss = 0.20999
2023-03-18 17:06:20.459086 Epoch 34 	Train Loss = 0.19644 Val Loss = 0.20798
2023-03-18 17:06:51.324007 Epoch 35 	Train Loss = 0.19559 Val Loss = 0.20778
2023-03-18 17:07:22.145472 Epoch 36 	Train Loss = 0.19832 Val Loss = 0.20731
2023-03-18 17:07:52.911407 Epoch 37 	Train Loss = 0.19608 Val Loss = 0.20817
2023-03-18 17:08:23.752198 Epoch 38 	Train Loss = 0.19527 Val Loss = 0.20914
2023-03-18 17:08:54.466540 Epoch 39 	Train Loss = 0.19441 Val Loss = 0.21066
2023-03-18 17:09:25.126586 Epoch 40 	Train Loss = 0.19484 Val Loss = 0.20961
2023-03-18 17:09:55.800465 Epoch 41 	Train Loss = 0.19058 Val Loss = 0.20554
2023-03-18 17:10:26.476004 Epoch 42 	Train Loss = 0.18977 Val Loss = 0.20537
2023-03-18 17:10:57.211948 Epoch 43 	Train Loss = 0.18947 Val Loss = 0.20591
2023-03-18 17:11:27.872354 Epoch 44 	Train Loss = 0.18923 Val Loss = 0.20591
2023-03-18 17:11:58.608279 Epoch 45 	Train Loss = 0.18923 Val Loss = 0.20590
2023-03-18 17:12:29.381110 Epoch 46 	Train Loss = 0.18892 Val Loss = 0.20535
2023-03-18 17:13:00.104980 Epoch 47 	Train Loss = 0.18880 Val Loss = 0.20573
2023-03-18 17:13:30.842103 Epoch 48 	Train Loss = 0.18869 Val Loss = 0.20558
2023-03-18 17:14:01.593840 Epoch 49 	Train Loss = 0.18869 Val Loss = 0.20566
2023-03-18 17:14:32.282752 Epoch 50 	Train Loss = 0.18856 Val Loss = 0.20541
2023-03-18 17:15:02.920463 Epoch 51 	Train Loss = 0.18843 Val Loss = 0.20556
2023-03-18 17:15:33.554688 Epoch 52 	Train Loss = 0.18832 Val Loss = 0.20554
2023-03-18 17:16:04.210373 Epoch 53 	Train Loss = 0.18835 Val Loss = 0.20525
2023-03-18 17:16:34.872640 Epoch 54 	Train Loss = 0.18825 Val Loss = 0.20573
2023-03-18 17:17:05.532931 Epoch 55 	Train Loss = 0.18806 Val Loss = 0.20579
2023-03-18 17:17:36.204296 Epoch 56 	Train Loss = 0.18790 Val Loss = 0.20563
2023-03-18 17:18:06.922752 Epoch 57 	Train Loss = 0.18799 Val Loss = 0.20561
2023-03-18 17:18:37.593024 Epoch 58 	Train Loss = 0.18783 Val Loss = 0.20614
2023-03-18 17:19:08.270116 Epoch 59 	Train Loss = 0.18786 Val Loss = 0.20592
2023-03-18 17:19:38.985989 Epoch 60 	Train Loss = 0.18760 Val Loss = 0.20563
2023-03-18 17:20:09.730993 Epoch 61 	Train Loss = 0.18755 Val Loss = 0.20650
2023-03-18 17:20:40.470996 Epoch 62 	Train Loss = 0.18763 Val Loss = 0.20618
2023-03-18 17:21:11.222600 Epoch 63 	Train Loss = 0.18733 Val Loss = 0.20573
Early stopping at epoch: 63
Best at epoch 53:
Train Loss = 0.18835
Train RMSE = 7.57425, MAE = 3.20189, MAPE = 8.13340
Val Loss = 0.20525
Val RMSE = 8.48770, MAE = 3.42347, MAPE = 8.99166
--------- Test ---------
All Steps RMSE = 9.46128, MAE = 3.89884, MAPE = 9.90242
Step 1 RMSE = 5.22589, MAE = 2.47605, MAPE = 5.87165
Step 2 RMSE = 6.64013, MAE = 2.91752, MAPE = 7.12170
Step 3 RMSE = 7.59069, MAE = 3.24225, MAPE = 8.05083
Step 4 RMSE = 8.34870, MAE = 3.51307, MAPE = 8.85936
Step 5 RMSE = 8.97822, MAE = 3.74581, MAPE = 9.55334
Step 6 RMSE = 9.54873, MAE = 3.95845, MAPE = 10.13044
Step 7 RMSE = 10.04150, MAE = 4.15186, MAPE = 10.63223
Step 8 RMSE = 10.38728, MAE = 4.30204, MAPE = 11.06345
Step 9 RMSE = 10.70125, MAE = 4.43645, MAPE = 11.41322
Step 10 RMSE = 10.99194, MAE = 4.56164, MAPE = 11.73540
Step 11 RMSE = 11.26214, MAE = 4.68104, MAPE = 12.04317
Step 12 RMSE = 11.52333, MAE = 4.80005, MAPE = 12.35463
