METRLA
Original data shape (34272, 207)
Trainset:	x-torch.Size([23967, 12, 207, 1])	y-torch.Size([23967, 12, 207, 1])
Valset:  	x-torch.Size([3404, 12, 207, 1])  	y-torch.Size([3404, 12, 207, 1])
Testset:	x-torch.Size([6832, 12, 207, 1])	y-torch.Size([6832, 12, 207, 1])

--------- GWNET ---------
{'num_nodes': 207, 'in_dim': 1, 'out_dim': 12, 'adj_path': None, 'adj_type': 'doubletransition', 'device': device(type='cuda', index=0)}

2023-02-20 11:08:26.928720 Epoch 1 	Train Loss = 0.26176 Val Loss = 0.24213
2023-02-20 11:08:58.010649 Epoch 2 	Train Loss = 0.24133 Val Loss = 0.23542
2023-02-20 11:09:29.174878 Epoch 3 	Train Loss = 0.23339 Val Loss = 0.23533
2023-02-20 11:10:00.470986 Epoch 4 	Train Loss = 0.22947 Val Loss = 0.22828
2023-02-20 11:10:31.955090 Epoch 5 	Train Loss = 0.22791 Val Loss = 0.22603
2023-02-20 11:11:03.476333 Epoch 6 	Train Loss = 0.22504 Val Loss = 0.23801
2023-02-20 11:11:35.018027 Epoch 7 	Train Loss = 0.22330 Val Loss = 0.22754
2023-02-20 11:12:06.425672 Epoch 8 	Train Loss = 0.22181 Val Loss = 0.22432
2023-02-20 11:12:37.833321 Epoch 9 	Train Loss = 0.21955 Val Loss = 0.22162
2023-02-20 11:13:09.184337 Epoch 10 	Train Loss = 0.21822 Val Loss = 0.22479
2023-02-20 11:13:40.583691 Epoch 11 	Train Loss = 0.21646 Val Loss = 0.22206
2023-02-20 11:14:11.990805 Epoch 12 	Train Loss = 0.21538 Val Loss = 0.21802
2023-02-20 11:14:43.396392 Epoch 13 	Train Loss = 0.21442 Val Loss = 0.22518
2023-02-20 11:15:14.832297 Epoch 14 	Train Loss = 0.21282 Val Loss = 0.22082
2023-02-20 11:15:46.256531 Epoch 15 	Train Loss = 0.21251 Val Loss = 0.21909
2023-02-20 11:16:17.672890 Epoch 16 	Train Loss = 0.21114 Val Loss = 0.21951
2023-02-20 11:16:49.146278 Epoch 17 	Train Loss = 0.21066 Val Loss = 0.21874
2023-02-20 11:17:20.746623 Epoch 18 	Train Loss = 0.20988 Val Loss = 0.21642
2023-02-20 11:17:52.500382 Epoch 19 	Train Loss = 0.21017 Val Loss = 0.21769
2023-02-20 11:18:24.502911 Epoch 20 	Train Loss = 0.20907 Val Loss = 0.21534
2023-02-20 11:18:56.487564 Epoch 21 	Train Loss = 0.20885 Val Loss = 0.21634
2023-02-20 11:19:28.476927 Epoch 22 	Train Loss = 0.20724 Val Loss = 0.21744
2023-02-20 11:20:00.439431 Epoch 23 	Train Loss = 0.20854 Val Loss = 0.22574
2023-02-20 11:20:32.427507 Epoch 24 	Train Loss = 0.20658 Val Loss = 0.21687
2023-02-20 11:21:04.290141 Epoch 25 	Train Loss = 0.20623 Val Loss = 0.21699
2023-02-20 11:21:36.419890 Epoch 26 	Train Loss = 0.20539 Val Loss = 0.21503
2023-02-20 11:22:08.380524 Epoch 27 	Train Loss = 0.20576 Val Loss = 0.21421
2023-02-20 11:22:40.482524 Epoch 28 	Train Loss = 0.20591 Val Loss = 0.21910
2023-02-20 11:23:12.569415 Epoch 29 	Train Loss = 0.20482 Val Loss = 0.21447
2023-02-20 11:23:44.780800 Epoch 30 	Train Loss = 0.20364 Val Loss = 0.21556
2023-02-20 11:24:17.054423 Epoch 31 	Train Loss = 0.20305 Val Loss = 0.21825
2023-02-20 11:24:49.141750 Epoch 32 	Train Loss = 0.20118 Val Loss = 0.21644
2023-02-20 11:25:21.098110 Epoch 33 	Train Loss = 0.20237 Val Loss = 0.21666
2023-02-20 11:25:53.181614 Epoch 34 	Train Loss = 0.20306 Val Loss = 0.21551
2023-02-20 11:26:25.000117 Epoch 35 	Train Loss = 0.20141 Val Loss = 0.21426
2023-02-20 11:26:56.884738 Epoch 36 	Train Loss = 0.20072 Val Loss = 0.21299
2023-02-20 11:27:28.918451 Epoch 37 	Train Loss = 0.19978 Val Loss = 0.21262
2023-02-20 11:28:00.970939 Epoch 38 	Train Loss = 0.19973 Val Loss = 0.21447
2023-02-20 11:28:32.958450 Epoch 39 	Train Loss = 0.20020 Val Loss = 0.21396
2023-02-20 11:29:04.954775 Epoch 40 	Train Loss = 0.20001 Val Loss = 0.21551
2023-02-20 11:29:36.944532 Epoch 41 	Train Loss = 0.19916 Val Loss = 0.21366
2023-02-20 11:30:08.870585 Epoch 42 	Train Loss = 0.19814 Val Loss = 0.21217
2023-02-20 11:30:40.831982 Epoch 43 	Train Loss = 0.19925 Val Loss = 0.21244
2023-02-20 11:31:12.852554 Epoch 44 	Train Loss = 0.19864 Val Loss = 0.21517
2023-02-20 11:31:44.890956 Epoch 45 	Train Loss = 0.19731 Val Loss = 0.21115
2023-02-20 11:32:16.832893 Epoch 46 	Train Loss = 0.19634 Val Loss = 0.21601
2023-02-20 11:32:48.726274 Epoch 47 	Train Loss = 0.20086 Val Loss = 0.21206
2023-02-20 11:33:20.578426 Epoch 48 	Train Loss = 0.19929 Val Loss = 0.21415
2023-02-20 11:33:52.361539 Epoch 49 	Train Loss = 0.19702 Val Loss = 0.21260
2023-02-20 11:34:24.390064 Epoch 50 	Train Loss = 0.19682 Val Loss = 0.21190
2023-02-20 11:34:56.333895 Epoch 51 	Train Loss = 0.19631 Val Loss = 0.21289
2023-02-20 11:35:28.273158 Epoch 52 	Train Loss = 0.19574 Val Loss = 0.21315
2023-02-20 11:36:00.193135 Epoch 53 	Train Loss = 0.19604 Val Loss = 0.21042
2023-02-20 11:36:32.171136 Epoch 54 	Train Loss = 0.19647 Val Loss = 0.21002
2023-02-20 11:37:04.131306 Epoch 55 	Train Loss = 0.19393 Val Loss = 0.21055
2023-02-20 11:37:36.121862 Epoch 56 	Train Loss = 0.19442 Val Loss = 0.21134
2023-02-20 11:38:08.106052 Epoch 57 	Train Loss = 0.19463 Val Loss = 0.21222
2023-02-20 11:38:40.217117 Epoch 58 	Train Loss = 0.19514 Val Loss = 0.21430
2023-02-20 11:39:12.283138 Epoch 59 	Train Loss = 0.19366 Val Loss = 0.21349
2023-02-20 11:39:44.175878 Epoch 60 	Train Loss = 0.19340 Val Loss = 0.21275
2023-02-20 11:40:16.090589 Epoch 61 	Train Loss = 0.19270 Val Loss = 0.21222
2023-02-20 11:40:47.744433 Epoch 62 	Train Loss = 0.19453 Val Loss = 0.21266
2023-02-20 11:41:19.231042 Epoch 63 	Train Loss = 0.19223 Val Loss = 0.21285
2023-02-20 11:41:50.748533 Epoch 64 	Train Loss = 0.19148 Val Loss = 0.21228
Early stopping at epoch: 64
Best at epoch 54:
Train Loss = 0.19647
Train RMSE = 9.53593, MAE = 3.64324, MAPE = 8.20640
Val Loss = 0.21002
Val RMSE = 10.88478, MAE = 4.07850, MAPE = 9.09447
--------- Test ---------
All Steps RMSE = 12.04611, MAE = 4.62005, MAPE = 10.11122
Step 1 RMSE = 5.40361, MAE = 2.52420, MAPE = 5.97939
Step 2 RMSE = 6.77325, MAE = 2.96857, MAPE = 7.26857
Step 3 RMSE = 7.70017, MAE = 3.29628, MAPE = 8.24255
Step 4 RMSE = 8.43852, MAE = 3.57888, MAPE = 9.04607
Step 5 RMSE = 9.08102, MAE = 3.81782, MAPE = 9.75521
Step 6 RMSE = 9.64590, MAE = 4.04259, MAPE = 10.34331
Step 7 RMSE = 10.14671, MAE = 4.24613, MAPE = 10.86835
Step 8 RMSE = 10.53104, MAE = 4.40591, MAPE = 11.26826
Step 9 RMSE = 10.87099, MAE = 4.55501, MAPE = 11.64314
Step 10 RMSE = 11.16591, MAE = 4.69391, MAPE = 11.97798
Step 11 RMSE = 11.43966, MAE = 4.82297, MAPE = 12.31047
Step 12 RMSE = 11.69356, MAE = 4.94326, MAPE = 12.63170
