METRLA
Original data shape (34272, 207)
Trainset:	x-torch.Size([23967, 12, 207, 1])	y-torch.Size([23967, 12, 207, 1])
Valset:  	x-torch.Size([3404, 12, 207, 1])  	y-torch.Size([3404, 12, 207, 1])
Testset:	x-torch.Size([6832, 12, 207, 1])	y-torch.Size([6832, 12, 207, 1])

--------- MTGNN ---------
{'num_nodes': 207, 'in_dim': 1, 'seq_length': 12, 'out_dim': 12, 'device': device(type='cuda', index=0), 'gcn_true': True, 'buildA_true': True, 'gcn_depth': 2, 'predefined_A': None, 'static_feat': None, 'dropout': 0.3, 'subgraph_size': 20, 'node_dim': 40, 'dilation_exponential': 1, 'conv_channels': 32, 'residual_channels': 32, 'skip_channels': 64, 'end_channels': 128, 'layers': 3, 'propalpha': 0.05, 'tanhalpha': 3, 'layer_norm_affline': None}

2023-02-20 11:18:02.365463 Epoch 1 	Train Loss = 0.25917 Val Loss = 0.24382
2023-02-20 11:18:31.902680 Epoch 2 	Train Loss = 0.23855 Val Loss = 0.24410
2023-02-20 11:19:01.435769 Epoch 3 	Train Loss = 0.23553 Val Loss = 0.23488
2023-02-20 11:19:31.366341 Epoch 4 	Train Loss = 0.23408 Val Loss = 0.23399
2023-02-20 11:20:01.292499 Epoch 5 	Train Loss = 0.23220 Val Loss = 0.23295
2023-02-20 11:20:31.193412 Epoch 6 	Train Loss = 0.23156 Val Loss = 0.23119
2023-02-20 11:21:00.982168 Epoch 7 	Train Loss = 0.23041 Val Loss = 0.23375
2023-02-20 11:21:30.913302 Epoch 8 	Train Loss = 0.22951 Val Loss = 0.23083
2023-02-20 11:22:00.850108 Epoch 9 	Train Loss = 0.22837 Val Loss = 0.22928
2023-02-20 11:22:30.770351 Epoch 10 	Train Loss = 0.22817 Val Loss = 0.23690
2023-02-20 11:23:00.846200 Epoch 11 	Train Loss = 0.22743 Val Loss = 0.23103
2023-02-20 11:23:30.973154 Epoch 12 	Train Loss = 0.22705 Val Loss = 0.23563
2023-02-20 11:24:01.159535 Epoch 13 	Train Loss = 0.22650 Val Loss = 0.23053
2023-02-20 11:24:31.369005 Epoch 14 	Train Loss = 0.22639 Val Loss = 0.22920
2023-02-20 11:25:01.460954 Epoch 15 	Train Loss = 0.22626 Val Loss = 0.22904
2023-02-20 11:25:31.469329 Epoch 16 	Train Loss = 0.22591 Val Loss = 0.23488
2023-02-20 11:26:01.539571 Epoch 17 	Train Loss = 0.22511 Val Loss = 0.22804
2023-02-20 11:26:31.615038 Epoch 18 	Train Loss = 0.22468 Val Loss = 0.23070
2023-02-20 11:27:01.531880 Epoch 19 	Train Loss = 0.22485 Val Loss = 0.22770
2023-02-20 11:27:31.596986 Epoch 20 	Train Loss = 0.22373 Val Loss = 0.22852
2023-02-20 11:28:01.565815 Epoch 21 	Train Loss = 0.22399 Val Loss = 0.22738
2023-02-20 11:28:31.404686 Epoch 22 	Train Loss = 0.22353 Val Loss = 0.22909
2023-02-20 11:29:01.363035 Epoch 23 	Train Loss = 0.22336 Val Loss = 0.23103
2023-02-20 11:29:31.343111 Epoch 24 	Train Loss = 0.22291 Val Loss = 0.22989
2023-02-20 11:30:01.241532 Epoch 25 	Train Loss = 0.22273 Val Loss = 0.22817
2023-02-20 11:30:31.212327 Epoch 26 	Train Loss = 0.22264 Val Loss = 0.22573
2023-02-20 11:31:01.297901 Epoch 27 	Train Loss = 0.22253 Val Loss = 0.22623
2023-02-20 11:31:31.440326 Epoch 28 	Train Loss = 0.22196 Val Loss = 0.22873
2023-02-20 11:32:01.394175 Epoch 29 	Train Loss = 0.22206 Val Loss = 0.22657
2023-02-20 11:32:31.304820 Epoch 30 	Train Loss = 0.22147 Val Loss = 0.22727
2023-02-20 11:33:01.180923 Epoch 31 	Train Loss = 0.22168 Val Loss = 0.22852
2023-02-20 11:33:31.226470 Epoch 32 	Train Loss = 0.22160 Val Loss = 0.22565
2023-02-20 11:34:01.147119 Epoch 33 	Train Loss = 0.22222 Val Loss = 0.22769
2023-02-20 11:34:31.107494 Epoch 34 	Train Loss = 0.22083 Val Loss = 0.22751
2023-02-20 11:35:01.088558 Epoch 35 	Train Loss = 0.22098 Val Loss = 0.22479
2023-02-20 11:35:31.034232 Epoch 36 	Train Loss = 0.22072 Val Loss = 0.22956
2023-02-20 11:36:01.103847 Epoch 37 	Train Loss = 0.22093 Val Loss = 0.22646
2023-02-20 11:36:30.944856 Epoch 38 	Train Loss = 0.22091 Val Loss = 0.22661
2023-02-20 11:37:00.830047 Epoch 39 	Train Loss = 0.22057 Val Loss = 0.22660
2023-02-20 11:37:30.868078 Epoch 40 	Train Loss = 0.22015 Val Loss = 0.22533
2023-02-20 11:38:00.948874 Epoch 41 	Train Loss = 0.22051 Val Loss = 0.23074
2023-02-20 11:38:31.059789 Epoch 42 	Train Loss = 0.22062 Val Loss = 0.22541
2023-02-20 11:39:01.145884 Epoch 43 	Train Loss = 0.22047 Val Loss = 0.22511
2023-02-20 11:39:31.069050 Epoch 44 	Train Loss = 0.21995 Val Loss = 0.22704
2023-02-20 11:40:01.083682 Epoch 45 	Train Loss = 0.21965 Val Loss = 0.22939
Early stopping at epoch: 45
Best at epoch 35:
Train Loss = 0.22098
Train RMSE = 10.45173, MAE = 4.27585, MAPE = 9.64215
Val Loss = 0.22479
Val RMSE = 11.27586, MAE = 4.41127, MAPE = 9.66216
--------- Test ---------
All Steps RMSE = 12.39226, MAE = 5.03228, MAPE = 10.91068
Step 1 RMSE = 5.76158, MAE = 2.62727, MAPE = 6.09064
Step 2 RMSE = 6.87401, MAE = 3.04500, MAPE = 7.32335
Step 3 RMSE = 7.85216, MAE = 3.40331, MAPE = 8.36776
Step 4 RMSE = 8.70103, MAE = 3.73249, MAPE = 9.31223
Step 5 RMSE = 9.39223, MAE = 4.02236, MAPE = 10.15019
Step 6 RMSE = 9.99321, MAE = 4.29014, MAPE = 10.95089
Step 7 RMSE = 10.52564, MAE = 4.53822, MAPE = 11.65252
Step 8 RMSE = 10.92596, MAE = 4.74143, MAPE = 12.31263
Step 9 RMSE = 11.29490, MAE = 4.93255, MAPE = 12.90032
Step 10 RMSE = 11.63911, MAE = 5.11023, MAPE = 13.44502
Step 11 RMSE = 11.96202, MAE = 5.28011, MAPE = 13.96276
Step 12 RMSE = 12.27505, MAE = 5.45519, MAPE = 14.46036
