METRLA
Trainset:	x-torch.Size([23974, 12, 207, 2])	y-torch.Size([23974, 12, 207, 1])
Valset:  	x-torch.Size([3425, 12, 207, 2])  	y-torch.Size([3425, 12, 207, 1])
Testset:	x-torch.Size([6850, 12, 207, 2])	y-torch.Size([6850, 12, 207, 1])

--------- MTGNN ---------
{'num_nodes': 207, 'in_dim': 2, 'seq_length': 12, 'out_dim': 12, 'device': device(type='cuda', index=0), 'gcn_true': True, 'buildA_true': True, 'gcn_depth': 2, 'predefined_A': None, 'static_feat': None, 'dropout': 0.3, 'subgraph_size': 20, 'node_dim': 40, 'dilation_exponential': 1, 'conv_channels': 32, 'residual_channels': 32, 'skip_channels': 64, 'end_channels': 128, 'layers': 3, 'propalpha': 0.05, 'tanhalpha': 3, 'layer_norm_affline': None}

2023-03-04 20:01:01.695497 Epoch 1 	Train Loss = 0.25842 Val Loss = 0.23875
2023-03-04 20:01:30.733031 Epoch 2 	Train Loss = 0.23639 Val Loss = 0.23853
2023-03-04 20:02:00.101069 Epoch 3 	Train Loss = 0.23396 Val Loss = 0.23153
2023-03-04 20:02:29.320291 Epoch 4 	Train Loss = 0.23178 Val Loss = 0.23129
2023-03-04 20:02:58.767040 Epoch 5 	Train Loss = 0.22967 Val Loss = 0.22932
2023-03-04 20:03:28.367732 Epoch 6 	Train Loss = 0.22957 Val Loss = 0.23105
2023-03-04 20:03:58.036994 Epoch 7 	Train Loss = 0.22746 Val Loss = 0.22959
2023-03-04 20:04:27.464597 Epoch 8 	Train Loss = 0.22758 Val Loss = 0.22883
2023-03-04 20:04:57.182505 Epoch 9 	Train Loss = 0.22636 Val Loss = 0.22772
2023-03-04 20:05:26.936977 Epoch 10 	Train Loss = 0.22484 Val Loss = 0.22856
2023-03-04 20:05:56.756556 Epoch 11 	Train Loss = 0.22521 Val Loss = 0.23236
2023-03-04 20:06:26.408611 Epoch 12 	Train Loss = 0.22469 Val Loss = 0.22759
2023-03-04 20:06:56.186899 Epoch 13 	Train Loss = 0.22393 Val Loss = 0.22814
2023-03-04 20:07:25.732953 Epoch 14 	Train Loss = 0.22362 Val Loss = 0.22741
2023-03-04 20:07:55.443744 Epoch 15 	Train Loss = 0.22408 Val Loss = 0.22517
2023-03-04 20:08:25.007647 Epoch 16 	Train Loss = 0.22323 Val Loss = 0.22684
2023-03-04 20:08:54.790967 Epoch 17 	Train Loss = 0.22215 Val Loss = 0.22623
2023-03-04 20:09:24.517837 Epoch 18 	Train Loss = 0.22266 Val Loss = 0.22842
2023-03-04 20:09:54.078501 Epoch 19 	Train Loss = 0.22185 Val Loss = 0.22391
2023-03-04 20:10:24.114305 Epoch 20 	Train Loss = 0.22168 Val Loss = 0.22688
2023-03-04 20:10:53.944600 Epoch 21 	Train Loss = 0.22141 Val Loss = 0.22977
2023-03-04 20:11:23.994455 Epoch 22 	Train Loss = 0.22171 Val Loss = 0.22939
2023-03-04 20:11:54.110810 Epoch 23 	Train Loss = 0.22072 Val Loss = 0.22446
2023-03-04 20:12:24.312257 Epoch 24 	Train Loss = 0.22073 Val Loss = 0.22488
2023-03-04 20:12:54.351173 Epoch 25 	Train Loss = 0.22030 Val Loss = 0.22544
2023-03-04 20:13:24.464342 Epoch 26 	Train Loss = 0.22009 Val Loss = 0.22522
2023-03-04 20:13:54.551918 Epoch 27 	Train Loss = 0.22059 Val Loss = 0.22476
2023-03-04 20:14:24.743974 Epoch 28 	Train Loss = 0.22014 Val Loss = 0.22501
2023-03-04 20:14:54.621771 Epoch 29 	Train Loss = 0.22004 Val Loss = 0.22560
Early stopping at epoch: 29
Best at epoch 19:
Train Loss = 0.22185
Train RMSE = 8.56622, MAE = 3.78717, MAPE = 9.88899
Val Loss = 0.22391
Val RMSE = 8.96649, MAE = 3.76637, MAPE = 9.98293
--------- Test ---------
All Steps RMSE = 10.00612, MAE = 4.30271, MAPE = 11.20212
Step 1 RMSE = 5.42924, MAE = 2.57562, MAPE = 6.05279
Step 2 RMSE = 6.81352, MAE = 3.03078, MAPE = 7.38007
Step 3 RMSE = 7.84507, MAE = 3.41140, MAPE = 8.49696
Step 4 RMSE = 8.71960, MAE = 3.75082, MAPE = 9.47398
Step 5 RMSE = 9.42498, MAE = 4.04667, MAPE = 10.34417
Step 6 RMSE = 10.04027, MAE = 4.32674, MAPE = 11.22288
Step 7 RMSE = 10.57605, MAE = 4.58905, MAPE = 12.03377
Step 8 RMSE = 11.01393, MAE = 4.80362, MAPE = 12.73465
Step 9 RMSE = 11.35094, MAE = 4.99772, MAPE = 13.34616
Step 10 RMSE = 11.65821, MAE = 5.17242, MAPE = 13.90941
Step 11 RMSE = 11.98101, MAE = 5.35008, MAPE = 14.45974
Step 12 RMSE = 12.31201, MAE = 5.53315, MAPE = 14.97149
