METRLA
Trainset:	x-(23974, 12, 207, 2)	y-(23974, 12, 207, 2)
Valset:  	x-(3425, 12, 207, 2)  	y-(3425, 12, 207, 2)
Testset:	x-(6850, 12, 207, 2)	y-(6850, 12, 207, 2)

--------- MTGNN ---------
{'num_nodes': 207, 'in_steps': 12, 'out_steps': 12, 'lr': 0.01, 'weight_decay': 0.0001, 'milestones': [10, 40], 'clip_grad': 5, 'batch_size': 64, 'max_epochs': 200, 'load_npz': True, 'load_adj': False, 'pass_device': True, 'model_args': {'num_nodes': 207, 'in_dim': 2, 'seq_length': 12, 'out_dim': 12, 'device': device(type='cuda', index=0), 'gcn_true': True, 'buildA_true': True, 'gcn_depth': 2, 'predefined_A': None, 'static_feat': None, 'dropout': 0.3, 'subgraph_size': 20, 'node_dim': 40, 'dilation_exponential': 1, 'conv_channels': 32, 'residual_channels': 32, 'skip_channels': 64, 'end_channels': 128, 'layers': 3, 'propalpha': 0.05, 'tanhalpha': 3, 'layer_norm_affline': None}}

2023-03-19 20:33:29.306948 Epoch 1 	Train Loss = 3.92224 Val Loss = 3.40650
2023-03-19 20:33:48.032718 Epoch 2 	Train Loss = 3.62956 Val Loss = 3.34107
2023-03-19 20:34:06.995438 Epoch 3 	Train Loss = 3.57932 Val Loss = 3.29857
2023-03-19 20:34:25.831902 Epoch 4 	Train Loss = 3.52951 Val Loss = 3.28790
2023-03-19 20:34:44.932007 Epoch 5 	Train Loss = 3.51970 Val Loss = 3.34435
2023-03-19 20:35:03.699832 Epoch 6 	Train Loss = 3.50280 Val Loss = 3.27081
2023-03-19 20:35:22.789493 Epoch 7 	Train Loss = 3.48711 Val Loss = 3.25082
2023-03-19 20:35:41.822848 Epoch 8 	Train Loss = 3.47382 Val Loss = 3.24662
2023-03-19 20:36:00.899463 Epoch 9 	Train Loss = 3.44356 Val Loss = 3.23151
2023-03-19 20:36:20.132715 Epoch 10 	Train Loss = 3.43467 Val Loss = 3.28226
2023-03-19 20:36:39.302989 Epoch 11 	Train Loss = 3.36279 Val Loss = 3.14917
2023-03-19 20:36:58.314370 Epoch 12 	Train Loss = 3.34424 Val Loss = 3.15057
2023-03-19 20:37:17.636686 Epoch 13 	Train Loss = 3.33872 Val Loss = 3.14141
2023-03-19 20:37:36.594940 Epoch 14 	Train Loss = 3.32917 Val Loss = 3.13108
2023-03-19 20:37:55.581060 Epoch 15 	Train Loss = 3.31646 Val Loss = 3.10968
2023-03-19 20:38:14.743139 Epoch 16 	Train Loss = 3.29903 Val Loss = 3.10175
2023-03-19 20:38:33.847760 Epoch 17 	Train Loss = 3.27762 Val Loss = 3.08449
2023-03-19 20:38:55.378432 Epoch 18 	Train Loss = 3.25055 Val Loss = 3.06607
2023-03-19 20:39:16.972085 Epoch 19 	Train Loss = 3.22659 Val Loss = 3.04795
2023-03-19 20:39:38.582432 Epoch 20 	Train Loss = 3.20557 Val Loss = 3.04681
2023-03-19 20:40:00.270836 Epoch 21 	Train Loss = 3.18517 Val Loss = 3.01722
2023-03-19 20:40:21.975756 Epoch 22 	Train Loss = 3.16925 Val Loss = 2.99843
2023-03-19 20:40:43.626381 Epoch 23 	Train Loss = 3.15538 Val Loss = 2.99328
2023-03-19 20:41:05.186352 Epoch 24 	Train Loss = 3.14211 Val Loss = 2.98766
2023-03-19 20:41:26.841138 Epoch 25 	Train Loss = 3.12863 Val Loss = 2.96566
2023-03-19 20:41:48.523202 Epoch 26 	Train Loss = 3.11663 Val Loss = 2.96464
2023-03-19 20:42:10.157639 Epoch 27 	Train Loss = 3.11054 Val Loss = 2.96055
2023-03-19 20:42:31.871181 Epoch 28 	Train Loss = 3.10074 Val Loss = 2.96407
2023-03-19 20:42:53.605374 Epoch 29 	Train Loss = 3.09626 Val Loss = 2.94578
2023-03-19 20:43:15.536705 Epoch 30 	Train Loss = 3.08884 Val Loss = 2.95050
2023-03-19 20:43:37.230052 Epoch 31 	Train Loss = 3.07952 Val Loss = 2.93770
2023-03-19 20:43:58.936317 Epoch 32 	Train Loss = 3.07318 Val Loss = 2.92971
2023-03-19 20:44:20.801388 Epoch 33 	Train Loss = 3.06545 Val Loss = 2.93239
2023-03-19 20:44:42.442221 Epoch 34 	Train Loss = 3.05834 Val Loss = 2.90549
2023-03-19 20:45:04.139166 Epoch 35 	Train Loss = 3.04948 Val Loss = 2.92384
2023-03-19 20:45:25.839727 Epoch 36 	Train Loss = 3.04460 Val Loss = 2.90415
2023-03-19 20:45:47.573777 Epoch 37 	Train Loss = 3.03654 Val Loss = 2.90588
2023-03-19 20:46:09.220722 Epoch 38 	Train Loss = 3.03287 Val Loss = 2.89364
2023-03-19 20:46:31.011996 Epoch 39 	Train Loss = 3.02976 Val Loss = 2.89271
2023-03-19 20:46:52.768187 Epoch 40 	Train Loss = 3.02442 Val Loss = 2.88182
2023-03-19 20:47:14.455769 Epoch 41 	Train Loss = 2.99329 Val Loss = 2.86578
2023-03-19 20:47:36.090255 Epoch 42 	Train Loss = 2.98960 Val Loss = 2.86409
2023-03-19 20:47:57.837366 Epoch 43 	Train Loss = 2.98884 Val Loss = 2.86450
2023-03-19 20:48:19.561902 Epoch 44 	Train Loss = 2.98717 Val Loss = 2.86247
2023-03-19 20:48:41.153585 Epoch 45 	Train Loss = 2.98575 Val Loss = 2.86226
2023-03-19 20:49:02.859995 Epoch 46 	Train Loss = 2.98416 Val Loss = 2.86105
2023-03-19 20:49:22.787977 Epoch 47 	Train Loss = 2.98281 Val Loss = 2.86115
2023-03-19 20:49:42.209264 Epoch 48 	Train Loss = 2.98173 Val Loss = 2.86089
2023-03-19 20:50:01.299778 Epoch 49 	Train Loss = 2.98143 Val Loss = 2.85673
2023-03-19 20:50:20.541242 Epoch 50 	Train Loss = 2.97884 Val Loss = 2.85570
2023-03-19 20:50:39.856665 Epoch 51 	Train Loss = 2.97846 Val Loss = 2.85864
2023-03-19 20:50:59.264540 Epoch 52 	Train Loss = 2.97773 Val Loss = 2.85890
2023-03-19 20:51:20.090232 Epoch 53 	Train Loss = 2.97835 Val Loss = 2.85637
2023-03-19 20:51:41.740109 Epoch 54 	Train Loss = 2.97722 Val Loss = 2.85693
2023-03-19 20:52:03.450379 Epoch 55 	Train Loss = 2.97655 Val Loss = 2.85636
2023-03-19 20:52:25.187766 Epoch 56 	Train Loss = 2.97532 Val Loss = 2.85484
2023-03-19 20:52:46.822253 Epoch 57 	Train Loss = 2.97577 Val Loss = 2.85190
2023-03-19 20:53:08.567446 Epoch 58 	Train Loss = 2.97432 Val Loss = 2.85413
2023-03-19 20:53:30.238314 Epoch 59 	Train Loss = 2.97426 Val Loss = 2.85419
2023-03-19 20:53:52.984289 Epoch 60 	Train Loss = 2.97450 Val Loss = 2.85791
2023-03-19 20:54:29.280242 Epoch 61 	Train Loss = 2.97224 Val Loss = 2.85445
2023-03-19 20:55:09.321841 Epoch 62 	Train Loss = 2.97185 Val Loss = 2.85245
2023-03-19 20:55:49.437288 Epoch 63 	Train Loss = 2.97111 Val Loss = 2.85452
2023-03-19 20:56:29.521087 Epoch 64 	Train Loss = 2.97043 Val Loss = 2.85353
2023-03-19 20:57:09.850041 Epoch 65 	Train Loss = 2.96899 Val Loss = 2.85283
2023-03-19 20:57:50.053208 Epoch 66 	Train Loss = 2.96812 Val Loss = 2.85288
2023-03-19 20:58:30.315064 Epoch 67 	Train Loss = 2.96901 Val Loss = 2.85327
Early stopping at epoch: 67
Best at epoch 57:
Train Loss = 2.97577
Train RMSE = 5.89620, MAE = 2.93393, MAPE = 7.83769
Val Loss = 2.85190
Val RMSE = 5.96422, MAE = 2.88148, MAPE = 8.07333
--------- Test ---------
All Steps RMSE = 6.28066, MAE = 3.13611, MAPE = 8.62295
Step 1 RMSE = 4.06301, MAE = 2.31826, MAPE = 5.64343
Step 2 RMSE = 4.89909, MAE = 2.60888, MAPE = 6.62386
Step 3 RMSE = 5.41099, MAE = 2.80239, MAPE = 7.32416
Step 4 RMSE = 5.79291, MAE = 2.95346, MAPE = 7.90317
Step 5 RMSE = 6.09784, MAE = 3.07492, MAPE = 8.38127
Step 6 RMSE = 6.36027, MAE = 3.18067, MAPE = 8.79352
Step 7 RMSE = 6.58377, MAE = 3.27129, MAPE = 9.13459
Step 8 RMSE = 6.76744, MAE = 3.35007, MAPE = 9.42803
Step 9 RMSE = 6.91874, MAE = 3.42049, MAPE = 9.69606
Step 10 RMSE = 7.05879, MAE = 3.48618, MAPE = 9.95307
Step 11 RMSE = 7.19524, MAE = 3.54981, MAPE = 10.18320
Step 12 RMSE = 7.33273, MAE = 3.61708, MAPE = 10.41138
