METRLA
Trainset:	x-(23974, 12, 207, 2)	y-(23974, 12, 207, 2)
Valset:  	x-(3425, 12, 207, 2)  	y-(3425, 12, 207, 2)
Testset:	x-(6850, 12, 207, 2)	y-(6850, 12, 207, 2)

--------- MTGNN ---------
{'num_nodes': 207, 'in_dim': 2, 'seq_length': 12, 'out_dim': 12, 'device': device(type='cuda', index=0), 'gcn_true': True, 'buildA_true': True, 'gcn_depth': 2, 'predefined_A': None, 'static_feat': None, 'dropout': 0.3, 'subgraph_size': 20, 'node_dim': 40, 'dilation_exponential': 1, 'conv_channels': 32, 'residual_channels': 32, 'skip_channels': 64, 'end_channels': 128, 'layers': 3, 'propalpha': 0.05, 'tanhalpha': 3, 'layer_norm_affline': None}

2023-03-17 16:04:33.582873 Epoch 1 	Train Loss = 0.25890 Val Loss = 0.23905
2023-03-17 16:05:02.252210 Epoch 2 	Train Loss = 0.24209 Val Loss = 0.23583
2023-03-17 16:05:30.977731 Epoch 3 	Train Loss = 0.23912 Val Loss = 0.24467
2023-03-17 16:05:59.687120 Epoch 4 	Train Loss = 0.23664 Val Loss = 0.23751
2023-03-17 16:06:28.531576 Epoch 5 	Train Loss = 0.23623 Val Loss = 0.23370
2023-03-17 16:06:57.354360 Epoch 6 	Train Loss = 0.23235 Val Loss = 0.23892
2023-03-17 16:07:26.179389 Epoch 7 	Train Loss = 0.23202 Val Loss = 0.23550
2023-03-17 16:07:55.011276 Epoch 8 	Train Loss = 0.23215 Val Loss = 0.22995
2023-03-17 16:08:23.866582 Epoch 9 	Train Loss = 0.23238 Val Loss = 0.23360
2023-03-17 16:08:52.715221 Epoch 10 	Train Loss = 0.23066 Val Loss = 0.23200
2023-03-17 16:09:21.589016 Epoch 11 	Train Loss = 0.23020 Val Loss = 0.22989
2023-03-17 16:09:50.568688 Epoch 12 	Train Loss = 0.23028 Val Loss = 0.23117
2023-03-17 16:10:19.849321 Epoch 13 	Train Loss = 0.23044 Val Loss = 0.23199
2023-03-17 16:10:48.911328 Epoch 14 	Train Loss = 0.23064 Val Loss = 0.23252
2023-03-17 16:11:18.022084 Epoch 15 	Train Loss = 0.23052 Val Loss = 0.23514
2023-03-17 16:11:47.130252 Epoch 16 	Train Loss = 0.23090 Val Loss = 0.23619
2023-03-17 16:12:16.266529 Epoch 17 	Train Loss = 0.22907 Val Loss = 0.23260
2023-03-17 16:12:45.503627 Epoch 18 	Train Loss = 0.22379 Val Loss = 0.22731
2023-03-17 16:13:14.735779 Epoch 19 	Train Loss = 0.22310 Val Loss = 0.22702
2023-03-17 16:13:44.065694 Epoch 20 	Train Loss = 0.22257 Val Loss = 0.22730
2023-03-17 16:14:13.675425 Epoch 21 	Train Loss = 0.22238 Val Loss = 0.22829
2023-03-17 16:14:43.378971 Epoch 22 	Train Loss = 0.22203 Val Loss = 0.22738
2023-03-17 16:15:12.564204 Epoch 23 	Train Loss = 0.22172 Val Loss = 0.22785
2023-03-17 16:15:41.559269 Epoch 24 	Train Loss = 0.22153 Val Loss = 0.22725
2023-03-17 16:16:10.550737 Epoch 25 	Train Loss = 0.22117 Val Loss = 0.22698
2023-03-17 16:16:39.540559 Epoch 26 	Train Loss = 0.22081 Val Loss = 0.22794
2023-03-17 16:17:08.513375 Epoch 27 	Train Loss = 0.22102 Val Loss = 0.22646
2023-03-17 16:17:37.481806 Epoch 28 	Train Loss = 0.22057 Val Loss = 0.22706
2023-03-17 16:18:06.648086 Epoch 29 	Train Loss = 0.21973 Val Loss = 0.22685
2023-03-17 16:18:36.080564 Epoch 30 	Train Loss = 0.21971 Val Loss = 0.22685
2023-03-17 16:19:05.302800 Epoch 31 	Train Loss = 0.21979 Val Loss = 0.22700
2023-03-17 16:19:34.408692 Epoch 32 	Train Loss = 0.21950 Val Loss = 0.22686
2023-03-17 16:20:03.739209 Epoch 33 	Train Loss = 0.21949 Val Loss = 0.22649
2023-03-17 16:20:32.910238 Epoch 34 	Train Loss = 0.21954 Val Loss = 0.22649
2023-03-17 16:21:02.175716 Epoch 35 	Train Loss = 0.21940 Val Loss = 0.22669
2023-03-17 16:21:31.426140 Epoch 36 	Train Loss = 0.21941 Val Loss = 0.22684
2023-03-17 16:22:00.647294 Epoch 37 	Train Loss = 0.21937 Val Loss = 0.22648
Early stopping at epoch: 37
Best at epoch 27:
Train Loss = 0.22102
Train RMSE = 8.72705, MAE = 3.82800, MAPE = 9.99532
Val Loss = 0.22646
Val RMSE = 9.16122, MAE = 3.80668, MAPE = 10.10532
--------- Test ---------
All Steps RMSE = 10.18120, MAE = 4.35083, MAPE = 11.33413
Step 1 RMSE = 5.54308, MAE = 2.60049, MAPE = 6.11831
Step 2 RMSE = 6.90533, MAE = 3.05936, MAPE = 7.47432
Step 3 RMSE = 7.94686, MAE = 3.43297, MAPE = 8.57969
Step 4 RMSE = 8.82900, MAE = 3.77131, MAPE = 9.55646
Step 5 RMSE = 9.54362, MAE = 4.07400, MAPE = 10.44421
Step 6 RMSE = 10.17319, MAE = 4.36072, MAPE = 11.29390
Step 7 RMSE = 10.73993, MAE = 4.62678, MAPE = 12.10460
Step 8 RMSE = 11.17675, MAE = 4.85318, MAPE = 12.84666
Step 9 RMSE = 11.57672, MAE = 5.06093, MAPE = 13.50078
Step 10 RMSE = 11.96075, MAE = 5.26117, MAPE = 14.11396
Step 11 RMSE = 12.32411, MAE = 5.45828, MAPE = 14.70254
Step 12 RMSE = 12.67169, MAE = 5.65091, MAPE = 15.27456
