PEMS08
Trainset:	x-(10700, 12, 170, 1)	y-(10700, 12, 170, 1)
Valset:  	x-(3567, 12, 170, 1)  	y-(3567, 12, 170, 1)
Testset:	x-(3566, 12, 170, 1)	y-(3566, 12, 170, 1)

Random seed = 233
--------- GCGRU ---------
{
    "num_nodes": 170,
    "in_steps": 12,
    "out_steps": 12,
    "lr": 0.001,
    "weight_decay": 0,
    "milestones": [
        12,
        50
    ],
    "clip_grad": 0,
    "batch_size": 64,
    "max_epochs": 200,
    "pass_device": true,
    "model_args": {
        "num_nodes": 170,
        "input_dim": 1,
        "output_dim": 1,
        "horizon": 12,
        "rnn_units": 64,
        "num_layers": 1,
        "cheb_k": 3,
        "adj_path": "../data/PEMS08/adj_PEMS08.pkl",
        "adj_type": "doubletransition",
        "device": "cuda:0"
    }
}
==========================================================================================
Layer (type:depth-idx)                   Output Shape              Param #
==========================================================================================
GCGRU                                    [64, 12, 170, 1]          --
├─Encoder: 1-1                           [64, 170, 64]             --
│    └─ModuleList: 2-1                   --                        --
│    │    └─GRUCell: 3-1                 [64, 170, 64]             75,072
│    │    └─GRUCell: 3-2                 [64, 170, 64]             (recursive)
│    │    └─GRUCell: 3-3                 [64, 170, 64]             (recursive)
│    │    └─GRUCell: 3-4                 [64, 170, 64]             (recursive)
│    │    └─GRUCell: 3-5                 [64, 170, 64]             (recursive)
│    │    └─GRUCell: 3-6                 [64, 170, 64]             (recursive)
│    │    └─GRUCell: 3-7                 [64, 170, 64]             (recursive)
│    │    └─GRUCell: 3-8                 [64, 170, 64]             (recursive)
│    │    └─GRUCell: 3-9                 [64, 170, 64]             (recursive)
│    │    └─GRUCell: 3-10                [64, 170, 64]             (recursive)
│    │    └─GRUCell: 3-11                [64, 170, 64]             (recursive)
│    │    └─GRUCell: 3-12                [64, 170, 64]             (recursive)
├─Decoder: 1-2                           [64, 170, 64]             --
│    └─ModuleList: 2-24                  --                        (recursive)
│    │    └─GRUCell: 3-13                [64, 170, 64]             75,072
├─Sequential: 1-3                        [64, 170, 1]              --
│    └─Linear: 2-3                       [64, 170, 1]              65
├─Decoder: 1-4                           [64, 170, 64]             (recursive)
│    └─ModuleList: 2-24                  --                        (recursive)
│    │    └─GRUCell: 3-14                [64, 170, 64]             (recursive)
├─Sequential: 1-5                        [64, 170, 1]              (recursive)
│    └─Linear: 2-5                       [64, 170, 1]              (recursive)
├─Decoder: 1-6                           [64, 170, 64]             (recursive)
│    └─ModuleList: 2-24                  --                        (recursive)
│    │    └─GRUCell: 3-15                [64, 170, 64]             (recursive)
├─Sequential: 1-7                        [64, 170, 1]              (recursive)
│    └─Linear: 2-7                       [64, 170, 1]              (recursive)
├─Decoder: 1-8                           [64, 170, 64]             (recursive)
│    └─ModuleList: 2-24                  --                        (recursive)
│    │    └─GRUCell: 3-16                [64, 170, 64]             (recursive)
├─Sequential: 1-9                        [64, 170, 1]              (recursive)
│    └─Linear: 2-9                       [64, 170, 1]              (recursive)
├─Decoder: 1-10                          [64, 170, 64]             (recursive)
│    └─ModuleList: 2-24                  --                        (recursive)
│    │    └─GRUCell: 3-17                [64, 170, 64]             (recursive)
├─Sequential: 1-11                       [64, 170, 1]              (recursive)
│    └─Linear: 2-11                      [64, 170, 1]              (recursive)
├─Decoder: 1-12                          [64, 170, 64]             (recursive)
│    └─ModuleList: 2-24                  --                        (recursive)
│    │    └─GRUCell: 3-18                [64, 170, 64]             (recursive)
├─Sequential: 1-13                       [64, 170, 1]              (recursive)
│    └─Linear: 2-13                      [64, 170, 1]              (recursive)
├─Decoder: 1-14                          [64, 170, 64]             (recursive)
│    └─ModuleList: 2-24                  --                        (recursive)
│    │    └─GRUCell: 3-19                [64, 170, 64]             (recursive)
├─Sequential: 1-15                       [64, 170, 1]              (recursive)
│    └─Linear: 2-15                      [64, 170, 1]              (recursive)
├─Decoder: 1-16                          [64, 170, 64]             (recursive)
│    └─ModuleList: 2-24                  --                        (recursive)
│    │    └─GRUCell: 3-20                [64, 170, 64]             (recursive)
├─Sequential: 1-17                       [64, 170, 1]              (recursive)
│    └─Linear: 2-17                      [64, 170, 1]              (recursive)
├─Decoder: 1-18                          [64, 170, 64]             (recursive)
│    └─ModuleList: 2-24                  --                        (recursive)
│    │    └─GRUCell: 3-21                [64, 170, 64]             (recursive)
├─Sequential: 1-19                       [64, 170, 1]              (recursive)
│    └─Linear: 2-19                      [64, 170, 1]              (recursive)
├─Decoder: 1-20                          [64, 170, 64]             (recursive)
│    └─ModuleList: 2-24                  --                        (recursive)
│    │    └─GRUCell: 3-22                [64, 170, 64]             (recursive)
├─Sequential: 1-21                       [64, 170, 1]              (recursive)
│    └─Linear: 2-21                      [64, 170, 1]              (recursive)
├─Decoder: 1-22                          [64, 170, 64]             (recursive)
│    └─ModuleList: 2-24                  --                        (recursive)
│    │    └─GRUCell: 3-23                [64, 170, 64]             (recursive)
├─Sequential: 1-23                       [64, 170, 1]              (recursive)
│    └─Linear: 2-23                      [64, 170, 1]              (recursive)
├─Decoder: 1-24                          [64, 170, 64]             (recursive)
│    └─ModuleList: 2-24                  --                        (recursive)
│    │    └─GRUCell: 3-24                [64, 170, 64]             (recursive)
├─Sequential: 1-25                       [64, 170, 1]              (recursive)
│    └─Linear: 2-25                      [64, 170, 1]              (recursive)
==========================================================================================
Total params: 150,209
Trainable params: 150,209
Non-trainable params: 0
Total mult-adds (M): 0.05
==========================================================================================
Input size (MB): 0.52
Forward/backward pass size (MB): 402.12
Params size (MB): 0.60
Estimated Total Size (MB): 403.25
==========================================================================================

Loss: HuberLoss

2024-04-20 19:01:01.702230 Epoch 1  	Train Loss = 31.73131 Val Loss = 21.15519
2024-04-20 19:01:14.341744 Epoch 2  	Train Loss = 20.90308 Val Loss = 21.04978
2024-04-20 19:01:27.399495 Epoch 3  	Train Loss = 20.11856 Val Loss = 19.99789
2024-04-20 19:01:42.524794 Epoch 4  	Train Loss = 19.80419 Val Loss = 20.42432
2024-04-20 19:01:56.666326 Epoch 5  	Train Loss = 19.77884 Val Loss = 20.04075
2024-04-20 19:02:11.535474 Epoch 6  	Train Loss = 19.50813 Val Loss = 19.35706
2024-04-20 19:02:26.511457 Epoch 7  	Train Loss = 19.28488 Val Loss = 19.27592
2024-04-20 19:02:39.358620 Epoch 8  	Train Loss = 18.96804 Val Loss = 19.06838
2024-04-20 19:02:51.861562 Epoch 9  	Train Loss = 18.79983 Val Loss = 19.07708
2024-04-20 19:03:04.409312 Epoch 10  	Train Loss = 18.65406 Val Loss = 19.24818
2024-04-20 19:03:17.143159 Epoch 11  	Train Loss = 18.50256 Val Loss = 19.19056
2024-04-20 19:03:29.809457 Epoch 12  	Train Loss = 18.43567 Val Loss = 18.68602
2024-04-20 19:03:43.662809 Epoch 13  	Train Loss = 17.97593 Val Loss = 18.22223
2024-04-20 19:03:56.885568 Epoch 14  	Train Loss = 17.93235 Val Loss = 18.31325
2024-04-20 19:04:09.491312 Epoch 15  	Train Loss = 17.89912 Val Loss = 18.20602
2024-04-20 19:04:22.164575 Epoch 16  	Train Loss = 17.85918 Val Loss = 18.19092
2024-04-20 19:04:34.550988 Epoch 17  	Train Loss = 17.83552 Val Loss = 18.24183
2024-04-20 19:04:45.739861 Epoch 18  	Train Loss = 17.81492 Val Loss = 18.15400
2024-04-20 19:04:56.895561 Epoch 19  	Train Loss = 17.76702 Val Loss = 18.15728
2024-04-20 19:05:08.014933 Epoch 20  	Train Loss = 17.75032 Val Loss = 18.09104
2024-04-20 19:05:19.355529 Epoch 21  	Train Loss = 17.73989 Val Loss = 18.03956
2024-04-20 19:05:30.428141 Epoch 22  	Train Loss = 17.68855 Val Loss = 18.03830
2024-04-20 19:05:41.518730 Epoch 23  	Train Loss = 17.65985 Val Loss = 17.99895
2024-04-20 19:05:52.587633 Epoch 24  	Train Loss = 17.69278 Val Loss = 17.99195
2024-04-20 19:06:03.604909 Epoch 25  	Train Loss = 17.63001 Val Loss = 18.08289
2024-04-20 19:06:14.775456 Epoch 26  	Train Loss = 17.60339 Val Loss = 17.97155
2024-04-20 19:06:26.364010 Epoch 27  	Train Loss = 17.57461 Val Loss = 17.93723
2024-04-20 19:06:37.562478 Epoch 28  	Train Loss = 17.55553 Val Loss = 17.92118
2024-04-20 19:06:48.768252 Epoch 29  	Train Loss = 17.51952 Val Loss = 18.14845
2024-04-20 19:07:01.860209 Epoch 30  	Train Loss = 17.50302 Val Loss = 17.91189
2024-04-20 19:07:14.348689 Epoch 31  	Train Loss = 17.49112 Val Loss = 17.82478
2024-04-20 19:07:25.673993 Epoch 32  	Train Loss = 17.44789 Val Loss = 17.79954
2024-04-20 19:07:36.847212 Epoch 33  	Train Loss = 17.44580 Val Loss = 17.95605
2024-04-20 19:07:47.954022 Epoch 34  	Train Loss = 17.39917 Val Loss = 17.74015
2024-04-20 19:07:59.767397 Epoch 35  	Train Loss = 17.36932 Val Loss = 17.76203
2024-04-20 19:08:11.084442 Epoch 36  	Train Loss = 17.35993 Val Loss = 17.90095
2024-04-20 19:08:23.579678 Epoch 37  	Train Loss = 17.35835 Val Loss = 17.70843
2024-04-20 19:08:36.777059 Epoch 38  	Train Loss = 17.31003 Val Loss = 17.76313
2024-04-20 19:08:49.580614 Epoch 39  	Train Loss = 17.31923 Val Loss = 17.66870
2024-04-20 19:09:01.936133 Epoch 40  	Train Loss = 17.29267 Val Loss = 17.67893
2024-04-20 19:09:14.261972 Epoch 41  	Train Loss = 17.27243 Val Loss = 18.08640
2024-04-20 19:09:25.768184 Epoch 42  	Train Loss = 17.25867 Val Loss = 17.61457
2024-04-20 19:09:36.913367 Epoch 43  	Train Loss = 17.20949 Val Loss = 17.57456
2024-04-20 19:09:48.065465 Epoch 44  	Train Loss = 17.20730 Val Loss = 17.59393
2024-04-20 19:09:59.201675 Epoch 45  	Train Loss = 17.19167 Val Loss = 17.56852
2024-04-20 19:10:10.335204 Epoch 46  	Train Loss = 17.15069 Val Loss = 17.50442
2024-04-20 19:10:21.428462 Epoch 47  	Train Loss = 17.15606 Val Loss = 17.64541
2024-04-20 19:10:32.698063 Epoch 48  	Train Loss = 17.13028 Val Loss = 17.63448
2024-04-20 19:10:43.871426 Epoch 49  	Train Loss = 17.11775 Val Loss = 17.55879
2024-04-20 19:10:54.962811 Epoch 50  	Train Loss = 17.08851 Val Loss = 17.54741
2024-04-20 19:11:06.057959 Epoch 51  	Train Loss = 16.99977 Val Loss = 17.46490
2024-04-20 19:11:17.202797 Epoch 52  	Train Loss = 17.00374 Val Loss = 17.48689
2024-04-20 19:11:30.170218 Epoch 53  	Train Loss = 17.00005 Val Loss = 17.47582
2024-04-20 19:11:42.834487 Epoch 54  	Train Loss = 16.98459 Val Loss = 17.47048
2024-04-20 19:11:55.342155 Epoch 55  	Train Loss = 16.98688 Val Loss = 17.46740
2024-04-20 19:12:07.875465 Epoch 56  	Train Loss = 16.98199 Val Loss = 17.50534
2024-04-20 19:12:20.491239 Epoch 57  	Train Loss = 16.99248 Val Loss = 17.46034
2024-04-20 19:12:33.074189 Epoch 58  	Train Loss = 16.98621 Val Loss = 17.47274
2024-04-20 19:12:45.578534 Epoch 59  	Train Loss = 16.97933 Val Loss = 17.51777
2024-04-20 19:12:58.704630 Epoch 60  	Train Loss = 16.96917 Val Loss = 17.44138
2024-04-20 19:13:10.510707 Epoch 61  	Train Loss = 16.97199 Val Loss = 17.47498
2024-04-20 19:13:22.199583 Epoch 62  	Train Loss = 16.97773 Val Loss = 17.44519
2024-04-20 19:13:35.555191 Epoch 63  	Train Loss = 16.97958 Val Loss = 17.45956
2024-04-20 19:13:47.918516 Epoch 64  	Train Loss = 16.96819 Val Loss = 17.45503
2024-04-20 19:13:58.986172 Epoch 65  	Train Loss = 16.95586 Val Loss = 17.48989
2024-04-20 19:14:10.855988 Epoch 66  	Train Loss = 16.96931 Val Loss = 17.45202
2024-04-20 19:14:24.271535 Epoch 67  	Train Loss = 16.96798 Val Loss = 17.44813
2024-04-20 19:14:37.679716 Epoch 68  	Train Loss = 16.94476 Val Loss = 17.42318
2024-04-20 19:14:51.118444 Epoch 69  	Train Loss = 16.95390 Val Loss = 17.51489
2024-04-20 19:15:04.607112 Epoch 70  	Train Loss = 16.95084 Val Loss = 17.48808
2024-04-20 19:15:17.301559 Epoch 71  	Train Loss = 16.97458 Val Loss = 17.45433
2024-04-20 19:15:28.444998 Epoch 72  	Train Loss = 16.94672 Val Loss = 17.49364
2024-04-20 19:15:39.583291 Epoch 73  	Train Loss = 16.95987 Val Loss = 17.43406
2024-04-20 19:15:50.737174 Epoch 74  	Train Loss = 16.95535 Val Loss = 17.43913
2024-04-20 19:16:01.934937 Epoch 75  	Train Loss = 16.93801 Val Loss = 17.42795
2024-04-20 19:16:13.059929 Epoch 76  	Train Loss = 16.94962 Val Loss = 17.41884
2024-04-20 19:16:24.190088 Epoch 77  	Train Loss = 16.93937 Val Loss = 17.45308
2024-04-20 19:16:35.245110 Epoch 78  	Train Loss = 16.92629 Val Loss = 17.41712
2024-04-20 19:16:46.341428 Epoch 79  	Train Loss = 16.93574 Val Loss = 17.40999
2024-04-20 19:16:57.485398 Epoch 80  	Train Loss = 16.92718 Val Loss = 17.46160
2024-04-20 19:17:08.591156 Epoch 81  	Train Loss = 16.92669 Val Loss = 17.42508
2024-04-20 19:17:19.731078 Epoch 82  	Train Loss = 16.93875 Val Loss = 17.40029
2024-04-20 19:17:30.895626 Epoch 83  	Train Loss = 16.92906 Val Loss = 17.40844
2024-04-20 19:17:42.017876 Epoch 84  	Train Loss = 16.91845 Val Loss = 17.41481
2024-04-20 19:17:53.137539 Epoch 85  	Train Loss = 16.92541 Val Loss = 17.38909
2024-04-20 19:18:04.515561 Epoch 86  	Train Loss = 16.90658 Val Loss = 17.43611
2024-04-20 19:18:15.729712 Epoch 87  	Train Loss = 16.92314 Val Loss = 17.47060
2024-04-20 19:18:26.884697 Epoch 88  	Train Loss = 16.91068 Val Loss = 17.41482
2024-04-20 19:18:38.622236 Epoch 89  	Train Loss = 16.91732 Val Loss = 17.44805
2024-04-20 19:18:49.902501 Epoch 90  	Train Loss = 16.89633 Val Loss = 17.40177
2024-04-20 19:19:02.360512 Epoch 91  	Train Loss = 16.91109 Val Loss = 17.40546
2024-04-20 19:19:15.545034 Epoch 92  	Train Loss = 16.90944 Val Loss = 17.38671
2024-04-20 19:19:29.642098 Epoch 93  	Train Loss = 16.91426 Val Loss = 17.41952
2024-04-20 19:19:44.459128 Epoch 94  	Train Loss = 16.90448 Val Loss = 17.40164
2024-04-20 19:19:58.817597 Epoch 95  	Train Loss = 16.89023 Val Loss = 17.40618
2024-04-20 19:20:14.057139 Epoch 96  	Train Loss = 16.88915 Val Loss = 17.42225
2024-04-20 19:20:27.993931 Epoch 97  	Train Loss = 16.88890 Val Loss = 17.42105
2024-04-20 19:20:40.574847 Epoch 98  	Train Loss = 16.89954 Val Loss = 17.39923
2024-04-20 19:20:53.656613 Epoch 99  	Train Loss = 16.89767 Val Loss = 17.37778
2024-04-20 19:21:05.767317 Epoch 100  	Train Loss = 16.89121 Val Loss = 17.37232
2024-04-20 19:21:17.295059 Epoch 101  	Train Loss = 16.89440 Val Loss = 17.42008
2024-04-20 19:21:30.644110 Epoch 102  	Train Loss = 16.88421 Val Loss = 17.39437
2024-04-20 19:21:43.809571 Epoch 103  	Train Loss = 16.88354 Val Loss = 17.40561
2024-04-20 19:21:55.827503 Epoch 104  	Train Loss = 16.87910 Val Loss = 17.36998
2024-04-20 19:22:06.989854 Epoch 105  	Train Loss = 16.87521 Val Loss = 17.49987
2024-04-20 19:22:18.671183 Epoch 106  	Train Loss = 16.88995 Val Loss = 17.46379
2024-04-20 19:22:31.245249 Epoch 107  	Train Loss = 16.86769 Val Loss = 17.37593
2024-04-20 19:22:43.768558 Epoch 108  	Train Loss = 16.88790 Val Loss = 17.40203
2024-04-20 19:22:56.936346 Epoch 109  	Train Loss = 16.88581 Val Loss = 17.37826
2024-04-20 19:23:09.250139 Epoch 110  	Train Loss = 16.86821 Val Loss = 17.40498
2024-04-20 19:23:20.172651 Epoch 111  	Train Loss = 16.84934 Val Loss = 17.38075
2024-04-20 19:23:33.225332 Epoch 112  	Train Loss = 16.86355 Val Loss = 17.37696
2024-04-20 19:23:47.819884 Epoch 113  	Train Loss = 16.86689 Val Loss = 17.35618
2024-04-20 19:24:02.421764 Epoch 114  	Train Loss = 16.85776 Val Loss = 17.40976
2024-04-20 19:24:14.387506 Epoch 115  	Train Loss = 16.86131 Val Loss = 17.36966
2024-04-20 19:24:26.332326 Epoch 116  	Train Loss = 16.85158 Val Loss = 17.39955
2024-04-20 19:24:37.893593 Epoch 117  	Train Loss = 16.84730 Val Loss = 17.34890
2024-04-20 19:24:48.438927 Epoch 118  	Train Loss = 16.84680 Val Loss = 17.38957
2024-04-20 19:24:59.261832 Epoch 119  	Train Loss = 16.85869 Val Loss = 17.35107
2024-04-20 19:25:10.332211 Epoch 120  	Train Loss = 16.84653 Val Loss = 17.36544
2024-04-20 19:25:22.638637 Epoch 121  	Train Loss = 16.85408 Val Loss = 17.38253
2024-04-20 19:25:35.453629 Epoch 122  	Train Loss = 16.85565 Val Loss = 17.35852
2024-04-20 19:25:47.458081 Epoch 123  	Train Loss = 16.84251 Val Loss = 17.36461
2024-04-20 19:25:59.425071 Epoch 124  	Train Loss = 16.83827 Val Loss = 17.36432
2024-04-20 19:26:10.757098 Epoch 125  	Train Loss = 16.83376 Val Loss = 17.37054
2024-04-20 19:26:21.398944 Epoch 126  	Train Loss = 16.84334 Val Loss = 17.37952
2024-04-20 19:26:34.011361 Epoch 127  	Train Loss = 16.83344 Val Loss = 17.33635
2024-04-20 19:26:45.056550 Epoch 128  	Train Loss = 16.83451 Val Loss = 17.37546
2024-04-20 19:26:56.501871 Epoch 129  	Train Loss = 16.81886 Val Loss = 17.37055
2024-04-20 19:27:08.348053 Epoch 130  	Train Loss = 16.82765 Val Loss = 17.35487
2024-04-20 19:27:20.155440 Epoch 131  	Train Loss = 16.81666 Val Loss = 17.37128
2024-04-20 19:27:30.716445 Epoch 132  	Train Loss = 16.81987 Val Loss = 17.34698
2024-04-20 19:27:41.228156 Epoch 133  	Train Loss = 16.82495 Val Loss = 17.34096
2024-04-20 19:27:51.809951 Epoch 134  	Train Loss = 16.82389 Val Loss = 17.33357
2024-04-20 19:28:03.998948 Epoch 135  	Train Loss = 16.80787 Val Loss = 17.35821
2024-04-20 19:28:14.551799 Epoch 136  	Train Loss = 16.81581 Val Loss = 17.34929
2024-04-20 19:28:25.092985 Epoch 137  	Train Loss = 16.82837 Val Loss = 17.35528
2024-04-20 19:28:35.628235 Epoch 138  	Train Loss = 16.81026 Val Loss = 17.31664
2024-04-20 19:28:46.523728 Epoch 139  	Train Loss = 16.81455 Val Loss = 17.32291
2024-04-20 19:28:57.241542 Epoch 140  	Train Loss = 16.81573 Val Loss = 17.31424
2024-04-20 19:29:09.998972 Epoch 141  	Train Loss = 16.83383 Val Loss = 17.32311
2024-04-20 19:29:22.826919 Epoch 142  	Train Loss = 16.80447 Val Loss = 17.35315
2024-04-20 19:29:33.974898 Epoch 143  	Train Loss = 16.81508 Val Loss = 17.34705
2024-04-20 19:29:44.506776 Epoch 144  	Train Loss = 16.80236 Val Loss = 17.41377
2024-04-20 19:29:55.076143 Epoch 145  	Train Loss = 16.80279 Val Loss = 17.31518
2024-04-20 19:30:07.363785 Epoch 146  	Train Loss = 16.80456 Val Loss = 17.33995
2024-04-20 19:30:18.103616 Epoch 147  	Train Loss = 16.79283 Val Loss = 17.29398
2024-04-20 19:30:28.678301 Epoch 148  	Train Loss = 16.79342 Val Loss = 17.32738
2024-04-20 19:30:39.311109 Epoch 149  	Train Loss = 16.78790 Val Loss = 17.31641
2024-04-20 19:30:49.853528 Epoch 150  	Train Loss = 16.78434 Val Loss = 17.30122
2024-04-20 19:31:00.411904 Epoch 151  	Train Loss = 16.78109 Val Loss = 17.34565
2024-04-20 19:31:11.037088 Epoch 152  	Train Loss = 16.78688 Val Loss = 17.30885
2024-04-20 19:31:21.850120 Epoch 153  	Train Loss = 16.77606 Val Loss = 17.29180
2024-04-20 19:31:33.994026 Epoch 154  	Train Loss = 16.77948 Val Loss = 17.29957
2024-04-20 19:31:46.000913 Epoch 155  	Train Loss = 16.78481 Val Loss = 17.29075
2024-04-20 19:31:56.778240 Epoch 156  	Train Loss = 16.78428 Val Loss = 17.42095
2024-04-20 19:32:07.386866 Epoch 157  	Train Loss = 16.77359 Val Loss = 17.28252
2024-04-20 19:32:18.161392 Epoch 158  	Train Loss = 16.78099 Val Loss = 17.33012
2024-04-20 19:32:30.595145 Epoch 159  	Train Loss = 16.77214 Val Loss = 17.29995
2024-04-20 19:32:42.378917 Epoch 160  	Train Loss = 16.77394 Val Loss = 17.33030
2024-04-20 19:32:53.650104 Epoch 161  	Train Loss = 16.77384 Val Loss = 17.27717
2024-04-20 19:33:08.585259 Epoch 162  	Train Loss = 16.76563 Val Loss = 17.31712
2024-04-20 19:33:23.596121 Epoch 163  	Train Loss = 16.76667 Val Loss = 17.34915
2024-04-20 19:33:36.047162 Epoch 164  	Train Loss = 16.76374 Val Loss = 17.32105
2024-04-20 19:33:47.964262 Epoch 165  	Train Loss = 16.75317 Val Loss = 17.29271
2024-04-20 19:33:58.762294 Epoch 166  	Train Loss = 16.76620 Val Loss = 17.28137
2024-04-20 19:34:11.553537 Epoch 167  	Train Loss = 16.76260 Val Loss = 17.29924
2024-04-20 19:34:24.607395 Epoch 168  	Train Loss = 16.74074 Val Loss = 17.28833
2024-04-20 19:34:35.432098 Epoch 169  	Train Loss = 16.75410 Val Loss = 17.27279
2024-04-20 19:34:46.013297 Epoch 170  	Train Loss = 16.75361 Val Loss = 17.27251
2024-04-20 19:34:57.341830 Epoch 171  	Train Loss = 16.75415 Val Loss = 17.28494
2024-04-20 19:35:08.151306 Epoch 172  	Train Loss = 16.74911 Val Loss = 17.29761
2024-04-20 19:35:19.781282 Epoch 173  	Train Loss = 16.75680 Val Loss = 17.32325
2024-04-20 19:35:31.970681 Epoch 174  	Train Loss = 16.75448 Val Loss = 17.27921
2024-04-20 19:35:43.113216 Epoch 175  	Train Loss = 16.74791 Val Loss = 17.31786
2024-04-20 19:35:57.124735 Epoch 176  	Train Loss = 16.73801 Val Loss = 17.28539
2024-04-20 19:36:11.223322 Epoch 177  	Train Loss = 16.75168 Val Loss = 17.26796
2024-04-20 19:36:23.302120 Epoch 178  	Train Loss = 16.73879 Val Loss = 17.25985
2024-04-20 19:36:34.834223 Epoch 179  	Train Loss = 16.73215 Val Loss = 17.26715
2024-04-20 19:36:46.551397 Epoch 180  	Train Loss = 16.74024 Val Loss = 17.28552
2024-04-20 19:36:59.434026 Epoch 181  	Train Loss = 16.74782 Val Loss = 17.25391
2024-04-20 19:37:11.025456 Epoch 182  	Train Loss = 16.72090 Val Loss = 17.28796
2024-04-20 19:37:22.346309 Epoch 183  	Train Loss = 16.73242 Val Loss = 17.29008
2024-04-20 19:37:33.707666 Epoch 184  	Train Loss = 16.73153 Val Loss = 17.25465
2024-04-20 19:37:44.338786 Epoch 185  	Train Loss = 16.72954 Val Loss = 17.25577
2024-04-20 19:37:55.723303 Epoch 186  	Train Loss = 16.72012 Val Loss = 17.33332
2024-04-20 19:38:06.603475 Epoch 187  	Train Loss = 16.72896 Val Loss = 17.25486
2024-04-20 19:38:18.950442 Epoch 188  	Train Loss = 16.72449 Val Loss = 17.25871
2024-04-20 19:38:31.594909 Epoch 189  	Train Loss = 16.71791 Val Loss = 17.26136
2024-04-20 19:38:43.098078 Epoch 190  	Train Loss = 16.72002 Val Loss = 17.27410
2024-04-20 19:38:53.925017 Epoch 191  	Train Loss = 16.72307 Val Loss = 17.24520
2024-04-20 19:39:04.594830 Epoch 192  	Train Loss = 16.70999 Val Loss = 17.24632
2024-04-20 19:39:15.369380 Epoch 193  	Train Loss = 16.71845 Val Loss = 17.25717
2024-04-20 19:39:26.241670 Epoch 194  	Train Loss = 16.70919 Val Loss = 17.23576
2024-04-20 19:39:36.929613 Epoch 195  	Train Loss = 16.71416 Val Loss = 17.23384
2024-04-20 19:39:48.191995 Epoch 196  	Train Loss = 16.70966 Val Loss = 17.24508
2024-04-20 19:39:58.720279 Epoch 197  	Train Loss = 16.70833 Val Loss = 17.23516
2024-04-20 19:40:09.340608 Epoch 198  	Train Loss = 16.69532 Val Loss = 17.26374
2024-04-20 19:40:21.596705 Epoch 199  	Train Loss = 16.70525 Val Loss = 17.27828
2024-04-20 19:40:32.752925 Epoch 200  	Train Loss = 16.70313 Val Loss = 17.22996
Early stopping at epoch: 200
Best at epoch 200:
Train Loss = 16.70313
Train MAE = 17.19316, RMSE = 27.52013, MAPE = 10.99351
Val Loss = 17.22996
Val MAE = 17.70647, RMSE = 27.77608, MAPE = 11.81454
Model checkpoint saved to: ../saved_models/GCGRU/GCGRU-PEMS08-2024-04-20-19-00-47.pt
--------- Test ---------
All Steps (1-12) MAE = 17.15071, RMSE = 26.61278, MAPE = 11.00469
Step 1 MAE = 13.71713, RMSE = 20.92753, MAPE = 9.19304
Step 2 MAE = 14.79998, RMSE = 22.73816, MAPE = 9.71647
Step 3 MAE = 15.54845, RMSE = 24.00362, MAPE = 9.99231
Step 4 MAE = 16.04667, RMSE = 24.89211, MAPE = 10.30531
Step 5 MAE = 16.52620, RMSE = 25.68030, MAPE = 10.56750
Step 6 MAE = 17.01612, RMSE = 26.42993, MAPE = 10.83247
Step 7 MAE = 17.53648, RMSE = 27.16521, MAPE = 11.13281
Step 8 MAE = 17.99794, RMSE = 27.81292, MAPE = 11.43165
Step 9 MAE = 18.39640, RMSE = 28.38116, MAPE = 11.70569
Step 10 MAE = 18.80868, RMSE = 28.97805, MAPE = 11.99093
Step 11 MAE = 19.33529, RMSE = 29.74762, MAPE = 12.34734
Step 12 MAE = 20.07906, RMSE = 30.79675, MAPE = 12.84072
Inference time: 1.24 s
