METRLA
Original data shape (34272, 207, 97)
Trainset:	x-(23967, 12, 207, 97)	y-(23967, 12, 207, 1)
Valset:  	x-(3404, 12, 207, 97)  	y-(3404, 12, 207, 1)
Testset:	x-(6832, 12, 207, 97)	y-(6832, 12, 207, 1)

--------- SMetaLSTM ---------
{'num_nodes': 207, 'out_steps': 12, 'lstm_input_dim': 1, 'lstm_hidden_dim': 64, 's_embedding_dim': 64, 'learner_hidden_dim': 64}

2023-03-07 11:18:01.408116 Epoch 1 	Train Loss = 0.46021 Val Loss = 0.29395
2023-03-07 11:19:03.572536 Epoch 2 	Train Loss = 0.25208 Val Loss = 0.23731
2023-03-07 11:20:05.926282 Epoch 3 	Train Loss = 0.23319 Val Loss = 0.23519
2023-03-07 11:21:08.705386 Epoch 4 	Train Loss = 0.23151 Val Loss = 0.23296
2023-03-07 11:22:10.912989 Epoch 5 	Train Loss = 0.23060 Val Loss = 0.23223
2023-03-07 11:23:13.209002 Epoch 6 	Train Loss = 0.22972 Val Loss = 0.23198
2023-03-07 11:24:15.579067 Epoch 7 	Train Loss = 0.22929 Val Loss = 0.23164
2023-03-07 11:25:17.987510 Epoch 8 	Train Loss = 0.22897 Val Loss = 0.23210
2023-03-07 11:26:20.384329 Epoch 9 	Train Loss = 0.22862 Val Loss = 0.23070
2023-03-07 11:27:22.734668 Epoch 10 	Train Loss = 0.22827 Val Loss = 0.23130
2023-03-07 11:28:25.263047 Epoch 11 	Train Loss = 0.22792 Val Loss = 0.23074
2023-03-07 11:29:27.793512 Epoch 12 	Train Loss = 0.22773 Val Loss = 0.23041
2023-03-07 11:30:30.300664 Epoch 13 	Train Loss = 0.22748 Val Loss = 0.23087
2023-03-07 11:31:32.684921 Epoch 14 	Train Loss = 0.22729 Val Loss = 0.23016
2023-03-07 11:32:35.180401 Epoch 15 	Train Loss = 0.22703 Val Loss = 0.22965
2023-03-07 11:33:37.577215 Epoch 16 	Train Loss = 0.22690 Val Loss = 0.23059
2023-03-07 11:34:39.946798 Epoch 17 	Train Loss = 0.22656 Val Loss = 0.22992
2023-03-07 11:35:42.601341 Epoch 18 	Train Loss = 0.22651 Val Loss = 0.22944
2023-03-07 11:36:47.560507 Epoch 19 	Train Loss = 0.22631 Val Loss = 0.22928
2023-03-07 11:37:49.845937 Epoch 20 	Train Loss = 0.22616 Val Loss = 0.22955
2023-03-07 11:38:52.153460 Epoch 21 	Train Loss = 0.22595 Val Loss = 0.22937
2023-03-07 11:39:54.569811 Epoch 22 	Train Loss = 0.22577 Val Loss = 0.22912
2023-03-07 11:40:57.023380 Epoch 23 	Train Loss = 0.22566 Val Loss = 0.22913
2023-03-07 11:41:59.463469 Epoch 24 	Train Loss = 0.22549 Val Loss = 0.22879
2023-03-07 11:43:01.873096 Epoch 25 	Train Loss = 0.22550 Val Loss = 0.22859
2023-03-07 11:44:05.359014 Epoch 26 	Train Loss = 0.22526 Val Loss = 0.22864
2023-03-07 11:45:07.705171 Epoch 27 	Train Loss = 0.22515 Val Loss = 0.22938
2023-03-07 11:46:10.093789 Epoch 28 	Train Loss = 0.22507 Val Loss = 0.22851
2023-03-07 11:47:12.580365 Epoch 29 	Train Loss = 0.22481 Val Loss = 0.22851
2023-03-07 11:48:15.075174 Epoch 30 	Train Loss = 0.22497 Val Loss = 0.22875
2023-03-07 11:49:17.564127 Epoch 31 	Train Loss = 0.22463 Val Loss = 0.22861
2023-03-07 11:50:20.133699 Epoch 32 	Train Loss = 0.22463 Val Loss = 0.22848
2023-03-07 11:51:22.641611 Epoch 33 	Train Loss = 0.22448 Val Loss = 0.22828
2023-03-07 11:52:25.076503 Epoch 34 	Train Loss = 0.22441 Val Loss = 0.22889
2023-03-07 11:53:27.454411 Epoch 35 	Train Loss = 0.22419 Val Loss = 0.22799
2023-03-07 11:54:29.845819 Epoch 36 	Train Loss = 0.22409 Val Loss = 0.22878
2023-03-07 11:55:32.262983 Epoch 37 	Train Loss = 0.22398 Val Loss = 0.22762
2023-03-07 11:56:34.659396 Epoch 38 	Train Loss = 0.22389 Val Loss = 0.22839
2023-03-07 11:57:37.057266 Epoch 39 	Train Loss = 0.22379 Val Loss = 0.22869
2023-03-07 11:58:39.376332 Epoch 40 	Train Loss = 0.22364 Val Loss = 0.22787
2023-03-07 11:59:41.743083 Epoch 41 	Train Loss = 0.22364 Val Loss = 0.22796
2023-03-07 12:00:44.188534 Epoch 42 	Train Loss = 0.22353 Val Loss = 0.22922
2023-03-07 12:01:46.652689 Epoch 43 	Train Loss = 0.22334 Val Loss = 0.22737
2023-03-07 12:02:49.085236 Epoch 44 	Train Loss = 0.22324 Val Loss = 0.22765
2023-03-07 12:03:51.723284 Epoch 45 	Train Loss = 0.22320 Val Loss = 0.22750
2023-03-07 12:04:54.143803 Epoch 46 	Train Loss = 0.22326 Val Loss = 0.22810
2023-03-07 12:05:56.637639 Epoch 47 	Train Loss = 0.22327 Val Loss = 0.22765
2023-03-07 12:06:59.227100 Epoch 48 	Train Loss = 0.22300 Val Loss = 0.22794
2023-03-07 12:08:01.781195 Epoch 49 	Train Loss = 0.22286 Val Loss = 0.22741
2023-03-07 12:09:04.183003 Epoch 50 	Train Loss = 0.22280 Val Loss = 0.22846
2023-03-07 12:10:06.397628 Epoch 51 	Train Loss = 0.22270 Val Loss = 0.22777
2023-03-07 12:11:08.921513 Epoch 52 	Train Loss = 0.22256 Val Loss = 0.22797
2023-03-07 12:12:11.485722 Epoch 53 	Train Loss = 0.22258 Val Loss = 0.22803
Early stopping at epoch: 53
Best at epoch 43:
Train Loss = 0.22334
Train RMSE = 8.78060, MAE = 3.88899, MAPE = 10.20524
Val Loss = 0.22737
Val RMSE = 9.21108, MAE = 3.88760, MAPE = 10.40099
--------- Test ---------
All Steps RMSE = 10.23062, MAE = 4.43802, MAPE = 11.69379
Step 1 RMSE = 5.41782, MAE = 2.61354, MAPE = 6.25327
Step 2 RMSE = 6.87048, MAE = 3.08833, MAPE = 7.62736
Step 3 RMSE = 7.90398, MAE = 3.46987, MAPE = 8.76645
Step 4 RMSE = 8.79582, MAE = 3.81658, MAPE = 9.75851
Step 5 RMSE = 9.54374, MAE = 4.13657, MAPE = 10.74766
Step 6 RMSE = 10.19295, MAE = 4.43935, MAPE = 11.61407
Step 7 RMSE = 10.76597, MAE = 4.71077, MAPE = 12.43982
Step 8 RMSE = 11.25113, MAE = 4.96147, MAPE = 13.25871
Step 9 RMSE = 11.69044, MAE = 5.18697, MAPE = 13.95343
Step 10 RMSE = 12.07314, MAE = 5.39872, MAPE = 14.63140
Step 11 RMSE = 12.46049, MAE = 5.61064, MAPE = 15.31474
Step 12 RMSE = 12.82328, MAE = 5.82372, MAPE = 15.96075
