METRLA
Original data shape (34272, 207)
Trainset:	x-(23967, 12, 207, 1)	y-(23967, 12, 207, 1)
Valset:  	x-(3404, 12, 207, 1)  	y-(3404, 12, 207, 1)
Testset:	x-(6832, 12, 207, 1)	y-(6832, 12, 207, 1)

--------- GCLSTM ---------
{'num_nodes': 207, 'in_steps': 12, 'out_steps': 12, 'lr': 0.001, 'weight_decay': 0.001, 'milestones': [50], 'clip_grad': False, 'batch_size': 64, 'max_epochs': 200, 'load_npz': False, 'with_embeddings': False, 'load_adj': False, 'pass_device': True, 'model_args': {'num_nodes': 207, 'input_dim': 1, 'output_dim': 1, 'horizon': 12, 'rnn_units': 64, 'num_layers': 1, 'cheb_k': 3, 'adj_path': '../data/METRLA/adj_mx.pkl', 'adj_type': 'doubletransition', 'device': device(type='cuda', index=0)}}

2023-03-19 16:26:43.203787 Epoch 1 	Train Loss = 0.28646 Val Loss = 0.24443
2023-03-19 16:27:06.159548 Epoch 2 	Train Loss = 0.24228 Val Loss = 0.24140
2023-03-19 16:27:28.024569 Epoch 3 	Train Loss = 0.24156 Val Loss = 0.24231
2023-03-19 16:27:51.173597 Epoch 4 	Train Loss = 0.24010 Val Loss = 0.24062
2023-03-19 16:28:12.676542 Epoch 5 	Train Loss = 0.23890 Val Loss = 0.24104
2023-03-19 16:28:34.830554 Epoch 6 	Train Loss = 0.23985 Val Loss = 0.24259
2023-03-19 16:28:57.859094 Epoch 7 	Train Loss = 0.23867 Val Loss = 0.23917
2023-03-19 16:29:21.021708 Epoch 8 	Train Loss = 0.23881 Val Loss = 0.23943
2023-03-19 16:29:43.600420 Epoch 9 	Train Loss = 0.23848 Val Loss = 0.24183
2023-03-19 16:30:05.720574 Epoch 10 	Train Loss = 0.23800 Val Loss = 0.23972
2023-03-19 16:30:27.466727 Epoch 11 	Train Loss = 0.23747 Val Loss = 0.23883
2023-03-19 16:30:50.110967 Epoch 12 	Train Loss = 0.23781 Val Loss = 0.23825
2023-03-19 16:31:13.039289 Epoch 13 	Train Loss = 0.23676 Val Loss = 0.23735
2023-03-19 16:31:35.830168 Epoch 14 	Train Loss = 0.23672 Val Loss = 0.23955
2023-03-19 16:31:59.327785 Epoch 15 	Train Loss = 0.23676 Val Loss = 0.24173
2023-03-19 16:32:20.423501 Epoch 16 	Train Loss = 0.23632 Val Loss = 0.23708
2023-03-19 16:32:42.463469 Epoch 17 	Train Loss = 0.23588 Val Loss = 0.23623
2023-03-19 16:33:05.632374 Epoch 18 	Train Loss = 0.23573 Val Loss = 0.23722
2023-03-19 16:33:28.516150 Epoch 19 	Train Loss = 0.23613 Val Loss = 0.23663
2023-03-19 16:33:50.516543 Epoch 20 	Train Loss = 0.23550 Val Loss = 0.23592
2023-03-19 16:34:13.893357 Epoch 21 	Train Loss = 0.23552 Val Loss = 0.23728
2023-03-19 16:34:36.545803 Epoch 22 	Train Loss = 0.23529 Val Loss = 0.23690
2023-03-19 16:34:58.653795 Epoch 23 	Train Loss = 0.23523 Val Loss = 0.23662
2023-03-19 16:35:21.773615 Epoch 24 	Train Loss = 0.23505 Val Loss = 0.23631
2023-03-19 16:35:44.718772 Epoch 25 	Train Loss = 0.23504 Val Loss = 0.23597
2023-03-19 16:36:06.882399 Epoch 26 	Train Loss = 0.23497 Val Loss = 0.23751
2023-03-19 16:36:28.974789 Epoch 27 	Train Loss = 0.23475 Val Loss = 0.23575
2023-03-19 16:36:52.144614 Epoch 28 	Train Loss = 0.23465 Val Loss = 0.23955
2023-03-19 16:37:14.844794 Epoch 29 	Train Loss = 0.23494 Val Loss = 0.23504
2023-03-19 16:37:36.820874 Epoch 30 	Train Loss = 0.23479 Val Loss = 0.23629
2023-03-19 16:37:59.878897 Epoch 31 	Train Loss = 0.23452 Val Loss = 0.23734
2023-03-19 16:38:22.568757 Epoch 32 	Train Loss = 0.23468 Val Loss = 0.23690
2023-03-19 16:38:45.903263 Epoch 33 	Train Loss = 0.23447 Val Loss = 0.23673
2023-03-19 16:39:09.332535 Epoch 34 	Train Loss = 0.23423 Val Loss = 0.23560
2023-03-19 16:39:32.747088 Epoch 35 	Train Loss = 0.23479 Val Loss = 0.23618
2023-03-19 16:39:56.135070 Epoch 36 	Train Loss = 0.23430 Val Loss = 0.23578
2023-03-19 16:40:19.550514 Epoch 37 	Train Loss = 0.23437 Val Loss = 0.23583
2023-03-19 16:40:42.960418 Epoch 38 	Train Loss = 0.23424 Val Loss = 0.23493
2023-03-19 16:41:06.358252 Epoch 39 	Train Loss = 0.23428 Val Loss = 0.23478
2023-03-19 16:41:29.776681 Epoch 40 	Train Loss = 0.23403 Val Loss = 0.23498
2023-03-19 16:41:53.151752 Epoch 41 	Train Loss = 0.23379 Val Loss = 0.23644
2023-03-19 16:42:16.543209 Epoch 42 	Train Loss = 0.23399 Val Loss = 0.23507
2023-03-19 16:42:39.967673 Epoch 43 	Train Loss = 0.23393 Val Loss = 0.23499
2023-03-19 16:43:03.273700 Epoch 44 	Train Loss = 0.23380 Val Loss = 0.23716
2023-03-19 16:43:26.675491 Epoch 45 	Train Loss = 0.23385 Val Loss = 0.23642
2023-03-19 16:43:49.945089 Epoch 46 	Train Loss = 0.23372 Val Loss = 0.23900
2023-03-19 16:44:13.287739 Epoch 47 	Train Loss = 0.23412 Val Loss = 0.23879
2023-03-19 16:44:36.523796 Epoch 48 	Train Loss = 0.23354 Val Loss = 0.23467
2023-03-19 16:44:59.951381 Epoch 49 	Train Loss = 0.23385 Val Loss = 0.23763
2023-03-19 16:45:23.235983 Epoch 50 	Train Loss = 0.23372 Val Loss = 0.23492
2023-03-19 16:45:46.567216 Epoch 51 	Train Loss = 0.23249 Val Loss = 0.23419
2023-03-19 16:46:09.983228 Epoch 52 	Train Loss = 0.23236 Val Loss = 0.23436
2023-03-19 16:46:33.346573 Epoch 53 	Train Loss = 0.23249 Val Loss = 0.23420
2023-03-19 16:46:56.748368 Epoch 54 	Train Loss = 0.23230 Val Loss = 0.23416
2023-03-19 16:47:19.976825 Epoch 55 	Train Loss = 0.23241 Val Loss = 0.23421
2023-03-19 16:47:43.194414 Epoch 56 	Train Loss = 0.23217 Val Loss = 0.23414
2023-03-19 16:48:06.119685 Epoch 57 	Train Loss = 0.23229 Val Loss = 0.23438
2023-03-19 16:48:29.509965 Epoch 58 	Train Loss = 0.23228 Val Loss = 0.23411
2023-03-19 16:48:52.896386 Epoch 59 	Train Loss = 0.23220 Val Loss = 0.23397
2023-03-19 16:49:15.431935 Epoch 60 	Train Loss = 0.23217 Val Loss = 0.23408
2023-03-19 16:49:37.747370 Epoch 61 	Train Loss = 0.23231 Val Loss = 0.23406
2023-03-19 16:50:00.140155 Epoch 62 	Train Loss = 0.23219 Val Loss = 0.23397
2023-03-19 16:50:21.822836 Epoch 63 	Train Loss = 0.23233 Val Loss = 0.23398
2023-03-19 16:50:43.852862 Epoch 64 	Train Loss = 0.23224 Val Loss = 0.23413
2023-03-19 16:51:05.828423 Epoch 65 	Train Loss = 0.23222 Val Loss = 0.23417
2023-03-19 16:51:28.286178 Epoch 66 	Train Loss = 0.23228 Val Loss = 0.23402
2023-03-19 16:51:50.449071 Epoch 67 	Train Loss = 0.23225 Val Loss = 0.23408
2023-03-19 16:52:12.655343 Epoch 68 	Train Loss = 0.23217 Val Loss = 0.23413
2023-03-19 16:52:34.925445 Epoch 69 	Train Loss = 0.23220 Val Loss = 0.23395
2023-03-19 16:52:56.760649 Epoch 70 	Train Loss = 0.23219 Val Loss = 0.23397
2023-03-19 16:53:18.888646 Epoch 71 	Train Loss = 0.23217 Val Loss = 0.23394
2023-03-19 16:53:40.718923 Epoch 72 	Train Loss = 0.23224 Val Loss = 0.23398
2023-03-19 16:54:02.630627 Epoch 73 	Train Loss = 0.23218 Val Loss = 0.23411
2023-03-19 16:54:24.749027 Epoch 74 	Train Loss = 0.23235 Val Loss = 0.23379
2023-03-19 16:54:47.036280 Epoch 75 	Train Loss = 0.23223 Val Loss = 0.23384
2023-03-19 16:55:09.173225 Epoch 76 	Train Loss = 0.23220 Val Loss = 0.23393
2023-03-19 16:55:31.020377 Epoch 77 	Train Loss = 0.23211 Val Loss = 0.23393
2023-03-19 16:55:52.818382 Epoch 78 	Train Loss = 0.23204 Val Loss = 0.23388
2023-03-19 16:56:15.252423 Epoch 79 	Train Loss = 0.23219 Val Loss = 0.23391
2023-03-19 16:56:36.995654 Epoch 80 	Train Loss = 0.23217 Val Loss = 0.23388
2023-03-19 16:56:59.230007 Epoch 81 	Train Loss = 0.23206 Val Loss = 0.23394
2023-03-19 16:57:21.318310 Epoch 82 	Train Loss = 0.23203 Val Loss = 0.23432
2023-03-19 16:57:43.420162 Epoch 83 	Train Loss = 0.23217 Val Loss = 0.23388
2023-03-19 16:58:05.727349 Epoch 84 	Train Loss = 0.23206 Val Loss = 0.23385
Early stopping at epoch: 84
Best at epoch 74:
Train Loss = 0.23235
Train RMSE = 9.07125, MAE = 4.09181, MAPE = 10.60260
Val Loss = 0.23379
Val RMSE = 9.37638, MAE = 4.01182, MAPE = 10.42658
--------- Test ---------
All Steps RMSE = 10.43342, MAE = 4.62062, MAPE = 11.93319
Step 1 RMSE = 5.56749, MAE = 2.77038, MAPE = 6.55902
Step 2 RMSE = 6.95744, MAE = 3.21928, MAPE = 7.86567
Step 3 RMSE = 8.00481, MAE = 3.58972, MAPE = 8.93575
Step 4 RMSE = 8.90474, MAE = 3.93711, MAPE = 9.92891
Step 5 RMSE = 9.67815, MAE = 4.26709, MAPE = 10.86971
Step 6 RMSE = 10.35324, MAE = 4.58017, MAPE = 11.76476
Step 7 RMSE = 10.95974, MAE = 4.87682, MAPE = 12.62141
Step 8 RMSE = 11.48268, MAE = 5.15381, MAPE = 13.44064
Step 9 RMSE = 11.93524, MAE = 5.40489, MAPE = 14.20148
Step 10 RMSE = 12.35639, MAE = 5.64636, MAPE = 14.93838
Step 11 RMSE = 12.75961, MAE = 5.88412, MAPE = 15.67287
Step 12 RMSE = 13.14337, MAE = 6.11792, MAPE = 16.40036
