METRLA
Original data shape (34272, 207)
Trainset:	x-(23967, 12, 207, 1)	y-(23967, 12, 207, 1)
Valset:  	x-(3404, 12, 207, 1)  	y-(3404, 12, 207, 1)
Testset:	x-(6832, 12, 207, 1)	y-(6832, 12, 207, 1)

--------- LSTM ---------
{'num_nodes': 207, 'in_steps': 12, 'out_steps': 12, 'lstm_input_dim': 1, 'lstm_hidden_dim': 64}

2023-03-17 18:26:10.930339 Epoch 1 	Train Loss = 0.25680 Val Loss = 0.24313
2023-03-17 18:26:22.185719 Epoch 2 	Train Loss = 0.24187 Val Loss = 0.24019
2023-03-17 18:26:33.492029 Epoch 3 	Train Loss = 0.23960 Val Loss = 0.23854
2023-03-17 18:26:44.779636 Epoch 4 	Train Loss = 0.23864 Val Loss = 0.24566
2023-03-17 18:26:56.116145 Epoch 5 	Train Loss = 0.23716 Val Loss = 0.23891
2023-03-17 18:27:07.482741 Epoch 6 	Train Loss = 0.23618 Val Loss = 0.23988
2023-03-17 18:27:18.854679 Epoch 7 	Train Loss = 0.23635 Val Loss = 0.23794
2023-03-17 18:27:30.284720 Epoch 8 	Train Loss = 0.23621 Val Loss = 0.23898
2023-03-17 18:27:41.704019 Epoch 9 	Train Loss = 0.23525 Val Loss = 0.23714
2023-03-17 18:27:53.154436 Epoch 10 	Train Loss = 0.23458 Val Loss = 0.23642
2023-03-17 18:28:04.618913 Epoch 11 	Train Loss = 0.23272 Val Loss = 0.23422
2023-03-17 18:28:16.171998 Epoch 12 	Train Loss = 0.23270 Val Loss = 0.23408
2023-03-17 18:28:27.761918 Epoch 13 	Train Loss = 0.23260 Val Loss = 0.23410
2023-03-17 18:28:39.332915 Epoch 14 	Train Loss = 0.23256 Val Loss = 0.23415
2023-03-17 18:28:50.923982 Epoch 15 	Train Loss = 0.23243 Val Loss = 0.23436
2023-03-17 18:29:02.508000 Epoch 16 	Train Loss = 0.23244 Val Loss = 0.23404
2023-03-17 18:29:14.092570 Epoch 17 	Train Loss = 0.23247 Val Loss = 0.23404
2023-03-17 18:29:25.700780 Epoch 18 	Train Loss = 0.23236 Val Loss = 0.23444
2023-03-17 18:29:37.261270 Epoch 19 	Train Loss = 0.23240 Val Loss = 0.23420
2023-03-17 18:29:48.819485 Epoch 20 	Train Loss = 0.23240 Val Loss = 0.23395
2023-03-17 18:30:00.422848 Epoch 21 	Train Loss = 0.23232 Val Loss = 0.23396
2023-03-17 18:30:11.996457 Epoch 22 	Train Loss = 0.23244 Val Loss = 0.23406
2023-03-17 18:30:23.544751 Epoch 23 	Train Loss = 0.23251 Val Loss = 0.23421
2023-03-17 18:30:35.104834 Epoch 24 	Train Loss = 0.23233 Val Loss = 0.23419
2023-03-17 18:30:46.678966 Epoch 25 	Train Loss = 0.23249 Val Loss = 0.23410
2023-03-17 18:30:58.220326 Epoch 26 	Train Loss = 0.23223 Val Loss = 0.23399
2023-03-17 18:31:09.767398 Epoch 27 	Train Loss = 0.23242 Val Loss = 0.23446
2023-03-17 18:31:21.306986 Epoch 28 	Train Loss = 0.23223 Val Loss = 0.23423
2023-03-17 18:31:32.861963 Epoch 29 	Train Loss = 0.23229 Val Loss = 0.23407
2023-03-17 18:31:44.375338 Epoch 30 	Train Loss = 0.23226 Val Loss = 0.23404
Early stopping at epoch: 30
Best at epoch 20:
Train Loss = 0.23240
Train RMSE = 9.18754, MAE = 4.10460, MAPE = 10.64654
Val Loss = 0.23395
Val RMSE = 9.49996, MAE = 4.02843, MAPE = 10.49070
--------- Test ---------
All Steps RMSE = 10.54833, MAE = 4.64200, MAPE = 12.01780
Step 1 RMSE = 5.50190, MAE = 2.66717, MAPE = 6.40581
Step 2 RMSE = 6.97062, MAE = 3.15972, MAPE = 7.83680
Step 3 RMSE = 8.05420, MAE = 3.55910, MAPE = 8.97375
Step 4 RMSE = 8.98195, MAE = 3.92959, MAPE = 9.99547
Step 5 RMSE = 9.78129, MAE = 4.27695, MAPE = 10.95869
Step 6 RMSE = 10.47467, MAE = 4.60653, MAPE = 11.86769
Step 7 RMSE = 11.08839, MAE = 4.91504, MAPE = 12.73855
Step 8 RMSE = 11.63745, MAE = 5.20682, MAPE = 13.56906
Step 9 RMSE = 12.08612, MAE = 5.47055, MAPE = 14.35370
Step 10 RMSE = 12.51844, MAE = 5.72534, MAPE = 15.10164
Step 11 RMSE = 12.93184, MAE = 5.97405, MAPE = 15.83890
Step 12 RMSE = 13.30480, MAE = 6.21326, MAPE = 16.57431
