METRLA
Original data shape (34272, 207)
Trainset:	x-(23967, 12, 207, 1)	y-(23967, 12, 207, 1)
Valset:  	x-(3404, 12, 207, 1)  	y-(3404, 12, 207, 1)
Testset:	x-(6832, 12, 207, 1)	y-(6832, 12, 207, 1)

--------- LSTM ---------
{'num_nodes': 207, 'in_steps': 12, 'out_steps': 12, 'lstm_input_dim': 1, 'lstm_hidden_dim': 64}

2023-03-17 10:52:54.953037 Epoch 1 	Train Loss = 0.25397 Val Loss = 0.24277
2023-03-17 10:53:06.031337 Epoch 2 	Train Loss = 0.23769 Val Loss = 0.24043
2023-03-17 10:53:17.158885 Epoch 3 	Train Loss = 0.23584 Val Loss = 0.23545
2023-03-17 10:53:28.490002 Epoch 4 	Train Loss = 0.23479 Val Loss = 0.23595
2023-03-17 10:53:39.848805 Epoch 5 	Train Loss = 0.23393 Val Loss = 0.23712
2023-03-17 10:53:51.240649 Epoch 6 	Train Loss = 0.23288 Val Loss = 0.23428
2023-03-17 10:54:02.638570 Epoch 7 	Train Loss = 0.23495 Val Loss = 0.23550
2023-03-17 10:54:14.050095 Epoch 8 	Train Loss = 0.23230 Val Loss = 0.23320
2023-03-17 10:54:25.480925 Epoch 9 	Train Loss = 0.23199 Val Loss = 0.23613
2023-03-17 10:54:36.909991 Epoch 10 	Train Loss = 0.23164 Val Loss = 0.23295
2023-03-17 10:54:48.371253 Epoch 11 	Train Loss = 0.23136 Val Loss = 0.23473
2023-03-17 10:54:59.819330 Epoch 12 	Train Loss = 0.23105 Val Loss = 0.23321
2023-03-17 10:55:11.261646 Epoch 13 	Train Loss = 0.22870 Val Loss = 0.23124
2023-03-17 10:55:22.758937 Epoch 14 	Train Loss = 0.22857 Val Loss = 0.23129
2023-03-17 10:55:34.229558 Epoch 15 	Train Loss = 0.22843 Val Loss = 0.23128
2023-03-17 10:55:45.704095 Epoch 16 	Train Loss = 0.22845 Val Loss = 0.23117
2023-03-17 10:55:57.200773 Epoch 17 	Train Loss = 0.22835 Val Loss = 0.23115
2023-03-17 10:56:08.657182 Epoch 18 	Train Loss = 0.22827 Val Loss = 0.23115
2023-03-17 10:56:20.133282 Epoch 19 	Train Loss = 0.22830 Val Loss = 0.23115
2023-03-17 10:56:31.600582 Epoch 20 	Train Loss = 0.22831 Val Loss = 0.23099
2023-03-17 10:56:43.074316 Epoch 21 	Train Loss = 0.22814 Val Loss = 0.23115
2023-03-17 10:56:54.543990 Epoch 22 	Train Loss = 0.22823 Val Loss = 0.23114
2023-03-17 10:57:06.018199 Epoch 23 	Train Loss = 0.22835 Val Loss = 0.23113
2023-03-17 10:57:17.506315 Epoch 24 	Train Loss = 0.22774 Val Loss = 0.23079
2023-03-17 10:57:28.993552 Epoch 25 	Train Loss = 0.22789 Val Loss = 0.23075
2023-03-17 10:57:40.468914 Epoch 26 	Train Loss = 0.22764 Val Loss = 0.23079
2023-03-17 10:57:51.997729 Epoch 27 	Train Loss = 0.22786 Val Loss = 0.23079
2023-03-17 10:58:03.499178 Epoch 28 	Train Loss = 0.22762 Val Loss = 0.23077
2023-03-17 10:58:14.989963 Epoch 29 	Train Loss = 0.22765 Val Loss = 0.23073
2023-03-17 10:58:26.477255 Epoch 30 	Train Loss = 0.22766 Val Loss = 0.23078
2023-03-17 10:58:37.982555 Epoch 31 	Train Loss = 0.22762 Val Loss = 0.23076
2023-03-17 10:58:49.462951 Epoch 32 	Train Loss = 0.22764 Val Loss = 0.23071
2023-03-17 10:59:00.964093 Epoch 33 	Train Loss = 0.22760 Val Loss = 0.23074
2023-03-17 10:59:12.446805 Epoch 34 	Train Loss = 0.22772 Val Loss = 0.23072
2023-03-17 10:59:23.922610 Epoch 35 	Train Loss = 0.22766 Val Loss = 0.23071
2023-03-17 10:59:35.400619 Epoch 36 	Train Loss = 0.22764 Val Loss = 0.23072
2023-03-17 10:59:46.877396 Epoch 37 	Train Loss = 0.22760 Val Loss = 0.23071
2023-03-17 10:59:58.354769 Epoch 38 	Train Loss = 0.22751 Val Loss = 0.23071
2023-03-17 11:00:09.818256 Epoch 39 	Train Loss = 0.22754 Val Loss = 0.23072
2023-03-17 11:00:21.295360 Epoch 40 	Train Loss = 0.22759 Val Loss = 0.23072
2023-03-17 11:00:32.778011 Epoch 41 	Train Loss = 0.22749 Val Loss = 0.23072
2023-03-17 11:00:44.250549 Epoch 42 	Train Loss = 0.22754 Val Loss = 0.23072
Early stopping at epoch: 42
Best at epoch 32:
Train Loss = 0.22764
Train RMSE = 9.09170, MAE = 4.02056, MAPE = 10.48058
Val Loss = 0.23071
Val RMSE = 9.43818, MAE = 3.96357, MAPE = 10.40485
--------- Test ---------
All Steps RMSE = 10.49679, MAE = 4.56455, MAPE = 11.88833
Step 1 RMSE = 5.80983, MAE = 2.64752, MAPE = 6.20929
Step 2 RMSE = 7.10447, MAE = 3.13859, MAPE = 7.63428
Step 3 RMSE = 8.04760, MAE = 3.49691, MAPE = 8.74122
Step 4 RMSE = 8.98093, MAE = 3.87158, MAPE = 9.80787
Step 5 RMSE = 9.79765, MAE = 4.22582, MAPE = 10.81405
Step 6 RMSE = 10.48629, MAE = 4.55267, MAPE = 11.75278
Step 7 RMSE = 11.03685, MAE = 4.84398, MAPE = 12.63735
Step 8 RMSE = 11.51912, MAE = 5.11244, MAPE = 13.48393
Step 9 RMSE = 11.95987, MAE = 5.36038, MAPE = 14.26972
Step 10 RMSE = 12.36983, MAE = 5.60541, MAPE = 15.03323
Step 11 RMSE = 12.76800, MAE = 5.84153, MAPE = 15.76965
Step 12 RMSE = 13.15374, MAE = 6.07800, MAPE = 16.50733
