PEMS07
Trainset:	x-(16921, 12, 883, 1)	y-(16921, 12, 883, 1)
Valset:  	x-(5640, 12, 883, 1)  	y-(5640, 12, 883, 1)
Testset:	x-(5640, 12, 883, 1)	y-(5640, 12, 883, 1)

--------- LSTM ---------
{
    "num_nodes": 883,
    "in_steps": 12,
    "out_steps": 12,
    "train_size": 0.6,
    "val_size": 0.2,
    "lr": 0.01,
    "weight_decay": 0,
    "milestones": [
        10,
        20
    ],
    "clip_grad": 0,
    "batch_size": 64,
    "max_epochs": 200,
    "use_cl": false,
    "model_args": {
        "num_nodes": 883,
        "in_steps": 12,
        "out_steps": 12,
        "input_dim": 1,
        "output_dim": 1,
        "lstm_hidden_dim": 64,
        "num_layers": 3,
        "seq2seq": true
    }
}
==========================================================================================
Layer (type:depth-idx)                   Output Shape              Param #
==========================================================================================
LSTM                                     [64, 12, 883, 1]          --
├─LSTM: 1-1                              [56512, 12, 64]           83,712
├─LSTM: 1-2                              [56512, 1, 64]            83,712
├─Linear: 1-3                            [56512, 1, 1]             65
├─LSTM: 1-4                              [56512, 1, 64]            (recursive)
├─Linear: 1-5                            [56512, 1, 1]             (recursive)
├─LSTM: 1-6                              [56512, 1, 64]            (recursive)
├─Linear: 1-7                            [56512, 1, 1]             (recursive)
├─LSTM: 1-8                              [56512, 1, 64]            (recursive)
├─Linear: 1-9                            [56512, 1, 1]             (recursive)
├─LSTM: 1-10                             [56512, 1, 64]            (recursive)
├─Linear: 1-11                           [56512, 1, 1]             (recursive)
├─LSTM: 1-12                             [56512, 1, 64]            (recursive)
├─Linear: 1-13                           [56512, 1, 1]             (recursive)
├─LSTM: 1-14                             [56512, 1, 64]            (recursive)
├─Linear: 1-15                           [56512, 1, 1]             (recursive)
├─LSTM: 1-16                             [56512, 1, 64]            (recursive)
├─Linear: 1-17                           [56512, 1, 1]             (recursive)
├─LSTM: 1-18                             [56512, 1, 64]            (recursive)
├─Linear: 1-19                           [56512, 1, 1]             (recursive)
├─LSTM: 1-20                             [56512, 1, 64]            (recursive)
├─Linear: 1-21                           [56512, 1, 1]             (recursive)
├─LSTM: 1-22                             [56512, 1, 64]            (recursive)
├─Linear: 1-23                           [56512, 1, 1]             (recursive)
├─LSTM: 1-24                             [56512, 1, 64]            (recursive)
├─Linear: 1-25                           [56512, 1, 1]             (recursive)
==========================================================================================
Total params: 167,489
Trainable params: 167,489
Non-trainable params: 0
Total mult-adds (G): 113.58
==========================================================================================
Input size (MB): 2.71
Forward/backward pass size (MB): 376.60
Params size (MB): 0.67
Estimated Total Size (MB): 379.98
==========================================================================================

Loss: HuberLoss

2023-05-06 22:16:52.620642 Epoch 1  	Train Loss = 39.78040 Val Loss = 33.99220
2023-05-06 22:18:45.456221 Epoch 2  	Train Loss = 31.60207 Val Loss = 29.73339
2023-05-06 22:20:38.461036 Epoch 3  	Train Loss = 30.75869 Val Loss = 30.41971
2023-05-06 22:22:31.472968 Epoch 4  	Train Loss = 30.80837 Val Loss = 29.71130
2023-05-06 22:24:24.518282 Epoch 5  	Train Loss = 30.44461 Val Loss = 29.68686
2023-05-06 22:26:17.518830 Epoch 6  	Train Loss = 30.13703 Val Loss = 28.93274
2023-05-06 22:28:10.513474 Epoch 7  	Train Loss = 29.82319 Val Loss = 28.58341
2023-05-06 22:30:03.528159 Epoch 8  	Train Loss = 29.58083 Val Loss = 28.99295
2023-05-06 22:31:56.522765 Epoch 9  	Train Loss = 29.31625 Val Loss = 29.03728
2023-05-06 22:33:49.517287 Epoch 10  	Train Loss = 29.15619 Val Loss = 27.68377
2023-05-06 22:35:42.653477 Epoch 11  	Train Loss = 28.32778 Val Loss = 27.39774
2023-05-06 22:37:35.696600 Epoch 12  	Train Loss = 28.25948 Val Loss = 27.29295
2023-05-06 22:39:28.786537 Epoch 13  	Train Loss = 28.19300 Val Loss = 27.26586
2023-05-06 22:41:21.793716 Epoch 14  	Train Loss = 28.15246 Val Loss = 27.20481
2023-05-06 22:43:14.785927 Epoch 15  	Train Loss = 28.12724 Val Loss = 27.18971
2023-05-06 22:45:07.702589 Epoch 16  	Train Loss = 28.06864 Val Loss = 27.05792
2023-05-06 22:47:00.715713 Epoch 17  	Train Loss = 28.02507 Val Loss = 27.01498
2023-05-06 22:48:53.841091 Epoch 18  	Train Loss = 27.97582 Val Loss = 27.06952
2023-05-06 22:50:46.916751 Epoch 19  	Train Loss = 27.92543 Val Loss = 27.09620
2023-05-06 22:52:39.965718 Epoch 20  	Train Loss = 27.91254 Val Loss = 26.93766
2023-05-06 22:54:33.078634 Epoch 21  	Train Loss = 27.75558 Val Loss = 26.82244
2023-05-06 22:56:26.104608 Epoch 22  	Train Loss = 27.73870 Val Loss = 26.83534
2023-05-06 22:58:19.076236 Epoch 23  	Train Loss = 27.73446 Val Loss = 26.81111
2023-05-06 23:00:12.065788 Epoch 24  	Train Loss = 27.72843 Val Loss = 26.81174
2023-05-06 23:02:05.061577 Epoch 25  	Train Loss = 27.72398 Val Loss = 26.79386
2023-05-06 23:03:58.073942 Epoch 26  	Train Loss = 27.71198 Val Loss = 26.79439
2023-05-06 23:05:51.245590 Epoch 27  	Train Loss = 27.70508 Val Loss = 26.79406
2023-05-06 23:07:44.321334 Epoch 28  	Train Loss = 27.70497 Val Loss = 26.78113
2023-05-06 23:09:37.399083 Epoch 29  	Train Loss = 27.69513 Val Loss = 26.77793
2023-05-06 23:11:30.454905 Epoch 30  	Train Loss = 27.70212 Val Loss = 26.77933
2023-05-06 23:13:23.453449 Epoch 31  	Train Loss = 27.67498 Val Loss = 26.75366
2023-05-06 23:15:16.453017 Epoch 32  	Train Loss = 27.67104 Val Loss = 26.74635
2023-05-06 23:17:09.486694 Epoch 33  	Train Loss = 27.67156 Val Loss = 26.76043
2023-05-06 23:19:02.517581 Epoch 34  	Train Loss = 27.66156 Val Loss = 26.76040
2023-05-06 23:20:55.565901 Epoch 35  	Train Loss = 27.65363 Val Loss = 26.73291
2023-05-06 23:22:48.632381 Epoch 36  	Train Loss = 27.65439 Val Loss = 26.74534
2023-05-06 23:24:41.693607 Epoch 37  	Train Loss = 27.64873 Val Loss = 26.73236
2023-05-06 23:26:34.640952 Epoch 38  	Train Loss = 27.63387 Val Loss = 26.70623
2023-05-06 23:28:27.641862 Epoch 39  	Train Loss = 27.63655 Val Loss = 26.71523
2023-05-06 23:30:20.574980 Epoch 40  	Train Loss = 27.62430 Val Loss = 26.70193
2023-05-06 23:32:13.576014 Epoch 41  	Train Loss = 27.61674 Val Loss = 26.71689
2023-05-06 23:34:06.697990 Epoch 42  	Train Loss = 27.61509 Val Loss = 26.71369
2023-05-06 23:35:59.716774 Epoch 43  	Train Loss = 27.60787 Val Loss = 26.69697
2023-05-06 23:37:52.743370 Epoch 44  	Train Loss = 27.59842 Val Loss = 26.67979
2023-05-06 23:39:45.742533 Epoch 45  	Train Loss = 27.59724 Val Loss = 26.67884
2023-05-06 23:41:38.775864 Epoch 46  	Train Loss = 27.58510 Val Loss = 26.65975
2023-05-06 23:43:31.750882 Epoch 47  	Train Loss = 27.58160 Val Loss = 26.64987
2023-05-06 23:45:24.722900 Epoch 48  	Train Loss = 27.57331 Val Loss = 26.64962
2023-05-06 23:47:17.690758 Epoch 49  	Train Loss = 27.56312 Val Loss = 26.64337
2023-05-06 23:49:10.696707 Epoch 50  	Train Loss = 27.55998 Val Loss = 26.63961
2023-05-06 23:51:03.805192 Epoch 51  	Train Loss = 27.55921 Val Loss = 26.63879
2023-05-06 23:52:56.770887 Epoch 52  	Train Loss = 27.54511 Val Loss = 26.62126
2023-05-06 23:54:49.747270 Epoch 53  	Train Loss = 27.54139 Val Loss = 26.61457
2023-05-06 23:56:42.745553 Epoch 54  	Train Loss = 27.53833 Val Loss = 26.62675
2023-05-06 23:58:35.760982 Epoch 55  	Train Loss = 27.52602 Val Loss = 26.62733
2023-05-07 00:00:28.740647 Epoch 56  	Train Loss = 27.52155 Val Loss = 26.59940
2023-05-07 00:02:21.702922 Epoch 57  	Train Loss = 27.52183 Val Loss = 26.60166
2023-05-07 00:04:14.705685 Epoch 58  	Train Loss = 27.52124 Val Loss = 26.60495
2023-05-07 00:06:07.669123 Epoch 59  	Train Loss = 27.51172 Val Loss = 26.58729
2023-05-07 00:08:00.741118 Epoch 60  	Train Loss = 27.50524 Val Loss = 26.58261
2023-05-07 00:09:53.749016 Epoch 61  	Train Loss = 27.49623 Val Loss = 26.57895
2023-05-07 00:11:46.740837 Epoch 62  	Train Loss = 27.48932 Val Loss = 26.57048
2023-05-07 00:13:39.724404 Epoch 63  	Train Loss = 27.49181 Val Loss = 26.56392
2023-05-07 00:15:32.745381 Epoch 64  	Train Loss = 27.47963 Val Loss = 26.56502
2023-05-07 00:17:25.802954 Epoch 65  	Train Loss = 27.48105 Val Loss = 26.57082
2023-05-07 00:19:18.751145 Epoch 66  	Train Loss = 27.46831 Val Loss = 26.55039
2023-05-07 00:21:11.796001 Epoch 67  	Train Loss = 27.46930 Val Loss = 26.55740
2023-05-07 00:23:04.750038 Epoch 68  	Train Loss = 27.45627 Val Loss = 26.54108
2023-05-07 00:24:57.762227 Epoch 69  	Train Loss = 27.45305 Val Loss = 26.54110
2023-05-07 00:26:50.752178 Epoch 70  	Train Loss = 27.44771 Val Loss = 26.53524
2023-05-07 00:28:43.863797 Epoch 71  	Train Loss = 27.45032 Val Loss = 26.54256
2023-05-07 00:30:37.008590 Epoch 72  	Train Loss = 27.43878 Val Loss = 26.55543
2023-05-07 00:32:30.122039 Epoch 73  	Train Loss = 27.43727 Val Loss = 26.52742
2023-05-07 00:34:23.134490 Epoch 74  	Train Loss = 27.43226 Val Loss = 26.51532
2023-05-07 00:36:16.116944 Epoch 75  	Train Loss = 27.42575 Val Loss = 26.50982
2023-05-07 00:38:09.102920 Epoch 76  	Train Loss = 27.42462 Val Loss = 26.50222
2023-05-07 00:40:02.062055 Epoch 77  	Train Loss = 27.41730 Val Loss = 26.50923
2023-05-07 00:41:55.029808 Epoch 78  	Train Loss = 27.41153 Val Loss = 26.49785
2023-05-07 00:43:48.128031 Epoch 79  	Train Loss = 27.41437 Val Loss = 26.49060
2023-05-07 00:45:41.037587 Epoch 80  	Train Loss = 27.40668 Val Loss = 26.50743
2023-05-07 00:47:33.992196 Epoch 81  	Train Loss = 27.39765 Val Loss = 26.49031
2023-05-07 00:49:26.984666 Epoch 82  	Train Loss = 27.40052 Val Loss = 26.48453
2023-05-07 00:51:19.970129 Epoch 83  	Train Loss = 27.39460 Val Loss = 26.48014
2023-05-07 00:53:12.887210 Epoch 84  	Train Loss = 27.39287 Val Loss = 26.48986
2023-05-07 00:55:05.952080 Epoch 85  	Train Loss = 27.38238 Val Loss = 26.47747
2023-05-07 00:56:59.008368 Epoch 86  	Train Loss = 27.38538 Val Loss = 26.46416
2023-05-07 00:58:51.979495 Epoch 87  	Train Loss = 27.38043 Val Loss = 26.46375
2023-05-07 01:00:45.091251 Epoch 88  	Train Loss = 27.37693 Val Loss = 26.45523
2023-05-07 01:02:38.046422 Epoch 89  	Train Loss = 27.37720 Val Loss = 26.47536
2023-05-07 01:04:31.017998 Epoch 90  	Train Loss = 27.36194 Val Loss = 26.45498
2023-05-07 01:06:23.980886 Epoch 91  	Train Loss = 27.36607 Val Loss = 26.46625
2023-05-07 01:08:17.085249 Epoch 92  	Train Loss = 27.36542 Val Loss = 26.45291
2023-05-07 01:10:10.078567 Epoch 93  	Train Loss = 27.35450 Val Loss = 26.44291
2023-05-07 01:12:03.051072 Epoch 94  	Train Loss = 27.35472 Val Loss = 26.44911
2023-05-07 01:13:56.044968 Epoch 95  	Train Loss = 27.35025 Val Loss = 26.43484
2023-05-07 01:15:49.086104 Epoch 96  	Train Loss = 27.34822 Val Loss = 26.45062
2023-05-07 01:17:42.136255 Epoch 97  	Train Loss = 27.34219 Val Loss = 26.44148
2023-05-07 01:19:35.017101 Epoch 98  	Train Loss = 27.34061 Val Loss = 26.42505
2023-05-07 01:21:27.947026 Epoch 99  	Train Loss = 27.33638 Val Loss = 26.42066
2023-05-07 01:23:20.945215 Epoch 100  	Train Loss = 27.33005 Val Loss = 26.42956
2023-05-07 01:25:13.994671 Epoch 101  	Train Loss = 27.32757 Val Loss = 26.45169
2023-05-07 01:27:06.934110 Epoch 102  	Train Loss = 27.32561 Val Loss = 26.41698
2023-05-07 01:28:59.936376 Epoch 103  	Train Loss = 27.31856 Val Loss = 26.40718
2023-05-07 01:30:52.936851 Epoch 104  	Train Loss = 27.31346 Val Loss = 26.41458
2023-05-07 01:32:45.832638 Epoch 105  	Train Loss = 27.31584 Val Loss = 26.40547
2023-05-07 01:34:38.962558 Epoch 106  	Train Loss = 27.30666 Val Loss = 26.39593
2023-05-07 01:36:32.064625 Epoch 107  	Train Loss = 27.30382 Val Loss = 26.40310
2023-05-07 01:38:25.096852 Epoch 108  	Train Loss = 27.29707 Val Loss = 26.39002
2023-05-07 01:40:18.137595 Epoch 109  	Train Loss = 27.29313 Val Loss = 26.38729
2023-05-07 01:42:11.182312 Epoch 110  	Train Loss = 27.29714 Val Loss = 26.37807
2023-05-07 01:44:04.314426 Epoch 111  	Train Loss = 27.29281 Val Loss = 26.37338
2023-05-07 01:45:57.225017 Epoch 112  	Train Loss = 27.28396 Val Loss = 26.37085
2023-05-07 01:47:50.225387 Epoch 113  	Train Loss = 27.28905 Val Loss = 26.37673
2023-05-07 01:49:43.185675 Epoch 114  	Train Loss = 27.28693 Val Loss = 26.37718
2023-05-07 01:51:36.282998 Epoch 115  	Train Loss = 27.27878 Val Loss = 26.36411
2023-05-07 01:53:29.279133 Epoch 116  	Train Loss = 27.27072 Val Loss = 26.35472
2023-05-07 01:55:22.384593 Epoch 117  	Train Loss = 27.27324 Val Loss = 26.37358
2023-05-07 01:57:15.360429 Epoch 118  	Train Loss = 27.26892 Val Loss = 26.36071
2023-05-07 01:59:08.287201 Epoch 119  	Train Loss = 27.26405 Val Loss = 26.35590
2023-05-07 02:01:01.261514 Epoch 120  	Train Loss = 27.26185 Val Loss = 26.36264
2023-05-07 02:02:54.201826 Epoch 121  	Train Loss = 27.25381 Val Loss = 26.35084
2023-05-07 02:04:47.222309 Epoch 122  	Train Loss = 27.25927 Val Loss = 26.35692
2023-05-07 02:06:40.229810 Epoch 123  	Train Loss = 27.25642 Val Loss = 26.34300
2023-05-07 02:08:33.387180 Epoch 124  	Train Loss = 27.25617 Val Loss = 26.34931
2023-05-07 02:10:26.382698 Epoch 125  	Train Loss = 27.24430 Val Loss = 26.33126
2023-05-07 02:12:19.318363 Epoch 126  	Train Loss = 27.24650 Val Loss = 26.33055
2023-05-07 02:14:12.261889 Epoch 127  	Train Loss = 27.24146 Val Loss = 26.33029
2023-05-07 02:16:05.188628 Epoch 128  	Train Loss = 27.24394 Val Loss = 26.32494
2023-05-07 02:17:58.254631 Epoch 129  	Train Loss = 27.22867 Val Loss = 26.31711
2023-05-07 02:19:51.177834 Epoch 130  	Train Loss = 27.22818 Val Loss = 26.32047
2023-05-07 02:21:44.174221 Epoch 131  	Train Loss = 27.23090 Val Loss = 26.31998
2023-05-07 02:23:37.181108 Epoch 132  	Train Loss = 27.22772 Val Loss = 26.32777
2023-05-07 02:25:30.193184 Epoch 133  	Train Loss = 27.22619 Val Loss = 26.30972
2023-05-07 02:27:23.152289 Epoch 134  	Train Loss = 27.21820 Val Loss = 26.30606
2023-05-07 02:29:16.195975 Epoch 135  	Train Loss = 27.21910 Val Loss = 26.30481
2023-05-07 02:31:09.178077 Epoch 136  	Train Loss = 27.20913 Val Loss = 26.30013
2023-05-07 02:33:02.262224 Epoch 137  	Train Loss = 27.20881 Val Loss = 26.30708
2023-05-07 02:34:55.311757 Epoch 138  	Train Loss = 27.20990 Val Loss = 26.30301
2023-05-07 02:36:48.337864 Epoch 139  	Train Loss = 27.20832 Val Loss = 26.29041
2023-05-07 02:38:41.407986 Epoch 140  	Train Loss = 27.19793 Val Loss = 26.30104
2023-05-07 02:40:34.463218 Epoch 141  	Train Loss = 27.20063 Val Loss = 26.28377
2023-05-07 02:42:27.568139 Epoch 142  	Train Loss = 27.20096 Val Loss = 26.30576
2023-05-07 02:44:20.521878 Epoch 143  	Train Loss = 27.19498 Val Loss = 26.28399
2023-05-07 02:46:13.476979 Epoch 144  	Train Loss = 27.19528 Val Loss = 26.31861
2023-05-07 02:48:06.579798 Epoch 145  	Train Loss = 27.18796 Val Loss = 26.28182
2023-05-07 02:49:59.614756 Epoch 146  	Train Loss = 27.18584 Val Loss = 26.29004
2023-05-07 02:51:52.597895 Epoch 147  	Train Loss = 27.18437 Val Loss = 26.29059
2023-05-07 02:53:45.560643 Epoch 148  	Train Loss = 27.18059 Val Loss = 26.27187
2023-05-07 02:55:38.462307 Epoch 149  	Train Loss = 27.18476 Val Loss = 26.26801
2023-05-07 02:57:31.543266 Epoch 150  	Train Loss = 27.18011 Val Loss = 26.27231
2023-05-07 02:59:24.515765 Epoch 151  	Train Loss = 27.17137 Val Loss = 26.27933
2023-05-07 03:01:17.628709 Epoch 152  	Train Loss = 27.17417 Val Loss = 26.25541
2023-05-07 03:03:10.782048 Epoch 153  	Train Loss = 27.17115 Val Loss = 26.25780
2023-05-07 03:05:03.674300 Epoch 154  	Train Loss = 27.16535 Val Loss = 26.26143
2023-05-07 03:06:56.567389 Epoch 155  	Train Loss = 27.16132 Val Loss = 26.25330
2023-05-07 03:08:49.508448 Epoch 156  	Train Loss = 27.15920 Val Loss = 26.27961
2023-05-07 03:10:42.496270 Epoch 157  	Train Loss = 27.15665 Val Loss = 26.25781
2023-05-07 03:12:35.512435 Epoch 158  	Train Loss = 27.15929 Val Loss = 26.25760
2023-05-07 03:14:28.477155 Epoch 159  	Train Loss = 27.14991 Val Loss = 26.24086
2023-05-07 03:16:21.421559 Epoch 160  	Train Loss = 27.14780 Val Loss = 26.23842
2023-05-07 03:18:14.338268 Epoch 161  	Train Loss = 27.15144 Val Loss = 26.25548
2023-05-07 03:20:07.438451 Epoch 162  	Train Loss = 27.14788 Val Loss = 26.23804
2023-05-07 03:22:00.349025 Epoch 163  	Train Loss = 27.13973 Val Loss = 26.23671
2023-05-07 03:23:53.313087 Epoch 164  	Train Loss = 27.14175 Val Loss = 26.23876
2023-05-07 03:25:46.269251 Epoch 165  	Train Loss = 27.14116 Val Loss = 26.22796
2023-05-07 03:27:39.254628 Epoch 166  	Train Loss = 27.13059 Val Loss = 26.22319
2023-05-07 03:29:32.273877 Epoch 167  	Train Loss = 27.13692 Val Loss = 26.23668
2023-05-07 03:31:25.413521 Epoch 168  	Train Loss = 27.13445 Val Loss = 26.21952
2023-05-07 03:33:18.390432 Epoch 169  	Train Loss = 27.13188 Val Loss = 26.23277
2023-05-07 03:35:11.371137 Epoch 170  	Train Loss = 27.13648 Val Loss = 26.21717
2023-05-07 03:37:04.435131 Epoch 171  	Train Loss = 27.11710 Val Loss = 26.25184
2023-05-07 03:38:57.643565 Epoch 172  	Train Loss = 27.12503 Val Loss = 26.21671
2023-05-07 03:40:50.814111 Epoch 173  	Train Loss = 27.11183 Val Loss = 26.21192
2023-05-07 03:42:43.970261 Epoch 174  	Train Loss = 27.12136 Val Loss = 26.21126
2023-05-07 03:44:37.160096 Epoch 175  	Train Loss = 27.11241 Val Loss = 26.21623
2023-05-07 03:46:30.116968 Epoch 176  	Train Loss = 27.10900 Val Loss = 26.21227
2023-05-07 03:48:23.079425 Epoch 177  	Train Loss = 27.11304 Val Loss = 26.23634
2023-05-07 03:50:16.015533 Epoch 178  	Train Loss = 27.10271 Val Loss = 26.21752
2023-05-07 03:52:08.936503 Epoch 179  	Train Loss = 27.11362 Val Loss = 26.21080
2023-05-07 03:54:01.952284 Epoch 180  	Train Loss = 27.09327 Val Loss = 26.20404
2023-05-07 03:55:54.858252 Epoch 181  	Train Loss = 27.09687 Val Loss = 26.19984
2023-05-07 03:57:47.941626 Epoch 182  	Train Loss = 27.09849 Val Loss = 26.20111
2023-05-07 03:59:40.925162 Epoch 183  	Train Loss = 27.09392 Val Loss = 26.18632
2023-05-07 04:01:33.967885 Epoch 184  	Train Loss = 27.09359 Val Loss = 26.18970
2023-05-07 04:03:26.884050 Epoch 185  	Train Loss = 27.09116 Val Loss = 26.19598
2023-05-07 04:05:19.822994 Epoch 186  	Train Loss = 27.09017 Val Loss = 26.19346
2023-05-07 04:07:12.809393 Epoch 187  	Train Loss = 27.09577 Val Loss = 26.19111
2023-05-07 04:09:05.949092 Epoch 188  	Train Loss = 27.07931 Val Loss = 26.17124
2023-05-07 04:10:58.902796 Epoch 189  	Train Loss = 27.08121 Val Loss = 26.17469
2023-05-07 04:12:52.134270 Epoch 190  	Train Loss = 27.08160 Val Loss = 26.18466
2023-05-07 04:14:45.298185 Epoch 191  	Train Loss = 27.08416 Val Loss = 26.18613
2023-05-07 04:16:38.256501 Epoch 192  	Train Loss = 27.08012 Val Loss = 26.18896
2023-05-07 04:18:31.193118 Epoch 193  	Train Loss = 27.07446 Val Loss = 26.17700
2023-05-07 04:20:24.227250 Epoch 194  	Train Loss = 27.06597 Val Loss = 26.16856
2023-05-07 04:22:17.216382 Epoch 195  	Train Loss = 27.06255 Val Loss = 26.16461
2023-05-07 04:24:10.294744 Epoch 196  	Train Loss = 27.06474 Val Loss = 26.16398
2023-05-07 04:26:03.231506 Epoch 197  	Train Loss = 27.06587 Val Loss = 26.17734
2023-05-07 04:27:56.215823 Epoch 198  	Train Loss = 27.06183 Val Loss = 26.16474
2023-05-07 04:29:49.357287 Epoch 199  	Train Loss = 27.05840 Val Loss = 26.16863
2023-05-07 04:31:42.254430 Epoch 200  	Train Loss = 27.06080 Val Loss = 26.15333
Early stopping at epoch: 200
Best at epoch 200:
Train Loss = 27.06080
Train RMSE = 44.20292, MAE = 27.64332, MAPE = 12.27745
Val Loss = 26.15333
Val RMSE = 42.76612, MAE = 26.64841, MAPE = 12.04193
--------- Test ---------
All Steps RMSE = 42.97721, MAE = 26.99072, MAPE = 11.76133
Step 1 RMSE = 29.16478, MAE = 18.37537, MAPE = 7.74670
Step 2 RMSE = 32.61335, MAE = 20.46564, MAPE = 8.66588
Step 3 RMSE = 35.22416, MAE = 22.16523, MAPE = 9.42295
Step 4 RMSE = 37.40759, MAE = 23.57099, MAPE = 10.05433
Step 5 RMSE = 39.45518, MAE = 24.89703, MAPE = 10.66076
Step 6 RMSE = 41.53445, MAE = 26.28630, MAPE = 11.32154
Step 7 RMSE = 43.61471, MAE = 27.73304, MAPE = 12.02636
Step 8 RMSE = 45.61475, MAE = 29.13236, MAPE = 12.71946
Step 9 RMSE = 47.56290, MAE = 30.52090, MAPE = 13.43351
Step 10 RMSE = 49.53891, MAE = 31.91322, MAPE = 14.16727
Step 11 RMSE = 51.75811, MAE = 33.47977, MAPE = 14.98379
Step 12 RMSE = 54.31343, MAE = 35.34460, MAPE = 15.93204
Inference time: 22.25 s
