PEMS08
Trainset:	x-(10700, 12, 170, 1)	y-(10700, 12, 170, 1)
Valset:  	x-(3567, 12, 170, 1)  	y-(3567, 12, 170, 1)
Testset:	x-(3566, 12, 170, 1)	y-(3566, 12, 170, 1)

--------- LSTM ---------
{
    "num_nodes": 170,
    "in_steps": 12,
    "out_steps": 12,
    "train_size": 0.6,
    "val_size": 0.2,
    "lr": 0.01,
    "weight_decay": 0,
    "milestones": [
        10,
        20
    ],
    "clip_grad": 0,
    "batch_size": 64,
    "max_epochs": 200,
    "use_cl": false,
    "load_npz": false,
    "with_embeddings": false,
    "pass_device": false,
    "model_args": {
        "num_nodes": 170,
        "in_steps": 12,
        "out_steps": 12,
        "input_dim": 1,
        "output_dim": 1,
        "lstm_hidden_dim": 64,
        "num_layers": 3,
        "seq2seq": true
    }
}
==========================================================================================
Layer (type:depth-idx)                   Output Shape              Param #
==========================================================================================
LSTM                                     [64, 12, 170, 1]          --
├─LSTM: 1-1                              [10880, 12, 64]           83,712
├─LSTM: 1-2                              [10880, 1, 64]            83,712
├─Linear: 1-3                            [10880, 1, 1]             65
├─LSTM: 1-4                              [10880, 1, 64]            (recursive)
├─Linear: 1-5                            [10880, 1, 1]             (recursive)
├─LSTM: 1-6                              [10880, 1, 64]            (recursive)
├─Linear: 1-7                            [10880, 1, 1]             (recursive)
├─LSTM: 1-8                              [10880, 1, 64]            (recursive)
├─Linear: 1-9                            [10880, 1, 1]             (recursive)
├─LSTM: 1-10                             [10880, 1, 64]            (recursive)
├─Linear: 1-11                           [10880, 1, 1]             (recursive)
├─LSTM: 1-12                             [10880, 1, 64]            (recursive)
├─Linear: 1-13                           [10880, 1, 1]             (recursive)
├─LSTM: 1-14                             [10880, 1, 64]            (recursive)
├─Linear: 1-15                           [10880, 1, 1]             (recursive)
├─LSTM: 1-16                             [10880, 1, 64]            (recursive)
├─Linear: 1-17                           [10880, 1, 1]             (recursive)
├─LSTM: 1-18                             [10880, 1, 64]            (recursive)
├─Linear: 1-19                           [10880, 1, 1]             (recursive)
├─LSTM: 1-20                             [10880, 1, 64]            (recursive)
├─Linear: 1-21                           [10880, 1, 1]             (recursive)
├─LSTM: 1-22                             [10880, 1, 64]            (recursive)
├─Linear: 1-23                           [10880, 1, 1]             (recursive)
├─LSTM: 1-24                             [10880, 1, 64]            (recursive)
├─Linear: 1-25                           [10880, 1, 1]             (recursive)
==========================================================================================
Total params: 167,489
Trainable params: 167,489
Non-trainable params: 0
Total mult-adds (G): 21.87
==========================================================================================
Input size (MB): 0.52
Forward/backward pass size (MB): 134.74
Params size (MB): 0.67
Estimated Total Size (MB): 135.93
==========================================================================================

Loss: HuberLoss

2023-04-16 16:37:38.331994 Epoch 1  	Train Loss = 33.01346 Val Loss = 22.92630
2023-04-16 16:37:45.929980 Epoch 2  	Train Loss = 23.16796 Val Loss = 22.70151
2023-04-16 16:37:53.541097 Epoch 3  	Train Loss = 22.43492 Val Loss = 22.45758
2023-04-16 16:38:01.098501 Epoch 4  	Train Loss = 22.27032 Val Loss = 23.45450
2023-04-16 16:38:08.740497 Epoch 5  	Train Loss = 22.16553 Val Loss = 22.60475
2023-04-16 16:38:16.357768 Epoch 6  	Train Loss = 22.11453 Val Loss = 22.25672
2023-04-16 16:38:23.955675 Epoch 7  	Train Loss = 21.87270 Val Loss = 23.84219
2023-04-16 16:38:31.635671 Epoch 8  	Train Loss = 21.76719 Val Loss = 22.14541
2023-04-16 16:38:39.292518 Epoch 9  	Train Loss = 21.70025 Val Loss = 21.79678
2023-04-16 16:38:46.895088 Epoch 10  	Train Loss = 21.53326 Val Loss = 21.98507
2023-04-16 16:38:54.485250 Epoch 11  	Train Loss = 20.85660 Val Loss = 21.03594
2023-04-16 16:39:02.182672 Epoch 12  	Train Loss = 20.76737 Val Loss = 21.04556
2023-04-16 16:39:09.907824 Epoch 13  	Train Loss = 20.72471 Val Loss = 20.94922
2023-04-16 16:39:17.622768 Epoch 14  	Train Loss = 20.73713 Val Loss = 20.87263
2023-04-16 16:39:25.406143 Epoch 15  	Train Loss = 20.69380 Val Loss = 20.86044
2023-04-16 16:39:33.161153 Epoch 16  	Train Loss = 20.65489 Val Loss = 20.82968
2023-04-16 16:39:40.839993 Epoch 17  	Train Loss = 20.63518 Val Loss = 20.79706
2023-04-16 16:39:48.490200 Epoch 18  	Train Loss = 20.62962 Val Loss = 20.86765
2023-04-16 16:39:56.198297 Epoch 19  	Train Loss = 20.59051 Val Loss = 20.72665
2023-04-16 16:40:04.006866 Epoch 20  	Train Loss = 20.56559 Val Loss = 20.95759
2023-04-16 16:40:11.774207 Epoch 21  	Train Loss = 20.45909 Val Loss = 20.64663
2023-04-16 16:40:19.584648 Epoch 22  	Train Loss = 20.45116 Val Loss = 20.62016
2023-04-16 16:40:27.392118 Epoch 23  	Train Loss = 20.42883 Val Loss = 20.62212
2023-04-16 16:40:35.246830 Epoch 24  	Train Loss = 20.42537 Val Loss = 20.61423
2023-04-16 16:40:43.075611 Epoch 25  	Train Loss = 20.41788 Val Loss = 20.60503
2023-04-16 16:40:50.913500 Epoch 26  	Train Loss = 20.43061 Val Loss = 20.62471
2023-04-16 16:40:58.761056 Epoch 27  	Train Loss = 20.41922 Val Loss = 20.59692
2023-04-16 16:41:06.644288 Epoch 28  	Train Loss = 20.41305 Val Loss = 20.59105
2023-04-16 16:41:14.528866 Epoch 29  	Train Loss = 20.41966 Val Loss = 20.58294
2023-04-16 16:41:22.363084 Epoch 30  	Train Loss = 20.40399 Val Loss = 20.59520
2023-04-16 16:41:30.235357 Epoch 31  	Train Loss = 20.38150 Val Loss = 20.59851
2023-04-16 16:41:38.100696 Epoch 32  	Train Loss = 20.39738 Val Loss = 20.58723
2023-04-16 16:41:46.033412 Epoch 33  	Train Loss = 20.38544 Val Loss = 20.58021
2023-04-16 16:41:53.944177 Epoch 34  	Train Loss = 20.38804 Val Loss = 20.56626
2023-04-16 16:42:01.865957 Epoch 35  	Train Loss = 20.37479 Val Loss = 20.55890
2023-04-16 16:42:09.787951 Epoch 36  	Train Loss = 20.36949 Val Loss = 20.55051
2023-04-16 16:42:17.679630 Epoch 37  	Train Loss = 20.37462 Val Loss = 20.56229
2023-04-16 16:42:25.535985 Epoch 38  	Train Loss = 20.37562 Val Loss = 20.54706
2023-04-16 16:42:33.444716 Epoch 39  	Train Loss = 20.36385 Val Loss = 20.54703
2023-04-16 16:42:41.322374 Epoch 40  	Train Loss = 20.37581 Val Loss = 20.53340
2023-04-16 16:42:49.216682 Epoch 41  	Train Loss = 20.36071 Val Loss = 20.53309
2023-04-16 16:42:57.148773 Epoch 42  	Train Loss = 20.35591 Val Loss = 20.53246
2023-04-16 16:43:05.092485 Epoch 43  	Train Loss = 20.34749 Val Loss = 20.52158
2023-04-16 16:43:13.001354 Epoch 44  	Train Loss = 20.33787 Val Loss = 20.52571
2023-04-16 16:43:20.967245 Epoch 45  	Train Loss = 20.36096 Val Loss = 20.50933
2023-04-16 16:43:28.874191 Epoch 46  	Train Loss = 20.32736 Val Loss = 20.52956
2023-04-16 16:43:36.832713 Epoch 47  	Train Loss = 20.33533 Val Loss = 20.52014
2023-04-16 16:43:44.735442 Epoch 48  	Train Loss = 20.32487 Val Loss = 20.49433
2023-04-16 16:43:52.774538 Epoch 49  	Train Loss = 20.33148 Val Loss = 20.49366
2023-04-16 16:44:00.877632 Epoch 50  	Train Loss = 20.30176 Val Loss = 20.49995
2023-04-16 16:44:09.094590 Epoch 51  	Train Loss = 20.32906 Val Loss = 20.50503
2023-04-16 16:44:17.025668 Epoch 52  	Train Loss = 20.31193 Val Loss = 20.51096
2023-04-16 16:44:24.868585 Epoch 53  	Train Loss = 20.30992 Val Loss = 20.47645
2023-04-16 16:44:32.779506 Epoch 54  	Train Loss = 20.30491 Val Loss = 20.49320
2023-04-16 16:44:40.708897 Epoch 55  	Train Loss = 20.30389 Val Loss = 20.46419
2023-04-16 16:44:48.608420 Epoch 56  	Train Loss = 20.28965 Val Loss = 20.47924
2023-04-16 16:44:56.565412 Epoch 57  	Train Loss = 20.27566 Val Loss = 20.47276
2023-04-16 16:45:04.515440 Epoch 58  	Train Loss = 20.30051 Val Loss = 20.45240
2023-04-16 16:45:12.465578 Epoch 59  	Train Loss = 20.28066 Val Loss = 20.44770
2023-04-16 16:45:20.293483 Epoch 60  	Train Loss = 20.27183 Val Loss = 20.46336
2023-04-16 16:45:28.166637 Epoch 61  	Train Loss = 20.28201 Val Loss = 20.43449
2023-04-16 16:45:36.063424 Epoch 62  	Train Loss = 20.26198 Val Loss = 20.44818
2023-04-16 16:45:43.987240 Epoch 63  	Train Loss = 20.28114 Val Loss = 20.42600
2023-04-16 16:45:51.903169 Epoch 64  	Train Loss = 20.26865 Val Loss = 20.43080
2023-04-16 16:45:59.670724 Epoch 65  	Train Loss = 20.25747 Val Loss = 20.45952
2023-04-16 16:46:07.489642 Epoch 66  	Train Loss = 20.26437 Val Loss = 20.42331
2023-04-16 16:46:15.426965 Epoch 67  	Train Loss = 20.27021 Val Loss = 20.42050
2023-04-16 16:46:23.339403 Epoch 68  	Train Loss = 20.24615 Val Loss = 20.42006
2023-04-16 16:46:31.239875 Epoch 69  	Train Loss = 20.23817 Val Loss = 20.40941
2023-04-16 16:46:39.298609 Epoch 70  	Train Loss = 20.24705 Val Loss = 20.41202
2023-04-16 16:46:47.232633 Epoch 71  	Train Loss = 20.24781 Val Loss = 20.41579
2023-04-16 16:46:55.182476 Epoch 72  	Train Loss = 20.22082 Val Loss = 20.40068
2023-04-16 16:47:03.143488 Epoch 73  	Train Loss = 20.22937 Val Loss = 20.41160
2023-04-16 16:47:11.104480 Epoch 74  	Train Loss = 20.25095 Val Loss = 20.40564
2023-04-16 16:47:19.054300 Epoch 75  	Train Loss = 20.22662 Val Loss = 20.39235
2023-04-16 16:47:26.990681 Epoch 76  	Train Loss = 20.22351 Val Loss = 20.39710
2023-04-16 16:47:34.931390 Epoch 77  	Train Loss = 20.21829 Val Loss = 20.37132
2023-04-16 16:47:42.819007 Epoch 78  	Train Loss = 20.20064 Val Loss = 20.38765
2023-04-16 16:47:50.671121 Epoch 79  	Train Loss = 20.21008 Val Loss = 20.39545
2023-04-16 16:47:58.511233 Epoch 80  	Train Loss = 20.17180 Val Loss = 20.35084
2023-04-16 16:48:06.369699 Epoch 81  	Train Loss = 20.20593 Val Loss = 20.35150
2023-04-16 16:48:14.298979 Epoch 82  	Train Loss = 20.19326 Val Loss = 20.36969
2023-04-16 16:48:22.206357 Epoch 83  	Train Loss = 20.18780 Val Loss = 20.35891
2023-04-16 16:48:30.138587 Epoch 84  	Train Loss = 20.19677 Val Loss = 20.36616
2023-04-16 16:48:38.066640 Epoch 85  	Train Loss = 20.18195 Val Loss = 20.35986
2023-04-16 16:48:46.068848 Epoch 86  	Train Loss = 20.18195 Val Loss = 20.36241
2023-04-16 16:48:54.004971 Epoch 87  	Train Loss = 20.17278 Val Loss = 20.32835
2023-04-16 16:49:01.939076 Epoch 88  	Train Loss = 20.17290 Val Loss = 20.32182
2023-04-16 16:49:09.891277 Epoch 89  	Train Loss = 20.16651 Val Loss = 20.32380
2023-04-16 16:49:17.853464 Epoch 90  	Train Loss = 20.15898 Val Loss = 20.31905
2023-04-16 16:49:25.708017 Epoch 91  	Train Loss = 20.15959 Val Loss = 20.32607
2023-04-16 16:49:33.516770 Epoch 92  	Train Loss = 20.15959 Val Loss = 20.31238
2023-04-16 16:49:41.366377 Epoch 93  	Train Loss = 20.15549 Val Loss = 20.33486
2023-04-16 16:49:49.267020 Epoch 94  	Train Loss = 20.16378 Val Loss = 20.31021
2023-04-16 16:49:57.165344 Epoch 95  	Train Loss = 20.14353 Val Loss = 20.30957
2023-04-16 16:50:05.061209 Epoch 96  	Train Loss = 20.12212 Val Loss = 20.31160
2023-04-16 16:50:12.973918 Epoch 97  	Train Loss = 20.14215 Val Loss = 20.31718
2023-04-16 16:50:20.877152 Epoch 98  	Train Loss = 20.12829 Val Loss = 20.29616
2023-04-16 16:50:28.748576 Epoch 99  	Train Loss = 20.12615 Val Loss = 20.29225
2023-04-16 16:50:36.643860 Epoch 100  	Train Loss = 20.14340 Val Loss = 20.28136
2023-04-16 16:50:44.544798 Epoch 101  	Train Loss = 20.12533 Val Loss = 20.27045
2023-04-16 16:50:52.443956 Epoch 102  	Train Loss = 20.14254 Val Loss = 20.26710
2023-04-16 16:51:00.336875 Epoch 103  	Train Loss = 20.10334 Val Loss = 20.28594
2023-04-16 16:51:08.180568 Epoch 104  	Train Loss = 20.12640 Val Loss = 20.26044
2023-04-16 16:51:16.041610 Epoch 105  	Train Loss = 20.11270 Val Loss = 20.28489
2023-04-16 16:51:23.921266 Epoch 106  	Train Loss = 20.11216 Val Loss = 20.26411
2023-04-16 16:51:31.793399 Epoch 107  	Train Loss = 20.11722 Val Loss = 20.24908
2023-04-16 16:51:39.676341 Epoch 108  	Train Loss = 20.10132 Val Loss = 20.25719
2023-04-16 16:51:47.551046 Epoch 109  	Train Loss = 20.09582 Val Loss = 20.24713
2023-04-16 16:51:55.453062 Epoch 110  	Train Loss = 20.10130 Val Loss = 20.25930
2023-04-16 16:52:03.426020 Epoch 111  	Train Loss = 20.07497 Val Loss = 20.25996
2023-04-16 16:52:11.300672 Epoch 112  	Train Loss = 20.09259 Val Loss = 20.28504
2023-04-16 16:52:19.170118 Epoch 113  	Train Loss = 20.09224 Val Loss = 20.23370
2023-04-16 16:52:27.028103 Epoch 114  	Train Loss = 20.08771 Val Loss = 20.23191
2023-04-16 16:52:34.904174 Epoch 115  	Train Loss = 20.09977 Val Loss = 20.22102
2023-04-16 16:52:42.859912 Epoch 116  	Train Loss = 20.08625 Val Loss = 20.22900
2023-04-16 16:52:50.734200 Epoch 117  	Train Loss = 20.08557 Val Loss = 20.22540
2023-04-16 16:52:58.647083 Epoch 118  	Train Loss = 20.07471 Val Loss = 20.21368
2023-04-16 16:53:06.585449 Epoch 119  	Train Loss = 20.05709 Val Loss = 20.23176
2023-04-16 16:53:14.502320 Epoch 120  	Train Loss = 20.07123 Val Loss = 20.20266
2023-04-16 16:53:22.356561 Epoch 121  	Train Loss = 20.07703 Val Loss = 20.20653
2023-04-16 16:53:30.277829 Epoch 122  	Train Loss = 20.07317 Val Loss = 20.20254
2023-04-16 16:53:38.147382 Epoch 123  	Train Loss = 20.04453 Val Loss = 20.19041
2023-04-16 16:53:46.049022 Epoch 124  	Train Loss = 20.05337 Val Loss = 20.19534
2023-04-16 16:53:53.945938 Epoch 125  	Train Loss = 20.03141 Val Loss = 20.18459
2023-04-16 16:54:01.838048 Epoch 126  	Train Loss = 20.04219 Val Loss = 20.18829
2023-04-16 16:54:09.765551 Epoch 127  	Train Loss = 20.03431 Val Loss = 20.17480
2023-04-16 16:54:17.700478 Epoch 128  	Train Loss = 20.02866 Val Loss = 20.16031
2023-04-16 16:54:25.572874 Epoch 129  	Train Loss = 20.01409 Val Loss = 20.19622
2023-04-16 16:54:33.507015 Epoch 130  	Train Loss = 20.03928 Val Loss = 20.16010
2023-04-16 16:54:41.392071 Epoch 131  	Train Loss = 20.03216 Val Loss = 20.16485
2023-04-16 16:54:49.291765 Epoch 132  	Train Loss = 20.00226 Val Loss = 20.15744
2023-04-16 16:54:57.065333 Epoch 133  	Train Loss = 20.01037 Val Loss = 20.15732
2023-04-16 16:55:04.939582 Epoch 134  	Train Loss = 20.02035 Val Loss = 20.15915
2023-04-16 16:55:12.816145 Epoch 135  	Train Loss = 20.00770 Val Loss = 20.14172
2023-04-16 16:55:20.722256 Epoch 136  	Train Loss = 20.00610 Val Loss = 20.17071
2023-04-16 16:55:28.627257 Epoch 137  	Train Loss = 19.99155 Val Loss = 20.13419
2023-04-16 16:55:36.555643 Epoch 138  	Train Loss = 20.00233 Val Loss = 20.13660
2023-04-16 16:55:44.431560 Epoch 139  	Train Loss = 20.00596 Val Loss = 20.14249
2023-04-16 16:55:52.330577 Epoch 140  	Train Loss = 19.97695 Val Loss = 20.13775
2023-04-16 16:56:00.262088 Epoch 141  	Train Loss = 19.97060 Val Loss = 20.12214
2023-04-16 16:56:08.191627 Epoch 142  	Train Loss = 19.97626 Val Loss = 20.13215
2023-04-16 16:56:16.121941 Epoch 143  	Train Loss = 19.97083 Val Loss = 20.12326
2023-04-16 16:56:24.040618 Epoch 144  	Train Loss = 19.95630 Val Loss = 20.10338
2023-04-16 16:56:31.882923 Epoch 145  	Train Loss = 19.97957 Val Loss = 20.09921
2023-04-16 16:56:39.811058 Epoch 146  	Train Loss = 19.95899 Val Loss = 20.10553
2023-04-16 16:56:46.698029 Epoch 147  	Train Loss = 19.95600 Val Loss = 20.10846
2023-04-16 16:56:53.593906 Epoch 148  	Train Loss = 19.96322 Val Loss = 20.10261
2023-04-16 16:57:00.504065 Epoch 149  	Train Loss = 19.97737 Val Loss = 20.10560
2023-04-16 16:57:07.786365 Epoch 150  	Train Loss = 19.95659 Val Loss = 20.08166
2023-04-16 16:57:15.591676 Epoch 151  	Train Loss = 19.95919 Val Loss = 20.08821
2023-04-16 16:57:23.413865 Epoch 152  	Train Loss = 19.95870 Val Loss = 20.08206
2023-04-16 16:57:31.106031 Epoch 153  	Train Loss = 19.94341 Val Loss = 20.10118
2023-04-16 16:57:39.013768 Epoch 154  	Train Loss = 19.94608 Val Loss = 20.10616
2023-04-16 16:57:46.947314 Epoch 155  	Train Loss = 19.94033 Val Loss = 20.05292
2023-04-16 16:57:54.857874 Epoch 156  	Train Loss = 19.94668 Val Loss = 20.06642
2023-04-16 16:58:02.784059 Epoch 157  	Train Loss = 19.92868 Val Loss = 20.05781
2023-04-16 16:58:10.727661 Epoch 158  	Train Loss = 19.94238 Val Loss = 20.06256
2023-04-16 16:58:18.596272 Epoch 159  	Train Loss = 19.93195 Val Loss = 20.05897
2023-04-16 16:58:26.488664 Epoch 160  	Train Loss = 19.93742 Val Loss = 20.05569
2023-04-16 16:58:34.354679 Epoch 161  	Train Loss = 19.90636 Val Loss = 20.04112
2023-04-16 16:58:42.245213 Epoch 162  	Train Loss = 19.91835 Val Loss = 20.06019
2023-04-16 16:58:50.100405 Epoch 163  	Train Loss = 19.93027 Val Loss = 20.04812
2023-04-16 16:58:57.998741 Epoch 164  	Train Loss = 19.91620 Val Loss = 20.03759
2023-04-16 16:59:05.878498 Epoch 165  	Train Loss = 19.90051 Val Loss = 20.04688
2023-04-16 16:59:13.807052 Epoch 166  	Train Loss = 19.92392 Val Loss = 20.04598
2023-04-16 16:59:21.716118 Epoch 167  	Train Loss = 19.90008 Val Loss = 20.03416
2023-04-16 16:59:29.671634 Epoch 168  	Train Loss = 19.92099 Val Loss = 20.05811
2023-04-16 16:59:37.671372 Epoch 169  	Train Loss = 19.90500 Val Loss = 20.03200
2023-04-16 16:59:45.640733 Epoch 170  	Train Loss = 19.88881 Val Loss = 20.02218
2023-04-16 16:59:53.481777 Epoch 171  	Train Loss = 19.89110 Val Loss = 20.01868
2023-04-16 17:00:01.376581 Epoch 172  	Train Loss = 19.90713 Val Loss = 20.01641
2023-04-16 17:00:09.199208 Epoch 173  	Train Loss = 19.88990 Val Loss = 20.04088
2023-04-16 17:00:17.208783 Epoch 174  	Train Loss = 19.88354 Val Loss = 20.01995
2023-04-16 17:00:25.264466 Epoch 175  	Train Loss = 19.89701 Val Loss = 20.01493
2023-04-16 17:00:33.183681 Epoch 176  	Train Loss = 19.88051 Val Loss = 19.99391
2023-04-16 17:00:41.120650 Epoch 177  	Train Loss = 19.87664 Val Loss = 20.00986
2023-04-16 17:00:49.027979 Epoch 178  	Train Loss = 19.86743 Val Loss = 20.01618
2023-04-16 17:00:56.969693 Epoch 179  	Train Loss = 19.86681 Val Loss = 20.00002
2023-04-16 17:01:04.919159 Epoch 180  	Train Loss = 19.88684 Val Loss = 20.00074
2023-04-16 17:01:12.864065 Epoch 181  	Train Loss = 19.87157 Val Loss = 20.00228
2023-04-16 17:01:20.720601 Epoch 182  	Train Loss = 19.86412 Val Loss = 19.98060
2023-04-16 17:01:28.561335 Epoch 183  	Train Loss = 19.85900 Val Loss = 19.99534
2023-04-16 17:01:36.487150 Epoch 184  	Train Loss = 19.84208 Val Loss = 19.97908
2023-04-16 17:01:44.359615 Epoch 185  	Train Loss = 19.85512 Val Loss = 19.97204
2023-04-16 17:01:52.229131 Epoch 186  	Train Loss = 19.85995 Val Loss = 19.96349
2023-04-16 17:02:00.152527 Epoch 187  	Train Loss = 19.85138 Val Loss = 19.95924
2023-04-16 17:02:08.044846 Epoch 188  	Train Loss = 19.83497 Val Loss = 19.99903
2023-04-16 17:02:15.916263 Epoch 189  	Train Loss = 19.84175 Val Loss = 19.98324
2023-04-16 17:02:23.880578 Epoch 190  	Train Loss = 19.84592 Val Loss = 19.98056
2023-04-16 17:02:31.776858 Epoch 191  	Train Loss = 19.83269 Val Loss = 19.96169
2023-04-16 17:02:39.695783 Epoch 192  	Train Loss = 19.83030 Val Loss = 19.95772
2023-04-16 17:02:47.613931 Epoch 193  	Train Loss = 19.83087 Val Loss = 19.96669
2023-04-16 17:02:55.531606 Epoch 194  	Train Loss = 19.83381 Val Loss = 19.94622
2023-04-16 17:03:03.234265 Epoch 195  	Train Loss = 19.82683 Val Loss = 19.95595
2023-04-16 17:03:10.945778 Epoch 196  	Train Loss = 19.81499 Val Loss = 19.94576
2023-04-16 17:03:18.821765 Epoch 197  	Train Loss = 19.82054 Val Loss = 19.94901
2023-04-16 17:03:26.693914 Epoch 198  	Train Loss = 19.82791 Val Loss = 19.94816
2023-04-16 17:03:34.579679 Epoch 199  	Train Loss = 19.83706 Val Loss = 19.98704
2023-04-16 17:03:42.520899 Epoch 200  	Train Loss = 19.83086 Val Loss = 19.93759
Early stopping at epoch: 200
Best at epoch 200:
Train Loss = 19.83086
Train RMSE = 32.27413, MAE = 20.30547, MAPE = 12.89265
Val Loss = 19.93759
Val RMSE = 32.49228, MAE = 20.42932, MAPE = 13.15672
--------- Test ---------
All Steps RMSE = 31.48607, MAE = 19.97951, MAPE = 12.59732
Step 1 RMSE = 21.36381, MAE = 13.85401, MAPE = 8.76092
Step 2 RMSE = 23.69434, MAE = 15.26154, MAPE = 9.54344
Step 3 RMSE = 25.64876, MAE = 16.45682, MAPE = 10.23087
Step 4 RMSE = 27.33833, MAE = 17.47048, MAPE = 10.88174
Step 5 RMSE = 28.91882, MAE = 18.44134, MAPE = 11.50539
Step 6 RMSE = 30.48252, MAE = 19.44508, MAPE = 12.16008
Step 7 RMSE = 32.01333, MAE = 20.48855, MAPE = 12.85851
Step 8 RMSE = 33.51331, MAE = 21.51058, MAPE = 13.55581
Step 9 RMSE = 34.92290, MAE = 22.52090, MAPE = 14.26560
Step 10 RMSE = 36.32659, MAE = 23.52196, MAPE = 14.97409
Step 11 RMSE = 37.89571, MAE = 24.68555, MAPE = 15.76332
Step 12 RMSE = 39.80729, MAE = 26.09760, MAPE = 16.66814
Inference time: 0.74 s
