METRLA
Original data shape (34272, 207)
Trainset:	x-torch.Size([23967, 12, 207, 1])	y-torch.Size([23967, 12, 207, 1])
Valset:  	x-torch.Size([3404, 12, 207, 1])  	y-torch.Size([3404, 12, 207, 1])
Testset:	x-torch.Size([6832, 12, 207, 1])	y-torch.Size([6832, 12, 207, 1])
--------- LSTM ---------
2023-02-14 16:50:45.592869 Epoch 1 	Train Loss = 0.46519 Val Loss = 0.32350
2023-02-14 16:50:57.974262 Epoch 2 	Train Loss = 0.26348 Val Loss = 0.24968
2023-02-14 16:51:10.477998 Epoch 3 	Train Loss = 0.24499 Val Loss = 0.25163
2023-02-14 16:51:22.959695 Epoch 4 	Train Loss = 0.24341 Val Loss = 0.24710
2023-02-14 16:51:35.384800 Epoch 5 	Train Loss = 0.24257 Val Loss = 0.24427
2023-02-14 16:51:47.897646 Epoch 6 	Train Loss = 0.24183 Val Loss = 0.24336
2023-02-14 16:52:00.473322 Epoch 7 	Train Loss = 0.24156 Val Loss = 0.24362
2023-02-14 16:52:13.103884 Epoch 8 	Train Loss = 0.24117 Val Loss = 0.24383
2023-02-14 16:52:25.664500 Epoch 9 	Train Loss = 0.24086 Val Loss = 0.24425
2023-02-14 16:52:38.273443 Epoch 10 	Train Loss = 0.24058 Val Loss = 0.24316
2023-02-14 16:52:51.015272 Epoch 11 	Train Loss = 0.24034 Val Loss = 0.24184
2023-02-14 16:53:03.774492 Epoch 12 	Train Loss = 0.24006 Val Loss = 0.24388
2023-02-14 16:53:16.672942 Epoch 13 	Train Loss = 0.23985 Val Loss = 0.24174
2023-02-14 16:53:29.603548 Epoch 14 	Train Loss = 0.23953 Val Loss = 0.24590
2023-02-14 16:53:42.672549 Epoch 15 	Train Loss = 0.23950 Val Loss = 0.24106
2023-02-14 16:53:55.782169 Epoch 16 	Train Loss = 0.23929 Val Loss = 0.24449
2023-02-14 16:54:08.905230 Epoch 17 	Train Loss = 0.23918 Val Loss = 0.24051
2023-02-14 16:54:22.163679 Epoch 18 	Train Loss = 0.23904 Val Loss = 0.24344
2023-02-14 16:54:35.501604 Epoch 19 	Train Loss = 0.23879 Val Loss = 0.24115
2023-02-14 16:54:48.954379 Epoch 20 	Train Loss = 0.23857 Val Loss = 0.24171
2023-02-14 16:55:02.365241 Epoch 21 	Train Loss = 0.23860 Val Loss = 0.24283
2023-02-14 16:55:15.879265 Epoch 22 	Train Loss = 0.23829 Val Loss = 0.24280
2023-02-14 16:55:29.416312 Epoch 23 	Train Loss = 0.23822 Val Loss = 0.23944
2023-02-14 16:55:42.807084 Epoch 24 	Train Loss = 0.23831 Val Loss = 0.24028
2023-02-14 16:55:56.415099 Epoch 25 	Train Loss = 0.23832 Val Loss = 0.24050
2023-02-14 16:56:09.994164 Epoch 26 	Train Loss = 0.23802 Val Loss = 0.23957
2023-02-14 16:56:23.662620 Epoch 27 	Train Loss = 0.23800 Val Loss = 0.23972
2023-02-14 16:56:37.259647 Epoch 28 	Train Loss = 0.23791 Val Loss = 0.23971
2023-02-14 16:56:50.891385 Epoch 29 	Train Loss = 0.23778 Val Loss = 0.24441
2023-02-14 16:57:04.429298 Epoch 30 	Train Loss = 0.23785 Val Loss = 0.23907
2023-02-14 16:57:17.851062 Epoch 31 	Train Loss = 0.23760 Val Loss = 0.23973
2023-02-14 16:57:31.169111 Epoch 32 	Train Loss = 0.23747 Val Loss = 0.24007
2023-02-14 16:57:44.397804 Epoch 33 	Train Loss = 0.23750 Val Loss = 0.23949
2023-02-14 16:57:57.522917 Epoch 34 	Train Loss = 0.23724 Val Loss = 0.23907
2023-02-14 16:58:10.589473 Epoch 35 	Train Loss = 0.23740 Val Loss = 0.23968
2023-02-14 16:58:23.614298 Epoch 36 	Train Loss = 0.23733 Val Loss = 0.24124
2023-02-14 16:58:36.529892 Epoch 37 	Train Loss = 0.23708 Val Loss = 0.23847
2023-02-14 16:58:49.465907 Epoch 38 	Train Loss = 0.23702 Val Loss = 0.23931
2023-02-14 16:59:02.343937 Epoch 39 	Train Loss = 0.23708 Val Loss = 0.23959
2023-02-14 16:59:15.233854 Epoch 40 	Train Loss = 0.23682 Val Loss = 0.23828
2023-02-14 16:59:28.113788 Epoch 41 	Train Loss = 0.23690 Val Loss = 0.24010
2023-02-14 16:59:41.042414 Epoch 42 	Train Loss = 0.23671 Val Loss = 0.23856
2023-02-14 16:59:53.958472 Epoch 43 	Train Loss = 0.23679 Val Loss = 0.23923
2023-02-14 17:00:06.802046 Epoch 44 	Train Loss = 0.23661 Val Loss = 0.24026
2023-02-14 17:00:19.691859 Epoch 45 	Train Loss = 0.23651 Val Loss = 0.23875
2023-02-14 17:00:32.547910 Epoch 46 	Train Loss = 0.23645 Val Loss = 0.24159
2023-02-14 17:00:45.422657 Epoch 47 	Train Loss = 0.23631 Val Loss = 0.23864
2023-02-14 17:00:58.357637 Epoch 48 	Train Loss = 0.23642 Val Loss = 0.23819
2023-02-14 17:01:11.368570 Epoch 49 	Train Loss = 0.23630 Val Loss = 0.23778
2023-02-14 17:01:24.236179 Epoch 50 	Train Loss = 0.23612 Val Loss = 0.23698
2023-02-14 17:01:37.150874 Epoch 51 	Train Loss = 0.23607 Val Loss = 0.24094
2023-02-14 17:01:49.985134 Epoch 52 	Train Loss = 0.23621 Val Loss = 0.23860
2023-02-14 17:02:02.654128 Epoch 53 	Train Loss = 0.23599 Val Loss = 0.24051
2023-02-14 17:02:15.472498 Epoch 54 	Train Loss = 0.23578 Val Loss = 0.23882
2023-02-14 17:02:28.265982 Epoch 55 	Train Loss = 0.23582 Val Loss = 0.23703
2023-02-14 17:02:41.103822 Epoch 56 	Train Loss = 0.23576 Val Loss = 0.24025
2023-02-14 17:02:53.897157 Epoch 57 	Train Loss = 0.23582 Val Loss = 0.23805
2023-02-14 17:03:06.637262 Epoch 58 	Train Loss = 0.23564 Val Loss = 0.23694
2023-02-14 17:03:19.426094 Epoch 59 	Train Loss = 0.23566 Val Loss = 0.23741
2023-02-14 17:03:32.218806 Epoch 60 	Train Loss = 0.23565 Val Loss = 0.23707
2023-02-14 17:03:44.999260 Epoch 61 	Train Loss = 0.23562 Val Loss = 0.23791
2023-02-14 17:03:57.804512 Epoch 62 	Train Loss = 0.23542 Val Loss = 0.23701
2023-02-14 17:04:10.577119 Epoch 63 	Train Loss = 0.23539 Val Loss = 0.23807
2023-02-14 17:04:23.390619 Epoch 64 	Train Loss = 0.23540 Val Loss = 0.23997
2023-02-14 17:04:36.134515 Epoch 65 	Train Loss = 0.23540 Val Loss = 0.23895
2023-02-14 17:04:48.877337 Epoch 66 	Train Loss = 0.23520 Val Loss = 0.23760
2023-02-14 17:05:01.560212 Epoch 67 	Train Loss = 0.23529 Val Loss = 0.23766
2023-02-14 17:05:14.314552 Epoch 68 	Train Loss = 0.23517 Val Loss = 0.23766
Early stopping at epoch: 68
Best at epoch 58:
Train Loss = 0.23564
Train RMSE = 10.91401, MAE = 4.51124, MAPE = 10.63320
Val Loss = 0.23694
Val RMSE = 11.49261, MAE = 4.56171, MAPE = 10.49136
--------- Test ---------
All Steps RMSE = 12.56896, MAE = 5.12015, MAPE = 12.04005
Step 1 RMSE = 5.68206, MAE = 2.69051, MAPE = 6.34451
Step 2 RMSE = 7.10668, MAE = 3.18742, MAPE = 7.77260
Step 3 RMSE = 8.16892, MAE = 3.59017, MAPE = 8.93342
Step 4 RMSE = 9.07241, MAE = 3.95778, MAPE = 9.98451
Step 5 RMSE = 9.87525, MAE = 4.30937, MAPE = 10.96234
Step 6 RMSE = 10.57073, MAE = 4.63971, MAPE = 11.88693
Step 7 RMSE = 11.16112, MAE = 4.93911, MAPE = 12.76543
Step 8 RMSE = 11.69747, MAE = 5.22969, MAPE = 13.63622
Step 9 RMSE = 12.14036, MAE = 5.48929, MAPE = 14.42699
Step 10 RMSE = 12.50774, MAE = 5.72396, MAPE = 15.19280
Step 11 RMSE = 12.92141, MAE = 5.96963, MAPE = 15.91250
Step 12 RMSE = 13.28823, MAE = 6.19611, MAPE = 16.66296
