PEMS07
Trainset:	x-(16921, 12, 883, 1)	y-(16921, 12, 883, 1)
Valset:  	x-(5640, 12, 883, 1)  	y-(5640, 12, 883, 1)
Testset:	x-(5640, 12, 883, 1)	y-(5640, 12, 883, 1)

--------- GRU ---------
{
    "num_nodes": 883,
    "in_steps": 12,
    "out_steps": 12,
    "train_size": 0.6,
    "val_size": 0.2,
    "lr": 0.01,
    "weight_decay": 0,
    "milestones": [
        10,
        20
    ],
    "clip_grad": 0,
    "batch_size": 64,
    "max_epochs": 200,
    "use_cl": false,
    "model_args": {
        "num_nodes": 883,
        "in_steps": 12,
        "out_steps": 12,
        "input_dim": 1,
        "output_dim": 1,
        "gru_hidden_dim": 64,
        "num_layers": 3,
        "seq2seq": true
    }
}
==========================================================================================
Layer (type:depth-idx)                   Output Shape              Param #
==========================================================================================
GRU                                      [64, 12, 883, 1]          --
├─GRU: 1-1                               [56512, 12, 64]           62,784
├─GRU: 1-2                               [56512, 1, 64]            62,784
├─Linear: 1-3                            [56512, 1, 1]             65
├─GRU: 1-4                               [56512, 1, 64]            (recursive)
├─Linear: 1-5                            [56512, 1, 1]             (recursive)
├─GRU: 1-6                               [56512, 1, 64]            (recursive)
├─Linear: 1-7                            [56512, 1, 1]             (recursive)
├─GRU: 1-8                               [56512, 1, 64]            (recursive)
├─Linear: 1-9                            [56512, 1, 1]             (recursive)
├─GRU: 1-10                              [56512, 1, 64]            (recursive)
├─Linear: 1-11                           [56512, 1, 1]             (recursive)
├─GRU: 1-12                              [56512, 1, 64]            (recursive)
├─Linear: 1-13                           [56512, 1, 1]             (recursive)
├─GRU: 1-14                              [56512, 1, 64]            (recursive)
├─Linear: 1-15                           [56512, 1, 1]             (recursive)
├─GRU: 1-16                              [56512, 1, 64]            (recursive)
├─Linear: 1-17                           [56512, 1, 1]             (recursive)
├─GRU: 1-18                              [56512, 1, 64]            (recursive)
├─Linear: 1-19                           [56512, 1, 1]             (recursive)
├─GRU: 1-20                              [56512, 1, 64]            (recursive)
├─Linear: 1-21                           [56512, 1, 1]             (recursive)
├─GRU: 1-22                              [56512, 1, 64]            (recursive)
├─Linear: 1-23                           [56512, 1, 1]             (recursive)
├─GRU: 1-24                              [56512, 1, 64]            (recursive)
├─Linear: 1-25                           [56512, 1, 1]             (recursive)
==========================================================================================
Total params: 125,633
Trainable params: 125,633
Non-trainable params: 0
Total mult-adds (G): 85.20
==========================================================================================
Input size (MB): 2.71
Forward/backward pass size (MB): 376.60
Params size (MB): 0.50
Estimated Total Size (MB): 379.81
==========================================================================================

Loss: HuberLoss

2023-05-06 21:44:03.508485 Epoch 1  	Train Loss = 37.08181 Val Loss = 29.94716
2023-05-06 21:45:36.238849 Epoch 2  	Train Loss = 31.17476 Val Loss = 29.46578
2023-05-06 21:47:09.092262 Epoch 3  	Train Loss = 30.56381 Val Loss = 29.68840
2023-05-06 21:48:41.891142 Epoch 4  	Train Loss = 30.18597 Val Loss = 28.74362
2023-05-06 21:50:14.849893 Epoch 5  	Train Loss = 29.87222 Val Loss = 28.53662
2023-05-06 21:51:47.673059 Epoch 6  	Train Loss = 29.51908 Val Loss = 28.49078
2023-05-06 21:53:20.629324 Epoch 7  	Train Loss = 29.19227 Val Loss = 27.84124
2023-05-06 21:54:53.518525 Epoch 8  	Train Loss = 28.94112 Val Loss = 28.27474
2023-05-06 21:56:26.405316 Epoch 9  	Train Loss = 28.79127 Val Loss = 28.26591
2023-05-06 21:57:59.334976 Epoch 10  	Train Loss = 28.60502 Val Loss = 27.36561
2023-05-06 21:59:32.319863 Epoch 11  	Train Loss = 27.82563 Val Loss = 26.83792
2023-05-06 22:01:05.178002 Epoch 12  	Train Loss = 27.71486 Val Loss = 26.81970
2023-05-06 22:02:38.057920 Epoch 13  	Train Loss = 27.66207 Val Loss = 26.71290
2023-05-06 22:04:10.860748 Epoch 14  	Train Loss = 27.59282 Val Loss = 26.65594
2023-05-06 22:05:43.876866 Epoch 15  	Train Loss = 27.54920 Val Loss = 26.58985
2023-05-06 22:07:16.741153 Epoch 16  	Train Loss = 27.51348 Val Loss = 26.65347
2023-05-06 22:08:49.748941 Epoch 17  	Train Loss = 27.46549 Val Loss = 26.53002
2023-05-06 22:10:22.630376 Epoch 18  	Train Loss = 27.44538 Val Loss = 26.50941
2023-05-06 22:11:55.536237 Epoch 19  	Train Loss = 27.40800 Val Loss = 26.82630
2023-05-06 22:13:28.323807 Epoch 20  	Train Loss = 27.38081 Val Loss = 26.42935
2023-05-06 22:15:01.305107 Epoch 21  	Train Loss = 27.24697 Val Loss = 26.35445
2023-05-06 22:16:34.286531 Epoch 22  	Train Loss = 27.22657 Val Loss = 26.34700
2023-05-06 22:18:07.116592 Epoch 23  	Train Loss = 27.21784 Val Loss = 26.33874
2023-05-06 22:19:39.980284 Epoch 24  	Train Loss = 27.22156 Val Loss = 26.32945
2023-05-06 22:21:12.895688 Epoch 25  	Train Loss = 27.21551 Val Loss = 26.33120
2023-05-06 22:22:45.754012 Epoch 26  	Train Loss = 27.20164 Val Loss = 26.33368
2023-05-06 22:24:18.605282 Epoch 27  	Train Loss = 27.19767 Val Loss = 26.31962
2023-05-06 22:25:51.440227 Epoch 28  	Train Loss = 27.19513 Val Loss = 26.31630
2023-05-06 22:27:24.291861 Epoch 29  	Train Loss = 27.19110 Val Loss = 26.32395
2023-05-06 22:28:57.157153 Epoch 30  	Train Loss = 27.18644 Val Loss = 26.31348
2023-05-06 22:30:30.020219 Epoch 31  	Train Loss = 27.18134 Val Loss = 26.30662
2023-05-06 22:32:02.936419 Epoch 32  	Train Loss = 27.17528 Val Loss = 26.29215
2023-05-06 22:33:35.845449 Epoch 33  	Train Loss = 27.17207 Val Loss = 26.29135
2023-05-06 22:35:08.820368 Epoch 34  	Train Loss = 27.17511 Val Loss = 26.29068
2023-05-06 22:36:41.748568 Epoch 35  	Train Loss = 27.16619 Val Loss = 26.27630
2023-05-06 22:38:14.683947 Epoch 36  	Train Loss = 27.15794 Val Loss = 26.27367
2023-05-06 22:39:47.630489 Epoch 37  	Train Loss = 27.15933 Val Loss = 26.27909
2023-05-06 22:41:20.499552 Epoch 38  	Train Loss = 27.14911 Val Loss = 26.26714
2023-05-06 22:42:53.394660 Epoch 39  	Train Loss = 27.14896 Val Loss = 26.26581
2023-05-06 22:44:26.265043 Epoch 40  	Train Loss = 27.14190 Val Loss = 26.26391
2023-05-06 22:45:59.123696 Epoch 41  	Train Loss = 27.13887 Val Loss = 26.26200
2023-05-06 22:47:31.931466 Epoch 42  	Train Loss = 27.13387 Val Loss = 26.25398
2023-05-06 22:49:04.887354 Epoch 43  	Train Loss = 27.12992 Val Loss = 26.25575
2023-05-06 22:50:37.727975 Epoch 44  	Train Loss = 27.13495 Val Loss = 26.23960
2023-05-06 22:52:10.607132 Epoch 45  	Train Loss = 27.12381 Val Loss = 26.25165
2023-05-06 22:53:43.544422 Epoch 46  	Train Loss = 27.11620 Val Loss = 26.24291
2023-05-06 22:55:16.368308 Epoch 47  	Train Loss = 27.11319 Val Loss = 26.23543
2023-05-06 22:56:49.070281 Epoch 48  	Train Loss = 27.09908 Val Loss = 26.24816
2023-05-06 22:58:21.829864 Epoch 49  	Train Loss = 27.10540 Val Loss = 26.22200
2023-05-06 22:59:54.599807 Epoch 50  	Train Loss = 27.10305 Val Loss = 26.24514
2023-05-06 23:01:27.337058 Epoch 51  	Train Loss = 27.10355 Val Loss = 26.22840
2023-05-06 23:03:00.114075 Epoch 52  	Train Loss = 27.09642 Val Loss = 26.21291
2023-05-06 23:04:33.006286 Epoch 53  	Train Loss = 27.09267 Val Loss = 26.22490
2023-05-06 23:06:05.792229 Epoch 54  	Train Loss = 27.09110 Val Loss = 26.22031
2023-05-06 23:07:38.594392 Epoch 55  	Train Loss = 27.08282 Val Loss = 26.19873
2023-05-06 23:09:11.379238 Epoch 56  	Train Loss = 27.08349 Val Loss = 26.19455
2023-05-06 23:10:44.139740 Epoch 57  	Train Loss = 27.07978 Val Loss = 26.18967
2023-05-06 23:12:16.885125 Epoch 58  	Train Loss = 27.07392 Val Loss = 26.19138
2023-05-06 23:13:49.645656 Epoch 59  	Train Loss = 27.07136 Val Loss = 26.18714
2023-05-06 23:15:22.379977 Epoch 60  	Train Loss = 27.06219 Val Loss = 26.18924
2023-05-06 23:16:55.144339 Epoch 61  	Train Loss = 27.06699 Val Loss = 26.18553
2023-05-06 23:18:27.972164 Epoch 62  	Train Loss = 27.05427 Val Loss = 26.18461
2023-05-06 23:20:00.785562 Epoch 63  	Train Loss = 27.06156 Val Loss = 26.17863
2023-05-06 23:21:33.561692 Epoch 64  	Train Loss = 27.05367 Val Loss = 26.19284
2023-05-06 23:23:06.390780 Epoch 65  	Train Loss = 27.04840 Val Loss = 26.17510
2023-05-06 23:24:39.215932 Epoch 66  	Train Loss = 27.04697 Val Loss = 26.18811
2023-05-06 23:26:11.993983 Epoch 67  	Train Loss = 27.03872 Val Loss = 26.17250
2023-05-06 23:27:44.735750 Epoch 68  	Train Loss = 27.04225 Val Loss = 26.15924
2023-05-06 23:29:17.498337 Epoch 69  	Train Loss = 27.04171 Val Loss = 26.16060
2023-05-06 23:30:50.248869 Epoch 70  	Train Loss = 27.02625 Val Loss = 26.16775
2023-05-06 23:32:23.121838 Epoch 71  	Train Loss = 27.02873 Val Loss = 26.15222
2023-05-06 23:33:56.053895 Epoch 72  	Train Loss = 27.02788 Val Loss = 26.14347
2023-05-06 23:35:28.823596 Epoch 73  	Train Loss = 27.02039 Val Loss = 26.14145
2023-05-06 23:37:01.569837 Epoch 74  	Train Loss = 27.01762 Val Loss = 26.13984
2023-05-06 23:38:34.287553 Epoch 75  	Train Loss = 27.01836 Val Loss = 26.13841
2023-05-06 23:40:06.977563 Epoch 76  	Train Loss = 27.01451 Val Loss = 26.13978
2023-05-06 23:41:39.758415 Epoch 77  	Train Loss = 27.01057 Val Loss = 26.12965
2023-05-06 23:43:12.442395 Epoch 78  	Train Loss = 27.01098 Val Loss = 26.14015
2023-05-06 23:44:45.154888 Epoch 79  	Train Loss = 26.99794 Val Loss = 26.12598
2023-05-06 23:46:17.845112 Epoch 80  	Train Loss = 27.00648 Val Loss = 26.12910
2023-05-06 23:47:50.607856 Epoch 81  	Train Loss = 26.99922 Val Loss = 26.13110
2023-05-06 23:49:23.381013 Epoch 82  	Train Loss = 26.99193 Val Loss = 26.13794
2023-05-06 23:50:56.331171 Epoch 83  	Train Loss = 26.98557 Val Loss = 26.12794
2023-05-06 23:52:29.085937 Epoch 84  	Train Loss = 26.99434 Val Loss = 26.11431
2023-05-06 23:54:01.829072 Epoch 85  	Train Loss = 26.98773 Val Loss = 26.10753
2023-05-06 23:55:34.565659 Epoch 86  	Train Loss = 26.97634 Val Loss = 26.11736
2023-05-06 23:57:07.403003 Epoch 87  	Train Loss = 26.97843 Val Loss = 26.11179
2023-05-06 23:58:40.158663 Epoch 88  	Train Loss = 26.97523 Val Loss = 26.11163
2023-05-07 00:00:12.848639 Epoch 89  	Train Loss = 26.97874 Val Loss = 26.11253
2023-05-07 00:01:45.593581 Epoch 90  	Train Loss = 26.96999 Val Loss = 26.10176
2023-05-07 00:03:18.364310 Epoch 91  	Train Loss = 26.96884 Val Loss = 26.09495
2023-05-07 00:04:51.139553 Epoch 92  	Train Loss = 26.96556 Val Loss = 26.09298
2023-05-07 00:06:23.810428 Epoch 93  	Train Loss = 26.95931 Val Loss = 26.09101
2023-05-07 00:07:56.642709 Epoch 94  	Train Loss = 26.95734 Val Loss = 26.10636
2023-05-07 00:09:29.352124 Epoch 95  	Train Loss = 26.96412 Val Loss = 26.08021
2023-05-07 00:11:02.002678 Epoch 96  	Train Loss = 26.94997 Val Loss = 26.07284
2023-05-07 00:12:34.732933 Epoch 97  	Train Loss = 26.95407 Val Loss = 26.08231
2023-05-07 00:14:07.459025 Epoch 98  	Train Loss = 26.94721 Val Loss = 26.07368
2023-05-07 00:15:40.240316 Epoch 99  	Train Loss = 26.94482 Val Loss = 26.07300
2023-05-07 00:17:13.048595 Epoch 100  	Train Loss = 26.94217 Val Loss = 26.07103
2023-05-07 00:18:45.749625 Epoch 101  	Train Loss = 26.94739 Val Loss = 26.06978
2023-05-07 00:20:18.530275 Epoch 102  	Train Loss = 26.93410 Val Loss = 26.07436
2023-05-07 00:21:51.275003 Epoch 103  	Train Loss = 26.93462 Val Loss = 26.06246
2023-05-07 00:23:24.043643 Epoch 104  	Train Loss = 26.93586 Val Loss = 26.05699
2023-05-07 00:24:56.786376 Epoch 105  	Train Loss = 26.93249 Val Loss = 26.05767
2023-05-07 00:26:29.531478 Epoch 106  	Train Loss = 26.93369 Val Loss = 26.05150
2023-05-07 00:28:02.340233 Epoch 107  	Train Loss = 26.93655 Val Loss = 26.06673
2023-05-07 00:29:35.240058 Epoch 108  	Train Loss = 26.92212 Val Loss = 26.05912
2023-05-07 00:31:08.082883 Epoch 109  	Train Loss = 26.92067 Val Loss = 26.05417
2023-05-07 00:32:40.945495 Epoch 110  	Train Loss = 26.91607 Val Loss = 26.05817
2023-05-07 00:34:13.645537 Epoch 111  	Train Loss = 26.91848 Val Loss = 26.04816
2023-05-07 00:35:46.308129 Epoch 112  	Train Loss = 26.90471 Val Loss = 26.06802
2023-05-07 00:37:18.966521 Epoch 113  	Train Loss = 26.91491 Val Loss = 26.06412
2023-05-07 00:38:51.632088 Epoch 114  	Train Loss = 26.90469 Val Loss = 26.04777
2023-05-07 00:40:24.333012 Epoch 115  	Train Loss = 26.90540 Val Loss = 26.04707
2023-05-07 00:41:57.136247 Epoch 116  	Train Loss = 26.90254 Val Loss = 26.04415
2023-05-07 00:43:29.990154 Epoch 117  	Train Loss = 26.90618 Val Loss = 26.05064
2023-05-07 00:45:02.690362 Epoch 118  	Train Loss = 26.89980 Val Loss = 26.02930
2023-05-07 00:46:35.361039 Epoch 119  	Train Loss = 26.89787 Val Loss = 26.04001
2023-05-07 00:48:08.044919 Epoch 120  	Train Loss = 26.89106 Val Loss = 26.01617
2023-05-07 00:49:40.721552 Epoch 121  	Train Loss = 26.89549 Val Loss = 26.03168
2023-05-07 00:51:13.385670 Epoch 122  	Train Loss = 26.88644 Val Loss = 26.03345
2023-05-07 00:52:46.093321 Epoch 123  	Train Loss = 26.89014 Val Loss = 26.01942
2023-05-07 00:54:18.924804 Epoch 124  	Train Loss = 26.88272 Val Loss = 26.01959
2023-05-07 00:55:51.667130 Epoch 125  	Train Loss = 26.87579 Val Loss = 26.01829
2023-05-07 00:57:24.495212 Epoch 126  	Train Loss = 26.88078 Val Loss = 26.00858
2023-05-07 00:58:57.178083 Epoch 127  	Train Loss = 26.87516 Val Loss = 26.02099
2023-05-07 01:00:30.067159 Epoch 128  	Train Loss = 26.87795 Val Loss = 26.00500
2023-05-07 01:02:02.769983 Epoch 129  	Train Loss = 26.86825 Val Loss = 26.01206
2023-05-07 01:03:35.506016 Epoch 130  	Train Loss = 26.86826 Val Loss = 26.00938
2023-05-07 01:05:08.233188 Epoch 131  	Train Loss = 26.86473 Val Loss = 26.00459
2023-05-07 01:06:40.975118 Epoch 132  	Train Loss = 26.86433 Val Loss = 26.00336
2023-05-07 01:08:13.899972 Epoch 133  	Train Loss = 26.85841 Val Loss = 25.99558
2023-05-07 01:09:46.631793 Epoch 134  	Train Loss = 26.86468 Val Loss = 26.00151
2023-05-07 01:11:19.467741 Epoch 135  	Train Loss = 26.85672 Val Loss = 26.00598
2023-05-07 01:12:52.185211 Epoch 136  	Train Loss = 26.85737 Val Loss = 25.99625
2023-05-07 01:14:24.949747 Epoch 137  	Train Loss = 26.85206 Val Loss = 25.99475
2023-05-07 01:15:57.752347 Epoch 138  	Train Loss = 26.85887 Val Loss = 26.01324
2023-05-07 01:17:30.596382 Epoch 139  	Train Loss = 26.85266 Val Loss = 25.97953
2023-05-07 01:19:03.290221 Epoch 140  	Train Loss = 26.84834 Val Loss = 25.99079
2023-05-07 01:20:35.972957 Epoch 141  	Train Loss = 26.84639 Val Loss = 25.97856
2023-05-07 01:22:08.705334 Epoch 142  	Train Loss = 26.84299 Val Loss = 25.98151
2023-05-07 01:23:41.418416 Epoch 143  	Train Loss = 26.83582 Val Loss = 25.98058
2023-05-07 01:25:14.227494 Epoch 144  	Train Loss = 26.83478 Val Loss = 25.97966
2023-05-07 01:26:46.938910 Epoch 145  	Train Loss = 26.83721 Val Loss = 25.97291
2023-05-07 01:28:19.604620 Epoch 146  	Train Loss = 26.84006 Val Loss = 25.97621
2023-05-07 01:29:52.270682 Epoch 147  	Train Loss = 26.83141 Val Loss = 25.97463
2023-05-07 01:31:24.997687 Epoch 148  	Train Loss = 26.83234 Val Loss = 25.96949
2023-05-07 01:32:57.696365 Epoch 149  	Train Loss = 26.82857 Val Loss = 25.96498
2023-05-07 01:34:30.492415 Epoch 150  	Train Loss = 26.83007 Val Loss = 25.96232
2023-05-07 01:36:03.357710 Epoch 151  	Train Loss = 26.82562 Val Loss = 25.96941
2023-05-07 01:37:36.095842 Epoch 152  	Train Loss = 26.82661 Val Loss = 25.96021
2023-05-07 01:39:08.909300 Epoch 153  	Train Loss = 26.83016 Val Loss = 25.95291
2023-05-07 01:40:41.676984 Epoch 154  	Train Loss = 26.82454 Val Loss = 25.96302
2023-05-07 01:42:14.420423 Epoch 155  	Train Loss = 26.82305 Val Loss = 25.96674
2023-05-07 01:43:47.349728 Epoch 156  	Train Loss = 26.81823 Val Loss = 25.95675
2023-05-07 01:45:20.035784 Epoch 157  	Train Loss = 26.81717 Val Loss = 25.95356
2023-05-07 01:46:52.764092 Epoch 158  	Train Loss = 26.80959 Val Loss = 25.95373
2023-05-07 01:48:25.532022 Epoch 159  	Train Loss = 26.81522 Val Loss = 25.96781
2023-05-07 01:49:58.227273 Epoch 160  	Train Loss = 26.81040 Val Loss = 25.94849
2023-05-07 01:51:31.084607 Epoch 161  	Train Loss = 26.80557 Val Loss = 25.95295
2023-05-07 01:53:03.846066 Epoch 162  	Train Loss = 26.80553 Val Loss = 25.93623
2023-05-07 01:54:36.721652 Epoch 163  	Train Loss = 26.81040 Val Loss = 25.95197
2023-05-07 01:56:09.421011 Epoch 164  	Train Loss = 26.79879 Val Loss = 25.94504
2023-05-07 01:57:42.154795 Epoch 165  	Train Loss = 26.79883 Val Loss = 25.94905
2023-05-07 01:59:14.845887 Epoch 166  	Train Loss = 26.80136 Val Loss = 25.96121
2023-05-07 02:00:47.507940 Epoch 167  	Train Loss = 26.79056 Val Loss = 25.93575
2023-05-07 02:02:20.208983 Epoch 168  	Train Loss = 26.79398 Val Loss = 25.94653
2023-05-07 02:03:52.956156 Epoch 169  	Train Loss = 26.80077 Val Loss = 25.93619
2023-05-07 02:05:25.729930 Epoch 170  	Train Loss = 26.79707 Val Loss = 25.93501
2023-05-07 02:06:58.458798 Epoch 171  	Train Loss = 26.78766 Val Loss = 25.93195
2023-05-07 02:08:31.376245 Epoch 172  	Train Loss = 26.79031 Val Loss = 25.92263
2023-05-07 02:10:04.146646 Epoch 173  	Train Loss = 26.79476 Val Loss = 25.93296
2023-05-07 02:11:36.882651 Epoch 174  	Train Loss = 26.78514 Val Loss = 25.93066
2023-05-07 02:13:09.617196 Epoch 175  	Train Loss = 26.78021 Val Loss = 25.92180
2023-05-07 02:14:42.317032 Epoch 176  	Train Loss = 26.78018 Val Loss = 25.94383
2023-05-07 02:16:15.047794 Epoch 177  	Train Loss = 26.78405 Val Loss = 25.92135
2023-05-07 02:17:47.827571 Epoch 178  	Train Loss = 26.77606 Val Loss = 25.91623
2023-05-07 02:19:20.541276 Epoch 179  	Train Loss = 26.77182 Val Loss = 25.92452
2023-05-07 02:20:53.252781 Epoch 180  	Train Loss = 26.77800 Val Loss = 25.91787
2023-05-07 02:22:26.025017 Epoch 181  	Train Loss = 26.77752 Val Loss = 25.90928
2023-05-07 02:23:58.757133 Epoch 182  	Train Loss = 26.77397 Val Loss = 25.91682
2023-05-07 02:25:31.460423 Epoch 183  	Train Loss = 26.77331 Val Loss = 25.91526
2023-05-07 02:27:04.140376 Epoch 184  	Train Loss = 26.77132 Val Loss = 25.91098
2023-05-07 02:28:36.931187 Epoch 185  	Train Loss = 26.77065 Val Loss = 25.92796
2023-05-07 02:30:09.606723 Epoch 186  	Train Loss = 26.76957 Val Loss = 25.90578
2023-05-07 02:31:42.294098 Epoch 187  	Train Loss = 26.76085 Val Loss = 25.90999
2023-05-07 02:33:15.081639 Epoch 188  	Train Loss = 26.76298 Val Loss = 25.90164
2023-05-07 02:34:47.818459 Epoch 189  	Train Loss = 26.75921 Val Loss = 25.90421
2023-05-07 02:36:20.592062 Epoch 190  	Train Loss = 26.75670 Val Loss = 25.90303
2023-05-07 02:37:53.433154 Epoch 191  	Train Loss = 26.76027 Val Loss = 25.91114
2023-05-07 02:39:26.216529 Epoch 192  	Train Loss = 26.75558 Val Loss = 25.91163
2023-05-07 02:40:58.926156 Epoch 193  	Train Loss = 26.75693 Val Loss = 25.89338
2023-05-07 02:42:31.722401 Epoch 194  	Train Loss = 26.74567 Val Loss = 25.89885
2023-05-07 02:44:04.393599 Epoch 195  	Train Loss = 26.75416 Val Loss = 25.89650
2023-05-07 02:45:37.091386 Epoch 196  	Train Loss = 26.74604 Val Loss = 25.90083
2023-05-07 02:47:09.903047 Epoch 197  	Train Loss = 26.74570 Val Loss = 25.88581
2023-05-07 02:48:42.723652 Epoch 198  	Train Loss = 26.74931 Val Loss = 25.89957
2023-05-07 02:50:15.473396 Epoch 199  	Train Loss = 26.73763 Val Loss = 25.89487
2023-05-07 02:51:48.242657 Epoch 200  	Train Loss = 26.74346 Val Loss = 25.88720
Early stopping at epoch: 200
Best at epoch 197:
Train Loss = 26.74570
Train RMSE = 43.89991, MAE = 27.33259, MAPE = 12.07312
Val Loss = 25.88581
Val RMSE = 42.59872, MAE = 26.38682, MAPE = 11.84514
--------- Test ---------
All Steps RMSE = 42.78025, MAE = 26.74059, MAPE = 11.58249
Step 1 RMSE = 29.11663, MAE = 18.32263, MAPE = 7.70367
Step 2 RMSE = 32.52352, MAE = 20.33736, MAPE = 8.57416
Step 3 RMSE = 35.10126, MAE = 21.98724, MAPE = 9.29548
Step 4 RMSE = 37.26690, MAE = 23.36724, MAPE = 9.91201
Step 5 RMSE = 39.29411, MAE = 24.67018, MAPE = 10.50668
Step 6 RMSE = 41.35631, MAE = 26.03958, MAPE = 11.14839
Step 7 RMSE = 43.43076, MAE = 27.47724, MAPE = 11.83241
Step 8 RMSE = 45.40764, MAE = 28.84673, MAPE = 12.51080
Step 9 RMSE = 47.32283, MAE = 30.19821, MAPE = 13.20074
Step 10 RMSE = 49.27670, MAE = 31.57013, MAPE = 13.92129
Step 11 RMSE = 51.46861, MAE = 33.10921, MAPE = 14.72053
Step 12 RMSE = 53.99967, MAE = 34.95750, MAPE = 15.66226
Inference time: 18.03 s
