PEMS08
Trainset:	x-(10700, 12, 170, 1)	y-(10700, 12, 170, 1)
Valset:  	x-(3567, 12, 170, 1)  	y-(3567, 12, 170, 1)
Testset:	x-(3566, 12, 170, 1)	y-(3566, 12, 170, 1)

Random seed = 233
--------- GRU ---------
{
    "num_nodes": 170,
    "in_steps": 12,
    "out_steps": 12,
    "lr": 0.01,
    "weight_decay": 0,
    "milestones": [
        10,
        20
    ],
    "clip_grad": 0,
    "batch_size": 64,
    "max_epochs": 300,
    "use_cl": false,
    "model_args": {
        "num_nodes": 170,
        "in_steps": 12,
        "out_steps": 12,
        "input_dim": 1,
        "output_dim": 1,
        "gru_hidden_dim": 64,
        "num_layers": 3,
        "seq2seq": true
    }
}
==========================================================================================
Layer (type:depth-idx)                   Output Shape              Param #
==========================================================================================
GRU                                      [64, 12, 170, 1]          --
├─GRU: 1-1                               [10880, 12, 64]           62,784
├─GRU: 1-2                               [10880, 1, 64]            62,784
├─Linear: 1-3                            [10880, 1, 1]             65
├─GRU: 1-4                               [10880, 1, 64]            (recursive)
├─Linear: 1-5                            [10880, 1, 1]             (recursive)
├─GRU: 1-6                               [10880, 1, 64]            (recursive)
├─Linear: 1-7                            [10880, 1, 1]             (recursive)
├─GRU: 1-8                               [10880, 1, 64]            (recursive)
├─Linear: 1-9                            [10880, 1, 1]             (recursive)
├─GRU: 1-10                              [10880, 1, 64]            (recursive)
├─Linear: 1-11                           [10880, 1, 1]             (recursive)
├─GRU: 1-12                              [10880, 1, 64]            (recursive)
├─Linear: 1-13                           [10880, 1, 1]             (recursive)
├─GRU: 1-14                              [10880, 1, 64]            (recursive)
├─Linear: 1-15                           [10880, 1, 1]             (recursive)
├─GRU: 1-16                              [10880, 1, 64]            (recursive)
├─Linear: 1-17                           [10880, 1, 1]             (recursive)
├─GRU: 1-18                              [10880, 1, 64]            (recursive)
├─Linear: 1-19                           [10880, 1, 1]             (recursive)
├─GRU: 1-20                              [10880, 1, 64]            (recursive)
├─Linear: 1-21                           [10880, 1, 1]             (recursive)
├─GRU: 1-22                              [10880, 1, 64]            (recursive)
├─Linear: 1-23                           [10880, 1, 1]             (recursive)
├─GRU: 1-24                              [10880, 1, 64]            (recursive)
├─Linear: 1-25                           [10880, 1, 1]             (recursive)
==========================================================================================
Total params: 125,633
Trainable params: 125,633
Non-trainable params: 0
Total mult-adds (G): 16.40
==========================================================================================
Input size (MB): 0.52
Forward/backward pass size (MB): 134.74
Params size (MB): 0.50
Estimated Total Size (MB): 135.76
==========================================================================================

Loss: HuberLoss

2024-04-19 18:37:13.022560 Epoch 1  	Train Loss = 29.76644 Val Loss = 25.64431
2024-04-19 18:37:20.989097 Epoch 2  	Train Loss = 22.58792 Val Loss = 23.53535
2024-04-19 18:37:29.026588 Epoch 3  	Train Loss = 22.34914 Val Loss = 23.64039
2024-04-19 18:37:36.889256 Epoch 4  	Train Loss = 21.95533 Val Loss = 21.73583
2024-04-19 18:37:44.710116 Epoch 5  	Train Loss = 21.90159 Val Loss = 22.53851
2024-04-19 18:37:52.540829 Epoch 6  	Train Loss = 21.51216 Val Loss = 21.34445
2024-04-19 18:38:00.357622 Epoch 7  	Train Loss = 21.12057 Val Loss = 21.20642
2024-04-19 18:38:08.207907 Epoch 8  	Train Loss = 21.08724 Val Loss = 21.12176
2024-04-19 18:38:16.026293 Epoch 9  	Train Loss = 20.91697 Val Loss = 20.80417
2024-04-19 18:38:23.890708 Epoch 10  	Train Loss = 20.74541 Val Loss = 21.55137
2024-04-19 18:38:31.876987 Epoch 11  	Train Loss = 20.26594 Val Loss = 20.34832
2024-04-19 18:38:39.876904 Epoch 12  	Train Loss = 20.17235 Val Loss = 20.36122
2024-04-19 18:38:47.814376 Epoch 13  	Train Loss = 20.12329 Val Loss = 20.25759
2024-04-19 18:38:55.802041 Epoch 14  	Train Loss = 20.07526 Val Loss = 20.21878
2024-04-19 18:39:03.810365 Epoch 15  	Train Loss = 20.05764 Val Loss = 20.18738
2024-04-19 18:39:11.581919 Epoch 16  	Train Loss = 20.02914 Val Loss = 20.17969
2024-04-19 18:39:19.461596 Epoch 17  	Train Loss = 19.97746 Val Loss = 20.11612
2024-04-19 18:39:27.452430 Epoch 18  	Train Loss = 19.97847 Val Loss = 20.09068
2024-04-19 18:39:35.375952 Epoch 19  	Train Loss = 19.91950 Val Loss = 20.05795
2024-04-19 18:39:43.203776 Epoch 20  	Train Loss = 19.93153 Val Loss = 20.03917
2024-04-19 18:39:51.049124 Epoch 21  	Train Loss = 19.81488 Val Loss = 19.97892
2024-04-19 18:39:58.890811 Epoch 22  	Train Loss = 19.81000 Val Loss = 19.97779
2024-04-19 18:40:06.948335 Epoch 23  	Train Loss = 19.78734 Val Loss = 19.96729
2024-04-19 18:40:14.860130 Epoch 24  	Train Loss = 19.78239 Val Loss = 19.96380
2024-04-19 18:40:22.698658 Epoch 25  	Train Loss = 19.77024 Val Loss = 19.96885
2024-04-19 18:40:30.514012 Epoch 26  	Train Loss = 19.77182 Val Loss = 19.96629
2024-04-19 18:40:38.352522 Epoch 27  	Train Loss = 19.76230 Val Loss = 19.97072
2024-04-19 18:40:46.180173 Epoch 28  	Train Loss = 19.75337 Val Loss = 19.94717
2024-04-19 18:40:54.037321 Epoch 29  	Train Loss = 19.76685 Val Loss = 19.93506
2024-04-19 18:41:01.885205 Epoch 30  	Train Loss = 19.77023 Val Loss = 19.93046
2024-04-19 18:41:09.722980 Epoch 31  	Train Loss = 19.74700 Val Loss = 19.92728
2024-04-19 18:41:17.547596 Epoch 32  	Train Loss = 19.75117 Val Loss = 19.91366
2024-04-19 18:41:25.424085 Epoch 33  	Train Loss = 19.73637 Val Loss = 19.91833
2024-04-19 18:41:33.276111 Epoch 34  	Train Loss = 19.75192 Val Loss = 19.90951
2024-04-19 18:41:41.138874 Epoch 35  	Train Loss = 19.73514 Val Loss = 19.90932
2024-04-19 18:41:48.969187 Epoch 36  	Train Loss = 19.73898 Val Loss = 19.92467
2024-04-19 18:41:56.808481 Epoch 37  	Train Loss = 19.72994 Val Loss = 19.89690
2024-04-19 18:42:04.694505 Epoch 38  	Train Loss = 19.72161 Val Loss = 19.89357
2024-04-19 18:42:12.550847 Epoch 39  	Train Loss = 19.71889 Val Loss = 19.88765
2024-04-19 18:42:20.409408 Epoch 40  	Train Loss = 19.70753 Val Loss = 19.89930
2024-04-19 18:42:28.410093 Epoch 41  	Train Loss = 19.70097 Val Loss = 19.89899
2024-04-19 18:42:36.245710 Epoch 42  	Train Loss = 19.71128 Val Loss = 19.88704
2024-04-19 18:42:44.111921 Epoch 43  	Train Loss = 19.70137 Val Loss = 19.88773
2024-04-19 18:42:52.063529 Epoch 44  	Train Loss = 19.70490 Val Loss = 19.87608
2024-04-19 18:42:59.873895 Epoch 45  	Train Loss = 19.68548 Val Loss = 19.86869
2024-04-19 18:43:07.721142 Epoch 46  	Train Loss = 19.70530 Val Loss = 19.85803
2024-04-19 18:43:15.627551 Epoch 47  	Train Loss = 19.69063 Val Loss = 19.87818
2024-04-19 18:43:23.465005 Epoch 48  	Train Loss = 19.67598 Val Loss = 19.85119
2024-04-19 18:43:31.381334 Epoch 49  	Train Loss = 19.66993 Val Loss = 19.85326
2024-04-19 18:43:39.343978 Epoch 50  	Train Loss = 19.67511 Val Loss = 19.86381
2024-04-19 18:43:47.158241 Epoch 51  	Train Loss = 19.68111 Val Loss = 19.84385
2024-04-19 18:43:54.969572 Epoch 52  	Train Loss = 19.66481 Val Loss = 19.84661
2024-04-19 18:44:02.801463 Epoch 53  	Train Loss = 19.64372 Val Loss = 19.83257
2024-04-19 18:44:10.656125 Epoch 54  	Train Loss = 19.65246 Val Loss = 19.84668
2024-04-19 18:44:18.525224 Epoch 55  	Train Loss = 19.65534 Val Loss = 19.83307
2024-04-19 18:44:26.478134 Epoch 56  	Train Loss = 19.65511 Val Loss = 19.82027
2024-04-19 18:44:34.335617 Epoch 57  	Train Loss = 19.64950 Val Loss = 19.82582
2024-04-19 18:44:42.162313 Epoch 58  	Train Loss = 19.63742 Val Loss = 19.81916
2024-04-19 18:44:50.053921 Epoch 59  	Train Loss = 19.64435 Val Loss = 19.81894
2024-04-19 18:44:58.084562 Epoch 60  	Train Loss = 19.63254 Val Loss = 19.80582
2024-04-19 18:45:06.078117 Epoch 61  	Train Loss = 19.62716 Val Loss = 19.81116
2024-04-19 18:45:14.005372 Epoch 62  	Train Loss = 19.61925 Val Loss = 19.81539
2024-04-19 18:45:21.845515 Epoch 63  	Train Loss = 19.62131 Val Loss = 19.80007
2024-04-19 18:45:29.665412 Epoch 64  	Train Loss = 19.61901 Val Loss = 19.79601
2024-04-19 18:45:37.464191 Epoch 65  	Train Loss = 19.62384 Val Loss = 19.79039
2024-04-19 18:45:45.307461 Epoch 66  	Train Loss = 19.61693 Val Loss = 19.78462
2024-04-19 18:45:53.154327 Epoch 67  	Train Loss = 19.61048 Val Loss = 19.78467
2024-04-19 18:46:01.002889 Epoch 68  	Train Loss = 19.61436 Val Loss = 19.77840
2024-04-19 18:46:09.008451 Epoch 69  	Train Loss = 19.59165 Val Loss = 19.78881
2024-04-19 18:46:17.002385 Epoch 70  	Train Loss = 19.61674 Val Loss = 19.77841
2024-04-19 18:46:24.862330 Epoch 71  	Train Loss = 19.57437 Val Loss = 19.76960
2024-04-19 18:46:32.749852 Epoch 72  	Train Loss = 19.59804 Val Loss = 19.77000
2024-04-19 18:46:40.776715 Epoch 73  	Train Loss = 19.58313 Val Loss = 19.77249
2024-04-19 18:46:48.698220 Epoch 74  	Train Loss = 19.58979 Val Loss = 19.75818
2024-04-19 18:46:56.518464 Epoch 75  	Train Loss = 19.58179 Val Loss = 19.76198
2024-04-19 18:47:04.430661 Epoch 76  	Train Loss = 19.58344 Val Loss = 19.76028
2024-04-19 18:47:12.273742 Epoch 77  	Train Loss = 19.57242 Val Loss = 19.75605
2024-04-19 18:47:20.120583 Epoch 78  	Train Loss = 19.56979 Val Loss = 19.74573
2024-04-19 18:47:28.003491 Epoch 79  	Train Loss = 19.57014 Val Loss = 19.74590
2024-04-19 18:47:35.880235 Epoch 80  	Train Loss = 19.56881 Val Loss = 19.75499
2024-04-19 18:47:43.699225 Epoch 81  	Train Loss = 19.56117 Val Loss = 19.73746
2024-04-19 18:47:51.526682 Epoch 82  	Train Loss = 19.56170 Val Loss = 19.73589
2024-04-19 18:47:59.409355 Epoch 83  	Train Loss = 19.56133 Val Loss = 19.72932
2024-04-19 18:48:07.442167 Epoch 84  	Train Loss = 19.55599 Val Loss = 19.73308
2024-04-19 18:48:15.338425 Epoch 85  	Train Loss = 19.55854 Val Loss = 19.72143
2024-04-19 18:48:23.201012 Epoch 86  	Train Loss = 19.55864 Val Loss = 19.73874
2024-04-19 18:48:31.023781 Epoch 87  	Train Loss = 19.54069 Val Loss = 19.71893
2024-04-19 18:48:38.859360 Epoch 88  	Train Loss = 19.54994 Val Loss = 19.71598
2024-04-19 18:48:46.738185 Epoch 89  	Train Loss = 19.54139 Val Loss = 19.72921
2024-04-19 18:48:54.581058 Epoch 90  	Train Loss = 19.53008 Val Loss = 19.71809
2024-04-19 18:49:02.557820 Epoch 91  	Train Loss = 19.54441 Val Loss = 19.70967
2024-04-19 18:49:10.374136 Epoch 92  	Train Loss = 19.51822 Val Loss = 19.70845
2024-04-19 18:49:18.320430 Epoch 93  	Train Loss = 19.50198 Val Loss = 19.70161
2024-04-19 18:49:26.196421 Epoch 94  	Train Loss = 19.51828 Val Loss = 19.69826
2024-04-19 18:49:34.036549 Epoch 95  	Train Loss = 19.50237 Val Loss = 19.71014
2024-04-19 18:49:41.857880 Epoch 96  	Train Loss = 19.50713 Val Loss = 19.69361
2024-04-19 18:49:49.692292 Epoch 97  	Train Loss = 19.51106 Val Loss = 19.68945
2024-04-19 18:49:57.477645 Epoch 98  	Train Loss = 19.50163 Val Loss = 19.69091
2024-04-19 18:50:05.327960 Epoch 99  	Train Loss = 19.50784 Val Loss = 19.68863
2024-04-19 18:50:13.165094 Epoch 100  	Train Loss = 19.49897 Val Loss = 19.68309
2024-04-19 18:50:21.029382 Epoch 101  	Train Loss = 19.50500 Val Loss = 19.67702
2024-04-19 18:50:28.913386 Epoch 102  	Train Loss = 19.49611 Val Loss = 19.67725
2024-04-19 18:50:36.872670 Epoch 103  	Train Loss = 19.48634 Val Loss = 19.69365
2024-04-19 18:50:44.875630 Epoch 104  	Train Loss = 19.48663 Val Loss = 19.67867
2024-04-19 18:50:52.846754 Epoch 105  	Train Loss = 19.48929 Val Loss = 19.68002
2024-04-19 18:51:00.813972 Epoch 106  	Train Loss = 19.48309 Val Loss = 19.66445
2024-04-19 18:51:08.774230 Epoch 107  	Train Loss = 19.49873 Val Loss = 19.66685
2024-04-19 18:51:16.743392 Epoch 108  	Train Loss = 19.48031 Val Loss = 19.66628
2024-04-19 18:51:24.604992 Epoch 109  	Train Loss = 19.48944 Val Loss = 19.68475
2024-04-19 18:51:32.501865 Epoch 110  	Train Loss = 19.46865 Val Loss = 19.65335
2024-04-19 18:51:40.490677 Epoch 111  	Train Loss = 19.47293 Val Loss = 19.68724
2024-04-19 18:51:48.470604 Epoch 112  	Train Loss = 19.45846 Val Loss = 19.65657
2024-04-19 18:51:56.301661 Epoch 113  	Train Loss = 19.45509 Val Loss = 19.65022
2024-04-19 18:52:04.141621 Epoch 114  	Train Loss = 19.46325 Val Loss = 19.65495
2024-04-19 18:52:11.954257 Epoch 115  	Train Loss = 19.44499 Val Loss = 19.64783
2024-04-19 18:52:19.786009 Epoch 116  	Train Loss = 19.46436 Val Loss = 19.64945
2024-04-19 18:52:27.603268 Epoch 117  	Train Loss = 19.45396 Val Loss = 19.64037
2024-04-19 18:52:35.432466 Epoch 118  	Train Loss = 19.44539 Val Loss = 19.63752
2024-04-19 18:52:43.254551 Epoch 119  	Train Loss = 19.43843 Val Loss = 19.65168
2024-04-19 18:52:51.083384 Epoch 120  	Train Loss = 19.44786 Val Loss = 19.63531
2024-04-19 18:52:58.901930 Epoch 121  	Train Loss = 19.42890 Val Loss = 19.62564
2024-04-19 18:53:06.725133 Epoch 122  	Train Loss = 19.44060 Val Loss = 19.64094
2024-04-19 18:53:14.617978 Epoch 123  	Train Loss = 19.43037 Val Loss = 19.63768
2024-04-19 18:53:22.464121 Epoch 124  	Train Loss = 19.45023 Val Loss = 19.62338
2024-04-19 18:53:30.403418 Epoch 125  	Train Loss = 19.44259 Val Loss = 19.61868
2024-04-19 18:53:38.217277 Epoch 126  	Train Loss = 19.43275 Val Loss = 19.61705
2024-04-19 18:53:46.142340 Epoch 127  	Train Loss = 19.42508 Val Loss = 19.61806
2024-04-19 18:53:54.108103 Epoch 128  	Train Loss = 19.43037 Val Loss = 19.60964
2024-04-19 18:54:02.025165 Epoch 129  	Train Loss = 19.42364 Val Loss = 19.62200
2024-04-19 18:54:09.881990 Epoch 130  	Train Loss = 19.42366 Val Loss = 19.60541
2024-04-19 18:54:17.735845 Epoch 131  	Train Loss = 19.40670 Val Loss = 19.63291
2024-04-19 18:54:25.545549 Epoch 132  	Train Loss = 19.42411 Val Loss = 19.60769
2024-04-19 18:54:33.349107 Epoch 133  	Train Loss = 19.41719 Val Loss = 19.60022
2024-04-19 18:54:41.189720 Epoch 134  	Train Loss = 19.40618 Val Loss = 19.60619
2024-04-19 18:54:48.985606 Epoch 135  	Train Loss = 19.41413 Val Loss = 19.60683
2024-04-19 18:54:56.837750 Epoch 136  	Train Loss = 19.40319 Val Loss = 19.59710
2024-04-19 18:55:04.689782 Epoch 137  	Train Loss = 19.38882 Val Loss = 19.58924
2024-04-19 18:55:12.522518 Epoch 138  	Train Loss = 19.39995 Val Loss = 19.58768
2024-04-19 18:55:20.328040 Epoch 139  	Train Loss = 19.38741 Val Loss = 19.59004
2024-04-19 18:55:28.141587 Epoch 140  	Train Loss = 19.41081 Val Loss = 19.60544
2024-04-19 18:55:36.046312 Epoch 141  	Train Loss = 19.40398 Val Loss = 19.58014
2024-04-19 18:55:44.057191 Epoch 142  	Train Loss = 19.38446 Val Loss = 19.58857
2024-04-19 18:55:51.942496 Epoch 143  	Train Loss = 19.37946 Val Loss = 19.57763
2024-04-19 18:55:59.787592 Epoch 144  	Train Loss = 19.39965 Val Loss = 19.57260
2024-04-19 18:56:07.621504 Epoch 145  	Train Loss = 19.37528 Val Loss = 19.57183
2024-04-19 18:56:15.448869 Epoch 146  	Train Loss = 19.38357 Val Loss = 19.58185
2024-04-19 18:56:23.292509 Epoch 147  	Train Loss = 19.36731 Val Loss = 19.57389
2024-04-19 18:56:31.272586 Epoch 148  	Train Loss = 19.37087 Val Loss = 19.57286
2024-04-19 18:56:39.186523 Epoch 149  	Train Loss = 19.35722 Val Loss = 19.56754
2024-04-19 18:56:47.041221 Epoch 150  	Train Loss = 19.36862 Val Loss = 19.56583
2024-04-19 18:56:54.925116 Epoch 151  	Train Loss = 19.35293 Val Loss = 19.55749
2024-04-19 18:57:02.745390 Epoch 152  	Train Loss = 19.37128 Val Loss = 19.56185
2024-04-19 18:57:10.568036 Epoch 153  	Train Loss = 19.35786 Val Loss = 19.55813
2024-04-19 18:57:18.401351 Epoch 154  	Train Loss = 19.34553 Val Loss = 19.56660
2024-04-19 18:57:26.238418 Epoch 155  	Train Loss = 19.36501 Val Loss = 19.56434
2024-04-19 18:57:34.075490 Epoch 156  	Train Loss = 19.35653 Val Loss = 19.54730
2024-04-19 18:57:42.011863 Epoch 157  	Train Loss = 19.34532 Val Loss = 19.56178
2024-04-19 18:57:49.856865 Epoch 158  	Train Loss = 19.34181 Val Loss = 19.55554
2024-04-19 18:57:57.679946 Epoch 159  	Train Loss = 19.33490 Val Loss = 19.54023
2024-04-19 18:58:05.501383 Epoch 160  	Train Loss = 19.34851 Val Loss = 19.53821
2024-04-19 18:58:13.328550 Epoch 161  	Train Loss = 19.33760 Val Loss = 19.54177
2024-04-19 18:58:21.141778 Epoch 162  	Train Loss = 19.34102 Val Loss = 19.54571
2024-04-19 18:58:29.015112 Epoch 163  	Train Loss = 19.34585 Val Loss = 19.54425
2024-04-19 18:58:36.952506 Epoch 164  	Train Loss = 19.34435 Val Loss = 19.54371
2024-04-19 18:58:44.746700 Epoch 165  	Train Loss = 19.33103 Val Loss = 19.56733
2024-04-19 18:58:52.548106 Epoch 166  	Train Loss = 19.33665 Val Loss = 19.53571
2024-04-19 18:59:00.512219 Epoch 167  	Train Loss = 19.32673 Val Loss = 19.52195
2024-04-19 18:59:08.476014 Epoch 168  	Train Loss = 19.33003 Val Loss = 19.53187
2024-04-19 18:59:16.459324 Epoch 169  	Train Loss = 19.31303 Val Loss = 19.54200
2024-04-19 18:59:24.449710 Epoch 170  	Train Loss = 19.32624 Val Loss = 19.52952
2024-04-19 18:59:32.268614 Epoch 171  	Train Loss = 19.32672 Val Loss = 19.51926
2024-04-19 18:59:40.091997 Epoch 172  	Train Loss = 19.31702 Val Loss = 19.51816
2024-04-19 18:59:47.940666 Epoch 173  	Train Loss = 19.32661 Val Loss = 19.51661
2024-04-19 18:59:55.735372 Epoch 174  	Train Loss = 19.33276 Val Loss = 19.51070
2024-04-19 19:00:03.579490 Epoch 175  	Train Loss = 19.32229 Val Loss = 19.51040
2024-04-19 19:00:11.490908 Epoch 176  	Train Loss = 19.29361 Val Loss = 19.51374
2024-04-19 19:00:19.308472 Epoch 177  	Train Loss = 19.29210 Val Loss = 19.50509
2024-04-19 19:00:27.117834 Epoch 178  	Train Loss = 19.30197 Val Loss = 19.50555
2024-04-19 19:00:35.000344 Epoch 179  	Train Loss = 19.29993 Val Loss = 19.52821
2024-04-19 19:00:42.972829 Epoch 180  	Train Loss = 19.30105 Val Loss = 19.50355
2024-04-19 19:00:50.858338 Epoch 181  	Train Loss = 19.30889 Val Loss = 19.50559
2024-04-19 19:00:58.674125 Epoch 182  	Train Loss = 19.29268 Val Loss = 19.49487
2024-04-19 19:01:06.514151 Epoch 183  	Train Loss = 19.29660 Val Loss = 19.49216
2024-04-19 19:01:14.345756 Epoch 184  	Train Loss = 19.27798 Val Loss = 19.48856
2024-04-19 19:01:22.212225 Epoch 185  	Train Loss = 19.28650 Val Loss = 19.49095
2024-04-19 19:01:30.113667 Epoch 186  	Train Loss = 19.26927 Val Loss = 19.50046
2024-04-19 19:01:38.054183 Epoch 187  	Train Loss = 19.31618 Val Loss = 19.49795
2024-04-19 19:01:46.054177 Epoch 188  	Train Loss = 19.29588 Val Loss = 19.48671
2024-04-19 19:01:54.025902 Epoch 189  	Train Loss = 19.28407 Val Loss = 19.48562
2024-04-19 19:02:02.052720 Epoch 190  	Train Loss = 19.28467 Val Loss = 19.47859
2024-04-19 19:02:09.913416 Epoch 191  	Train Loss = 19.26856 Val Loss = 19.48538
2024-04-19 19:02:17.725956 Epoch 192  	Train Loss = 19.28917 Val Loss = 19.49760
2024-04-19 19:02:25.558467 Epoch 193  	Train Loss = 19.26827 Val Loss = 19.47690
2024-04-19 19:02:33.458763 Epoch 194  	Train Loss = 19.27344 Val Loss = 19.47718
2024-04-19 19:02:41.284648 Epoch 195  	Train Loss = 19.26190 Val Loss = 19.47175
2024-04-19 19:02:49.112242 Epoch 196  	Train Loss = 19.25937 Val Loss = 19.47540
2024-04-19 19:02:56.921725 Epoch 197  	Train Loss = 19.27190 Val Loss = 19.47275
2024-04-19 19:03:04.753381 Epoch 198  	Train Loss = 19.25921 Val Loss = 19.47648
2024-04-19 19:03:12.562038 Epoch 199  	Train Loss = 19.26448 Val Loss = 19.46757
2024-04-19 19:03:20.480952 Epoch 200  	Train Loss = 19.25188 Val Loss = 19.46632
2024-04-19 19:03:28.311430 Epoch 201  	Train Loss = 19.25904 Val Loss = 19.50105
2024-04-19 19:03:36.126244 Epoch 202  	Train Loss = 19.24300 Val Loss = 19.46627
2024-04-19 19:03:43.958619 Epoch 203  	Train Loss = 19.26174 Val Loss = 19.46176
2024-04-19 19:03:51.774138 Epoch 204  	Train Loss = 19.24431 Val Loss = 19.46433
2024-04-19 19:03:59.592410 Epoch 205  	Train Loss = 19.24274 Val Loss = 19.45670
2024-04-19 19:04:07.528170 Epoch 206  	Train Loss = 19.24232 Val Loss = 19.46989
2024-04-19 19:04:15.425910 Epoch 207  	Train Loss = 19.25835 Val Loss = 19.45585
2024-04-19 19:04:23.332722 Epoch 208  	Train Loss = 19.23771 Val Loss = 19.45800
2024-04-19 19:04:31.205474 Epoch 209  	Train Loss = 19.25038 Val Loss = 19.47131
2024-04-19 19:04:39.029421 Epoch 210  	Train Loss = 19.23219 Val Loss = 19.46050
2024-04-19 19:04:46.838573 Epoch 211  	Train Loss = 19.22083 Val Loss = 19.46156
2024-04-19 19:04:54.677728 Epoch 212  	Train Loss = 19.24070 Val Loss = 19.44696
2024-04-19 19:05:02.501406 Epoch 213  	Train Loss = 19.23021 Val Loss = 19.44665
2024-04-19 19:05:10.325516 Epoch 214  	Train Loss = 19.24519 Val Loss = 19.46001
2024-04-19 19:05:18.166588 Epoch 215  	Train Loss = 19.23767 Val Loss = 19.44496
2024-04-19 19:05:25.988032 Epoch 216  	Train Loss = 19.22293 Val Loss = 19.43706
2024-04-19 19:05:33.806650 Epoch 217  	Train Loss = 19.22190 Val Loss = 19.44883
2024-04-19 19:05:41.630772 Epoch 218  	Train Loss = 19.23119 Val Loss = 19.43954
2024-04-19 19:05:49.434128 Epoch 219  	Train Loss = 19.20713 Val Loss = 19.44166
2024-04-19 19:05:57.259325 Epoch 220  	Train Loss = 19.21271 Val Loss = 19.44766
2024-04-19 19:06:05.159513 Epoch 221  	Train Loss = 19.21001 Val Loss = 19.43755
2024-04-19 19:06:13.005397 Epoch 222  	Train Loss = 19.20387 Val Loss = 19.44858
2024-04-19 19:06:20.842039 Epoch 223  	Train Loss = 19.22185 Val Loss = 19.43300
2024-04-19 19:06:28.681484 Epoch 224  	Train Loss = 19.20695 Val Loss = 19.43222
2024-04-19 19:06:36.494046 Epoch 225  	Train Loss = 19.21628 Val Loss = 19.43362
2024-04-19 19:06:44.308823 Epoch 226  	Train Loss = 19.20154 Val Loss = 19.42083
2024-04-19 19:06:52.139724 Epoch 227  	Train Loss = 19.20527 Val Loss = 19.42528
2024-04-19 19:06:59.949387 Epoch 228  	Train Loss = 19.21693 Val Loss = 19.41879
2024-04-19 19:07:07.835199 Epoch 229  	Train Loss = 19.20059 Val Loss = 19.42864
2024-04-19 19:07:15.783943 Epoch 230  	Train Loss = 19.21207 Val Loss = 19.42446
2024-04-19 19:07:23.640865 Epoch 231  	Train Loss = 19.19586 Val Loss = 19.42364
2024-04-19 19:07:31.473808 Epoch 232  	Train Loss = 19.20206 Val Loss = 19.43001
2024-04-19 19:07:39.309904 Epoch 233  	Train Loss = 19.18412 Val Loss = 19.41167
2024-04-19 19:07:47.149970 Epoch 234  	Train Loss = 19.19473 Val Loss = 19.41221
2024-04-19 19:07:54.974100 Epoch 235  	Train Loss = 19.19121 Val Loss = 19.41674
2024-04-19 19:08:02.810400 Epoch 236  	Train Loss = 19.19238 Val Loss = 19.40957
2024-04-19 19:08:10.641566 Epoch 237  	Train Loss = 19.19305 Val Loss = 19.42176
2024-04-19 19:08:18.488569 Epoch 238  	Train Loss = 19.20483 Val Loss = 19.42400
2024-04-19 19:08:26.329274 Epoch 239  	Train Loss = 19.19079 Val Loss = 19.40905
2024-04-19 19:08:34.180999 Epoch 240  	Train Loss = 19.18045 Val Loss = 19.40573
2024-04-19 19:08:42.016732 Epoch 241  	Train Loss = 19.18192 Val Loss = 19.42977
2024-04-19 19:08:49.866095 Epoch 242  	Train Loss = 19.18328 Val Loss = 19.40364
2024-04-19 19:08:57.697189 Epoch 243  	Train Loss = 19.17341 Val Loss = 19.40186
2024-04-19 19:09:05.513109 Epoch 244  	Train Loss = 19.18411 Val Loss = 19.40875
2024-04-19 19:09:13.333978 Epoch 245  	Train Loss = 19.17816 Val Loss = 19.40563
2024-04-19 19:09:21.153342 Epoch 246  	Train Loss = 19.18452 Val Loss = 19.42067
2024-04-19 19:09:28.980012 Epoch 247  	Train Loss = 19.17785 Val Loss = 19.39779
2024-04-19 19:09:36.913764 Epoch 248  	Train Loss = 19.16730 Val Loss = 19.40140
2024-04-19 19:09:44.809075 Epoch 249  	Train Loss = 19.16888 Val Loss = 19.40669
2024-04-19 19:09:52.667876 Epoch 250  	Train Loss = 19.16782 Val Loss = 19.39647
2024-04-19 19:10:00.491478 Epoch 251  	Train Loss = 19.15391 Val Loss = 19.41238
2024-04-19 19:10:08.328534 Epoch 252  	Train Loss = 19.15412 Val Loss = 19.40334
2024-04-19 19:10:16.184472 Epoch 253  	Train Loss = 19.15441 Val Loss = 19.38785
2024-04-19 19:10:24.004872 Epoch 254  	Train Loss = 19.16315 Val Loss = 19.39556
2024-04-19 19:10:31.821252 Epoch 255  	Train Loss = 19.16546 Val Loss = 19.39642
2024-04-19 19:10:39.668353 Epoch 256  	Train Loss = 19.15876 Val Loss = 19.39428
2024-04-19 19:10:47.481929 Epoch 257  	Train Loss = 19.15559 Val Loss = 19.38148
2024-04-19 19:10:55.218730 Epoch 258  	Train Loss = 19.15666 Val Loss = 19.42080
2024-04-19 19:11:02.940736 Epoch 259  	Train Loss = 19.15489 Val Loss = 19.39517
2024-04-19 19:11:10.769048 Epoch 260  	Train Loss = 19.15438 Val Loss = 19.38446
2024-04-19 19:11:18.588059 Epoch 261  	Train Loss = 19.15030 Val Loss = 19.38277
2024-04-19 19:11:26.318699 Epoch 262  	Train Loss = 19.17848 Val Loss = 19.37459
2024-04-19 19:11:34.041719 Epoch 263  	Train Loss = 19.12982 Val Loss = 19.38909
2024-04-19 19:11:41.856162 Epoch 264  	Train Loss = 19.16108 Val Loss = 19.37667
2024-04-19 19:11:49.700862 Epoch 265  	Train Loss = 19.14929 Val Loss = 19.37806
2024-04-19 19:11:57.516658 Epoch 266  	Train Loss = 19.14741 Val Loss = 19.36791
2024-04-19 19:12:05.563126 Epoch 267  	Train Loss = 19.14309 Val Loss = 19.38110
2024-04-19 19:12:13.519278 Epoch 268  	Train Loss = 19.13568 Val Loss = 19.38550
2024-04-19 19:12:21.506380 Epoch 269  	Train Loss = 19.12320 Val Loss = 19.36510
2024-04-19 19:12:29.437063 Epoch 270  	Train Loss = 19.12908 Val Loss = 19.37669
2024-04-19 19:12:37.263753 Epoch 271  	Train Loss = 19.14518 Val Loss = 19.36665
2024-04-19 19:12:45.074178 Epoch 272  	Train Loss = 19.13868 Val Loss = 19.37409
2024-04-19 19:12:52.896552 Epoch 273  	Train Loss = 19.13220 Val Loss = 19.36687
2024-04-19 19:13:00.717287 Epoch 274  	Train Loss = 19.13246 Val Loss = 19.36875
2024-04-19 19:13:08.553519 Epoch 275  	Train Loss = 19.13636 Val Loss = 19.36646
2024-04-19 19:13:16.392069 Epoch 276  	Train Loss = 19.13823 Val Loss = 19.36443
2024-04-19 19:13:24.367774 Epoch 277  	Train Loss = 19.13581 Val Loss = 19.35972
2024-04-19 19:13:32.436577 Epoch 278  	Train Loss = 19.12256 Val Loss = 19.36926
2024-04-19 19:13:40.269756 Epoch 279  	Train Loss = 19.12431 Val Loss = 19.37162
2024-04-19 19:13:48.117664 Epoch 280  	Train Loss = 19.11454 Val Loss = 19.35653
2024-04-19 19:13:55.960793 Epoch 281  	Train Loss = 19.12827 Val Loss = 19.35579
2024-04-19 19:14:03.789445 Epoch 282  	Train Loss = 19.11280 Val Loss = 19.36523
2024-04-19 19:14:11.608933 Epoch 283  	Train Loss = 19.11363 Val Loss = 19.36677
2024-04-19 19:14:19.505227 Epoch 284  	Train Loss = 19.10067 Val Loss = 19.35392
2024-04-19 19:14:27.501382 Epoch 285  	Train Loss = 19.12176 Val Loss = 19.35613
2024-04-19 19:14:35.364808 Epoch 286  	Train Loss = 19.10691 Val Loss = 19.35025
2024-04-19 19:14:43.211095 Epoch 287  	Train Loss = 19.10487 Val Loss = 19.36403
2024-04-19 19:14:51.052770 Epoch 288  	Train Loss = 19.12510 Val Loss = 19.34370
2024-04-19 19:14:58.874009 Epoch 289  	Train Loss = 19.11509 Val Loss = 19.35165
2024-04-19 19:15:06.728679 Epoch 290  	Train Loss = 19.10208 Val Loss = 19.36208
2024-04-19 19:15:14.572731 Epoch 291  	Train Loss = 19.08897 Val Loss = 19.34635
2024-04-19 19:15:22.416782 Epoch 292  	Train Loss = 19.09189 Val Loss = 19.35875
2024-04-19 19:15:30.381261 Epoch 293  	Train Loss = 19.10252 Val Loss = 19.35356
2024-04-19 19:15:38.306487 Epoch 294  	Train Loss = 19.08900 Val Loss = 19.34722
2024-04-19 19:15:46.173180 Epoch 295  	Train Loss = 19.10698 Val Loss = 19.34426
2024-04-19 19:15:54.050193 Epoch 296  	Train Loss = 19.11442 Val Loss = 19.34970
2024-04-19 19:16:01.865220 Epoch 297  	Train Loss = 19.10067 Val Loss = 19.35018
2024-04-19 19:16:09.694654 Epoch 298  	Train Loss = 19.09473 Val Loss = 19.34131
2024-04-19 19:16:17.593871 Epoch 299  	Train Loss = 19.09067 Val Loss = 19.34007
2024-04-19 19:16:25.440762 Epoch 300  	Train Loss = 19.08711 Val Loss = 19.34013
Early stopping at epoch: 300
Best at epoch 299:
Train Loss = 19.09067
Train MAE = 19.58342, RMSE = 31.62240, MAPE = 12.57064
Val Loss = 19.34007
Val MAE = 19.82416, RMSE = 32.22277, MAPE = 12.89462
Model checkpoint saved to: ../saved_models/GRU/GRU-PEMS08-2024-04-19-18-37-04.pt
--------- Test ---------
All Steps (1-12) MAE = 19.36992, RMSE = 31.19696, MAPE = 12.30598
Step 1 MAE = 13.73939, RMSE = 21.37358, MAPE = 8.68391
Step 2 MAE = 15.02223, RMSE = 23.59628, MAPE = 9.43428
Step 3 MAE = 16.10650, RMSE = 25.51718, MAPE = 10.07033
Step 4 MAE = 17.06036, RMSE = 27.18257, MAPE = 10.68684
Step 5 MAE = 17.94731, RMSE = 28.71539, MAPE = 11.26702
Step 6 MAE = 18.88427, RMSE = 30.24227, MAPE = 11.90318
Step 7 MAE = 19.84171, RMSE = 31.75636, MAPE = 12.54086
Step 8 MAE = 20.76857, RMSE = 33.20564, MAPE = 13.18920
Step 9 MAE = 21.69002, RMSE = 34.56750, MAPE = 13.85239
Step 10 MAE = 22.63207, RMSE = 35.91858, MAPE = 14.53646
Step 11 MAE = 23.71273, RMSE = 37.43605, MAPE = 15.29779
Step 12 MAE = 25.03391, RMSE = 39.22519, MAPE = 16.20964
Inference time: 1.36 s
