METRLA
Original data shape (34272, 207)
Trainset:	x-(23967, 12, 207, 1)	y-(23967, 12, 207, 1)
Valset:  	x-(3404, 12, 207, 1)  	y-(3404, 12, 207, 1)
Testset:	x-(6832, 12, 207, 1)	y-(6832, 12, 207, 1)

--------- GRU ---------
{
    "num_nodes": 207,
    "in_steps": 12,
    "out_steps": 12,
    "train_size": 0.7,
    "val_size": 0.1,
    "lr": 0.01,
    "weight_decay": 0,
    "milestones": [
        10,
        20
    ],
    "clip_grad": 0,
    "batch_size": 64,
    "max_epochs": 200,
    "use_cl": false,
    "load_npz": false,
    "with_embeddings": false,
    "pass_device": false,
    "model_args": {
        "num_nodes": 207,
        "in_steps": 12,
        "out_steps": 12,
        "input_dim": 1,
        "output_dim": 1,
        "gru_hidden_dim": 64,
        "num_layers": 3,
        "seq2seq": true
    }
}
==========================================================================================
Layer (type:depth-idx)                   Output Shape              Param #
==========================================================================================
GRU                                      --                        --
├─GRU: 1-1                               [13248, 12, 64]           62,784
├─GRU: 1-2                               [13248, 1, 64]            62,784
├─Linear: 1-3                            [13248, 1, 1]             65
├─GRU: 1-4                               [13248, 1, 64]            (recursive)
├─Linear: 1-5                            [13248, 1, 1]             (recursive)
├─GRU: 1-6                               [13248, 1, 64]            (recursive)
├─Linear: 1-7                            [13248, 1, 1]             (recursive)
├─GRU: 1-8                               [13248, 1, 64]            (recursive)
├─Linear: 1-9                            [13248, 1, 1]             (recursive)
├─GRU: 1-10                              [13248, 1, 64]            (recursive)
├─Linear: 1-11                           [13248, 1, 1]             (recursive)
├─GRU: 1-12                              [13248, 1, 64]            (recursive)
├─Linear: 1-13                           [13248, 1, 1]             (recursive)
├─GRU: 1-14                              [13248, 1, 64]            (recursive)
├─Linear: 1-15                           [13248, 1, 1]             (recursive)
├─GRU: 1-16                              [13248, 1, 64]            (recursive)
├─Linear: 1-17                           [13248, 1, 1]             (recursive)
├─GRU: 1-18                              [13248, 1, 64]            (recursive)
├─Linear: 1-19                           [13248, 1, 1]             (recursive)
├─GRU: 1-20                              [13248, 1, 64]            (recursive)
├─Linear: 1-21                           [13248, 1, 1]             (recursive)
├─GRU: 1-22                              [13248, 1, 64]            (recursive)
├─Linear: 1-23                           [13248, 1, 1]             (recursive)
├─GRU: 1-24                              [13248, 1, 64]            (recursive)
├─Linear: 1-25                           [13248, 1, 1]             (recursive)
==========================================================================================
Total params: 125,633
Trainable params: 125,633
Non-trainable params: 0
Total mult-adds (G): 19.97
==========================================================================================
Input size (MB): 0.64
Forward/backward pass size (MB): 88.28
Params size (MB): 0.50
Estimated Total Size (MB): 89.42
==========================================================================================

Loss: MaskedMAELoss

2023-04-03 20:12:50.262035 Epoch 1  	Train Loss = 4.11534 Val Loss = 3.40383
2023-04-03 20:13:06.900753 Epoch 2  	Train Loss = 3.64597 Val Loss = 3.37152
2023-04-03 20:13:23.501692 Epoch 3  	Train Loss = 3.67341 Val Loss = 3.37375
2023-04-03 20:13:40.028447 Epoch 4  	Train Loss = 3.61388 Val Loss = 3.35003
2023-04-03 20:13:56.667825 Epoch 5  	Train Loss = 3.76371 Val Loss = 3.68712
2023-04-03 20:14:13.257659 Epoch 6  	Train Loss = 3.66836 Val Loss = 3.37750
2023-04-03 20:14:29.922333 Epoch 7  	Train Loss = 3.60318 Val Loss = 3.34361
2023-04-03 20:14:46.760887 Epoch 8  	Train Loss = 3.59886 Val Loss = 3.33496
2023-04-03 20:15:03.422533 Epoch 9  	Train Loss = 3.59204 Val Loss = 3.34780
2023-04-03 20:15:20.114524 Epoch 10  	Train Loss = 3.64521 Val Loss = 3.34785
2023-04-03 20:15:36.845654 Epoch 11  	Train Loss = 3.57790 Val Loss = 3.32909
2023-04-03 20:15:53.561141 Epoch 12  	Train Loss = 3.57445 Val Loss = 3.32630
2023-04-03 20:16:10.288574 Epoch 13  	Train Loss = 3.57088 Val Loss = 3.32756
2023-04-03 20:16:27.057231 Epoch 14  	Train Loss = 3.57126 Val Loss = 3.32843
2023-04-03 20:16:43.787623 Epoch 15  	Train Loss = 3.56887 Val Loss = 3.32952
2023-04-03 20:17:00.553952 Epoch 16  	Train Loss = 3.56696 Val Loss = 3.32502
2023-04-03 20:17:17.414629 Epoch 17  	Train Loss = 3.56619 Val Loss = 3.33016
2023-04-03 20:17:34.171456 Epoch 18  	Train Loss = 3.56545 Val Loss = 3.32411
2023-04-03 20:17:50.995838 Epoch 19  	Train Loss = 3.56416 Val Loss = 3.32548
2023-04-03 20:18:07.688440 Epoch 20  	Train Loss = 3.56217 Val Loss = 3.32844
2023-04-03 20:18:24.429801 Epoch 21  	Train Loss = 3.55668 Val Loss = 3.32434
2023-04-03 20:18:41.253018 Epoch 22  	Train Loss = 3.55647 Val Loss = 3.32308
2023-04-03 20:18:58.011325 Epoch 23  	Train Loss = 3.55567 Val Loss = 3.32385
2023-04-03 20:19:14.805174 Epoch 24  	Train Loss = 3.55524 Val Loss = 3.32336
2023-04-03 20:19:31.506614 Epoch 25  	Train Loss = 3.55519 Val Loss = 3.32423
2023-04-03 20:19:48.193830 Epoch 26  	Train Loss = 3.55421 Val Loss = 3.32466
2023-04-03 20:20:04.866245 Epoch 27  	Train Loss = 3.55500 Val Loss = 3.32288
2023-04-03 20:20:21.613429 Epoch 28  	Train Loss = 3.55475 Val Loss = 3.32573
2023-04-03 20:20:38.471202 Epoch 29  	Train Loss = 3.55449 Val Loss = 3.32488
2023-04-03 20:20:55.071558 Epoch 30  	Train Loss = 3.55487 Val Loss = 3.32512
2023-04-03 20:21:11.796347 Epoch 31  	Train Loss = 3.55376 Val Loss = 3.32537
2023-04-03 20:21:28.353379 Epoch 32  	Train Loss = 3.55490 Val Loss = 3.32573
2023-04-03 20:21:45.178391 Epoch 33  	Train Loss = 3.55276 Val Loss = 3.32482
2023-04-03 20:22:01.867372 Epoch 34  	Train Loss = 3.55378 Val Loss = 3.32523
2023-04-03 20:22:18.590101 Epoch 35  	Train Loss = 3.55227 Val Loss = 3.32420
2023-04-03 20:22:35.304144 Epoch 36  	Train Loss = 3.55230 Val Loss = 3.32526
2023-04-03 20:22:51.976142 Epoch 37  	Train Loss = 3.55328 Val Loss = 3.32495
Early stopping at epoch: 37
Best at epoch 27:
Train Loss = 3.55500
Train RMSE = 7.30794, MAE = 3.55137, MAPE = 9.79503
Val Loss = 3.32288
Val RMSE = 7.17987, MAE = 3.39082, MAPE = 9.62541
--------- Test ---------
All Steps RMSE = 7.73759, MAE = 3.78976, MAPE = 10.80683
Step 1 RMSE = 4.28046, MAE = 2.41268, MAPE = 5.89421
Step 2 RMSE = 5.34577, MAE = 2.78301, MAPE = 7.13496
Step 3 RMSE = 6.09034, MAE = 3.06665, MAPE = 8.12270
Step 4 RMSE = 6.68785, MAE = 3.31596, MAPE = 9.02229
Step 5 RMSE = 7.20176, MAE = 3.54571, MAPE = 9.85192
Step 6 RMSE = 7.65891, MAE = 3.76461, MAPE = 10.65694
Step 7 RMSE = 8.07214, MAE = 3.97011, MAPE = 11.42219
Step 8 RMSE = 8.44629, MAE = 4.16580, MAPE = 12.15864
Step 9 RMSE = 8.78669, MAE = 4.35017, MAPE = 12.85296
Step 10 RMSE = 9.10690, MAE = 4.52885, MAPE = 13.52729
Step 11 RMSE = 9.40827, MAE = 4.70147, MAPE = 14.18773
Step 12 RMSE = 9.69789, MAE = 4.87227, MAPE = 14.85065
Inference time: 1.26 s
