METRLA
Trainset:	x-(23974, 12, 207, 1)	y-(23974, 12, 207, 1)
Valset:  	x-(3425, 12, 207, 1)  	y-(3425, 12, 207, 1)
Testset:	x-(6850, 12, 207, 1)	y-(6850, 12, 207, 1)

Random seed = 233
--------- GRU ---------
{
    "num_nodes": 207,
    "in_steps": 12,
    "out_steps": 12,
    "train_size": 0.7,
    "val_size": 0.1,
    "lr": 0.01,
    "weight_decay": 0,
    "milestones": [
        10,
        20
    ],
    "clip_grad": 0,
    "batch_size": 64,
    "max_epochs": 200,
    "use_cl": false,
    "model_args": {
        "num_nodes": 207,
        "in_steps": 12,
        "out_steps": 12,
        "input_dim": 1,
        "output_dim": 1,
        "gru_hidden_dim": 64,
        "num_layers": 3,
        "seq2seq": true
    }
}
==========================================================================================
Layer (type:depth-idx)                   Output Shape              Param #
==========================================================================================
GRU                                      [64, 12, 207, 1]          --
├─GRU: 1-1                               [13248, 12, 64]           62,784
├─GRU: 1-2                               [13248, 1, 64]            62,784
├─Linear: 1-3                            [13248, 1, 1]             65
├─GRU: 1-4                               [13248, 1, 64]            (recursive)
├─Linear: 1-5                            [13248, 1, 1]             (recursive)
├─GRU: 1-6                               [13248, 1, 64]            (recursive)
├─Linear: 1-7                            [13248, 1, 1]             (recursive)
├─GRU: 1-8                               [13248, 1, 64]            (recursive)
├─Linear: 1-9                            [13248, 1, 1]             (recursive)
├─GRU: 1-10                              [13248, 1, 64]            (recursive)
├─Linear: 1-11                           [13248, 1, 1]             (recursive)
├─GRU: 1-12                              [13248, 1, 64]            (recursive)
├─Linear: 1-13                           [13248, 1, 1]             (recursive)
├─GRU: 1-14                              [13248, 1, 64]            (recursive)
├─Linear: 1-15                           [13248, 1, 1]             (recursive)
├─GRU: 1-16                              [13248, 1, 64]            (recursive)
├─Linear: 1-17                           [13248, 1, 1]             (recursive)
├─GRU: 1-18                              [13248, 1, 64]            (recursive)
├─Linear: 1-19                           [13248, 1, 1]             (recursive)
├─GRU: 1-20                              [13248, 1, 64]            (recursive)
├─Linear: 1-21                           [13248, 1, 1]             (recursive)
├─GRU: 1-22                              [13248, 1, 64]            (recursive)
├─Linear: 1-23                           [13248, 1, 1]             (recursive)
├─GRU: 1-24                              [13248, 1, 64]            (recursive)
├─Linear: 1-25                           [13248, 1, 1]             (recursive)
==========================================================================================
Total params: 125,633
Trainable params: 125,633
Non-trainable params: 0
Total mult-adds (G): 19.97
==========================================================================================
Input size (MB): 0.64
Forward/backward pass size (MB): 164.06
Params size (MB): 0.50
Estimated Total Size (MB): 165.20
==========================================================================================

Loss: MaskedMAELoss

2024-04-19 18:29:54.421976 Epoch 1  	Train Loss = 4.11081 Val Loss = 3.49726
2024-04-19 18:30:13.260679 Epoch 2  	Train Loss = 3.66482 Val Loss = 3.42287
2024-04-19 18:30:32.095781 Epoch 3  	Train Loss = 3.61631 Val Loss = 3.44525
2024-04-19 18:30:51.044039 Epoch 4  	Train Loss = 3.66199 Val Loss = 3.40680
2024-04-19 18:31:09.913825 Epoch 5  	Train Loss = 3.60889 Val Loss = 3.43283
2024-04-19 18:31:28.736004 Epoch 6  	Train Loss = 3.60097 Val Loss = 3.37680
2024-04-19 18:31:47.636387 Epoch 7  	Train Loss = 3.59183 Val Loss = 3.38288
2024-04-19 18:32:06.560948 Epoch 8  	Train Loss = 3.59130 Val Loss = 3.38587
2024-04-19 18:32:25.411528 Epoch 9  	Train Loss = 3.60413 Val Loss = 3.40268
2024-04-19 18:32:44.266513 Epoch 10  	Train Loss = 3.58388 Val Loss = 3.40160
2024-04-19 18:33:03.091941 Epoch 11  	Train Loss = 3.56104 Val Loss = 3.37442
2024-04-19 18:33:21.965943 Epoch 12  	Train Loss = 3.55615 Val Loss = 3.37637
2024-04-19 18:33:40.874513 Epoch 13  	Train Loss = 3.55457 Val Loss = 3.37662
2024-04-19 18:33:59.763399 Epoch 14  	Train Loss = 3.55279 Val Loss = 3.37900
2024-04-19 18:34:18.859970 Epoch 15  	Train Loss = 3.55003 Val Loss = 3.37501
2024-04-19 18:34:37.865490 Epoch 16  	Train Loss = 3.54881 Val Loss = 3.37613
2024-04-19 18:34:56.758905 Epoch 17  	Train Loss = 3.54724 Val Loss = 3.37583
2024-04-19 18:35:15.645979 Epoch 18  	Train Loss = 3.54523 Val Loss = 3.37596
2024-04-19 18:35:34.560013 Epoch 19  	Train Loss = 3.54284 Val Loss = 3.38022
2024-04-19 18:35:53.539581 Epoch 20  	Train Loss = 3.54206 Val Loss = 3.38306
2024-04-19 18:36:12.444545 Epoch 21  	Train Loss = 3.53379 Val Loss = 3.38096
Early stopping at epoch: 21
Best at epoch 11:
Train Loss = 3.56104
Train MAE = 3.55489, RMSE = 7.31291, MAPE = 9.83998
Val Loss = 3.37442
Val MAE = 3.41569, RMSE = 7.23525, MAPE = 9.80300
Model checkpoint saved to: ../saved_models/GRU/GRU-METRLA-2024-04-19-18-29-33.pt
--------- Test ---------
All Steps (1-12) MAE = 3.78549, RMSE = 7.72446, MAPE = 10.81096
Step 1 MAE = 2.41288, RMSE = 4.27618, MAPE = 5.89134
Step 2 MAE = 2.78048, RMSE = 5.33466, MAPE = 7.12730
Step 3 MAE = 3.06306, RMSE = 6.07455, MAPE = 8.12171
Step 4 MAE = 3.31168, RMSE = 6.67321, MAPE = 9.01711
Step 5 MAE = 3.54076, RMSE = 7.18586, MAPE = 9.84828
Step 6 MAE = 3.75928, RMSE = 7.64367, MAPE = 10.65331
Step 7 MAE = 3.96445, RMSE = 8.05817, MAPE = 11.42241
Step 8 MAE = 4.16056, RMSE = 8.43364, MAPE = 12.17109
Step 9 MAE = 4.34581, RMSE = 8.77471, MAPE = 12.87591
Step 10 MAE = 4.52442, RMSE = 9.09398, MAPE = 13.55228
Step 11 MAE = 4.69665, RMSE = 9.39461, MAPE = 14.20460
Step 12 MAE = 4.86591, RMSE = 9.68287, MAPE = 14.84673
Inference time: 3.21 s
