PEMS03
Trainset:	x-(15711, 12, 358, 1)	y-(15711, 12, 358, 1)
Valset:  	x-(5237, 12, 358, 1)  	y-(5237, 12, 358, 1)
Testset:	x-(5237, 12, 358, 1)	y-(5237, 12, 358, 1)

--------- HistoricalInertia ---------
{
    "max_epochs": 1,
    "batch_size": 64,
    "model_args": {
        "in_steps": 12,
        "out_steps": 12
    }
}
==========================================================================================
Layer (type:depth-idx)                   Output Shape              Param #
==========================================================================================
HistoricalInertia                        [64, 12, 358, 1]          1
==========================================================================================
Total params: 1
Trainable params: 1
Non-trainable params: 0
Total mult-adds (M): 0.00
==========================================================================================
Input size (MB): 1.10
Forward/backward pass size (MB): 2.20
Params size (MB): 0.00
Estimated Total Size (MB): 3.30
==========================================================================================

Loss: HuberLoss

2023-06-01 10:58:40.045905 Epoch 1  	Train Loss = 33.39598 Val Loss = 32.76696
Early stopping at epoch: 1
Best at epoch 1:
Train Loss = 33.39598
Train RMSE = 51.54277, MAE = 34.02905, MAPE = 31.89987
Val Loss = 32.76696
Val RMSE = 50.59416, MAE = 33.42594, MAPE = 31.13200
--------- Test ---------
All Steps RMSE = 49.89227, MAE = 32.61904, MAPE = 30.59582
Step 1 RMSE = 49.91657, MAE = 32.63360, MAPE = 30.57558
Step 2 RMSE = 49.90943, MAE = 32.62861, MAPE = 30.57553
Step 3 RMSE = 49.90500, MAE = 32.62576, MAPE = 30.57733
Step 4 RMSE = 49.90064, MAE = 32.62283, MAPE = 30.57906
Step 5 RMSE = 49.89742, MAE = 32.62121, MAPE = 30.58351
Step 6 RMSE = 49.89322, MAE = 32.61940, MAPE = 30.58911
Step 7 RMSE = 49.88893, MAE = 32.61691, MAPE = 30.59502
Step 8 RMSE = 49.88382, MAE = 32.61404, MAPE = 30.59963
Step 9 RMSE = 49.88025, MAE = 32.61269, MAPE = 30.60630
Step 10 RMSE = 49.87881, MAE = 32.61234, MAPE = 30.61427
Step 11 RMSE = 49.87733, MAE = 32.61135, MAPE = 30.62242
Step 12 RMSE = 49.87556, MAE = 32.61002, MAPE = 30.63208
Inference time: 0.12 s
